CRITICAL - 2022-06-10 00:45:16 --> syntax error, unexpected '}', expecting end of file
#0 D:\xampp\htdocs\rnd\system\View\View.php(213): CodeIgniter\View\View->CodeIgniter\View\{closure}()
#1 D:\xampp\htdocs\rnd\system\Common.php(1089): CodeIgniter\View\View->render('edit_data_view', Array, true)
#2 D:\xampp\htdocs\rnd\app\Controllers\Home.php(623): view('edit_data_view', Array)
#3 D:\xampp\htdocs\rnd\system\CodeIgniter.php(832): App\Controllers\Home->edit_data_entry('242')
#4 D:\xampp\htdocs\rnd\system\CodeIgniter.php(419): CodeIgniter\CodeIgniter->runController(Object(App\Controllers\Home))
#5 D:\xampp\htdocs\rnd\system\CodeIgniter.php(326): CodeIgniter\CodeIgniter->handleRequest(NULL, Object(Config\Cache), false)
#6 D:\xampp\htdocs\rnd\index.php(37): CodeIgniter\CodeIgniter->run()
#7 {main}
CRITICAL - 2022-06-10 00:48:01 --> syntax error, unexpected '}', expecting end of file
#0 D:\xampp\htdocs\rnd\system\View\View.php(213): CodeIgniter\View\View->CodeIgniter\View\{closure}()
#1 D:\xampp\htdocs\rnd\system\Common.php(1089): CodeIgniter\View\View->render('edit_data_view', Array, true)
#2 D:\xampp\htdocs\rnd\app\Controllers\Home.php(623): view('edit_data_view', Array)
#3 D:\xampp\htdocs\rnd\system\CodeIgniter.php(832): App\Controllers\Home->edit_data_entry('242')
#4 D:\xampp\htdocs\rnd\system\CodeIgniter.php(419): CodeIgniter\CodeIgniter->runController(Object(App\Controllers\Home))
#5 D:\xampp\htdocs\rnd\system\CodeIgniter.php(326): CodeIgniter\CodeIgniter->handleRequest(NULL, Object(Config\Cache), false)
#6 D:\xampp\htdocs\rnd\index.php(37): CodeIgniter\CodeIgniter->run()
#7 {main}
CRITICAL - 2022-06-10 00:48:59 --> syntax error, unexpected '}', expecting end of file
#0 D:\xampp\htdocs\rnd\system\View\View.php(213): CodeIgniter\View\View->CodeIgniter\View\{closure}()
#1 D:\xampp\htdocs\rnd\system\Common.php(1089): CodeIgniter\View\View->render('edit_data_view', Array, true)
#2 D:\xampp\htdocs\rnd\app\Controllers\Home.php(623): view('edit_data_view', Array)
#3 D:\xampp\htdocs\rnd\system\CodeIgniter.php(832): App\Controllers\Home->edit_data_entry('242')
#4 D:\xampp\htdocs\rnd\system\CodeIgniter.php(419): CodeIgniter\CodeIgniter->runController(Object(App\Controllers\Home))
#5 D:\xampp\htdocs\rnd\system\CodeIgniter.php(326): CodeIgniter\CodeIgniter->handleRequest(NULL, Object(Config\Cache), false)
#6 D:\xampp\htdocs\rnd\index.php(37): CodeIgniter\CodeIgniter->run()
#7 {main}
CRITICAL - 2022-06-10 00:49:42 --> syntax error, unexpected '}', expecting end of file
#0 D:\xampp\htdocs\rnd\system\View\View.php(213): CodeIgniter\View\View->CodeIgniter\View\{closure}()
#1 D:\xampp\htdocs\rnd\system\Common.php(1089): CodeIgniter\View\View->render('edit_data_view', Array, true)
#2 D:\xampp\htdocs\rnd\app\Controllers\Home.php(623): view('edit_data_view', Array)
#3 D:\xampp\htdocs\rnd\system\CodeIgniter.php(832): App\Controllers\Home->edit_data_entry('242')
#4 D:\xampp\htdocs\rnd\system\CodeIgniter.php(419): CodeIgniter\CodeIgniter->runController(Object(App\Controllers\Home))
#5 D:\xampp\htdocs\rnd\system\CodeIgniter.php(326): CodeIgniter\CodeIgniter->handleRequest(NULL, Object(Config\Cache), false)
#6 D:\xampp\htdocs\rnd\index.php(37): CodeIgniter\CodeIgniter->run()
#7 {main}
CRITICAL - 2022-06-10 01:13:57 --> Undefined variable: rmodel
#0 D:\xampp\htdocs\rnd\app\Controllers\Home.php(644): CodeIgniter\Debug\Exceptions->errorHandler(8, 'Undefined varia...', 'D:\\xampp\\htdocs...', 644, Array)
#1 D:\xampp\htdocs\rnd\system\CodeIgniter.php(832): App\Controllers\Home->update_edit_data_entry('221')
#2 D:\xampp\htdocs\rnd\system\CodeIgniter.php(419): CodeIgniter\CodeIgniter->runController(Object(App\Controllers\Home))
#3 D:\xampp\htdocs\rnd\system\CodeIgniter.php(326): CodeIgniter\CodeIgniter->handleRequest(NULL, Object(Config\Cache), false)
#4 D:\xampp\htdocs\rnd\index.php(37): CodeIgniter\CodeIgniter->run()
#5 {main}
CRITICAL - 2022-06-10 01:35:14 --> Undefined variable: r
#0 D:\xampp\htdocs\rnd\app\Controllers\Home.php(654): CodeIgniter\Debug\Exceptions->errorHandler(8, 'Undefined varia...', 'D:\\xampp\\htdocs...', 654, Array)
#1 D:\xampp\htdocs\rnd\system\CodeIgniter.php(832): App\Controllers\Home->update_edit_data_entry('221')
#2 D:\xampp\htdocs\rnd\system\CodeIgniter.php(419): CodeIgniter\CodeIgniter->runController(Object(App\Controllers\Home))
#3 D:\xampp\htdocs\rnd\system\CodeIgniter.php(326): CodeIgniter\CodeIgniter->handleRequest(NULL, Object(Config\Cache), false)
#4 D:\xampp\htdocs\rnd\index.php(37): CodeIgniter\CodeIgniter->run()
#5 {main}
CRITICAL - 2022-06-10 01:41:18 --> syntax error, unexpected '=>' (T_DOUBLE_ARROW), expecting ')'
#0 D:\xampp\htdocs\rnd\system\Autoloader\Autoloader.php(241): CodeIgniter\Autoloader\Autoloader->includeFile('D:\\xampp\\htdocs...')
#1 D:\xampp\htdocs\rnd\system\Autoloader\Autoloader.php(219): CodeIgniter\Autoloader\Autoloader->loadInNamespace('App\\Controllers...')
#2 [internal function]: CodeIgniter\Autoloader\Autoloader->loadClass('App\\Controllers...')
#3 [internal function]: spl_autoload_call('App\\Controllers...')
#4 D:\xampp\htdocs\rnd\system\CodeIgniter.php(797): class_exists('\\App\\Controller...', true)
#5 D:\xampp\htdocs\rnd\system\CodeIgniter.php(406): CodeIgniter\CodeIgniter->startController()
#6 D:\xampp\htdocs\rnd\system\CodeIgniter.php(326): CodeIgniter\CodeIgniter->handleRequest(NULL, Object(Config\Cache), false)
#7 D:\xampp\htdocs\rnd\index.php(37): CodeIgniter\CodeIgniter->run()
#8 {main}
CRITICAL - 2022-06-10 02:53:57 --> Cannot redeclare App\Controllers\Home::delete()
#0 [internal function]: CodeIgniter\Debug\Exceptions->shutdownHandler()
#1 {main}
CRITICAL - 2022-06-10 02:53:58 --> Cannot redeclare App\Controllers\Home::delete()
#0 [internal function]: CodeIgniter\Debug\Exceptions->shutdownHandler()
#1 {main}
CRITICAL - 2022-06-10 03:39:16 --> syntax error, unexpected '}', expecting end of file
#0 D:\xampp\htdocs\rnd\system\View\View.php(213): CodeIgniter\View\View->CodeIgniter\View\{closure}()
#1 D:\xampp\htdocs\rnd\system\Common.php(1089): CodeIgniter\View\View->render('data_view', Array, true)
#2 D:\xampp\htdocs\rnd\app\Controllers\Home.php(610): view('data_view', Array)
#3 D:\xampp\htdocs\rnd\system\CodeIgniter.php(832): App\Controllers\Home->in_data()
#4 D:\xampp\htdocs\rnd\system\CodeIgniter.php(419): CodeIgniter\CodeIgniter->runController(Object(App\Controllers\Home))
#5 D:\xampp\htdocs\rnd\system\CodeIgniter.php(326): CodeIgniter\CodeIgniter->handleRequest(NULL, Object(Config\Cache), false)
#6 D:\xampp\htdocs\rnd\index.php(37): CodeIgniter\CodeIgniter->run()
#7 {main}
CRITICAL - 2022-06-10 03:41:25 --> Undefined variable: dats
#0 D:\xampp\htdocs\rnd\app\Views\data_view.php(97): CodeIgniter\Debug\Exceptions->errorHandler(8, 'Undefined varia...', 'D:\\xampp\\htdocs...', 97, Array)
#1 D:\xampp\htdocs\rnd\system\View\View.php(210): include('D:\\xampp\\htdocs...')
#2 D:\xampp\htdocs\rnd\system\View\View.php(213): CodeIgniter\View\View->CodeIgniter\View\{closure}()
#3 D:\xampp\htdocs\rnd\system\Common.php(1089): CodeIgniter\View\View->render('data_view', Array, true)
#4 D:\xampp\htdocs\rnd\app\Controllers\Home.php(610): view('data_view', Array)
#5 D:\xampp\htdocs\rnd\system\CodeIgniter.php(832): App\Controllers\Home->in_data()
#6 D:\xampp\htdocs\rnd\system\CodeIgniter.php(419): CodeIgniter\CodeIgniter->runController(Object(App\Controllers\Home))
#7 D:\xampp\htdocs\rnd\system\CodeIgniter.php(326): CodeIgniter\CodeIgniter->handleRequest(NULL, Object(Config\Cache), false)
#8 D:\xampp\htdocs\rnd\index.php(37): CodeIgniter\CodeIgniter->run()
#9 {main}
CRITICAL - 2022-06-10 04:00:48 --> syntax error, unexpected '}', expecting end of file
#0 D:\xampp\htdocs\rnd\system\View\View.php(213): CodeIgniter\View\View->CodeIgniter\View\{closure}()
#1 D:\xampp\htdocs\rnd\system\Common.php(1089): CodeIgniter\View\View->render('data_view', Array, true)
#2 D:\xampp\htdocs\rnd\app\Controllers\Home.php(610): view('data_view', Array)
#3 D:\xampp\htdocs\rnd\system\CodeIgniter.php(832): App\Controllers\Home->in_data()
#4 D:\xampp\htdocs\rnd\system\CodeIgniter.php(419): CodeIgniter\CodeIgniter->runController(Object(App\Controllers\Home))
#5 D:\xampp\htdocs\rnd\system\CodeIgniter.php(326): CodeIgniter\CodeIgniter->handleRequest(NULL, Object(Config\Cache), false)
#6 D:\xampp\htdocs\rnd\index.php(37): CodeIgniter\CodeIgniter->run()
#7 {main}
CRITICAL - 2022-06-10 04:01:12 --> syntax error, unexpected '}', expecting end of file
#0 D:\xampp\htdocs\rnd\system\View\View.php(213): CodeIgniter\View\View->CodeIgniter\View\{closure}()
#1 D:\xampp\htdocs\rnd\system\Common.php(1089): CodeIgniter\View\View->render('data_view', Array, true)
#2 D:\xampp\htdocs\rnd\app\Controllers\Home.php(610): view('data_view', Array)
#3 D:\xampp\htdocs\rnd\system\CodeIgniter.php(832): App\Controllers\Home->in_data()
#4 D:\xampp\htdocs\rnd\system\CodeIgniter.php(419): CodeIgniter\CodeIgniter->runController(Object(App\Controllers\Home))
#5 D:\xampp\htdocs\rnd\system\CodeIgniter.php(326): CodeIgniter\CodeIgniter->handleRequest(NULL, Object(Config\Cache), false)
#6 D:\xampp\htdocs\rnd\index.php(37): CodeIgniter\CodeIgniter->run()
#7 {main}
CRITICAL - 2022-06-10 05:09:41 --> syntax error, unexpected '/'
#0 D:\xampp\htdocs\rnd\system\View\View.php(213): CodeIgniter\View\View->CodeIgniter\View\{closure}()
#1 D:\xampp\htdocs\rnd\system\Common.php(1089): CodeIgniter\View\View->render('data_view', Array, true)
#2 D:\xampp\htdocs\rnd\app\Controllers\Home.php(610): view('data_view', Array)
#3 D:\xampp\htdocs\rnd\system\CodeIgniter.php(832): App\Controllers\Home->in_data()
#4 D:\xampp\htdocs\rnd\system\CodeIgniter.php(419): CodeIgniter\CodeIgniter->runController(Object(App\Controllers\Home))
#5 D:\xampp\htdocs\rnd\system\CodeIgniter.php(326): CodeIgniter\CodeIgniter->handleRequest(NULL, Object(Config\Cache), false)
#6 D:\xampp\htdocs\rnd\index.php(37): CodeIgniter\CodeIgniter->run()
#7 {main}
CRITICAL - 2022-06-10 05:15:55 --> Trying to get property 'crop_id' of non-object
#0 D:\xampp\htdocs\rnd\app\Views\data_view.php(71): CodeIgniter\Debug\Exceptions->errorHandler(8, 'Trying to get p...', 'D:\\xampp\\htdocs...', 71, Array)
#1 D:\xampp\htdocs\rnd\system\View\View.php(210): include('D:\\xampp\\htdocs...')
#2 D:\xampp\htdocs\rnd\system\View\View.php(213): CodeIgniter\View\View->CodeIgniter\View\{closure}()
#3 D:\xampp\htdocs\rnd\system\Common.php(1089): CodeIgniter\View\View->render('data_view', Array, true)
#4 D:\xampp\htdocs\rnd\app\Controllers\Home.php(610): view('data_view', Array)
#5 D:\xampp\htdocs\rnd\system\CodeIgniter.php(832): App\Controllers\Home->in_data()
#6 D:\xampp\htdocs\rnd\system\CodeIgniter.php(419): CodeIgniter\CodeIgniter->runController(Object(App\Controllers\Home))
#7 D:\xampp\htdocs\rnd\system\CodeIgniter.php(326): CodeIgniter\CodeIgniter->handleRequest(NULL, Object(Config\Cache), false)
#8 D:\xampp\htdocs\rnd\index.php(37): CodeIgniter\CodeIgniter->run()
#9 {main}
CRITICAL - 2022-06-10 05:23:43 --> Undefined index: crop_id
#0 D:\xampp\htdocs\rnd\app\Views\data_view.php(71): CodeIgniter\Debug\Exceptions->errorHandler(8, 'Undefined index...', 'D:\\xampp\\htdocs...', 71, Array)
#1 D:\xampp\htdocs\rnd\system\View\View.php(210): include('D:\\xampp\\htdocs...')
#2 D:\xampp\htdocs\rnd\system\View\View.php(213): CodeIgniter\View\View->CodeIgniter\View\{closure}()
#3 D:\xampp\htdocs\rnd\system\Common.php(1089): CodeIgniter\View\View->render('data_view', Array, true)
#4 D:\xampp\htdocs\rnd\app\Controllers\Home.php(610): view('data_view', Array)
#5 D:\xampp\htdocs\rnd\system\CodeIgniter.php(832): App\Controllers\Home->in_data()
#6 D:\xampp\htdocs\rnd\system\CodeIgniter.php(419): CodeIgniter\CodeIgniter->runController(Object(App\Controllers\Home))
#7 D:\xampp\htdocs\rnd\system\CodeIgniter.php(326): CodeIgniter\CodeIgniter->handleRequest(NULL, Object(Config\Cache), false)
#8 D:\xampp\htdocs\rnd\index.php(37): CodeIgniter\CodeIgniter->run()
#9 {main}
CRITICAL - 2022-06-10 05:23:56 --> Undefined index: id
#0 D:\xampp\htdocs\rnd\app\Views\data_view.php(71): CodeIgniter\Debug\Exceptions->errorHandler(8, 'Undefined index...', 'D:\\xampp\\htdocs...', 71, Array)
#1 D:\xampp\htdocs\rnd\system\View\View.php(210): include('D:\\xampp\\htdocs...')
#2 D:\xampp\htdocs\rnd\system\View\View.php(213): CodeIgniter\View\View->CodeIgniter\View\{closure}()
#3 D:\xampp\htdocs\rnd\system\Common.php(1089): CodeIgniter\View\View->render('data_view', Array, true)
#4 D:\xampp\htdocs\rnd\app\Controllers\Home.php(610): view('data_view', Array)
#5 D:\xampp\htdocs\rnd\system\CodeIgniter.php(832): App\Controllers\Home->in_data()
#6 D:\xampp\htdocs\rnd\system\CodeIgniter.php(419): CodeIgniter\CodeIgniter->runController(Object(App\Controllers\Home))
#7 D:\xampp\htdocs\rnd\system\CodeIgniter.php(326): CodeIgniter\CodeIgniter->handleRequest(NULL, Object(Config\Cache), false)
#8 D:\xampp\htdocs\rnd\index.php(37): CodeIgniter\CodeIgniter->run()
#9 {main}
CRITICAL - 2022-06-10 05:24:05 --> Undefined variable: row
#0 D:\xampp\htdocs\rnd\app\Views\data_view.php(71): CodeIgniter\Debug\Exceptions->errorHandler(8, 'Undefined varia...', 'D:\\xampp\\htdocs...', 71, Array)
#1 D:\xampp\htdocs\rnd\system\View\View.php(210): include('D:\\xampp\\htdocs...')
#2 D:\xampp\htdocs\rnd\system\View\View.php(213): CodeIgniter\View\View->CodeIgniter\View\{closure}()
#3 D:\xampp\htdocs\rnd\system\Common.php(1089): CodeIgniter\View\View->render('data_view', Array, true)
#4 D:\xampp\htdocs\rnd\app\Controllers\Home.php(610): view('data_view', Array)
#5 D:\xampp\htdocs\rnd\system\CodeIgniter.php(832): App\Controllers\Home->in_data()
#6 D:\xampp\htdocs\rnd\system\CodeIgniter.php(419): CodeIgniter\CodeIgniter->runController(Object(App\Controllers\Home))
#7 D:\xampp\htdocs\rnd\system\CodeIgniter.php(326): CodeIgniter\CodeIgniter->handleRequest(NULL, Object(Config\Cache), false)
#8 D:\xampp\htdocs\rnd\index.php(37): CodeIgniter\CodeIgniter->run()
#9 {main}
CRITICAL - 2022-06-10 05:24:12 --> Undefined variable: rows
#0 D:\xampp\htdocs\rnd\app\Views\data_view.php(71): CodeIgniter\Debug\Exceptions->errorHandler(8, 'Undefined varia...', 'D:\\xampp\\htdocs...', 71, Array)
#1 D:\xampp\htdocs\rnd\system\View\View.php(210): include('D:\\xampp\\htdocs...')
#2 D:\xampp\htdocs\rnd\system\View\View.php(213): CodeIgniter\View\View->CodeIgniter\View\{closure}()
#3 D:\xampp\htdocs\rnd\system\Common.php(1089): CodeIgniter\View\View->render('data_view', Array, true)
#4 D:\xampp\htdocs\rnd\app\Controllers\Home.php(610): view('data_view', Array)
#5 D:\xampp\htdocs\rnd\system\CodeIgniter.php(832): App\Controllers\Home->in_data()
#6 D:\xampp\htdocs\rnd\system\CodeIgniter.php(419): CodeIgniter\CodeIgniter->runController(Object(App\Controllers\Home))
#7 D:\xampp\htdocs\rnd\system\CodeIgniter.php(326): CodeIgniter\CodeIgniter->handleRequest(NULL, Object(Config\Cache), false)
#8 D:\xampp\htdocs\rnd\index.php(37): CodeIgniter\CodeIgniter->run()
#9 {main}
CRITICAL - 2022-06-10 05:24:19 --> Cannot use object of type stdClass as array
#0 D:\xampp\htdocs\rnd\system\View\View.php(210): include()
#1 D:\xampp\htdocs\rnd\system\View\View.php(213): CodeIgniter\View\View->CodeIgniter\View\{closure}()
#2 D:\xampp\htdocs\rnd\system\Common.php(1089): CodeIgniter\View\View->render('data_view', Array, true)
#3 D:\xampp\htdocs\rnd\app\Controllers\Home.php(610): view('data_view', Array)
#4 D:\xampp\htdocs\rnd\system\CodeIgniter.php(832): App\Controllers\Home->in_data()
#5 D:\xampp\htdocs\rnd\system\CodeIgniter.php(419): CodeIgniter\CodeIgniter->runController(Object(App\Controllers\Home))
#6 D:\xampp\htdocs\rnd\system\CodeIgniter.php(326): CodeIgniter\CodeIgniter->handleRequest(NULL, Object(Config\Cache), false)
#7 D:\xampp\htdocs\rnd\index.php(37): CodeIgniter\CodeIgniter->run()
#8 {main}
CRITICAL - 2022-06-10 05:27:05 --> Undefined index: crop_id
#0 D:\xampp\htdocs\rnd\app\Views\data_view.php(71): CodeIgniter\Debug\Exceptions->errorHandler(8, 'Undefined index...', 'D:\\xampp\\htdocs...', 71, Array)
#1 D:\xampp\htdocs\rnd\system\View\View.php(210): include('D:\\xampp\\htdocs...')
#2 D:\xampp\htdocs\rnd\system\View\View.php(213): CodeIgniter\View\View->CodeIgniter\View\{closure}()
#3 D:\xampp\htdocs\rnd\system\Common.php(1089): CodeIgniter\View\View->render('data_view', Array, true)
#4 D:\xampp\htdocs\rnd\app\Controllers\Home.php(610): view('data_view', Array)
#5 D:\xampp\htdocs\rnd\system\CodeIgniter.php(832): App\Controllers\Home->in_data()
#6 D:\xampp\htdocs\rnd\system\CodeIgniter.php(419): CodeIgniter\CodeIgniter->runController(Object(App\Controllers\Home))
#7 D:\xampp\htdocs\rnd\system\CodeIgniter.php(326): CodeIgniter\CodeIgniter->handleRequest(NULL, Object(Config\Cache), false)
#8 D:\xampp\htdocs\rnd\index.php(37): CodeIgniter\CodeIgniter->run()
#9 {main}
CRITICAL - 2022-06-10 05:27:17 --> Trying to get property 'crop_id' of non-object
#0 D:\xampp\htdocs\rnd\app\Views\data_view.php(71): CodeIgniter\Debug\Exceptions->errorHandler(8, 'Trying to get p...', 'D:\\xampp\\htdocs...', 71, Array)
#1 D:\xampp\htdocs\rnd\system\View\View.php(210): include('D:\\xampp\\htdocs...')
#2 D:\xampp\htdocs\rnd\system\View\View.php(213): CodeIgniter\View\View->CodeIgniter\View\{closure}()
#3 D:\xampp\htdocs\rnd\system\Common.php(1089): CodeIgniter\View\View->render('data_view', Array, true)
#4 D:\xampp\htdocs\rnd\app\Controllers\Home.php(610): view('data_view', Array)
#5 D:\xampp\htdocs\rnd\system\CodeIgniter.php(832): App\Controllers\Home->in_data()
#6 D:\xampp\htdocs\rnd\system\CodeIgniter.php(419): CodeIgniter\CodeIgniter->runController(Object(App\Controllers\Home))
#7 D:\xampp\htdocs\rnd\system\CodeIgniter.php(326): CodeIgniter\CodeIgniter->handleRequest(NULL, Object(Config\Cache), false)
#8 D:\xampp\htdocs\rnd\index.php(37): CodeIgniter\CodeIgniter->run()
#9 {main}
CRITICAL - 2022-06-10 05:27:39 --> Trying to get property 'crop_id' of non-object
#0 D:\xampp\htdocs\rnd\app\Views\data_view.php(25): CodeIgniter\Debug\Exceptions->errorHandler(8, 'Trying to get p...', 'D:\\xampp\\htdocs...', 25, Array)
#1 D:\xampp\htdocs\rnd\system\View\View.php(210): include('D:\\xampp\\htdocs...')
#2 D:\xampp\htdocs\rnd\system\View\View.php(213): CodeIgniter\View\View->CodeIgniter\View\{closure}()
#3 D:\xampp\htdocs\rnd\system\Common.php(1089): CodeIgniter\View\View->render('data_view', Array, true)
#4 D:\xampp\htdocs\rnd\app\Controllers\Home.php(610): view('data_view', Array)
#5 D:\xampp\htdocs\rnd\system\CodeIgniter.php(832): App\Controllers\Home->in_data()
#6 D:\xampp\htdocs\rnd\system\CodeIgniter.php(419): CodeIgniter\CodeIgniter->runController(Object(App\Controllers\Home))
#7 D:\xampp\htdocs\rnd\system\CodeIgniter.php(326): CodeIgniter\CodeIgniter->handleRequest(NULL, Object(Config\Cache), false)
#8 D:\xampp\htdocs\rnd\index.php(37): CodeIgniter\CodeIgniter->run()
#9 {main}
CRITICAL - 2022-06-10 05:29:29 --> Object of class CodeIgniter\View\View could not be converted to string
#0 D:\xampp\htdocs\rnd\system\View\View.php(210): include()
#1 D:\xampp\htdocs\rnd\system\View\View.php(213): CodeIgniter\View\View->CodeIgniter\View\{closure}()
#2 D:\xampp\htdocs\rnd\system\Common.php(1089): CodeIgniter\View\View->render('data_view', Array, true)
#3 D:\xampp\htdocs\rnd\app\Controllers\Home.php(610): view('data_view', Array)
#4 D:\xampp\htdocs\rnd\system\CodeIgniter.php(832): App\Controllers\Home->in_data()
#5 D:\xampp\htdocs\rnd\system\CodeIgniter.php(419): CodeIgniter\CodeIgniter->runController(Object(App\Controllers\Home))
#6 D:\xampp\htdocs\rnd\system\CodeIgniter.php(326): CodeIgniter\CodeIgniter->handleRequest(NULL, Object(Config\Cache), false)
#7 D:\xampp\htdocs\rnd\index.php(37): CodeIgniter\CodeIgniter->run()
#8 {main}
CRITICAL - 2022-06-10 05:29:43 --> Trying to get property 'this' of non-object
#0 D:\xampp\htdocs\rnd\app\Views\data_view.php(27): CodeIgniter\Debug\Exceptions->errorHandler(8, 'Trying to get p...', 'D:\\xampp\\htdocs...', 27, Array)
#1 D:\xampp\htdocs\rnd\system\View\View.php(210): include('D:\\xampp\\htdocs...')
#2 D:\xampp\htdocs\rnd\system\View\View.php(213): CodeIgniter\View\View->CodeIgniter\View\{closure}()
#3 D:\xampp\htdocs\rnd\system\Common.php(1089): CodeIgniter\View\View->render('data_view', Array, true)
#4 D:\xampp\htdocs\rnd\app\Controllers\Home.php(610): view('data_view', Array)
#5 D:\xampp\htdocs\rnd\system\CodeIgniter.php(832): App\Controllers\Home->in_data()
#6 D:\xampp\htdocs\rnd\system\CodeIgniter.php(419): CodeIgniter\CodeIgniter->runController(Object(App\Controllers\Home))
#7 D:\xampp\htdocs\rnd\system\CodeIgniter.php(326): CodeIgniter\CodeIgniter->handleRequest(NULL, Object(Config\Cache), false)
#8 D:\xampp\htdocs\rnd\index.php(37): CodeIgniter\CodeIgniter->run()
#9 {main}
CRITICAL - 2022-06-10 05:30:14 --> Undefined variable: crop_id
#0 D:\xampp\htdocs\rnd\app\Views\data_view.php(27): CodeIgniter\Debug\Exceptions->errorHandler(8, 'Undefined varia...', 'D:\\xampp\\htdocs...', 27, Array)
#1 D:\xampp\htdocs\rnd\system\View\View.php(210): include('D:\\xampp\\htdocs...')
#2 D:\xampp\htdocs\rnd\system\View\View.php(213): CodeIgniter\View\View->CodeIgniter\View\{closure}()
#3 D:\xampp\htdocs\rnd\system\Common.php(1089): CodeIgniter\View\View->render('data_view', Array, true)
#4 D:\xampp\htdocs\rnd\app\Controllers\Home.php(610): view('data_view', Array)
#5 D:\xampp\htdocs\rnd\system\CodeIgniter.php(832): App\Controllers\Home->in_data()
#6 D:\xampp\htdocs\rnd\system\CodeIgniter.php(419): CodeIgniter\CodeIgniter->runController(Object(App\Controllers\Home))
#7 D:\xampp\htdocs\rnd\system\CodeIgniter.php(326): CodeIgniter\CodeIgniter->handleRequest(NULL, Object(Config\Cache), false)
#8 D:\xampp\htdocs\rnd\index.php(37): CodeIgniter\CodeIgniter->run()
#9 {main}
CRITICAL - 2022-06-10 05:30:30 --> Undefined index: crop_id
#0 D:\xampp\htdocs\rnd\app\Views\data_view.php(27): CodeIgniter\Debug\Exceptions->errorHandler(8, 'Undefined index...', 'D:\\xampp\\htdocs...', 27, Array)
#1 D:\xampp\htdocs\rnd\system\View\View.php(210): include('D:\\xampp\\htdocs...')
#2 D:\xampp\htdocs\rnd\system\View\View.php(213): CodeIgniter\View\View->CodeIgniter\View\{closure}()
#3 D:\xampp\htdocs\rnd\system\Common.php(1089): CodeIgniter\View\View->render('data_view', Array, true)
#4 D:\xampp\htdocs\rnd\app\Controllers\Home.php(610): view('data_view', Array)
#5 D:\xampp\htdocs\rnd\system\CodeIgniter.php(832): App\Controllers\Home->in_data()
#6 D:\xampp\htdocs\rnd\system\CodeIgniter.php(419): CodeIgniter\CodeIgniter->runController(Object(App\Controllers\Home))
#7 D:\xampp\htdocs\rnd\system\CodeIgniter.php(326): CodeIgniter\CodeIgniter->handleRequest(NULL, Object(Config\Cache), false)
#8 D:\xampp\htdocs\rnd\index.php(37): CodeIgniter\CodeIgniter->run()
#9 {main}
CRITICAL - 2022-06-10 05:31:13 --> syntax error, unexpected '=>' (T_DOUBLE_ARROW)
#0 D:\xampp\htdocs\rnd\system\View\View.php(213): CodeIgniter\View\View->CodeIgniter\View\{closure}()
#1 D:\xampp\htdocs\rnd\system\Common.php(1089): CodeIgniter\View\View->render('data_view', Array, true)
#2 D:\xampp\htdocs\rnd\app\Controllers\Home.php(610): view('data_view', Array)
#3 D:\xampp\htdocs\rnd\system\CodeIgniter.php(832): App\Controllers\Home->in_data()
#4 D:\xampp\htdocs\rnd\system\CodeIgniter.php(419): CodeIgniter\CodeIgniter->runController(Object(App\Controllers\Home))
#5 D:\xampp\htdocs\rnd\system\CodeIgniter.php(326): CodeIgniter\CodeIgniter->handleRequest(NULL, Object(Config\Cache), false)
#6 D:\xampp\htdocs\rnd\index.php(37): CodeIgniter\CodeIgniter->run()
#7 {main}
CRITICAL - 2022-06-10 05:32:48 --> syntax error, unexpected ';', expecting '='
#0 D:\xampp\htdocs\rnd\system\View\View.php(213): CodeIgniter\View\View->CodeIgniter\View\{closure}()
#1 D:\xampp\htdocs\rnd\system\Common.php(1089): CodeIgniter\View\View->render('data_view', Array, true)
#2 D:\xampp\htdocs\rnd\app\Controllers\Home.php(610): view('data_view', Array)
#3 D:\xampp\htdocs\rnd\system\CodeIgniter.php(832): App\Controllers\Home->in_data()
#4 D:\xampp\htdocs\rnd\system\CodeIgniter.php(419): CodeIgniter\CodeIgniter->runController(Object(App\Controllers\Home))
#5 D:\xampp\htdocs\rnd\system\CodeIgniter.php(326): CodeIgniter\CodeIgniter->handleRequest(NULL, Object(Config\Cache), false)
#6 D:\xampp\htdocs\rnd\index.php(37): CodeIgniter\CodeIgniter->run()
#7 {main}
CRITICAL - 2022-06-10 05:33:06 --> syntax error, unexpected ';', expecting '='
#0 D:\xampp\htdocs\rnd\system\View\View.php(213): CodeIgniter\View\View->CodeIgniter\View\{closure}()
#1 D:\xampp\htdocs\rnd\system\Common.php(1089): CodeIgniter\View\View->render('data_view', Array, true)
#2 D:\xampp\htdocs\rnd\app\Controllers\Home.php(610): view('data_view', Array)
#3 D:\xampp\htdocs\rnd\system\CodeIgniter.php(832): App\Controllers\Home->in_data()
#4 D:\xampp\htdocs\rnd\system\CodeIgniter.php(419): CodeIgniter\CodeIgniter->runController(Object(App\Controllers\Home))
#5 D:\xampp\htdocs\rnd\system\CodeIgniter.php(326): CodeIgniter\CodeIgniter->handleRequest(NULL, Object(Config\Cache), false)
#6 D:\xampp\htdocs\rnd\index.php(37): CodeIgniter\CodeIgniter->run()
#7 {main}
CRITICAL - 2022-06-10 05:33:24 --> syntax error, unexpected 'echo' (T_ECHO), expecting '='
#0 D:\xampp\htdocs\rnd\system\View\View.php(213): CodeIgniter\View\View->CodeIgniter\View\{closure}()
#1 D:\xampp\htdocs\rnd\system\Common.php(1089): CodeIgniter\View\View->render('data_view', Array, true)
#2 D:\xampp\htdocs\rnd\app\Controllers\Home.php(610): view('data_view', Array)
#3 D:\xampp\htdocs\rnd\system\CodeIgniter.php(832): App\Controllers\Home->in_data()
#4 D:\xampp\htdocs\rnd\system\CodeIgniter.php(419): CodeIgniter\CodeIgniter->runController(Object(App\Controllers\Home))
#5 D:\xampp\htdocs\rnd\system\CodeIgniter.php(326): CodeIgniter\CodeIgniter->handleRequest(NULL, Object(Config\Cache), false)
#6 D:\xampp\htdocs\rnd\index.php(37): CodeIgniter\CodeIgniter->run()
#7 {main}
CRITICAL - 2022-06-10 05:33:41 --> Function name must be a string
#0 D:\xampp\htdocs\rnd\system\View\View.php(210): include()
#1 D:\xampp\htdocs\rnd\system\View\View.php(213): CodeIgniter\View\View->CodeIgniter\View\{closure}()
#2 D:\xampp\htdocs\rnd\system\Common.php(1089): CodeIgniter\View\View->render('data_view', Array, true)
#3 D:\xampp\htdocs\rnd\app\Controllers\Home.php(610): view('data_view', Array)
#4 D:\xampp\htdocs\rnd\system\CodeIgniter.php(832): App\Controllers\Home->in_data()
#5 D:\xampp\htdocs\rnd\system\CodeIgniter.php(419): CodeIgniter\CodeIgniter->runController(Object(App\Controllers\Home))
#6 D:\xampp\htdocs\rnd\system\CodeIgniter.php(326): CodeIgniter\CodeIgniter->handleRequest(NULL, Object(Config\Cache), false)
#7 D:\xampp\htdocs\rnd\index.php(37): CodeIgniter\CodeIgniter->run()
#8 {main}
CRITICAL - 2022-06-10 05:34:37 --> Function name must be a string
#0 D:\xampp\htdocs\rnd\system\View\View.php(210): include()
#1 D:\xampp\htdocs\rnd\system\View\View.php(213): CodeIgniter\View\View->CodeIgniter\View\{closure}()
#2 D:\xampp\htdocs\rnd\system\Common.php(1089): CodeIgniter\View\View->render('data_view', Array, true)
#3 D:\xampp\htdocs\rnd\app\Controllers\Home.php(610): view('data_view', Array)
#4 D:\xampp\htdocs\rnd\system\CodeIgniter.php(832): App\Controllers\Home->in_data()
#5 D:\xampp\htdocs\rnd\system\CodeIgniter.php(419): CodeIgniter\CodeIgniter->runController(Object(App\Controllers\Home))
#6 D:\xampp\htdocs\rnd\system\CodeIgniter.php(326): CodeIgniter\CodeIgniter->handleRequest(NULL, Object(Config\Cache), false)
#7 D:\xampp\htdocs\rnd\index.php(37): CodeIgniter\CodeIgniter->run()
#8 {main}
CRITICAL - 2022-06-10 05:34:51 --> syntax error, unexpected ';', expecting '='
#0 D:\xampp\htdocs\rnd\system\View\View.php(213): CodeIgniter\View\View->CodeIgniter\View\{closure}()
#1 D:\xampp\htdocs\rnd\system\Common.php(1089): CodeIgniter\View\View->render('data_view', Array, true)
#2 D:\xampp\htdocs\rnd\app\Controllers\Home.php(610): view('data_view', Array)
#3 D:\xampp\htdocs\rnd\system\CodeIgniter.php(832): App\Controllers\Home->in_data()
#4 D:\xampp\htdocs\rnd\system\CodeIgniter.php(419): CodeIgniter\CodeIgniter->runController(Object(App\Controllers\Home))
#5 D:\xampp\htdocs\rnd\system\CodeIgniter.php(326): CodeIgniter\CodeIgniter->handleRequest(NULL, Object(Config\Cache), false)
#6 D:\xampp\htdocs\rnd\index.php(37): CodeIgniter\CodeIgniter->run()
#7 {main}
CRITICAL - 2022-06-10 05:38:53 --> Cannot use object of type stdClass as array
#0 D:\xampp\htdocs\rnd\system\View\View.php(210): include()
#1 D:\xampp\htdocs\rnd\system\View\View.php(213): CodeIgniter\View\View->CodeIgniter\View\{closure}()
#2 D:\xampp\htdocs\rnd\system\Common.php(1089): CodeIgniter\View\View->render('data_view', Array, true)
#3 D:\xampp\htdocs\rnd\app\Controllers\Home.php(610): view('data_view', Array)
#4 D:\xampp\htdocs\rnd\system\CodeIgniter.php(832): App\Controllers\Home->in_data()
#5 D:\xampp\htdocs\rnd\system\CodeIgniter.php(419): CodeIgniter\CodeIgniter->runController(Object(App\Controllers\Home))
#6 D:\xampp\htdocs\rnd\system\CodeIgniter.php(326): CodeIgniter\CodeIgniter->handleRequest(NULL, Object(Config\Cache), false)
#7 D:\xampp\htdocs\rnd\index.php(37): CodeIgniter\CodeIgniter->run()
#8 {main}
CRITICAL - 2022-06-10 05:39:06 --> Cannot use object of type stdClass as array
#0 D:\xampp\htdocs\rnd\system\View\View.php(210): include()
#1 D:\xampp\htdocs\rnd\system\View\View.php(213): CodeIgniter\View\View->CodeIgniter\View\{closure}()
#2 D:\xampp\htdocs\rnd\system\Common.php(1089): CodeIgniter\View\View->render('data_view', Array, true)
#3 D:\xampp\htdocs\rnd\app\Controllers\Home.php(610): view('data_view', Array)
#4 D:\xampp\htdocs\rnd\system\CodeIgniter.php(832): App\Controllers\Home->in_data()
#5 D:\xampp\htdocs\rnd\system\CodeIgniter.php(419): CodeIgniter\CodeIgniter->runController(Object(App\Controllers\Home))
#6 D:\xampp\htdocs\rnd\system\CodeIgniter.php(326): CodeIgniter\CodeIgniter->handleRequest(NULL, Object(Config\Cache), false)
#7 D:\xampp\htdocs\rnd\index.php(37): CodeIgniter\CodeIgniter->run()
#8 {main}
CRITICAL - 2022-06-10 05:39:13 --> Undefined index: c_name
#0 D:\xampp\htdocs\rnd\app\Views\data_view.php(31): CodeIgniter\Debug\Exceptions->errorHandler(8, 'Undefined index...', 'D:\\xampp\\htdocs...', 31, Array)
#1 D:\xampp\htdocs\rnd\system\View\View.php(210): include('D:\\xampp\\htdocs...')
#2 D:\xampp\htdocs\rnd\system\View\View.php(213): CodeIgniter\View\View->CodeIgniter\View\{closure}()
#3 D:\xampp\htdocs\rnd\system\Common.php(1089): CodeIgniter\View\View->render('data_view', Array, true)
#4 D:\xampp\htdocs\rnd\app\Controllers\Home.php(610): view('data_view', Array)
#5 D:\xampp\htdocs\rnd\system\CodeIgniter.php(832): App\Controllers\Home->in_data()
#6 D:\xampp\htdocs\rnd\system\CodeIgniter.php(419): CodeIgniter\CodeIgniter->runController(Object(App\Controllers\Home))
#7 D:\xampp\htdocs\rnd\system\CodeIgniter.php(326): CodeIgniter\CodeIgniter->handleRequest(NULL, Object(Config\Cache), false)
#8 D:\xampp\htdocs\rnd\index.php(37): CodeIgniter\CodeIgniter->run()
#9 {main}
CRITICAL - 2022-06-10 05:39:23 --> syntax error, unexpected '[', expecting identifier (T_STRING) or variable (T_VARIABLE) or '{' or '$'
#0 D:\xampp\htdocs\rnd\system\View\View.php(213): CodeIgniter\View\View->CodeIgniter\View\{closure}()
#1 D:\xampp\htdocs\rnd\system\Common.php(1089): CodeIgniter\View\View->render('data_view', Array, true)
#2 D:\xampp\htdocs\rnd\app\Controllers\Home.php(610): view('data_view', Array)
#3 D:\xampp\htdocs\rnd\system\CodeIgniter.php(832): App\Controllers\Home->in_data()
#4 D:\xampp\htdocs\rnd\system\CodeIgniter.php(419): CodeIgniter\CodeIgniter->runController(Object(App\Controllers\Home))
#5 D:\xampp\htdocs\rnd\system\CodeIgniter.php(326): CodeIgniter\CodeIgniter->handleRequest(NULL, Object(Config\Cache), false)
#6 D:\xampp\htdocs\rnd\index.php(37): CodeIgniter\CodeIgniter->run()
#7 {main}
CRITICAL - 2022-06-10 05:41:18 --> Undefined variable: c_id
#0 D:\xampp\htdocs\rnd\app\Views\data_view.php(72): CodeIgniter\Debug\Exceptions->errorHandler(8, 'Undefined varia...', 'D:\\xampp\\htdocs...', 72, Array)
#1 D:\xampp\htdocs\rnd\system\View\View.php(210): include('D:\\xampp\\htdocs...')
#2 D:\xampp\htdocs\rnd\system\View\View.php(213): CodeIgniter\View\View->CodeIgniter\View\{closure}()
#3 D:\xampp\htdocs\rnd\system\Common.php(1089): CodeIgniter\View\View->render('data_view', Array, true)
#4 D:\xampp\htdocs\rnd\app\Controllers\Home.php(610): view('data_view', Array)
#5 D:\xampp\htdocs\rnd\system\CodeIgniter.php(832): App\Controllers\Home->in_data()
#6 D:\xampp\htdocs\rnd\system\CodeIgniter.php(419): CodeIgniter\CodeIgniter->runController(Object(App\Controllers\Home))
#7 D:\xampp\htdocs\rnd\system\CodeIgniter.php(326): CodeIgniter\CodeIgniter->handleRequest(NULL, Object(Config\Cache), false)
#8 D:\xampp\htdocs\rnd\index.php(37): CodeIgniter\CodeIgniter->run()
#9 {main}
CRITICAL - 2022-06-10 05:41:45 --> Undefined property: stdClass::$cid
#0 D:\xampp\htdocs\rnd\app\Views\data_view.php(72): CodeIgniter\Debug\Exceptions->errorHandler(8, 'Undefined prope...', 'D:\\xampp\\htdocs...', 72, Array)
#1 D:\xampp\htdocs\rnd\system\View\View.php(210): include('D:\\xampp\\htdocs...')
#2 D:\xampp\htdocs\rnd\system\View\View.php(213): CodeIgniter\View\View->CodeIgniter\View\{closure}()
#3 D:\xampp\htdocs\rnd\system\Common.php(1089): CodeIgniter\View\View->render('data_view', Array, true)
#4 D:\xampp\htdocs\rnd\app\Controllers\Home.php(610): view('data_view', Array)
#5 D:\xampp\htdocs\rnd\system\CodeIgniter.php(832): App\Controllers\Home->in_data()
#6 D:\xampp\htdocs\rnd\system\CodeIgniter.php(419): CodeIgniter\CodeIgniter->runController(Object(App\Controllers\Home))
#7 D:\xampp\htdocs\rnd\system\CodeIgniter.php(326): CodeIgniter\CodeIgniter->handleRequest(NULL, Object(Config\Cache), false)
#8 D:\xampp\htdocs\rnd\index.php(37): CodeIgniter\CodeIgniter->run()
#9 {main}
CRITICAL - 2022-06-10 05:42:52 --> Undefined variable: c_id
#0 D:\xampp\htdocs\rnd\app\Views\data_view.php(72): CodeIgniter\Debug\Exceptions->errorHandler(8, 'Undefined varia...', 'D:\\xampp\\htdocs...', 72, Array)
#1 D:\xampp\htdocs\rnd\system\View\View.php(210): include('D:\\xampp\\htdocs...')
#2 D:\xampp\htdocs\rnd\system\View\View.php(213): CodeIgniter\View\View->CodeIgniter\View\{closure}()
#3 D:\xampp\htdocs\rnd\system\Common.php(1089): CodeIgniter\View\View->render('data_view', Array, true)
#4 D:\xampp\htdocs\rnd\app\Controllers\Home.php(610): view('data_view', Array)
#5 D:\xampp\htdocs\rnd\system\CodeIgniter.php(832): App\Controllers\Home->in_data()
#6 D:\xampp\htdocs\rnd\system\CodeIgniter.php(419): CodeIgniter\CodeIgniter->runController(Object(App\Controllers\Home))
#7 D:\xampp\htdocs\rnd\system\CodeIgniter.php(326): CodeIgniter\CodeIgniter->handleRequest(NULL, Object(Config\Cache), false)
#8 D:\xampp\htdocs\rnd\index.php(37): CodeIgniter\CodeIgniter->run()
#9 {main}
CRITICAL - 2022-06-10 05:43:18 --> Undefined variable: crop_id
#0 D:\xampp\htdocs\rnd\app\Views\data_view.php(72): CodeIgniter\Debug\Exceptions->errorHandler(8, 'Undefined varia...', 'D:\\xampp\\htdocs...', 72, Array)
#1 D:\xampp\htdocs\rnd\system\View\View.php(210): include('D:\\xampp\\htdocs...')
#2 D:\xampp\htdocs\rnd\system\View\View.php(213): CodeIgniter\View\View->CodeIgniter\View\{closure}()
#3 D:\xampp\htdocs\rnd\system\Common.php(1089): CodeIgniter\View\View->render('data_view', Array, true)
#4 D:\xampp\htdocs\rnd\app\Controllers\Home.php(610): view('data_view', Array)
#5 D:\xampp\htdocs\rnd\system\CodeIgniter.php(832): App\Controllers\Home->in_data()
#6 D:\xampp\htdocs\rnd\system\CodeIgniter.php(419): CodeIgniter\CodeIgniter->runController(Object(App\Controllers\Home))
#7 D:\xampp\htdocs\rnd\system\CodeIgniter.php(326): CodeIgniter\CodeIgniter->handleRequest(NULL, Object(Config\Cache), false)
#8 D:\xampp\htdocs\rnd\index.php(37): CodeIgniter\CodeIgniter->run()
#9 {main}
CRITICAL - 2022-06-10 06:23:14 --> syntax error, unexpected '}', expecting ';' or ','
#0 D:\xampp\htdocs\rnd\system\View\View.php(213): CodeIgniter\View\View->CodeIgniter\View\{closure}()
#1 D:\xampp\htdocs\rnd\system\Common.php(1089): CodeIgniter\View\View->render('data_view', Array, true)
#2 D:\xampp\htdocs\rnd\app\Controllers\Home.php(610): view('data_view', Array)
#3 D:\xampp\htdocs\rnd\system\CodeIgniter.php(832): App\Controllers\Home->in_data()
#4 D:\xampp\htdocs\rnd\system\CodeIgniter.php(419): CodeIgniter\CodeIgniter->runController(Object(App\Controllers\Home))
#5 D:\xampp\htdocs\rnd\system\CodeIgniter.php(326): CodeIgniter\CodeIgniter->handleRequest(NULL, Object(Config\Cache), false)
#6 D:\xampp\htdocs\rnd\index.php(37): CodeIgniter\CodeIgniter->run()
#7 {main}
CRITICAL - 2022-06-10 06:24:01 --> syntax error, unexpected end of file
#0 D:\xampp\htdocs\rnd\system\View\View.php(213): CodeIgniter\View\View->CodeIgniter\View\{closure}()
#1 D:\xampp\htdocs\rnd\system\Common.php(1089): CodeIgniter\View\View->render('data_view', Array, true)
#2 D:\xampp\htdocs\rnd\app\Controllers\Home.php(610): view('data_view', Array)
#3 D:\xampp\htdocs\rnd\system\CodeIgniter.php(832): App\Controllers\Home->in_data()
#4 D:\xampp\htdocs\rnd\system\CodeIgniter.php(419): CodeIgniter\CodeIgniter->runController(Object(App\Controllers\Home))
#5 D:\xampp\htdocs\rnd\system\CodeIgniter.php(326): CodeIgniter\CodeIgniter->handleRequest(NULL, Object(Config\Cache), false)
#6 D:\xampp\htdocs\rnd\index.php(37): CodeIgniter\CodeIgniter->run()
#7 {main}
CRITICAL - 2022-06-10 06:54:39 --> syntax error, unexpected '?>'
#0 D:\xampp\htdocs\rnd\system\View\View.php(213): CodeIgniter\View\View->CodeIgniter\View\{closure}()
#1 D:\xampp\htdocs\rnd\system\Common.php(1089): CodeIgniter\View\View->render('data_view', Array, true)
#2 D:\xampp\htdocs\rnd\app\Controllers\Home.php(610): view('data_view', Array)
#3 D:\xampp\htdocs\rnd\system\CodeIgniter.php(832): App\Controllers\Home->in_data()
#4 D:\xampp\htdocs\rnd\system\CodeIgniter.php(419): CodeIgniter\CodeIgniter->runController(Object(App\Controllers\Home))
#5 D:\xampp\htdocs\rnd\system\CodeIgniter.php(326): CodeIgniter\CodeIgniter->handleRequest(NULL, Object(Config\Cache), false)
#6 D:\xampp\htdocs\rnd\index.php(37): CodeIgniter\CodeIgniter->run()
#7 {main}
CRITICAL - 2022-06-10 07:08:53 --> syntax error, unexpected 'print_r' (T_STRING), expecting ';' or ','
#0 D:\xampp\htdocs\rnd\system\View\View.php(213): CodeIgniter\View\View->CodeIgniter\View\{closure}()
#1 D:\xampp\htdocs\rnd\system\Common.php(1089): CodeIgniter\View\View->render('data_view', Array, true)
#2 D:\xampp\htdocs\rnd\app\Controllers\Home.php(610): view('data_view', Array)
#3 D:\xampp\htdocs\rnd\system\CodeIgniter.php(832): App\Controllers\Home->in_data()
#4 D:\xampp\htdocs\rnd\system\CodeIgniter.php(419): CodeIgniter\CodeIgniter->runController(Object(App\Controllers\Home))
#5 D:\xampp\htdocs\rnd\system\CodeIgniter.php(326): CodeIgniter\CodeIgniter->handleRequest(NULL, Object(Config\Cache), false)
#6 D:\xampp\htdocs\rnd\index.php(37): CodeIgniter\CodeIgniter->run()
#7 {main}
