ERROR - 2022-06-13 00:05:07 --> You have an error in your SQL syntax; check the manual that corresponds to your MariaDB server version for the right syntax to use near '0) VALUES (:0:)' at line 1
CRITICAL - 2022-06-13 00:05:07 --> You have an error in your SQL syntax; check the manual that corresponds to your MariaDB server version for the right syntax to use near '0) VALUES (:0:)' at line 1
#0 D:\xampp\htdocs\rnd\system\Database\MySQLi\Connection.php(292): mysqli->query('INSERT INTO `le...', 0)
#1 D:\xampp\htdocs\rnd\system\Database\BaseConnection.php(670): CodeIgniter\Database\MySQLi\Connection->execute('INSERT INTO `le...')
#2 D:\xampp\htdocs\rnd\system\Database\BaseConnection.php(598): CodeIgniter\Database\BaseConnection->simpleQuery('INSERT INTO `le...')
#3 D:\xampp\htdocs\rnd\system\Database\BaseBuilder.php(1771): CodeIgniter\Database\BaseConnection->query('INSERT INTO `le...', Array, false)
#4 D:\xampp\htdocs\rnd\app\Controllers\Home.php(705): CodeIgniter\Database\BaseBuilder->insert(Array)
#5 D:\xampp\htdocs\rnd\system\CodeIgniter.php(832): App\Controllers\Home->insert_leaf()
#6 D:\xampp\htdocs\rnd\system\CodeIgniter.php(419): CodeIgniter\CodeIgniter->runController(Object(App\Controllers\Home))
#7 D:\xampp\htdocs\rnd\system\CodeIgniter.php(326): CodeIgniter\CodeIgniter->handleRequest(NULL, Object(Config\Cache), false)
#8 D:\xampp\htdocs\rnd\index.php(37): CodeIgniter\CodeIgniter->run()
#9 {main}
ERROR - 2022-06-13 00:06:12 --> Cannot add or update a child row: a foreign key constraint fails (`rnd`.`leaf`, CONSTRAINT `leaf_ibfk_1` FOREIGN KEY (`insect_id`) REFERENCES `insect_type` (`id`) ON DELETE CASCADE ON UPDATE CASCADE)
CRITICAL - 2022-06-13 00:06:12 --> Cannot add or update a child row: a foreign key constraint fails (`rnd`.`leaf`, CONSTRAINT `leaf_ibfk_1` FOREIGN KEY (`insect_id`) REFERENCES `insect_type` (`id`) ON DELETE CASCADE ON UPDATE CASCADE)
#0 D:\xampp\htdocs\rnd\system\Database\MySQLi\Connection.php(292): mysqli->query('INSERT INTO `le...', 0)
#1 D:\xampp\htdocs\rnd\system\Database\BaseConnection.php(670): CodeIgniter\Database\MySQLi\Connection->execute('INSERT INTO `le...')
#2 D:\xampp\htdocs\rnd\system\Database\BaseConnection.php(598): CodeIgniter\Database\BaseConnection->simpleQuery('INSERT INTO `le...')
#3 D:\xampp\htdocs\rnd\system\Database\BaseBuilder.php(1771): CodeIgniter\Database\BaseConnection->query('INSERT INTO `le...', Array, false)
#4 D:\xampp\htdocs\rnd\app\Controllers\Home.php(705): CodeIgniter\Database\BaseBuilder->insert(Array)
#5 D:\xampp\htdocs\rnd\system\CodeIgniter.php(832): App\Controllers\Home->insert_leaf()
#6 D:\xampp\htdocs\rnd\system\CodeIgniter.php(419): CodeIgniter\CodeIgniter->runController(Object(App\Controllers\Home))
#7 D:\xampp\htdocs\rnd\system\CodeIgniter.php(326): CodeIgniter\CodeIgniter->handleRequest(NULL, Object(Config\Cache), false)
#8 D:\xampp\htdocs\rnd\index.php(37): CodeIgniter\CodeIgniter->run()
#9 {main}
CRITICAL - 2022-06-13 00:09:58 --> syntax error, unexpected '=', expecting ')'
#0 D:\xampp\htdocs\rnd\system\Router\Router.php(175): CodeIgniter\Router\Router->autoRoute('/home/insert_le...')
#1 D:\xampp\htdocs\rnd\system\CodeIgniter.php(726): CodeIgniter\Router\Router->handle('/home/insert_le...')
#2 D:\xampp\htdocs\rnd\system\CodeIgniter.php(368): CodeIgniter\CodeIgniter->tryToRouteIt(Object(CodeIgniter\Router\RouteCollection))
#3 D:\xampp\htdocs\rnd\system\CodeIgniter.php(326): CodeIgniter\CodeIgniter->handleRequest(NULL, Object(Config\Cache), false)
#4 D:\xampp\htdocs\rnd\index.php(37): CodeIgniter\CodeIgniter->run()
#5 {main}
CRITICAL - 2022-06-13 00:10:44 --> syntax error, unexpected '=', expecting ')'
#0 D:\xampp\htdocs\rnd\system\Router\Router.php(175): CodeIgniter\Router\Router->autoRoute('/home/insert_le...')
#1 D:\xampp\htdocs\rnd\system\CodeIgniter.php(726): CodeIgniter\Router\Router->handle('/home/insert_le...')
#2 D:\xampp\htdocs\rnd\system\CodeIgniter.php(368): CodeIgniter\CodeIgniter->tryToRouteIt(Object(CodeIgniter\Router\RouteCollection))
#3 D:\xampp\htdocs\rnd\system\CodeIgniter.php(326): CodeIgniter\CodeIgniter->handleRequest(NULL, Object(Config\Cache), false)
#4 D:\xampp\htdocs\rnd\index.php(37): CodeIgniter\CodeIgniter->run()
#5 {main}
CRITICAL - 2022-06-13 00:11:03 --> syntax error, unexpected '=', expecting ')'
#0 D:\xampp\htdocs\rnd\system\Router\Router.php(175): CodeIgniter\Router\Router->autoRoute('/home/insert_le...')
#1 D:\xampp\htdocs\rnd\system\CodeIgniter.php(726): CodeIgniter\Router\Router->handle('/home/insert_le...')
#2 D:\xampp\htdocs\rnd\system\CodeIgniter.php(368): CodeIgniter\CodeIgniter->tryToRouteIt(Object(CodeIgniter\Router\RouteCollection))
#3 D:\xampp\htdocs\rnd\system\CodeIgniter.php(326): CodeIgniter\CodeIgniter->handleRequest(NULL, Object(Config\Cache), false)
#4 D:\xampp\htdocs\rnd\index.php(37): CodeIgniter\CodeIgniter->run()
#5 {main}
ERROR - 2022-06-13 00:11:25 --> Unknown column 'insect' in 'field list'
CRITICAL - 2022-06-13 00:11:25 --> Unknown column 'insect' in 'field list'
#0 D:\xampp\htdocs\rnd\system\Database\MySQLi\Connection.php(292): mysqli->query('INSERT INTO `le...', 0)
#1 D:\xampp\htdocs\rnd\system\Database\BaseConnection.php(670): CodeIgniter\Database\MySQLi\Connection->execute('INSERT INTO `le...')
#2 D:\xampp\htdocs\rnd\system\Database\BaseConnection.php(598): CodeIgniter\Database\BaseConnection->simpleQuery('INSERT INTO `le...')
#3 D:\xampp\htdocs\rnd\system\Database\BaseBuilder.php(1771): CodeIgniter\Database\BaseConnection->query('INSERT INTO `le...', Array, false)
#4 D:\xampp\htdocs\rnd\app\Controllers\Home.php(712): CodeIgniter\Database\BaseBuilder->insert(Array)
#5 D:\xampp\htdocs\rnd\system\CodeIgniter.php(832): App\Controllers\Home->insert_leaf()
#6 D:\xampp\htdocs\rnd\system\CodeIgniter.php(419): CodeIgniter\CodeIgniter->runController(Object(App\Controllers\Home))
#7 D:\xampp\htdocs\rnd\system\CodeIgniter.php(326): CodeIgniter\CodeIgniter->handleRequest(NULL, Object(Config\Cache), false)
#8 D:\xampp\htdocs\rnd\index.php(37): CodeIgniter\CodeIgniter->run()
#9 {main}
ERROR - 2022-06-13 00:11:46 --> Cannot add or update a child row: a foreign key constraint fails (`rnd`.`leaf`, CONSTRAINT `leaf_ibfk_1` FOREIGN KEY (`insect_id`) REFERENCES `insect_type` (`id`) ON DELETE CASCADE ON UPDATE CASCADE)
CRITICAL - 2022-06-13 00:11:46 --> Cannot add or update a child row: a foreign key constraint fails (`rnd`.`leaf`, CONSTRAINT `leaf_ibfk_1` FOREIGN KEY (`insect_id`) REFERENCES `insect_type` (`id`) ON DELETE CASCADE ON UPDATE CASCADE)
#0 D:\xampp\htdocs\rnd\system\Database\MySQLi\Connection.php(292): mysqli->query('INSERT INTO `le...', 0)
#1 D:\xampp\htdocs\rnd\system\Database\BaseConnection.php(670): CodeIgniter\Database\MySQLi\Connection->execute('INSERT INTO `le...')
#2 D:\xampp\htdocs\rnd\system\Database\BaseConnection.php(598): CodeIgniter\Database\BaseConnection->simpleQuery('INSERT INTO `le...')
#3 D:\xampp\htdocs\rnd\system\Database\BaseBuilder.php(1771): CodeIgniter\Database\BaseConnection->query('INSERT INTO `le...', Array, false)
#4 D:\xampp\htdocs\rnd\app\Controllers\Home.php(712): CodeIgniter\Database\BaseBuilder->insert(Array)
#5 D:\xampp\htdocs\rnd\system\CodeIgniter.php(832): App\Controllers\Home->insert_leaf()
#6 D:\xampp\htdocs\rnd\system\CodeIgniter.php(419): CodeIgniter\CodeIgniter->runController(Object(App\Controllers\Home))
#7 D:\xampp\htdocs\rnd\system\CodeIgniter.php(326): CodeIgniter\CodeIgniter->handleRequest(NULL, Object(Config\Cache), false)
#8 D:\xampp\htdocs\rnd\index.php(37): CodeIgniter\CodeIgniter->run()
#9 {main}
ERROR - 2022-06-13 00:16:01 --> Operand should contain 1 column(s)
CRITICAL - 2022-06-13 00:16:01 --> Operand should contain 1 column(s)
#0 D:\xampp\htdocs\rnd\system\Database\MySQLi\Connection.php(292): mysqli->query('INSERT INTO `le...', 0)
#1 D:\xampp\htdocs\rnd\system\Database\BaseConnection.php(670): CodeIgniter\Database\MySQLi\Connection->execute('INSERT INTO `le...')
#2 D:\xampp\htdocs\rnd\system\Database\BaseConnection.php(598): CodeIgniter\Database\BaseConnection->simpleQuery('INSERT INTO `le...')
#3 D:\xampp\htdocs\rnd\system\Database\BaseBuilder.php(1771): CodeIgniter\Database\BaseConnection->query('INSERT INTO `le...', Array, false)
#4 D:\xampp\htdocs\rnd\app\Controllers\Home.php(712): CodeIgniter\Database\BaseBuilder->insert(Array)
#5 D:\xampp\htdocs\rnd\system\CodeIgniter.php(832): App\Controllers\Home->insert_leaf()
#6 D:\xampp\htdocs\rnd\system\CodeIgniter.php(419): CodeIgniter\CodeIgniter->runController(Object(App\Controllers\Home))
#7 D:\xampp\htdocs\rnd\system\CodeIgniter.php(326): CodeIgniter\CodeIgniter->handleRequest(NULL, Object(Config\Cache), false)
#8 D:\xampp\htdocs\rnd\index.php(37): CodeIgniter\CodeIgniter->run()
#9 {main}
ERROR - 2022-06-13 00:16:30 --> Operand should contain 1 column(s)
CRITICAL - 2022-06-13 00:16:30 --> Operand should contain 1 column(s)
#0 D:\xampp\htdocs\rnd\system\Database\MySQLi\Connection.php(292): mysqli->query('INSERT INTO `le...', 0)
#1 D:\xampp\htdocs\rnd\system\Database\BaseConnection.php(670): CodeIgniter\Database\MySQLi\Connection->execute('INSERT INTO `le...')
#2 D:\xampp\htdocs\rnd\system\Database\BaseConnection.php(598): CodeIgniter\Database\BaseConnection->simpleQuery('INSERT INTO `le...')
#3 D:\xampp\htdocs\rnd\system\Database\BaseBuilder.php(1771): CodeIgniter\Database\BaseConnection->query('INSERT INTO `le...', Array, false)
#4 D:\xampp\htdocs\rnd\app\Controllers\Home.php(712): CodeIgniter\Database\BaseBuilder->insert(Array)
#5 D:\xampp\htdocs\rnd\system\CodeIgniter.php(832): App\Controllers\Home->insert_leaf()
#6 D:\xampp\htdocs\rnd\system\CodeIgniter.php(419): CodeIgniter\CodeIgniter->runController(Object(App\Controllers\Home))
#7 D:\xampp\htdocs\rnd\system\CodeIgniter.php(326): CodeIgniter\CodeIgniter->handleRequest(NULL, Object(Config\Cache), false)
#8 D:\xampp\htdocs\rnd\index.php(37): CodeIgniter\CodeIgniter->run()
#9 {main}
ERROR - 2022-06-13 00:17:12 --> Operand should contain 1 column(s)
CRITICAL - 2022-06-13 00:17:12 --> Operand should contain 1 column(s)
#0 D:\xampp\htdocs\rnd\system\Database\MySQLi\Connection.php(292): mysqli->query('INSERT INTO `le...', 0)
#1 D:\xampp\htdocs\rnd\system\Database\BaseConnection.php(670): CodeIgniter\Database\MySQLi\Connection->execute('INSERT INTO `le...')
#2 D:\xampp\htdocs\rnd\system\Database\BaseConnection.php(598): CodeIgniter\Database\BaseConnection->simpleQuery('INSERT INTO `le...')
#3 D:\xampp\htdocs\rnd\system\Database\BaseBuilder.php(1771): CodeIgniter\Database\BaseConnection->query('INSERT INTO `le...', Array, false)
#4 D:\xampp\htdocs\rnd\app\Controllers\Home.php(712): CodeIgniter\Database\BaseBuilder->insert(Array)
#5 D:\xampp\htdocs\rnd\system\CodeIgniter.php(832): App\Controllers\Home->insert_leaf()
#6 D:\xampp\htdocs\rnd\system\CodeIgniter.php(419): CodeIgniter\CodeIgniter->runController(Object(App\Controllers\Home))
#7 D:\xampp\htdocs\rnd\system\CodeIgniter.php(326): CodeIgniter\CodeIgniter->handleRequest(NULL, Object(Config\Cache), false)
#8 D:\xampp\htdocs\rnd\index.php(37): CodeIgniter\CodeIgniter->run()
#9 {main}
ERROR - 2022-06-13 00:18:15 --> Operand should contain 1 column(s)
CRITICAL - 2022-06-13 00:18:15 --> Operand should contain 1 column(s)
#0 D:\xampp\htdocs\rnd\system\Database\MySQLi\Connection.php(292): mysqli->query('INSERT INTO `le...', 0)
#1 D:\xampp\htdocs\rnd\system\Database\BaseConnection.php(670): CodeIgniter\Database\MySQLi\Connection->execute('INSERT INTO `le...')
#2 D:\xampp\htdocs\rnd\system\Database\BaseConnection.php(598): CodeIgniter\Database\BaseConnection->simpleQuery('INSERT INTO `le...')
#3 D:\xampp\htdocs\rnd\system\Database\BaseBuilder.php(1771): CodeIgniter\Database\BaseConnection->query('INSERT INTO `le...', Array, false)
#4 D:\xampp\htdocs\rnd\app\Controllers\Home.php(712): CodeIgniter\Database\BaseBuilder->insert(Array)
#5 D:\xampp\htdocs\rnd\system\CodeIgniter.php(832): App\Controllers\Home->insert_leaf()
#6 D:\xampp\htdocs\rnd\system\CodeIgniter.php(419): CodeIgniter\CodeIgniter->runController(Object(App\Controllers\Home))
#7 D:\xampp\htdocs\rnd\system\CodeIgniter.php(326): CodeIgniter\CodeIgniter->handleRequest(NULL, Object(Config\Cache), false)
#8 D:\xampp\htdocs\rnd\index.php(37): CodeIgniter\CodeIgniter->run()
#9 {main}
CRITICAL - 2022-06-13 00:23:28 --> syntax error, unexpected '=>' (T_DOUBLE_ARROW)
#0 D:\xampp\htdocs\rnd\system\Autoloader\Autoloader.php(241): CodeIgniter\Autoloader\Autoloader->includeFile('D:\\xampp\\htdocs...')
#1 D:\xampp\htdocs\rnd\system\Autoloader\Autoloader.php(219): CodeIgniter\Autoloader\Autoloader->loadInNamespace('App\\Controllers...')
#2 [internal function]: CodeIgniter\Autoloader\Autoloader->loadClass('App\\Controllers...')
#3 [internal function]: spl_autoload_call('App\\Controllers...')
#4 D:\xampp\htdocs\rnd\system\CodeIgniter.php(797): class_exists('\\App\\Controller...', true)
#5 D:\xampp\htdocs\rnd\system\CodeIgniter.php(406): CodeIgniter\CodeIgniter->startController()
#6 D:\xampp\htdocs\rnd\system\CodeIgniter.php(326): CodeIgniter\CodeIgniter->handleRequest(NULL, Object(Config\Cache), false)
#7 D:\xampp\htdocs\rnd\index.php(37): CodeIgniter\CodeIgniter->run()
#8 {main}
ERROR - 2022-06-13 00:24:09 --> Operand should contain 1 column(s)
CRITICAL - 2022-06-13 00:24:09 --> Operand should contain 1 column(s)
#0 D:\xampp\htdocs\rnd\system\Database\MySQLi\Connection.php(292): mysqli->query('INSERT INTO `le...', 0)
#1 D:\xampp\htdocs\rnd\system\Database\BaseConnection.php(670): CodeIgniter\Database\MySQLi\Connection->execute('INSERT INTO `le...')
#2 D:\xampp\htdocs\rnd\system\Database\BaseConnection.php(598): CodeIgniter\Database\BaseConnection->simpleQuery('INSERT INTO `le...')
#3 D:\xampp\htdocs\rnd\system\Database\BaseBuilder.php(1771): CodeIgniter\Database\BaseConnection->query('INSERT INTO `le...', Array, false)
#4 D:\xampp\htdocs\rnd\app\Controllers\Home.php(712): CodeIgniter\Database\BaseBuilder->insert(Array)
#5 D:\xampp\htdocs\rnd\system\CodeIgniter.php(832): App\Controllers\Home->insert_leaf()
#6 D:\xampp\htdocs\rnd\system\CodeIgniter.php(419): CodeIgniter\CodeIgniter->runController(Object(App\Controllers\Home))
#7 D:\xampp\htdocs\rnd\system\CodeIgniter.php(326): CodeIgniter\CodeIgniter->handleRequest(NULL, Object(Config\Cache), false)
#8 D:\xampp\htdocs\rnd\index.php(37): CodeIgniter\CodeIgniter->run()
#9 {main}
ERROR - 2022-06-13 00:24:54 --> Cannot add or update a child row: a foreign key constraint fails (`rnd`.`leaf`, CONSTRAINT `leaf_ibfk_1` FOREIGN KEY (`insect_id`) REFERENCES `insect_type` (`id`) ON DELETE CASCADE ON UPDATE CASCADE)
CRITICAL - 2022-06-13 00:24:54 --> Cannot add or update a child row: a foreign key constraint fails (`rnd`.`leaf`, CONSTRAINT `leaf_ibfk_1` FOREIGN KEY (`insect_id`) REFERENCES `insect_type` (`id`) ON DELETE CASCADE ON UPDATE CASCADE)
#0 D:\xampp\htdocs\rnd\system\Database\MySQLi\Connection.php(292): mysqli->query('INSERT INTO `le...', 0)
#1 D:\xampp\htdocs\rnd\system\Database\BaseConnection.php(670): CodeIgniter\Database\MySQLi\Connection->execute('INSERT INTO `le...')
#2 D:\xampp\htdocs\rnd\system\Database\BaseConnection.php(598): CodeIgniter\Database\BaseConnection->simpleQuery('INSERT INTO `le...')
#3 D:\xampp\htdocs\rnd\system\Database\BaseBuilder.php(1771): CodeIgniter\Database\BaseConnection->query('INSERT INTO `le...', Array, false)
#4 D:\xampp\htdocs\rnd\app\Controllers\Home.php(712): CodeIgniter\Database\BaseBuilder->insert(Array)
#5 D:\xampp\htdocs\rnd\system\CodeIgniter.php(832): App\Controllers\Home->insert_leaf()
#6 D:\xampp\htdocs\rnd\system\CodeIgniter.php(419): CodeIgniter\CodeIgniter->runController(Object(App\Controllers\Home))
#7 D:\xampp\htdocs\rnd\system\CodeIgniter.php(326): CodeIgniter\CodeIgniter->handleRequest(NULL, Object(Config\Cache), false)
#8 D:\xampp\htdocs\rnd\index.php(37): CodeIgniter\CodeIgniter->run()
#9 {main}
ERROR - 2022-06-13 00:30:26 --> Operand should contain 1 column(s)
CRITICAL - 2022-06-13 00:30:26 --> Operand should contain 1 column(s)
#0 D:\xampp\htdocs\rnd\system\Database\MySQLi\Connection.php(292): mysqli->query('INSERT INTO `le...', 0)
#1 D:\xampp\htdocs\rnd\system\Database\BaseConnection.php(670): CodeIgniter\Database\MySQLi\Connection->execute('INSERT INTO `le...')
#2 D:\xampp\htdocs\rnd\system\Database\BaseConnection.php(598): CodeIgniter\Database\BaseConnection->simpleQuery('INSERT INTO `le...')
#3 D:\xampp\htdocs\rnd\system\Database\BaseBuilder.php(1771): CodeIgniter\Database\BaseConnection->query('INSERT INTO `le...', Array, false)
#4 D:\xampp\htdocs\rnd\app\Controllers\Home.php(712): CodeIgniter\Database\BaseBuilder->insert(Array)
#5 D:\xampp\htdocs\rnd\system\CodeIgniter.php(832): App\Controllers\Home->insert_leaf()
#6 D:\xampp\htdocs\rnd\system\CodeIgniter.php(419): CodeIgniter\CodeIgniter->runController(Object(App\Controllers\Home))
#7 D:\xampp\htdocs\rnd\system\CodeIgniter.php(326): CodeIgniter\CodeIgniter->handleRequest(NULL, Object(Config\Cache), false)
#8 D:\xampp\htdocs\rnd\index.php(37): CodeIgniter\CodeIgniter->run()
#9 {main}
CRITICAL - 2022-06-13 00:40:18 --> Invalid argument supplied for foreach()
#0 D:\xampp\htdocs\rnd\app\Controllers\Home.php(710): CodeIgniter\Debug\Exceptions->errorHandler(2, 'Invalid argumen...', 'D:\\xampp\\htdocs...', 710, Array)
#1 D:\xampp\htdocs\rnd\system\CodeIgniter.php(832): App\Controllers\Home->insert_leaf()
#2 D:\xampp\htdocs\rnd\system\CodeIgniter.php(419): CodeIgniter\CodeIgniter->runController(Object(App\Controllers\Home))
#3 D:\xampp\htdocs\rnd\system\CodeIgniter.php(326): CodeIgniter\CodeIgniter->handleRequest(NULL, Object(Config\Cache), false)
#4 D:\xampp\htdocs\rnd\index.php(37): CodeIgniter\CodeIgniter->run()
#5 {main}
CRITICAL - 2022-06-13 00:47:53 --> Trying to get property 'leaf_no' of non-object
#0 D:\xampp\htdocs\rnd\app\Controllers\Home.php(712): CodeIgniter\Debug\Exceptions->errorHandler(8, 'Trying to get p...', 'D:\\xampp\\htdocs...', 712, Array)
#1 D:\xampp\htdocs\rnd\system\CodeIgniter.php(832): App\Controllers\Home->insert_leaf()
#2 D:\xampp\htdocs\rnd\system\CodeIgniter.php(419): CodeIgniter\CodeIgniter->runController(Object(App\Controllers\Home))
#3 D:\xampp\htdocs\rnd\system\CodeIgniter.php(326): CodeIgniter\CodeIgniter->handleRequest(NULL, Object(Config\Cache), false)
#4 D:\xampp\htdocs\rnd\index.php(37): CodeIgniter\CodeIgniter->run()
#5 {main}
CRITICAL - 2022-06-13 00:51:54 --> syntax error, unexpected '[', expecting identifier (T_STRING) or variable (T_VARIABLE) or '{' or '$'
#0 D:\xampp\htdocs\rnd\system\Router\Router.php(175): CodeIgniter\Router\Router->autoRoute('/home/insert_le...')
#1 D:\xampp\htdocs\rnd\system\CodeIgniter.php(726): CodeIgniter\Router\Router->handle('/home/insert_le...')
#2 D:\xampp\htdocs\rnd\system\CodeIgniter.php(368): CodeIgniter\CodeIgniter->tryToRouteIt(Object(CodeIgniter\Router\RouteCollection))
#3 D:\xampp\htdocs\rnd\system\CodeIgniter.php(326): CodeIgniter\CodeIgniter->handleRequest(NULL, Object(Config\Cache), false)
#4 D:\xampp\htdocs\rnd\index.php(37): CodeIgniter\CodeIgniter->run()
#5 {main}
CRITICAL - 2022-06-13 00:52:06 --> Trying to access array offset on value of type null
#0 D:\xampp\htdocs\rnd\app\Controllers\Home.php(712): CodeIgniter\Debug\Exceptions->errorHandler(8, 'Trying to acces...', 'D:\\xampp\\htdocs...', 712, Array)
#1 D:\xampp\htdocs\rnd\system\CodeIgniter.php(832): App\Controllers\Home->insert_leaf()
#2 D:\xampp\htdocs\rnd\system\CodeIgniter.php(419): CodeIgniter\CodeIgniter->runController(Object(App\Controllers\Home))
#3 D:\xampp\htdocs\rnd\system\CodeIgniter.php(326): CodeIgniter\CodeIgniter->handleRequest(NULL, Object(Config\Cache), false)
#4 D:\xampp\htdocs\rnd\index.php(37): CodeIgniter\CodeIgniter->run()
#5 {main}
CRITICAL - 2022-06-13 00:52:28 --> Undefined index: leaf_no
#0 D:\xampp\htdocs\rnd\app\Controllers\Home.php(712): CodeIgniter\Debug\Exceptions->errorHandler(8, 'Undefined index...', 'D:\\xampp\\htdocs...', 712, Array)
#1 D:\xampp\htdocs\rnd\system\CodeIgniter.php(832): App\Controllers\Home->insert_leaf()
#2 D:\xampp\htdocs\rnd\system\CodeIgniter.php(419): CodeIgniter\CodeIgniter->runController(Object(App\Controllers\Home))
#3 D:\xampp\htdocs\rnd\system\CodeIgniter.php(326): CodeIgniter\CodeIgniter->handleRequest(NULL, Object(Config\Cache), false)
#4 D:\xampp\htdocs\rnd\index.php(37): CodeIgniter\CodeIgniter->run()
#5 {main}
CRITICAL - 2022-06-13 00:56:31 --> Illegal offset type
#0 D:\xampp\htdocs\rnd\app\Controllers\Home.php(712): CodeIgniter\Debug\Exceptions->errorHandler(2, 'Illegal offset ...', 'D:\\xampp\\htdocs...', 712, Array)
#1 D:\xampp\htdocs\rnd\system\CodeIgniter.php(832): App\Controllers\Home->insert_leaf()
#2 D:\xampp\htdocs\rnd\system\CodeIgniter.php(419): CodeIgniter\CodeIgniter->runController(Object(App\Controllers\Home))
#3 D:\xampp\htdocs\rnd\system\CodeIgniter.php(326): CodeIgniter\CodeIgniter->handleRequest(NULL, Object(Config\Cache), false)
#4 D:\xampp\htdocs\rnd\index.php(37): CodeIgniter\CodeIgniter->run()
#5 {main}
CRITICAL - 2022-06-13 00:57:17 --> Trying to get property 'upper_leaf' of non-object
#0 D:\xampp\htdocs\rnd\app\Controllers\Home.php(713): CodeIgniter\Debug\Exceptions->errorHandler(8, 'Trying to get p...', 'D:\\xampp\\htdocs...', 713, Array)
#1 D:\xampp\htdocs\rnd\system\CodeIgniter.php(832): App\Controllers\Home->insert_leaf()
#2 D:\xampp\htdocs\rnd\system\CodeIgniter.php(419): CodeIgniter\CodeIgniter->runController(Object(App\Controllers\Home))
#3 D:\xampp\htdocs\rnd\system\CodeIgniter.php(326): CodeIgniter\CodeIgniter->handleRequest(NULL, Object(Config\Cache), false)
#4 D:\xampp\htdocs\rnd\index.php(37): CodeIgniter\CodeIgniter->run()
#5 {main}
CRITICAL - 2022-06-13 01:11:54 --> Undefined variable: key
#0 D:\xampp\htdocs\rnd\app\Controllers\Home.php(712): CodeIgniter\Debug\Exceptions->errorHandler(8, 'Undefined varia...', 'D:\\xampp\\htdocs...', 712, Array)
#1 D:\xampp\htdocs\rnd\system\CodeIgniter.php(832): App\Controllers\Home->insert_leaf()
#2 D:\xampp\htdocs\rnd\system\CodeIgniter.php(419): CodeIgniter\CodeIgniter->runController(Object(App\Controllers\Home))
#3 D:\xampp\htdocs\rnd\system\CodeIgniter.php(326): CodeIgniter\CodeIgniter->handleRequest(NULL, Object(Config\Cache), false)
#4 D:\xampp\htdocs\rnd\index.php(37): CodeIgniter\CodeIgniter->run()
#5 {main}
CRITICAL - 2022-06-13 01:12:23 --> Trying to get property 'leaf_no' of non-object
#0 D:\xampp\htdocs\rnd\app\Controllers\Home.php(712): CodeIgniter\Debug\Exceptions->errorHandler(8, 'Trying to get p...', 'D:\\xampp\\htdocs...', 712, Array)
#1 D:\xampp\htdocs\rnd\system\CodeIgniter.php(832): App\Controllers\Home->insert_leaf()
#2 D:\xampp\htdocs\rnd\system\CodeIgniter.php(419): CodeIgniter\CodeIgniter->runController(Object(App\Controllers\Home))
#3 D:\xampp\htdocs\rnd\system\CodeIgniter.php(326): CodeIgniter\CodeIgniter->handleRequest(NULL, Object(Config\Cache), false)
#4 D:\xampp\htdocs\rnd\index.php(37): CodeIgniter\CodeIgniter->run()
#5 {main}
CRITICAL - 2022-06-13 01:15:57 --> Trying to access array offset on value of type null
#0 D:\xampp\htdocs\rnd\app\Controllers\Home.php(712): CodeIgniter\Debug\Exceptions->errorHandler(8, 'Trying to acces...', 'D:\\xampp\\htdocs...', 712, Array)
#1 D:\xampp\htdocs\rnd\system\CodeIgniter.php(832): App\Controllers\Home->insert_leaf()
#2 D:\xampp\htdocs\rnd\system\CodeIgniter.php(419): CodeIgniter\CodeIgniter->runController(Object(App\Controllers\Home))
#3 D:\xampp\htdocs\rnd\system\CodeIgniter.php(326): CodeIgniter\CodeIgniter->handleRequest(NULL, Object(Config\Cache), false)
#4 D:\xampp\htdocs\rnd\index.php(37): CodeIgniter\CodeIgniter->run()
#5 {main}
CRITICAL - 2022-06-13 01:16:09 --> Illegal string offset 'leaf_no'
#0 D:\xampp\htdocs\rnd\app\Controllers\Home.php(712): CodeIgniter\Debug\Exceptions->errorHandler(2, 'Illegal string ...', 'D:\\xampp\\htdocs...', 712, Array)
#1 D:\xampp\htdocs\rnd\system\CodeIgniter.php(832): App\Controllers\Home->insert_leaf()
#2 D:\xampp\htdocs\rnd\system\CodeIgniter.php(419): CodeIgniter\CodeIgniter->runController(Object(App\Controllers\Home))
#3 D:\xampp\htdocs\rnd\system\CodeIgniter.php(326): CodeIgniter\CodeIgniter->handleRequest(NULL, Object(Config\Cache), false)
#4 D:\xampp\htdocs\rnd\index.php(37): CodeIgniter\CodeIgniter->run()
#5 {main}
CRITICAL - 2022-06-13 01:17:13 --> Illegal string offset 'leaf_no'
#0 D:\xampp\htdocs\rnd\app\Controllers\Home.php(713): CodeIgniter\Debug\Exceptions->errorHandler(2, 'Illegal string ...', 'D:\\xampp\\htdocs...', 713, Array)
#1 D:\xampp\htdocs\rnd\system\CodeIgniter.php(832): App\Controllers\Home->insert_leaf()
#2 D:\xampp\htdocs\rnd\system\CodeIgniter.php(419): CodeIgniter\CodeIgniter->runController(Object(App\Controllers\Home))
#3 D:\xampp\htdocs\rnd\system\CodeIgniter.php(326): CodeIgniter\CodeIgniter->handleRequest(NULL, Object(Config\Cache), false)
#4 D:\xampp\htdocs\rnd\index.php(37): CodeIgniter\CodeIgniter->run()
#5 {main}
CRITICAL - 2022-06-13 01:18:05 --> Undefined variable: leaf_no
#0 D:\xampp\htdocs\rnd\app\Controllers\Home.php(713): CodeIgniter\Debug\Exceptions->errorHandler(8, 'Undefined varia...', 'D:\\xampp\\htdocs...', 713, Array)
#1 D:\xampp\htdocs\rnd\system\CodeIgniter.php(832): App\Controllers\Home->insert_leaf()
#2 D:\xampp\htdocs\rnd\system\CodeIgniter.php(419): CodeIgniter\CodeIgniter->runController(Object(App\Controllers\Home))
#3 D:\xampp\htdocs\rnd\system\CodeIgniter.php(326): CodeIgniter\CodeIgniter->handleRequest(NULL, Object(Config\Cache), false)
#4 D:\xampp\htdocs\rnd\index.php(37): CodeIgniter\CodeIgniter->run()
#5 {main}
CRITICAL - 2022-06-13 01:18:17 --> Undefined variable: leaf_no
#0 D:\xampp\htdocs\rnd\app\Controllers\Home.php(713): CodeIgniter\Debug\Exceptions->errorHandler(8, 'Undefined varia...', 'D:\\xampp\\htdocs...', 713, Array)
#1 D:\xampp\htdocs\rnd\system\CodeIgniter.php(832): App\Controllers\Home->insert_leaf()
#2 D:\xampp\htdocs\rnd\system\CodeIgniter.php(419): CodeIgniter\CodeIgniter->runController(Object(App\Controllers\Home))
#3 D:\xampp\htdocs\rnd\system\CodeIgniter.php(326): CodeIgniter\CodeIgniter->handleRequest(NULL, Object(Config\Cache), false)
#4 D:\xampp\htdocs\rnd\index.php(37): CodeIgniter\CodeIgniter->run()
#5 {main}
CRITICAL - 2022-06-13 01:22:13 --> Trying to get property 'leaf_no' of non-object
#0 D:\xampp\htdocs\rnd\app\Controllers\Home.php(712): CodeIgniter\Debug\Exceptions->errorHandler(8, 'Trying to get p...', 'D:\\xampp\\htdocs...', 712, Array)
#1 D:\xampp\htdocs\rnd\system\CodeIgniter.php(832): App\Controllers\Home->insert_leaf()
#2 D:\xampp\htdocs\rnd\system\CodeIgniter.php(419): CodeIgniter\CodeIgniter->runController(Object(App\Controllers\Home))
#3 D:\xampp\htdocs\rnd\system\CodeIgniter.php(326): CodeIgniter\CodeIgniter->handleRequest(NULL, Object(Config\Cache), false)
#4 D:\xampp\htdocs\rnd\index.php(37): CodeIgniter\CodeIgniter->run()
#5 {main}
CRITICAL - 2022-06-13 01:23:58 --> Trying to get property 'leaf_no' of non-object
#0 D:\xampp\htdocs\rnd\app\Controllers\Home.php(712): CodeIgniter\Debug\Exceptions->errorHandler(8, 'Trying to get p...', 'D:\\xampp\\htdocs...', 712, Array)
#1 D:\xampp\htdocs\rnd\system\CodeIgniter.php(832): App\Controllers\Home->insert_leaf()
#2 D:\xampp\htdocs\rnd\system\CodeIgniter.php(419): CodeIgniter\CodeIgniter->runController(Object(App\Controllers\Home))
#3 D:\xampp\htdocs\rnd\system\CodeIgniter.php(326): CodeIgniter\CodeIgniter->handleRequest(NULL, Object(Config\Cache), false)
#4 D:\xampp\htdocs\rnd\index.php(37): CodeIgniter\CodeIgniter->run()
#5 {main}
CRITICAL - 2022-06-13 01:26:29 --> Trying to access array offset on value of type null
#0 D:\xampp\htdocs\rnd\app\Controllers\Home.php(712): CodeIgniter\Debug\Exceptions->errorHandler(8, 'Trying to acces...', 'D:\\xampp\\htdocs...', 712, Array)
#1 D:\xampp\htdocs\rnd\system\CodeIgniter.php(832): App\Controllers\Home->insert_leaf()
#2 D:\xampp\htdocs\rnd\system\CodeIgniter.php(419): CodeIgniter\CodeIgniter->runController(Object(App\Controllers\Home))
#3 D:\xampp\htdocs\rnd\system\CodeIgniter.php(326): CodeIgniter\CodeIgniter->handleRequest(NULL, Object(Config\Cache), false)
#4 D:\xampp\htdocs\rnd\index.php(37): CodeIgniter\CodeIgniter->run()
#5 {main}
CRITICAL - 2022-06-13 01:26:38 --> Undefined index: leaf_no
#0 D:\xampp\htdocs\rnd\app\Controllers\Home.php(712): CodeIgniter\Debug\Exceptions->errorHandler(8, 'Undefined index...', 'D:\\xampp\\htdocs...', 712, Array)
#1 D:\xampp\htdocs\rnd\system\CodeIgniter.php(832): App\Controllers\Home->insert_leaf()
#2 D:\xampp\htdocs\rnd\system\CodeIgniter.php(419): CodeIgniter\CodeIgniter->runController(Object(App\Controllers\Home))
#3 D:\xampp\htdocs\rnd\system\CodeIgniter.php(326): CodeIgniter\CodeIgniter->handleRequest(NULL, Object(Config\Cache), false)
#4 D:\xampp\htdocs\rnd\index.php(37): CodeIgniter\CodeIgniter->run()
#5 {main}
CRITICAL - 2022-06-13 01:28:04 --> Undefined index: leaf_no
#0 D:\xampp\htdocs\rnd\app\Controllers\Home.php(712): CodeIgniter\Debug\Exceptions->errorHandler(8, 'Undefined index...', 'D:\\xampp\\htdocs...', 712, Array)
#1 D:\xampp\htdocs\rnd\system\CodeIgniter.php(832): App\Controllers\Home->insert_leaf()
#2 D:\xampp\htdocs\rnd\system\CodeIgniter.php(419): CodeIgniter\CodeIgniter->runController(Object(App\Controllers\Home))
#3 D:\xampp\htdocs\rnd\system\CodeIgniter.php(326): CodeIgniter\CodeIgniter->handleRequest(NULL, Object(Config\Cache), false)
#4 D:\xampp\htdocs\rnd\index.php(37): CodeIgniter\CodeIgniter->run()
#5 {main}
CRITICAL - 2022-06-13 01:29:37 --> Undefined index: leaf_no
#0 D:\xampp\htdocs\rnd\app\Controllers\Home.php(712): CodeIgniter\Debug\Exceptions->errorHandler(8, 'Undefined index...', 'D:\\xampp\\htdocs...', 712, Array)
#1 D:\xampp\htdocs\rnd\system\CodeIgniter.php(832): App\Controllers\Home->insert_leaf()
#2 D:\xampp\htdocs\rnd\system\CodeIgniter.php(419): CodeIgniter\CodeIgniter->runController(Object(App\Controllers\Home))
#3 D:\xampp\htdocs\rnd\system\CodeIgniter.php(326): CodeIgniter\CodeIgniter->handleRequest(NULL, Object(Config\Cache), false)
#4 D:\xampp\htdocs\rnd\index.php(37): CodeIgniter\CodeIgniter->run()
#5 {main}
CRITICAL - 2022-06-13 01:31:43 --> Trying to access array offset on value of type int
#0 D:\xampp\htdocs\rnd\app\Controllers\Home.php(712): CodeIgniter\Debug\Exceptions->errorHandler(8, 'Trying to acces...', 'D:\\xampp\\htdocs...', 712, Array)
#1 D:\xampp\htdocs\rnd\system\CodeIgniter.php(832): App\Controllers\Home->insert_leaf()
#2 D:\xampp\htdocs\rnd\system\CodeIgniter.php(419): CodeIgniter\CodeIgniter->runController(Object(App\Controllers\Home))
#3 D:\xampp\htdocs\rnd\system\CodeIgniter.php(326): CodeIgniter\CodeIgniter->handleRequest(NULL, Object(Config\Cache), false)
#4 D:\xampp\htdocs\rnd\index.php(37): CodeIgniter\CodeIgniter->run()
#5 {main}
CRITICAL - 2022-06-13 01:32:14 --> Undefined index: leaf_no
#0 D:\xampp\htdocs\rnd\app\Controllers\Home.php(712): CodeIgniter\Debug\Exceptions->errorHandler(8, 'Undefined index...', 'D:\\xampp\\htdocs...', 712, Array)
#1 D:\xampp\htdocs\rnd\system\CodeIgniter.php(832): App\Controllers\Home->insert_leaf()
#2 D:\xampp\htdocs\rnd\system\CodeIgniter.php(419): CodeIgniter\CodeIgniter->runController(Object(App\Controllers\Home))
#3 D:\xampp\htdocs\rnd\system\CodeIgniter.php(326): CodeIgniter\CodeIgniter->handleRequest(NULL, Object(Config\Cache), false)
#4 D:\xampp\htdocs\rnd\index.php(37): CodeIgniter\CodeIgniter->run()
#5 {main}
CRITICAL - 2022-06-13 01:33:10 --> Undefined index: leaf_no
#0 D:\xampp\htdocs\rnd\app\Controllers\Home.php(712): CodeIgniter\Debug\Exceptions->errorHandler(8, 'Undefined index...', 'D:\\xampp\\htdocs...', 712, Array)
#1 D:\xampp\htdocs\rnd\system\CodeIgniter.php(832): App\Controllers\Home->insert_leaf()
#2 D:\xampp\htdocs\rnd\system\CodeIgniter.php(419): CodeIgniter\CodeIgniter->runController(Object(App\Controllers\Home))
#3 D:\xampp\htdocs\rnd\system\CodeIgniter.php(326): CodeIgniter\CodeIgniter->handleRequest(NULL, Object(Config\Cache), false)
#4 D:\xampp\htdocs\rnd\index.php(37): CodeIgniter\CodeIgniter->run()
#5 {main}
CRITICAL - 2022-06-13 01:33:58 --> Trying to get property 'leaf_no' of non-object
#0 D:\xampp\htdocs\rnd\app\Controllers\Home.php(725): CodeIgniter\Debug\Exceptions->errorHandler(8, 'Trying to get p...', 'D:\\xampp\\htdocs...', 725, Array)
#1 D:\xampp\htdocs\rnd\system\CodeIgniter.php(832): App\Controllers\Home->insert_leaf()
#2 D:\xampp\htdocs\rnd\system\CodeIgniter.php(419): CodeIgniter\CodeIgniter->runController(Object(App\Controllers\Home))
#3 D:\xampp\htdocs\rnd\system\CodeIgniter.php(326): CodeIgniter\CodeIgniter->handleRequest(NULL, Object(Config\Cache), false)
#4 D:\xampp\htdocs\rnd\index.php(37): CodeIgniter\CodeIgniter->run()
#5 {main}
CRITICAL - 2022-06-13 01:34:20 --> Undefined variable: leaf_no
#0 D:\xampp\htdocs\rnd\app\Controllers\Home.php(725): CodeIgniter\Debug\Exceptions->errorHandler(8, 'Undefined varia...', 'D:\\xampp\\htdocs...', 725, Array)
#1 D:\xampp\htdocs\rnd\system\CodeIgniter.php(832): App\Controllers\Home->insert_leaf()
#2 D:\xampp\htdocs\rnd\system\CodeIgniter.php(419): CodeIgniter\CodeIgniter->runController(Object(App\Controllers\Home))
#3 D:\xampp\htdocs\rnd\system\CodeIgniter.php(326): CodeIgniter\CodeIgniter->handleRequest(NULL, Object(Config\Cache), false)
#4 D:\xampp\htdocs\rnd\index.php(37): CodeIgniter\CodeIgniter->run()
#5 {main}
CRITICAL - 2022-06-13 01:35:37 --> Trying to get property 'leaf_no' of non-object
#0 D:\xampp\htdocs\rnd\app\Controllers\Home.php(725): CodeIgniter\Debug\Exceptions->errorHandler(8, 'Trying to get p...', 'D:\\xampp\\htdocs...', 725, Array)
#1 D:\xampp\htdocs\rnd\system\CodeIgniter.php(832): App\Controllers\Home->insert_leaf()
#2 D:\xampp\htdocs\rnd\system\CodeIgniter.php(419): CodeIgniter\CodeIgniter->runController(Object(App\Controllers\Home))
#3 D:\xampp\htdocs\rnd\system\CodeIgniter.php(326): CodeIgniter\CodeIgniter->handleRequest(NULL, Object(Config\Cache), false)
#4 D:\xampp\htdocs\rnd\index.php(37): CodeIgniter\CodeIgniter->run()
#5 {main}
CRITICAL - 2022-06-13 01:38:37 --> Trying to get property 'leaf_no' of non-object
#0 D:\xampp\htdocs\rnd\app\Controllers\Home.php(725): CodeIgniter\Debug\Exceptions->errorHandler(8, 'Trying to get p...', 'D:\\xampp\\htdocs...', 725, Array)
#1 D:\xampp\htdocs\rnd\system\CodeIgniter.php(832): App\Controllers\Home->insert_leaf()
#2 D:\xampp\htdocs\rnd\system\CodeIgniter.php(419): CodeIgniter\CodeIgniter->runController(Object(App\Controllers\Home))
#3 D:\xampp\htdocs\rnd\system\CodeIgniter.php(326): CodeIgniter\CodeIgniter->handleRequest(NULL, Object(Config\Cache), false)
#4 D:\xampp\htdocs\rnd\index.php(37): CodeIgniter\CodeIgniter->run()
#5 {main}
CRITICAL - 2022-06-13 01:39:00 --> Trying to access array offset on value of type null
#0 D:\xampp\htdocs\rnd\app\Controllers\Home.php(725): CodeIgniter\Debug\Exceptions->errorHandler(8, 'Trying to acces...', 'D:\\xampp\\htdocs...', 725, Array)
#1 D:\xampp\htdocs\rnd\system\CodeIgniter.php(832): App\Controllers\Home->insert_leaf()
#2 D:\xampp\htdocs\rnd\system\CodeIgniter.php(419): CodeIgniter\CodeIgniter->runController(Object(App\Controllers\Home))
#3 D:\xampp\htdocs\rnd\system\CodeIgniter.php(326): CodeIgniter\CodeIgniter->handleRequest(NULL, Object(Config\Cache), false)
#4 D:\xampp\htdocs\rnd\index.php(37): CodeIgniter\CodeIgniter->run()
#5 {main}
CRITICAL - 2022-06-13 01:39:14 --> Trying to access array offset on value of type null
#0 D:\xampp\htdocs\rnd\app\Controllers\Home.php(725): CodeIgniter\Debug\Exceptions->errorHandler(8, 'Trying to acces...', 'D:\\xampp\\htdocs...', 725, Array)
#1 D:\xampp\htdocs\rnd\system\CodeIgniter.php(832): App\Controllers\Home->insert_leaf()
#2 D:\xampp\htdocs\rnd\system\CodeIgniter.php(419): CodeIgniter\CodeIgniter->runController(Object(App\Controllers\Home))
#3 D:\xampp\htdocs\rnd\system\CodeIgniter.php(326): CodeIgniter\CodeIgniter->handleRequest(NULL, Object(Config\Cache), false)
#4 D:\xampp\htdocs\rnd\index.php(37): CodeIgniter\CodeIgniter->run()
#5 {main}
CRITICAL - 2022-06-13 01:39:23 --> Trying to access array offset on value of type null
#0 D:\xampp\htdocs\rnd\app\Controllers\Home.php(725): CodeIgniter\Debug\Exceptions->errorHandler(8, 'Trying to acces...', 'D:\\xampp\\htdocs...', 725, Array)
#1 D:\xampp\htdocs\rnd\system\CodeIgniter.php(832): App\Controllers\Home->insert_leaf()
#2 D:\xampp\htdocs\rnd\system\CodeIgniter.php(419): CodeIgniter\CodeIgniter->runController(Object(App\Controllers\Home))
#3 D:\xampp\htdocs\rnd\system\CodeIgniter.php(326): CodeIgniter\CodeIgniter->handleRequest(NULL, Object(Config\Cache), false)
#4 D:\xampp\htdocs\rnd\index.php(37): CodeIgniter\CodeIgniter->run()
#5 {main}
CRITICAL - 2022-06-13 01:43:02 --> Undefined variable: upperleaf
#0 D:\xampp\htdocs\rnd\app\Controllers\Home.php(725): CodeIgniter\Debug\Exceptions->errorHandler(8, 'Undefined varia...', 'D:\\xampp\\htdocs...', 725, Array)
#1 D:\xampp\htdocs\rnd\system\CodeIgniter.php(832): App\Controllers\Home->insert_leaf()
#2 D:\xampp\htdocs\rnd\system\CodeIgniter.php(419): CodeIgniter\CodeIgniter->runController(Object(App\Controllers\Home))
#3 D:\xampp\htdocs\rnd\system\CodeIgniter.php(326): CodeIgniter\CodeIgniter->handleRequest(NULL, Object(Config\Cache), false)
#4 D:\xampp\htdocs\rnd\index.php(37): CodeIgniter\CodeIgniter->run()
#5 {main}
CRITICAL - 2022-06-13 01:43:42 --> Undefined variable: upperleaf
#0 D:\xampp\htdocs\rnd\app\Controllers\Home.php(725): CodeIgniter\Debug\Exceptions->errorHandler(8, 'Undefined varia...', 'D:\\xampp\\htdocs...', 725, Array)
#1 D:\xampp\htdocs\rnd\system\CodeIgniter.php(832): App\Controllers\Home->insert_leaf()
#2 D:\xampp\htdocs\rnd\system\CodeIgniter.php(419): CodeIgniter\CodeIgniter->runController(Object(App\Controllers\Home))
#3 D:\xampp\htdocs\rnd\system\CodeIgniter.php(326): CodeIgniter\CodeIgniter->handleRequest(NULL, Object(Config\Cache), false)
#4 D:\xampp\htdocs\rnd\index.php(37): CodeIgniter\CodeIgniter->run()
#5 {main}
ERROR - 2022-06-13 01:44:30 --> Operand should contain 1 column(s)
CRITICAL - 2022-06-13 01:44:30 --> Operand should contain 1 column(s)
#0 D:\xampp\htdocs\rnd\system\Database\MySQLi\Connection.php(292): mysqli->query('INSERT INTO `le...', 0)
#1 D:\xampp\htdocs\rnd\system\Database\BaseConnection.php(670): CodeIgniter\Database\MySQLi\Connection->execute('INSERT INTO `le...')
#2 D:\xampp\htdocs\rnd\system\Database\BaseConnection.php(598): CodeIgniter\Database\BaseConnection->simpleQuery('INSERT INTO `le...')
#3 D:\xampp\htdocs\rnd\system\Database\BaseBuilder.php(1771): CodeIgniter\Database\BaseConnection->query('INSERT INTO `le...', Array, false)
#4 D:\xampp\htdocs\rnd\app\Controllers\Home.php(725): CodeIgniter\Database\BaseBuilder->insert(Array)
#5 D:\xampp\htdocs\rnd\system\CodeIgniter.php(832): App\Controllers\Home->insert_leaf()
#6 D:\xampp\htdocs\rnd\system\CodeIgniter.php(419): CodeIgniter\CodeIgniter->runController(Object(App\Controllers\Home))
#7 D:\xampp\htdocs\rnd\system\CodeIgniter.php(326): CodeIgniter\CodeIgniter->handleRequest(NULL, Object(Config\Cache), false)
#8 D:\xampp\htdocs\rnd\index.php(37): CodeIgniter\CodeIgniter->run()
#9 {main}
ERROR - 2022-06-13 01:45:09 --> You have an error in your SQL syntax; check the manual that corresponds to your MariaDB server version for the right syntax to use near '0, 1) VALUES (:0:, :1:)' at line 1
CRITICAL - 2022-06-13 01:45:09 --> You have an error in your SQL syntax; check the manual that corresponds to your MariaDB server version for the right syntax to use near '0, 1) VALUES (:0:, :1:)' at line 1
#0 D:\xampp\htdocs\rnd\system\Database\MySQLi\Connection.php(292): mysqli->query('INSERT INTO `le...', 0)
#1 D:\xampp\htdocs\rnd\system\Database\BaseConnection.php(670): CodeIgniter\Database\MySQLi\Connection->execute('INSERT INTO `le...')
#2 D:\xampp\htdocs\rnd\system\Database\BaseConnection.php(598): CodeIgniter\Database\BaseConnection->simpleQuery('INSERT INTO `le...')
#3 D:\xampp\htdocs\rnd\system\Database\BaseBuilder.php(1771): CodeIgniter\Database\BaseConnection->query('INSERT INTO `le...', Array, false)
#4 D:\xampp\htdocs\rnd\app\Controllers\Home.php(724): CodeIgniter\Database\BaseBuilder->insert(Array)
#5 D:\xampp\htdocs\rnd\system\CodeIgniter.php(832): App\Controllers\Home->insert_leaf()
#6 D:\xampp\htdocs\rnd\system\CodeIgniter.php(419): CodeIgniter\CodeIgniter->runController(Object(App\Controllers\Home))
#7 D:\xampp\htdocs\rnd\system\CodeIgniter.php(326): CodeIgniter\CodeIgniter->handleRequest(NULL, Object(Config\Cache), false)
#8 D:\xampp\htdocs\rnd\index.php(37): CodeIgniter\CodeIgniter->run()
#9 {main}
CRITICAL - 2022-06-13 02:00:44 --> Undefined index: leaf_no
#0 D:\xampp\htdocs\rnd\app\Controllers\Home.php(712): CodeIgniter\Debug\Exceptions->errorHandler(8, 'Undefined index...', 'D:\\xampp\\htdocs...', 712, Array)
#1 D:\xampp\htdocs\rnd\system\CodeIgniter.php(832): App\Controllers\Home->insert_leaf()
#2 D:\xampp\htdocs\rnd\system\CodeIgniter.php(419): CodeIgniter\CodeIgniter->runController(Object(App\Controllers\Home))
#3 D:\xampp\htdocs\rnd\system\CodeIgniter.php(326): CodeIgniter\CodeIgniter->handleRequest(NULL, Object(Config\Cache), false)
#4 D:\xampp\htdocs\rnd\index.php(37): CodeIgniter\CodeIgniter->run()
#5 {main}
CRITICAL - 2022-06-13 02:02:04 --> Trying to access array offset on value of type null
#0 D:\xampp\htdocs\rnd\app\Controllers\Home.php(712): CodeIgniter\Debug\Exceptions->errorHandler(8, 'Trying to acces...', 'D:\\xampp\\htdocs...', 712, Array)
#1 D:\xampp\htdocs\rnd\system\CodeIgniter.php(832): App\Controllers\Home->insert_leaf()
#2 D:\xampp\htdocs\rnd\system\CodeIgniter.php(419): CodeIgniter\CodeIgniter->runController(Object(App\Controllers\Home))
#3 D:\xampp\htdocs\rnd\system\CodeIgniter.php(326): CodeIgniter\CodeIgniter->handleRequest(NULL, Object(Config\Cache), false)
#4 D:\xampp\htdocs\rnd\index.php(37): CodeIgniter\CodeIgniter->run()
#5 {main}
CRITICAL - 2022-06-13 02:02:56 --> Trying to access array offset on value of type null
#0 D:\xampp\htdocs\rnd\app\Controllers\Home.php(712): CodeIgniter\Debug\Exceptions->errorHandler(8, 'Trying to acces...', 'D:\\xampp\\htdocs...', 712, Array)
#1 D:\xampp\htdocs\rnd\system\CodeIgniter.php(832): App\Controllers\Home->insert_leaf()
#2 D:\xampp\htdocs\rnd\system\CodeIgniter.php(419): CodeIgniter\CodeIgniter->runController(Object(App\Controllers\Home))
#3 D:\xampp\htdocs\rnd\system\CodeIgniter.php(326): CodeIgniter\CodeIgniter->handleRequest(NULL, Object(Config\Cache), false)
#4 D:\xampp\htdocs\rnd\index.php(37): CodeIgniter\CodeIgniter->run()
#5 {main}
CRITICAL - 2022-06-13 02:23:36 --> syntax error, unexpected end of file, expecting function (T_FUNCTION) or const (T_CONST)
#0 D:\xampp\htdocs\rnd\system\Router\Router.php(175): CodeIgniter\Router\Router->autoRoute('/home/insert_le...')
#1 D:\xampp\htdocs\rnd\system\CodeIgniter.php(726): CodeIgniter\Router\Router->handle('/home/insert_le...')
#2 D:\xampp\htdocs\rnd\system\CodeIgniter.php(368): CodeIgniter\CodeIgniter->tryToRouteIt(Object(CodeIgniter\Router\RouteCollection))
#3 D:\xampp\htdocs\rnd\system\CodeIgniter.php(326): CodeIgniter\CodeIgniter->handleRequest(NULL, Object(Config\Cache), false)
#4 D:\xampp\htdocs\rnd\index.php(37): CodeIgniter\CodeIgniter->run()
#5 {main}
CRITICAL - 2022-06-13 02:27:04 --> syntax error, unexpected end of file, expecting function (T_FUNCTION) or const (T_CONST)
#0 D:\xampp\htdocs\rnd\system\Router\Router.php(175): CodeIgniter\Router\Router->autoRoute('/home/insert_le...')
#1 D:\xampp\htdocs\rnd\system\CodeIgniter.php(726): CodeIgniter\Router\Router->handle('/home/insert_le...')
#2 D:\xampp\htdocs\rnd\system\CodeIgniter.php(368): CodeIgniter\CodeIgniter->tryToRouteIt(Object(CodeIgniter\Router\RouteCollection))
#3 D:\xampp\htdocs\rnd\system\CodeIgniter.php(326): CodeIgniter\CodeIgniter->handleRequest(NULL, Object(Config\Cache), false)
#4 D:\xampp\htdocs\rnd\index.php(37): CodeIgniter\CodeIgniter->run()
#5 {main}
CRITICAL - 2022-06-13 02:32:46 --> syntax error, unexpected '$middle_leaf' (T_VARIABLE)
#0 D:\xampp\htdocs\rnd\system\Autoloader\Autoloader.php(241): CodeIgniter\Autoloader\Autoloader->includeFile('D:\\xampp\\htdocs...')
#1 D:\xampp\htdocs\rnd\system\Autoloader\Autoloader.php(219): CodeIgniter\Autoloader\Autoloader->loadInNamespace('App\\Controllers...')
#2 [internal function]: CodeIgniter\Autoloader\Autoloader->loadClass('App\\Controllers...')
#3 [internal function]: spl_autoload_call('App\\Controllers...')
#4 D:\xampp\htdocs\rnd\system\CodeIgniter.php(797): class_exists('\\App\\Controller...', true)
#5 D:\xampp\htdocs\rnd\system\CodeIgniter.php(406): CodeIgniter\CodeIgniter->startController()
#6 D:\xampp\htdocs\rnd\system\CodeIgniter.php(326): CodeIgniter\CodeIgniter->handleRequest(NULL, Object(Config\Cache), false)
#7 D:\xampp\htdocs\rnd\index.php(37): CodeIgniter\CodeIgniter->run()
#8 {main}
CRITICAL - 2022-06-13 02:33:44 --> Call to undefined function App\Controllers\arrat_key_exists()
#0 D:\xampp\htdocs\rnd\system\CodeIgniter.php(832): App\Controllers\Home->insert_leaf()
#1 D:\xampp\htdocs\rnd\system\CodeIgniter.php(419): CodeIgniter\CodeIgniter->runController(Object(App\Controllers\Home))
#2 D:\xampp\htdocs\rnd\system\CodeIgniter.php(326): CodeIgniter\CodeIgniter->handleRequest(NULL, Object(Config\Cache), false)
#3 D:\xampp\htdocs\rnd\index.php(37): CodeIgniter\CodeIgniter->run()
#4 {main}
CRITICAL - 2022-06-13 02:34:10 --> array_key_exists() expects parameter 2 to be array, null given
#0 [internal function]: CodeIgniter\Debug\Exceptions->errorHandler(2, 'array_key_exist...', 'D:\\xampp\\htdocs...', 704, Array)
#1 D:\xampp\htdocs\rnd\app\Controllers\Home.php(704): array_key_exists(0, NULL)
#2 D:\xampp\htdocs\rnd\system\CodeIgniter.php(832): App\Controllers\Home->insert_leaf()
#3 D:\xampp\htdocs\rnd\system\CodeIgniter.php(419): CodeIgniter\CodeIgniter->runController(Object(App\Controllers\Home))
#4 D:\xampp\htdocs\rnd\system\CodeIgniter.php(326): CodeIgniter\CodeIgniter->handleRequest(NULL, Object(Config\Cache), false)
#5 D:\xampp\htdocs\rnd\index.php(37): CodeIgniter\CodeIgniter->run()
#6 {main}
CRITICAL - 2022-06-13 02:34:30 --> array_key_exists() expects parameter 2 to be array, null given
#0 [internal function]: CodeIgniter\Debug\Exceptions->errorHandler(2, 'array_key_exist...', 'D:\\xampp\\htdocs...', 704, Array)
#1 D:\xampp\htdocs\rnd\app\Controllers\Home.php(704): array_key_exists(0, NULL)
#2 D:\xampp\htdocs\rnd\system\CodeIgniter.php(832): App\Controllers\Home->insert_leaf()
#3 D:\xampp\htdocs\rnd\system\CodeIgniter.php(419): CodeIgniter\CodeIgniter->runController(Object(App\Controllers\Home))
#4 D:\xampp\htdocs\rnd\system\CodeIgniter.php(326): CodeIgniter\CodeIgniter->handleRequest(NULL, Object(Config\Cache), false)
#5 D:\xampp\htdocs\rnd\index.php(37): CodeIgniter\CodeIgniter->run()
#6 {main}
CRITICAL - 2022-06-13 02:34:53 --> array_key_exists() expects parameter 2 to be array, null given
#0 [internal function]: CodeIgniter\Debug\Exceptions->errorHandler(2, 'array_key_exist...', 'D:\\xampp\\htdocs...', 704, Array)
#1 D:\xampp\htdocs\rnd\app\Controllers\Home.php(704): array_key_exists(0, NULL)
#2 D:\xampp\htdocs\rnd\system\CodeIgniter.php(832): App\Controllers\Home->insert_leaf()
#3 D:\xampp\htdocs\rnd\system\CodeIgniter.php(419): CodeIgniter\CodeIgniter->runController(Object(App\Controllers\Home))
#4 D:\xampp\htdocs\rnd\system\CodeIgniter.php(326): CodeIgniter\CodeIgniter->handleRequest(NULL, Object(Config\Cache), false)
#5 D:\xampp\htdocs\rnd\index.php(37): CodeIgniter\CodeIgniter->run()
#6 {main}
ERROR - 2022-06-13 02:36:11 --> Operand should contain 1 column(s)
CRITICAL - 2022-06-13 02:36:11 --> Operand should contain 1 column(s)
#0 D:\xampp\htdocs\rnd\system\Database\MySQLi\Connection.php(292): mysqli->query('INSERT INTO `le...', 0)
#1 D:\xampp\htdocs\rnd\system\Database\BaseConnection.php(670): CodeIgniter\Database\MySQLi\Connection->execute('INSERT INTO `le...')
#2 D:\xampp\htdocs\rnd\system\Database\BaseConnection.php(598): CodeIgniter\Database\BaseConnection->simpleQuery('INSERT INTO `le...')
#3 D:\xampp\htdocs\rnd\system\Database\BaseBuilder.php(1771): CodeIgniter\Database\BaseConnection->query('INSERT INTO `le...', Array, false)
#4 D:\xampp\htdocs\rnd\app\Controllers\Home.php(722): CodeIgniter\Database\BaseBuilder->insert(Array)
#5 D:\xampp\htdocs\rnd\system\CodeIgniter.php(832): App\Controllers\Home->insert_leaf()
#6 D:\xampp\htdocs\rnd\system\CodeIgniter.php(419): CodeIgniter\CodeIgniter->runController(Object(App\Controllers\Home))
#7 D:\xampp\htdocs\rnd\system\CodeIgniter.php(326): CodeIgniter\CodeIgniter->handleRequest(NULL, Object(Config\Cache), false)
#8 D:\xampp\htdocs\rnd\index.php(37): CodeIgniter\CodeIgniter->run()
#9 {main}
CRITICAL - 2022-06-13 02:37:17 --> Undefined variable: totalavg
#0 D:\xampp\htdocs\rnd\app\Controllers\Home.php(720): CodeIgniter\Debug\Exceptions->errorHandler(8, 'Undefined varia...', 'D:\\xampp\\htdocs...', 720, Array)
#1 D:\xampp\htdocs\rnd\system\CodeIgniter.php(832): App\Controllers\Home->insert_leaf()
#2 D:\xampp\htdocs\rnd\system\CodeIgniter.php(419): CodeIgniter\CodeIgniter->runController(Object(App\Controllers\Home))
#3 D:\xampp\htdocs\rnd\system\CodeIgniter.php(326): CodeIgniter\CodeIgniter->handleRequest(NULL, Object(Config\Cache), false)
#4 D:\xampp\htdocs\rnd\index.php(37): CodeIgniter\CodeIgniter->run()
#5 {main}
CRITICAL - 2022-06-13 02:38:41 --> syntax error, unexpected ','
#0 D:\xampp\htdocs\rnd\system\Router\Router.php(175): CodeIgniter\Router\Router->autoRoute('/home/insert_le...')
#1 D:\xampp\htdocs\rnd\system\CodeIgniter.php(726): CodeIgniter\Router\Router->handle('/home/insert_le...')
#2 D:\xampp\htdocs\rnd\system\CodeIgniter.php(368): CodeIgniter\CodeIgniter->tryToRouteIt(Object(CodeIgniter\Router\RouteCollection))
#3 D:\xampp\htdocs\rnd\system\CodeIgniter.php(326): CodeIgniter\CodeIgniter->handleRequest(NULL, Object(Config\Cache), false)
#4 D:\xampp\htdocs\rnd\index.php(37): CodeIgniter\CodeIgniter->run()
#5 {main}
CRITICAL - 2022-06-13 02:39:05 --> Undefined variable: totalavg
#0 D:\xampp\htdocs\rnd\app\Controllers\Home.php(726): CodeIgniter\Debug\Exceptions->errorHandler(8, 'Undefined varia...', 'D:\\xampp\\htdocs...', 726, Array)
#1 D:\xampp\htdocs\rnd\system\CodeIgniter.php(832): App\Controllers\Home->insert_leaf()
#2 D:\xampp\htdocs\rnd\system\CodeIgniter.php(419): CodeIgniter\CodeIgniter->runController(Object(App\Controllers\Home))
#3 D:\xampp\htdocs\rnd\system\CodeIgniter.php(326): CodeIgniter\CodeIgniter->handleRequest(NULL, Object(Config\Cache), false)
#4 D:\xampp\htdocs\rnd\index.php(37): CodeIgniter\CodeIgniter->run()
#5 {main}
CRITICAL - 2022-06-13 02:47:20 --> Undefined variable: listi
#0 D:\xampp\htdocs\rnd\app\Views\adult_insect.php(15): CodeIgniter\Debug\Exceptions->errorHandler(8, 'Undefined varia...', 'D:\\xampp\\htdocs...', 15, Array)
#1 D:\xampp\htdocs\rnd\system\View\View.php(210): include('D:\\xampp\\htdocs...')
#2 D:\xampp\htdocs\rnd\system\View\View.php(213): CodeIgniter\View\View->CodeIgniter\View\{closure}()
#3 D:\xampp\htdocs\rnd\system\Common.php(1089): CodeIgniter\View\View->render('adult_insect', Array, true)
#4 D:\xampp\htdocs\rnd\app\Controllers\Home.php(689): view('adult_insect')
#5 D:\xampp\htdocs\rnd\system\CodeIgniter.php(832): App\Controllers\Home->adult_insect()
#6 D:\xampp\htdocs\rnd\system\CodeIgniter.php(419): CodeIgniter\CodeIgniter->runController(Object(App\Controllers\Home))
#7 D:\xampp\htdocs\rnd\system\CodeIgniter.php(326): CodeIgniter\CodeIgniter->handleRequest(NULL, Object(Config\Cache), false)
#8 D:\xampp\htdocs\rnd\index.php(37): CodeIgniter\CodeIgniter->run()
#9 {main}
CRITICAL - 2022-06-13 02:47:31 --> syntax error, unexpected '?>'
#0 D:\xampp\htdocs\rnd\system\View\View.php(213): CodeIgniter\View\View->CodeIgniter\View\{closure}()
#1 D:\xampp\htdocs\rnd\system\Common.php(1089): CodeIgniter\View\View->render('adult_insect', Array, true)
#2 D:\xampp\htdocs\rnd\app\Controllers\Home.php(689): view('adult_insect')
#3 D:\xampp\htdocs\rnd\system\CodeIgniter.php(832): App\Controllers\Home->adult_insect()
#4 D:\xampp\htdocs\rnd\system\CodeIgniter.php(419): CodeIgniter\CodeIgniter->runController(Object(App\Controllers\Home))
#5 D:\xampp\htdocs\rnd\system\CodeIgniter.php(326): CodeIgniter\CodeIgniter->handleRequest(NULL, Object(Config\Cache), false)
#6 D:\xampp\htdocs\rnd\index.php(37): CodeIgniter\CodeIgniter->run()
#7 {main}
CRITICAL - 2022-06-13 02:47:55 --> Trying to get property 'id' of non-object
#0 D:\xampp\htdocs\rnd\app\Models\Rmodel.php(283): CodeIgniter\Debug\Exceptions->errorHandler(8, 'Trying to get p...', 'D:\\xampp\\htdocs...', 283, Array)
#1 D:\xampp\htdocs\rnd\app\Controllers\Home.php(353): App\Models\Rmodel->get_crop_by_id('<')
#2 D:\xampp\htdocs\rnd\system\CodeIgniter.php(832): App\Controllers\Home->update('<')
#3 D:\xampp\htdocs\rnd\system\CodeIgniter.php(419): CodeIgniter\CodeIgniter->runController(Object(App\Controllers\Home))
#4 D:\xampp\htdocs\rnd\system\CodeIgniter.php(326): CodeIgniter\CodeIgniter->handleRequest(NULL, Object(Config\Cache), false)
#5 D:\xampp\htdocs\rnd\index.php(37): CodeIgniter\CodeIgniter->run()
#6 {main}
CRITICAL - 2022-06-13 02:48:26 --> Trying to get property 'id' of non-object
#0 D:\xampp\htdocs\rnd\app\Models\Rmodel.php(283): CodeIgniter\Debug\Exceptions->errorHandler(8, 'Trying to get p...', 'D:\\xampp\\htdocs...', 283, Array)
#1 D:\xampp\htdocs\rnd\app\Controllers\Home.php(353): App\Models\Rmodel->get_crop_by_id('<')
#2 D:\xampp\htdocs\rnd\system\CodeIgniter.php(832): App\Controllers\Home->update('<')
#3 D:\xampp\htdocs\rnd\system\CodeIgniter.php(419): CodeIgniter\CodeIgniter->runController(Object(App\Controllers\Home))
#4 D:\xampp\htdocs\rnd\system\CodeIgniter.php(326): CodeIgniter\CodeIgniter->handleRequest(NULL, Object(Config\Cache), false)
#5 D:\xampp\htdocs\rnd\index.php(37): CodeIgniter\CodeIgniter->run()
#6 {main}
CRITICAL - 2022-06-13 02:48:44 --> Trying to get property 'id' of non-object
#0 D:\xampp\htdocs\rnd\app\Models\Rmodel.php(283): CodeIgniter\Debug\Exceptions->errorHandler(8, 'Trying to get p...', 'D:\\xampp\\htdocs...', 283, Array)
#1 D:\xampp\htdocs\rnd\app\Controllers\Home.php(353): App\Models\Rmodel->get_crop_by_id('<')
#2 D:\xampp\htdocs\rnd\system\CodeIgniter.php(832): App\Controllers\Home->update('<')
#3 D:\xampp\htdocs\rnd\system\CodeIgniter.php(419): CodeIgniter\CodeIgniter->runController(Object(App\Controllers\Home))
#4 D:\xampp\htdocs\rnd\system\CodeIgniter.php(326): CodeIgniter\CodeIgniter->handleRequest(NULL, Object(Config\Cache), false)
#5 D:\xampp\htdocs\rnd\index.php(37): CodeIgniter\CodeIgniter->run()
#6 {main}
CRITICAL - 2022-06-13 02:48:45 --> Trying to get property 'id' of non-object
#0 D:\xampp\htdocs\rnd\app\Models\Rmodel.php(283): CodeIgniter\Debug\Exceptions->errorHandler(8, 'Trying to get p...', 'D:\\xampp\\htdocs...', 283, Array)
#1 D:\xampp\htdocs\rnd\app\Controllers\Home.php(353): App\Models\Rmodel->get_crop_by_id('<')
#2 D:\xampp\htdocs\rnd\system\CodeIgniter.php(832): App\Controllers\Home->update('<')
#3 D:\xampp\htdocs\rnd\system\CodeIgniter.php(419): CodeIgniter\CodeIgniter->runController(Object(App\Controllers\Home))
#4 D:\xampp\htdocs\rnd\system\CodeIgniter.php(326): CodeIgniter\CodeIgniter->handleRequest(NULL, Object(Config\Cache), false)
#5 D:\xampp\htdocs\rnd\index.php(37): CodeIgniter\CodeIgniter->run()
#6 {main}
CRITICAL - 2022-06-13 07:02:35 --> syntax error, unexpected ','
#0 D:\xampp\htdocs\rnd\system\Autoloader\Autoloader.php(241): CodeIgniter\Autoloader\Autoloader->includeFile('D:\\xampp\\htdocs...')
#1 D:\xampp\htdocs\rnd\system\Autoloader\Autoloader.php(219): CodeIgniter\Autoloader\Autoloader->loadInNamespace('App\\Controllers...')
#2 [internal function]: CodeIgniter\Autoloader\Autoloader->loadClass('App\\Controllers...')
#3 [internal function]: spl_autoload_call('App\\Controllers...')
#4 D:\xampp\htdocs\rnd\system\CodeIgniter.php(797): class_exists('\\App\\Controller...', true)
#5 D:\xampp\htdocs\rnd\system\CodeIgniter.php(406): CodeIgniter\CodeIgniter->startController()
#6 D:\xampp\htdocs\rnd\system\CodeIgniter.php(326): CodeIgniter\CodeIgniter->handleRequest(NULL, Object(Config\Cache), false)
#7 D:\xampp\htdocs\rnd\index.php(37): CodeIgniter\CodeIgniter->run()
#8 {main}
CRITICAL - 2022-06-13 07:05:45 --> syntax error, unexpected ';', expecting ')'
#0 D:\xampp\htdocs\rnd\system\Autoloader\Autoloader.php(241): CodeIgniter\Autoloader\Autoloader->includeFile('D:\\xampp\\htdocs...')
#1 D:\xampp\htdocs\rnd\system\Autoloader\Autoloader.php(219): CodeIgniter\Autoloader\Autoloader->loadInNamespace('App\\Controllers...')
#2 [internal function]: CodeIgniter\Autoloader\Autoloader->loadClass('App\\Controllers...')
#3 [internal function]: spl_autoload_call('App\\Controllers...')
#4 D:\xampp\htdocs\rnd\system\CodeIgniter.php(797): class_exists('\\App\\Controller...', true)
#5 D:\xampp\htdocs\rnd\system\CodeIgniter.php(406): CodeIgniter\CodeIgniter->startController()
#6 D:\xampp\htdocs\rnd\system\CodeIgniter.php(326): CodeIgniter\CodeIgniter->handleRequest(NULL, Object(Config\Cache), false)
#7 D:\xampp\htdocs\rnd\index.php(37): CodeIgniter\CodeIgniter->run()
#8 {main}
CRITICAL - 2022-06-13 07:06:06 --> Invalid argument supplied for foreach()
#0 D:\xampp\htdocs\rnd\app\Controllers\Home.php(699): CodeIgniter\Debug\Exceptions->errorHandler(2, 'Invalid argumen...', 'D:\\xampp\\htdocs...', 699, Array)
#1 D:\xampp\htdocs\rnd\system\CodeIgniter.php(832): App\Controllers\Home->insert_leaf()
#2 D:\xampp\htdocs\rnd\system\CodeIgniter.php(419): CodeIgniter\CodeIgniter->runController(Object(App\Controllers\Home))
#3 D:\xampp\htdocs\rnd\system\CodeIgniter.php(326): CodeIgniter\CodeIgniter->handleRequest(NULL, Object(Config\Cache), false)
#4 D:\xampp\htdocs\rnd\index.php(37): CodeIgniter\CodeIgniter->run()
#5 {main}
CRITICAL - 2022-06-13 07:06:36 --> Invalid argument supplied for foreach()
#0 D:\xampp\htdocs\rnd\app\Controllers\Home.php(699): CodeIgniter\Debug\Exceptions->errorHandler(2, 'Invalid argumen...', 'D:\\xampp\\htdocs...', 699, Array)
#1 D:\xampp\htdocs\rnd\system\CodeIgniter.php(832): App\Controllers\Home->insert_leaf()
#2 D:\xampp\htdocs\rnd\system\CodeIgniter.php(419): CodeIgniter\CodeIgniter->runController(Object(App\Controllers\Home))
#3 D:\xampp\htdocs\rnd\system\CodeIgniter.php(326): CodeIgniter\CodeIgniter->handleRequest(NULL, Object(Config\Cache), false)
#4 D:\xampp\htdocs\rnd\index.php(37): CodeIgniter\CodeIgniter->run()
#5 {main}
CRITICAL - 2022-06-13 07:06:37 --> Invalid argument supplied for foreach()
#0 D:\xampp\htdocs\rnd\app\Controllers\Home.php(699): CodeIgniter\Debug\Exceptions->errorHandler(2, 'Invalid argumen...', 'D:\\xampp\\htdocs...', 699, Array)
#1 D:\xampp\htdocs\rnd\system\CodeIgniter.php(832): App\Controllers\Home->insert_leaf()
#2 D:\xampp\htdocs\rnd\system\CodeIgniter.php(419): CodeIgniter\CodeIgniter->runController(Object(App\Controllers\Home))
#3 D:\xampp\htdocs\rnd\system\CodeIgniter.php(326): CodeIgniter\CodeIgniter->handleRequest(NULL, Object(Config\Cache), false)
#4 D:\xampp\htdocs\rnd\index.php(37): CodeIgniter\CodeIgniter->run()
#5 {main}
CRITICAL - 2022-06-13 07:06:38 --> Invalid argument supplied for foreach()
#0 D:\xampp\htdocs\rnd\app\Controllers\Home.php(699): CodeIgniter\Debug\Exceptions->errorHandler(2, 'Invalid argumen...', 'D:\\xampp\\htdocs...', 699, Array)
#1 D:\xampp\htdocs\rnd\system\CodeIgniter.php(832): App\Controllers\Home->insert_leaf()
#2 D:\xampp\htdocs\rnd\system\CodeIgniter.php(419): CodeIgniter\CodeIgniter->runController(Object(App\Controllers\Home))
#3 D:\xampp\htdocs\rnd\system\CodeIgniter.php(326): CodeIgniter\CodeIgniter->handleRequest(NULL, Object(Config\Cache), false)
#4 D:\xampp\htdocs\rnd\index.php(37): CodeIgniter\CodeIgniter->run()
#5 {main}
CRITICAL - 2022-06-13 07:06:38 --> Invalid argument supplied for foreach()
#0 D:\xampp\htdocs\rnd\app\Controllers\Home.php(699): CodeIgniter\Debug\Exceptions->errorHandler(2, 'Invalid argumen...', 'D:\\xampp\\htdocs...', 699, Array)
#1 D:\xampp\htdocs\rnd\system\CodeIgniter.php(832): App\Controllers\Home->insert_leaf()
#2 D:\xampp\htdocs\rnd\system\CodeIgniter.php(419): CodeIgniter\CodeIgniter->runController(Object(App\Controllers\Home))
#3 D:\xampp\htdocs\rnd\system\CodeIgniter.php(326): CodeIgniter\CodeIgniter->handleRequest(NULL, Object(Config\Cache), false)
#4 D:\xampp\htdocs\rnd\index.php(37): CodeIgniter\CodeIgniter->run()
#5 {main}
CRITICAL - 2022-06-13 07:06:38 --> Invalid argument supplied for foreach()
#0 D:\xampp\htdocs\rnd\app\Controllers\Home.php(699): CodeIgniter\Debug\Exceptions->errorHandler(2, 'Invalid argumen...', 'D:\\xampp\\htdocs...', 699, Array)
#1 D:\xampp\htdocs\rnd\system\CodeIgniter.php(832): App\Controllers\Home->insert_leaf()
#2 D:\xampp\htdocs\rnd\system\CodeIgniter.php(419): CodeIgniter\CodeIgniter->runController(Object(App\Controllers\Home))
#3 D:\xampp\htdocs\rnd\system\CodeIgniter.php(326): CodeIgniter\CodeIgniter->handleRequest(NULL, Object(Config\Cache), false)
#4 D:\xampp\htdocs\rnd\index.php(37): CodeIgniter\CodeIgniter->run()
#5 {main}
CRITICAL - 2022-06-13 07:06:39 --> Invalid argument supplied for foreach()
#0 D:\xampp\htdocs\rnd\app\Controllers\Home.php(699): CodeIgniter\Debug\Exceptions->errorHandler(2, 'Invalid argumen...', 'D:\\xampp\\htdocs...', 699, Array)
#1 D:\xampp\htdocs\rnd\system\CodeIgniter.php(832): App\Controllers\Home->insert_leaf()
#2 D:\xampp\htdocs\rnd\system\CodeIgniter.php(419): CodeIgniter\CodeIgniter->runController(Object(App\Controllers\Home))
#3 D:\xampp\htdocs\rnd\system\CodeIgniter.php(326): CodeIgniter\CodeIgniter->handleRequest(NULL, Object(Config\Cache), false)
#4 D:\xampp\htdocs\rnd\index.php(37): CodeIgniter\CodeIgniter->run()
#5 {main}
CRITICAL - 2022-06-13 07:06:40 --> Invalid argument supplied for foreach()
#0 D:\xampp\htdocs\rnd\app\Controllers\Home.php(699): CodeIgniter\Debug\Exceptions->errorHandler(2, 'Invalid argumen...', 'D:\\xampp\\htdocs...', 699, Array)
#1 D:\xampp\htdocs\rnd\system\CodeIgniter.php(832): App\Controllers\Home->insert_leaf()
#2 D:\xampp\htdocs\rnd\system\CodeIgniter.php(419): CodeIgniter\CodeIgniter->runController(Object(App\Controllers\Home))
#3 D:\xampp\htdocs\rnd\system\CodeIgniter.php(326): CodeIgniter\CodeIgniter->handleRequest(NULL, Object(Config\Cache), false)
#4 D:\xampp\htdocs\rnd\index.php(37): CodeIgniter\CodeIgniter->run()
#5 {main}
ERROR - 2022-06-13 07:09:04 --> Operand should contain 1 column(s)
CRITICAL - 2022-06-13 07:09:04 --> Operand should contain 1 column(s)
#0 D:\xampp\htdocs\rnd\system\Database\MySQLi\Connection.php(292): mysqli->query('INSERT INTO `le...', 0)
#1 D:\xampp\htdocs\rnd\system\Database\BaseConnection.php(670): CodeIgniter\Database\MySQLi\Connection->execute('INSERT INTO `le...')
#2 D:\xampp\htdocs\rnd\system\Database\BaseConnection.php(598): CodeIgniter\Database\BaseConnection->simpleQuery('INSERT INTO `le...')
#3 D:\xampp\htdocs\rnd\system\Database\BaseBuilder.php(1771): CodeIgniter\Database\BaseConnection->query('INSERT INTO `le...', Array, false)
#4 D:\xampp\htdocs\rnd\app\Controllers\Home.php(729): CodeIgniter\Database\BaseBuilder->insert(Array)
#5 D:\xampp\htdocs\rnd\system\CodeIgniter.php(832): App\Controllers\Home->insert_leaf()
#6 D:\xampp\htdocs\rnd\system\CodeIgniter.php(419): CodeIgniter\CodeIgniter->runController(Object(App\Controllers\Home))
#7 D:\xampp\htdocs\rnd\system\CodeIgniter.php(326): CodeIgniter\CodeIgniter->handleRequest(NULL, Object(Config\Cache), false)
#8 D:\xampp\htdocs\rnd\index.php(37): CodeIgniter\CodeIgniter->run()
#9 {main}
CRITICAL - 2022-06-13 07:26:37 --> syntax error, unexpected ')'
#0 D:\xampp\htdocs\rnd\system\Router\Router.php(175): CodeIgniter\Router\Router->autoRoute('/home/insert_le...')
#1 D:\xampp\htdocs\rnd\system\CodeIgniter.php(726): CodeIgniter\Router\Router->handle('/home/insert_le...')
#2 D:\xampp\htdocs\rnd\system\CodeIgniter.php(368): CodeIgniter\CodeIgniter->tryToRouteIt(Object(CodeIgniter\Router\RouteCollection))
#3 D:\xampp\htdocs\rnd\system\CodeIgniter.php(326): CodeIgniter\CodeIgniter->handleRequest(NULL, Object(Config\Cache), false)
#4 D:\xampp\htdocs\rnd\index.php(37): CodeIgniter\CodeIgniter->run()
#5 {main}
CRITICAL - 2022-06-13 07:26:44 --> syntax error, unexpected ')'
#0 D:\xampp\htdocs\rnd\system\Autoloader\Autoloader.php(241): CodeIgniter\Autoloader\Autoloader->includeFile('D:\\xampp\\htdocs...')
#1 D:\xampp\htdocs\rnd\system\Autoloader\Autoloader.php(219): CodeIgniter\Autoloader\Autoloader->loadInNamespace('App\\Controllers...')
#2 [internal function]: CodeIgniter\Autoloader\Autoloader->loadClass('App\\Controllers...')
#3 [internal function]: spl_autoload_call('App\\Controllers...')
#4 D:\xampp\htdocs\rnd\system\CodeIgniter.php(797): class_exists('\\App\\Controller...', true)
#5 D:\xampp\htdocs\rnd\system\CodeIgniter.php(406): CodeIgniter\CodeIgniter->startController()
#6 D:\xampp\htdocs\rnd\system\CodeIgniter.php(326): CodeIgniter\CodeIgniter->handleRequest(NULL, Object(Config\Cache), false)
#7 D:\xampp\htdocs\rnd\index.php(37): CodeIgniter\CodeIgniter->run()
#8 {main}
CRITICAL - 2022-06-13 07:28:40 --> syntax error, unexpected ')'
#0 D:\xampp\htdocs\rnd\system\Autoloader\Autoloader.php(241): CodeIgniter\Autoloader\Autoloader->includeFile('D:\\xampp\\htdocs...')
#1 D:\xampp\htdocs\rnd\system\Autoloader\Autoloader.php(219): CodeIgniter\Autoloader\Autoloader->loadInNamespace('App\\Controllers...')
#2 [internal function]: CodeIgniter\Autoloader\Autoloader->loadClass('App\\Controllers...')
#3 [internal function]: spl_autoload_call('App\\Controllers...')
#4 D:\xampp\htdocs\rnd\system\CodeIgniter.php(797): class_exists('\\App\\Controller...', true)
#5 D:\xampp\htdocs\rnd\system\CodeIgniter.php(406): CodeIgniter\CodeIgniter->startController()
#6 D:\xampp\htdocs\rnd\system\CodeIgniter.php(326): CodeIgniter\CodeIgniter->handleRequest(NULL, Object(Config\Cache), false)
#7 D:\xampp\htdocs\rnd\index.php(37): CodeIgniter\CodeIgniter->run()
#8 {main}
CRITICAL - 2022-06-13 07:28:54 --> syntax error, unexpected ')'
#0 D:\xampp\htdocs\rnd\system\Autoloader\Autoloader.php(241): CodeIgniter\Autoloader\Autoloader->includeFile('D:\\xampp\\htdocs...')
#1 D:\xampp\htdocs\rnd\system\Autoloader\Autoloader.php(219): CodeIgniter\Autoloader\Autoloader->loadInNamespace('App\\Controllers...')
#2 [internal function]: CodeIgniter\Autoloader\Autoloader->loadClass('App\\Controllers...')
#3 [internal function]: spl_autoload_call('App\\Controllers...')
#4 D:\xampp\htdocs\rnd\system\CodeIgniter.php(797): class_exists('\\App\\Controller...', true)
#5 D:\xampp\htdocs\rnd\system\CodeIgniter.php(406): CodeIgniter\CodeIgniter->startController()
#6 D:\xampp\htdocs\rnd\system\CodeIgniter.php(326): CodeIgniter\CodeIgniter->handleRequest(NULL, Object(Config\Cache), false)
#7 D:\xampp\htdocs\rnd\index.php(37): CodeIgniter\CodeIgniter->run()
#8 {main}
ERROR - 2022-06-13 07:30:13 --> Operand should contain 1 column(s)
CRITICAL - 2022-06-13 07:30:13 --> Operand should contain 1 column(s)
#0 D:\xampp\htdocs\rnd\system\Database\MySQLi\Connection.php(292): mysqli->query('INSERT INTO `le...', 0)
#1 D:\xampp\htdocs\rnd\system\Database\BaseConnection.php(670): CodeIgniter\Database\MySQLi\Connection->execute('INSERT INTO `le...')
#2 D:\xampp\htdocs\rnd\system\Database\BaseConnection.php(598): CodeIgniter\Database\BaseConnection->simpleQuery('INSERT INTO `le...')
#3 D:\xampp\htdocs\rnd\system\Database\BaseBuilder.php(1771): CodeIgniter\Database\BaseConnection->query('INSERT INTO `le...', Array, false)
#4 D:\xampp\htdocs\rnd\app\Controllers\Home.php(728): CodeIgniter\Database\BaseBuilder->insert(Array)
#5 D:\xampp\htdocs\rnd\system\CodeIgniter.php(832): App\Controllers\Home->insert_leaf()
#6 D:\xampp\htdocs\rnd\system\CodeIgniter.php(419): CodeIgniter\CodeIgniter->runController(Object(App\Controllers\Home))
#7 D:\xampp\htdocs\rnd\system\CodeIgniter.php(326): CodeIgniter\CodeIgniter->handleRequest(NULL, Object(Config\Cache), false)
#8 D:\xampp\htdocs\rnd\index.php(37): CodeIgniter\CodeIgniter->run()
#9 {main}
ERROR - 2022-06-13 07:31:35 --> Operand should contain 1 column(s)
CRITICAL - 2022-06-13 07:31:35 --> Operand should contain 1 column(s)
#0 D:\xampp\htdocs\rnd\system\Database\MySQLi\Connection.php(292): mysqli->query('INSERT INTO `le...', 0)
#1 D:\xampp\htdocs\rnd\system\Database\BaseConnection.php(670): CodeIgniter\Database\MySQLi\Connection->execute('INSERT INTO `le...')
#2 D:\xampp\htdocs\rnd\system\Database\BaseConnection.php(598): CodeIgniter\Database\BaseConnection->simpleQuery('INSERT INTO `le...')
#3 D:\xampp\htdocs\rnd\system\Database\BaseBuilder.php(1771): CodeIgniter\Database\BaseConnection->query('INSERT INTO `le...', Array, false)
#4 D:\xampp\htdocs\rnd\app\Controllers\Home.php(728): CodeIgniter\Database\BaseBuilder->insert(Array)
#5 D:\xampp\htdocs\rnd\system\CodeIgniter.php(832): App\Controllers\Home->insert_leaf()
#6 D:\xampp\htdocs\rnd\system\CodeIgniter.php(419): CodeIgniter\CodeIgniter->runController(Object(App\Controllers\Home))
#7 D:\xampp\htdocs\rnd\system\CodeIgniter.php(326): CodeIgniter\CodeIgniter->handleRequest(NULL, Object(Config\Cache), false)
#8 D:\xampp\htdocs\rnd\index.php(37): CodeIgniter\CodeIgniter->run()
#9 {main}
ERROR - 2022-06-13 07:34:05 --> Operand should contain 1 column(s)
CRITICAL - 2022-06-13 07:34:05 --> Operand should contain 1 column(s)
#0 D:\xampp\htdocs\rnd\system\Database\MySQLi\Connection.php(292): mysqli->query('INSERT INTO `le...', 0)
#1 D:\xampp\htdocs\rnd\system\Database\BaseConnection.php(670): CodeIgniter\Database\MySQLi\Connection->execute('INSERT INTO `le...')
#2 D:\xampp\htdocs\rnd\system\Database\BaseConnection.php(598): CodeIgniter\Database\BaseConnection->simpleQuery('INSERT INTO `le...')
#3 D:\xampp\htdocs\rnd\system\Database\BaseBuilder.php(1771): CodeIgniter\Database\BaseConnection->query('INSERT INTO `le...', Array, false)
#4 D:\xampp\htdocs\rnd\app\Controllers\Home.php(728): CodeIgniter\Database\BaseBuilder->insert(Array)
#5 D:\xampp\htdocs\rnd\system\CodeIgniter.php(832): App\Controllers\Home->insert_leaf()
#6 D:\xampp\htdocs\rnd\system\CodeIgniter.php(419): CodeIgniter\CodeIgniter->runController(Object(App\Controllers\Home))
#7 D:\xampp\htdocs\rnd\system\CodeIgniter.php(326): CodeIgniter\CodeIgniter->handleRequest(NULL, Object(Config\Cache), false)
#8 D:\xampp\htdocs\rnd\index.php(37): CodeIgniter\CodeIgniter->run()
#9 {main}
ERROR - 2022-06-13 07:34:27 --> Operand should contain 1 column(s)
CRITICAL - 2022-06-13 07:34:27 --> Operand should contain 1 column(s)
#0 D:\xampp\htdocs\rnd\system\Database\MySQLi\Connection.php(292): mysqli->query('INSERT INTO `le...', 0)
#1 D:\xampp\htdocs\rnd\system\Database\BaseConnection.php(670): CodeIgniter\Database\MySQLi\Connection->execute('INSERT INTO `le...')
#2 D:\xampp\htdocs\rnd\system\Database\BaseConnection.php(598): CodeIgniter\Database\BaseConnection->simpleQuery('INSERT INTO `le...')
#3 D:\xampp\htdocs\rnd\system\Database\BaseBuilder.php(1771): CodeIgniter\Database\BaseConnection->query('INSERT INTO `le...', Array, false)
#4 D:\xampp\htdocs\rnd\app\Controllers\Home.php(728): CodeIgniter\Database\BaseBuilder->insert(Array)
#5 D:\xampp\htdocs\rnd\system\CodeIgniter.php(832): App\Controllers\Home->insert_leaf()
#6 D:\xampp\htdocs\rnd\system\CodeIgniter.php(419): CodeIgniter\CodeIgniter->runController(Object(App\Controllers\Home))
#7 D:\xampp\htdocs\rnd\system\CodeIgniter.php(326): CodeIgniter\CodeIgniter->handleRequest(NULL, Object(Config\Cache), false)
#8 D:\xampp\htdocs\rnd\index.php(37): CodeIgniter\CodeIgniter->run()
#9 {main}
ERROR - 2022-06-13 07:39:08 --> Operand should contain 1 column(s)
CRITICAL - 2022-06-13 07:39:08 --> Operand should contain 1 column(s)
#0 D:\xampp\htdocs\rnd\system\Database\MySQLi\Connection.php(292): mysqli->query('INSERT INTO `le...', 0)
#1 D:\xampp\htdocs\rnd\system\Database\BaseConnection.php(670): CodeIgniter\Database\MySQLi\Connection->execute('INSERT INTO `le...')
#2 D:\xampp\htdocs\rnd\system\Database\BaseConnection.php(598): CodeIgniter\Database\BaseConnection->simpleQuery('INSERT INTO `le...')
#3 D:\xampp\htdocs\rnd\system\Database\BaseBuilder.php(1771): CodeIgniter\Database\BaseConnection->query('INSERT INTO `le...', Array, false)
#4 D:\xampp\htdocs\rnd\app\Controllers\Home.php(729): CodeIgniter\Database\BaseBuilder->insert(Array)
#5 D:\xampp\htdocs\rnd\system\CodeIgniter.php(832): App\Controllers\Home->insert_leaf()
#6 D:\xampp\htdocs\rnd\system\CodeIgniter.php(419): CodeIgniter\CodeIgniter->runController(Object(App\Controllers\Home))
#7 D:\xampp\htdocs\rnd\system\CodeIgniter.php(326): CodeIgniter\CodeIgniter->handleRequest(NULL, Object(Config\Cache), false)
#8 D:\xampp\htdocs\rnd\index.php(37): CodeIgniter\CodeIgniter->run()
#9 {main}
ERROR - 2022-06-13 07:39:23 --> Operand should contain 1 column(s)
CRITICAL - 2022-06-13 07:39:23 --> Operand should contain 1 column(s)
#0 D:\xampp\htdocs\rnd\system\Database\MySQLi\Connection.php(292): mysqli->query('INSERT INTO `le...', 0)
#1 D:\xampp\htdocs\rnd\system\Database\BaseConnection.php(670): CodeIgniter\Database\MySQLi\Connection->execute('INSERT INTO `le...')
#2 D:\xampp\htdocs\rnd\system\Database\BaseConnection.php(598): CodeIgniter\Database\BaseConnection->simpleQuery('INSERT INTO `le...')
#3 D:\xampp\htdocs\rnd\system\Database\BaseBuilder.php(1771): CodeIgniter\Database\BaseConnection->query('INSERT INTO `le...', Array, false)
#4 D:\xampp\htdocs\rnd\app\Controllers\Home.php(729): CodeIgniter\Database\BaseBuilder->insert(Array)
#5 D:\xampp\htdocs\rnd\system\CodeIgniter.php(832): App\Controllers\Home->insert_leaf()
#6 D:\xampp\htdocs\rnd\system\CodeIgniter.php(419): CodeIgniter\CodeIgniter->runController(Object(App\Controllers\Home))
#7 D:\xampp\htdocs\rnd\system\CodeIgniter.php(326): CodeIgniter\CodeIgniter->handleRequest(NULL, Object(Config\Cache), false)
#8 D:\xampp\htdocs\rnd\index.php(37): CodeIgniter\CodeIgniter->run()
#9 {main}
