CRITICAL - 2022-05-18 23:46:28 --> Undefined variable: route
#0 D:\xampp\htdocs\rnd\system\Config\Routes.php(41): CodeIgniter\Debug\Exceptions->errorHandler(8, 'Undefined varia...', 'D:\\xampp\\htdocs...', 41, Array)
#1 D:\xampp\htdocs\rnd\app\Config\Routes.php(11): require('D:\\xampp\\htdocs...')
#2 D:\xampp\htdocs\rnd\system\CodeIgniter.php(713): require('D:\\xampp\\htdocs...')
#3 D:\xampp\htdocs\rnd\system\CodeIgniter.php(368): CodeIgniter\CodeIgniter->tryToRouteIt(Object(CodeIgniter\Router\RouteCollection))
#4 D:\xampp\htdocs\rnd\system\CodeIgniter.php(326): CodeIgniter\CodeIgniter->handleRequest(NULL, Object(Config\Cache), false)
#5 D:\xampp\htdocs\rnd\index.php(37): CodeIgniter\CodeIgniter->run()
#6 {main}
CRITICAL - 2022-05-18 23:48:18 --> Call to undefined method CodeIgniter\Router\RouteCollection::in()
#0 D:\xampp\htdocs\rnd\app\Config\Routes.php(11): require()
#1 D:\xampp\htdocs\rnd\system\CodeIgniter.php(713): require('D:\\xampp\\htdocs...')
#2 D:\xampp\htdocs\rnd\system\CodeIgniter.php(368): CodeIgniter\CodeIgniter->tryToRouteIt(Object(CodeIgniter\Router\RouteCollection))
#3 D:\xampp\htdocs\rnd\system\CodeIgniter.php(326): CodeIgniter\CodeIgniter->handleRequest(NULL, Object(Config\Cache), false)
#4 D:\xampp\htdocs\rnd\index.php(37): CodeIgniter\CodeIgniter->run()
#5 {main}
CRITICAL - 2022-05-18 23:48:25 --> Call to undefined method CodeIgniter\Router\RouteCollection::in()
#0 D:\xampp\htdocs\rnd\app\Config\Routes.php(11): require()
#1 D:\xampp\htdocs\rnd\system\CodeIgniter.php(713): require('D:\\xampp\\htdocs...')
#2 D:\xampp\htdocs\rnd\system\CodeIgniter.php(368): CodeIgniter\CodeIgniter->tryToRouteIt(Object(CodeIgniter\Router\RouteCollection))
#3 D:\xampp\htdocs\rnd\system\CodeIgniter.php(326): CodeIgniter\CodeIgniter->handleRequest(NULL, Object(Config\Cache), false)
#4 D:\xampp\htdocs\rnd\index.php(37): CodeIgniter\CodeIgniter->run()
#5 {main}
CRITICAL - 2022-05-18 23:48:28 --> Call to undefined method CodeIgniter\Router\RouteCollection::in()
#0 D:\xampp\htdocs\rnd\app\Config\Routes.php(11): require()
#1 D:\xampp\htdocs\rnd\system\CodeIgniter.php(713): require('D:\\xampp\\htdocs...')
#2 D:\xampp\htdocs\rnd\system\CodeIgniter.php(368): CodeIgniter\CodeIgniter->tryToRouteIt(Object(CodeIgniter\Router\RouteCollection))
#3 D:\xampp\htdocs\rnd\system\CodeIgniter.php(326): CodeIgniter\CodeIgniter->handleRequest(NULL, Object(Config\Cache), false)
#4 D:\xampp\htdocs\rnd\index.php(37): CodeIgniter\CodeIgniter->run()
#5 {main}
