CRITICAL - 2022-06-11 00:19:34 --> Undefined property: stdClass::$protocol_no
#0 D:\xampp\htdocs\rnd\app\Views\view.php(61): CodeIgniter\Debug\Exceptions->errorHandler(8, 'Undefined prope...', 'D:\\xampp\\htdocs...', 61, Array)
#1 D:\xampp\htdocs\rnd\system\View\View.php(210): include('D:\\xampp\\htdocs...')
#2 D:\xampp\htdocs\rnd\system\View\View.php(213): CodeIgniter\View\View->CodeIgniter\View\{closure}()
#3 D:\xampp\htdocs\rnd\system\Common.php(1089): CodeIgniter\View\View->render('view', Array, true)
#4 D:\xampp\htdocs\rnd\app\Controllers\Home.php(44): view('view', Array)
#5 D:\xampp\htdocs\rnd\system\CodeIgniter.php(832): App\Controllers\Home->data_view()
#6 D:\xampp\htdocs\rnd\system\CodeIgniter.php(419): CodeIgniter\CodeIgniter->runController(Object(App\Controllers\Home))
#7 D:\xampp\htdocs\rnd\system\CodeIgniter.php(326): CodeIgniter\CodeIgniter->handleRequest(NULL, Object(Config\Cache), false)
#8 D:\xampp\htdocs\rnd\index.php(37): CodeIgniter\CodeIgniter->run()
#9 {main}
CRITICAL - 2022-06-11 01:39:50 --> Invalid file: adult_insect.php
#0 D:\xampp\htdocs\rnd\system\View\View.php(198): CodeIgniter\Exceptions\FrameworkException::forInvalidFile('adult_insect.ph...')
#1 D:\xampp\htdocs\rnd\system\Common.php(1089): CodeIgniter\View\View->render('adult_insect', Array, true)
#2 D:\xampp\htdocs\rnd\app\Controllers\Home.php(689): view('adult_insect')
#3 D:\xampp\htdocs\rnd\system\CodeIgniter.php(832): App\Controllers\Home->adult_insect()
#4 D:\xampp\htdocs\rnd\system\CodeIgniter.php(419): CodeIgniter\CodeIgniter->runController(Object(App\Controllers\Home))
#5 D:\xampp\htdocs\rnd\system\CodeIgniter.php(326): CodeIgniter\CodeIgniter->handleRequest(NULL, Object(Config\Cache), false)
#6 D:\xampp\htdocs\rnd\index.php(37): CodeIgniter\CodeIgniter->run()
#7 {main}
CRITICAL - 2022-06-11 01:44:27 --> Undefined variable: list
#0 D:\xampp\htdocs\rnd\app\Views\adult_insect.php(29): CodeIgniter\Debug\Exceptions->errorHandler(8, 'Undefined varia...', 'D:\\xampp\\htdocs...', 29, Array)
#1 D:\xampp\htdocs\rnd\system\View\View.php(210): include('D:\\xampp\\htdocs...')
#2 D:\xampp\htdocs\rnd\system\View\View.php(213): CodeIgniter\View\View->CodeIgniter\View\{closure}()
#3 D:\xampp\htdocs\rnd\system\Common.php(1089): CodeIgniter\View\View->render('adult_insect', Array, true)
#4 D:\xampp\htdocs\rnd\app\Controllers\Home.php(689): view('adult_insect')
#5 D:\xampp\htdocs\rnd\system\CodeIgniter.php(832): App\Controllers\Home->adult_insect()
#6 D:\xampp\htdocs\rnd\system\CodeIgniter.php(419): CodeIgniter\CodeIgniter->runController(Object(App\Controllers\Home))
#7 D:\xampp\htdocs\rnd\system\CodeIgniter.php(326): CodeIgniter\CodeIgniter->handleRequest(NULL, Object(Config\Cache), false)
#8 D:\xampp\htdocs\rnd\index.php(37): CodeIgniter\CodeIgniter->run()
#9 {main}
CRITICAL - 2022-06-11 01:44:28 --> Undefined variable: list
#0 D:\xampp\htdocs\rnd\app\Views\adult_insect.php(29): CodeIgniter\Debug\Exceptions->errorHandler(8, 'Undefined varia...', 'D:\\xampp\\htdocs...', 29, Array)
#1 D:\xampp\htdocs\rnd\system\View\View.php(210): include('D:\\xampp\\htdocs...')
#2 D:\xampp\htdocs\rnd\system\View\View.php(213): CodeIgniter\View\View->CodeIgniter\View\{closure}()
#3 D:\xampp\htdocs\rnd\system\Common.php(1089): CodeIgniter\View\View->render('adult_insect', Array, true)
#4 D:\xampp\htdocs\rnd\app\Controllers\Home.php(689): view('adult_insect')
#5 D:\xampp\htdocs\rnd\system\CodeIgniter.php(832): App\Controllers\Home->adult_insect()
#6 D:\xampp\htdocs\rnd\system\CodeIgniter.php(419): CodeIgniter\CodeIgniter->runController(Object(App\Controllers\Home))
#7 D:\xampp\htdocs\rnd\system\CodeIgniter.php(326): CodeIgniter\CodeIgniter->handleRequest(NULL, Object(Config\Cache), false)
#8 D:\xampp\htdocs\rnd\index.php(37): CodeIgniter\CodeIgniter->run()
#9 {main}
CRITICAL - 2022-06-11 01:44:32 --> Undefined variable: list
#0 D:\xampp\htdocs\rnd\app\Views\adult_insect.php(29): CodeIgniter\Debug\Exceptions->errorHandler(8, 'Undefined varia...', 'D:\\xampp\\htdocs...', 29, Array)
#1 D:\xampp\htdocs\rnd\system\View\View.php(210): include('D:\\xampp\\htdocs...')
#2 D:\xampp\htdocs\rnd\system\View\View.php(213): CodeIgniter\View\View->CodeIgniter\View\{closure}()
#3 D:\xampp\htdocs\rnd\system\Common.php(1089): CodeIgniter\View\View->render('adult_insect', Array, true)
#4 D:\xampp\htdocs\rnd\app\Controllers\Home.php(689): view('adult_insect')
#5 D:\xampp\htdocs\rnd\system\CodeIgniter.php(832): App\Controllers\Home->adult_insect()
#6 D:\xampp\htdocs\rnd\system\CodeIgniter.php(419): CodeIgniter\CodeIgniter->runController(Object(App\Controllers\Home))
#7 D:\xampp\htdocs\rnd\system\CodeIgniter.php(326): CodeIgniter\CodeIgniter->handleRequest(NULL, Object(Config\Cache), false)
#8 D:\xampp\htdocs\rnd\index.php(37): CodeIgniter\CodeIgniter->run()
#9 {main}
CRITICAL - 2022-06-11 01:47:59 --> Undefined variable: list
#0 D:\xampp\htdocs\rnd\app\Views\adult_insect.php(29): CodeIgniter\Debug\Exceptions->errorHandler(8, 'Undefined varia...', 'D:\\xampp\\htdocs...', 29, Array)
#1 D:\xampp\htdocs\rnd\system\View\View.php(210): include('D:\\xampp\\htdocs...')
#2 D:\xampp\htdocs\rnd\system\View\View.php(213): CodeIgniter\View\View->CodeIgniter\View\{closure}()
#3 D:\xampp\htdocs\rnd\system\Common.php(1089): CodeIgniter\View\View->render('adult_insect', Array, true)
#4 D:\xampp\htdocs\rnd\app\Controllers\Home.php(689): view('adult_insect')
#5 D:\xampp\htdocs\rnd\system\CodeIgniter.php(832): App\Controllers\Home->adult_insect()
#6 D:\xampp\htdocs\rnd\system\CodeIgniter.php(419): CodeIgniter\CodeIgniter->runController(Object(App\Controllers\Home))
#7 D:\xampp\htdocs\rnd\system\CodeIgniter.php(326): CodeIgniter\CodeIgniter->handleRequest(NULL, Object(Config\Cache), false)
#8 D:\xampp\htdocs\rnd\index.php(37): CodeIgniter\CodeIgniter->run()
#9 {main}
CRITICAL - 2022-06-11 07:11:22 --> Too few arguments to function App\Controllers\Home::insert_leaf(), 0 passed in D:\xampp\htdocs\rnd\system\CodeIgniter.php on line 832 and exactly 1 expected
#0 D:\xampp\htdocs\rnd\system\CodeIgniter.php(832): App\Controllers\Home->insert_leaf()
#1 D:\xampp\htdocs\rnd\system\CodeIgniter.php(419): CodeIgniter\CodeIgniter->runController(Object(App\Controllers\Home))
#2 D:\xampp\htdocs\rnd\system\CodeIgniter.php(326): CodeIgniter\CodeIgniter->handleRequest(NULL, Object(Config\Cache), false)
#3 D:\xampp\htdocs\rnd\index.php(37): CodeIgniter\CodeIgniter->run()
#4 {main}
CRITICAL - 2022-06-11 07:11:40 --> Too few arguments to function App\Controllers\Home::insert_leaf(), 0 passed in D:\xampp\htdocs\rnd\system\CodeIgniter.php on line 832 and exactly 1 expected
#0 D:\xampp\htdocs\rnd\system\CodeIgniter.php(832): App\Controllers\Home->insert_leaf()
#1 D:\xampp\htdocs\rnd\system\CodeIgniter.php(419): CodeIgniter\CodeIgniter->runController(Object(App\Controllers\Home))
#2 D:\xampp\htdocs\rnd\system\CodeIgniter.php(326): CodeIgniter\CodeIgniter->handleRequest(NULL, Object(Config\Cache), false)
#3 D:\xampp\htdocs\rnd\index.php(37): CodeIgniter\CodeIgniter->run()
#4 {main}
CRITICAL - 2022-06-11 07:13:13 --> Too few arguments to function App\Controllers\Home::insert_leaf(), 0 passed in D:\xampp\htdocs\rnd\system\CodeIgniter.php on line 832 and exactly 1 expected
#0 D:\xampp\htdocs\rnd\system\CodeIgniter.php(832): App\Controllers\Home->insert_leaf()
#1 D:\xampp\htdocs\rnd\system\CodeIgniter.php(419): CodeIgniter\CodeIgniter->runController(Object(App\Controllers\Home))
#2 D:\xampp\htdocs\rnd\system\CodeIgniter.php(326): CodeIgniter\CodeIgniter->handleRequest(NULL, Object(Config\Cache), false)
#3 D:\xampp\htdocs\rnd\index.php(37): CodeIgniter\CodeIgniter->run()
#4 {main}
CRITICAL - 2022-06-11 07:14:45 --> Too few arguments to function App\Controllers\Home::insert_leaf(), 0 passed in D:\xampp\htdocs\rnd\system\CodeIgniter.php on line 832 and exactly 1 expected
#0 D:\xampp\htdocs\rnd\system\CodeIgniter.php(832): App\Controllers\Home->insert_leaf()
#1 D:\xampp\htdocs\rnd\system\CodeIgniter.php(419): CodeIgniter\CodeIgniter->runController(Object(App\Controllers\Home))
#2 D:\xampp\htdocs\rnd\system\CodeIgniter.php(326): CodeIgniter\CodeIgniter->handleRequest(NULL, Object(Config\Cache), false)
#3 D:\xampp\htdocs\rnd\index.php(37): CodeIgniter\CodeIgniter->run()
#4 {main}
CRITICAL - 2022-06-11 07:15:30 --> Too few arguments to function App\Controllers\Home::insert_leaf(), 0 passed in D:\xampp\htdocs\rnd\system\CodeIgniter.php on line 832 and exactly 1 expected
#0 D:\xampp\htdocs\rnd\system\CodeIgniter.php(832): App\Controllers\Home->insert_leaf()
#1 D:\xampp\htdocs\rnd\system\CodeIgniter.php(419): CodeIgniter\CodeIgniter->runController(Object(App\Controllers\Home))
#2 D:\xampp\htdocs\rnd\system\CodeIgniter.php(326): CodeIgniter\CodeIgniter->handleRequest(NULL, Object(Config\Cache), false)
#3 D:\xampp\htdocs\rnd\index.php(37): CodeIgniter\CodeIgniter->run()
#4 {main}
CRITICAL - 2022-06-11 07:16:15 --> Too few arguments to function App\Controllers\Home::insert_leaf(), 0 passed in D:\xampp\htdocs\rnd\system\CodeIgniter.php on line 832 and exactly 1 expected
#0 D:\xampp\htdocs\rnd\system\CodeIgniter.php(832): App\Controllers\Home->insert_leaf()
#1 D:\xampp\htdocs\rnd\system\CodeIgniter.php(419): CodeIgniter\CodeIgniter->runController(Object(App\Controllers\Home))
#2 D:\xampp\htdocs\rnd\system\CodeIgniter.php(326): CodeIgniter\CodeIgniter->handleRequest(NULL, Object(Config\Cache), false)
#3 D:\xampp\htdocs\rnd\index.php(37): CodeIgniter\CodeIgniter->run()
#4 {main}
CRITICAL - 2022-06-11 07:20:10 --> Too few arguments to function App\Controllers\Home::insert_leaf(), 0 passed in D:\xampp\htdocs\rnd\system\CodeIgniter.php on line 832 and exactly 1 expected
#0 D:\xampp\htdocs\rnd\system\CodeIgniter.php(832): App\Controllers\Home->insert_leaf()
#1 D:\xampp\htdocs\rnd\system\CodeIgniter.php(419): CodeIgniter\CodeIgniter->runController(Object(App\Controllers\Home))
#2 D:\xampp\htdocs\rnd\system\CodeIgniter.php(326): CodeIgniter\CodeIgniter->handleRequest(NULL, Object(Config\Cache), false)
#3 D:\xampp\htdocs\rnd\index.php(37): CodeIgniter\CodeIgniter->run()
#4 {main}
CRITICAL - 2022-06-11 07:20:10 --> Too few arguments to function App\Controllers\Home::insert_leaf(), 0 passed in D:\xampp\htdocs\rnd\system\CodeIgniter.php on line 832 and exactly 1 expected
#0 D:\xampp\htdocs\rnd\system\CodeIgniter.php(832): App\Controllers\Home->insert_leaf()
#1 D:\xampp\htdocs\rnd\system\CodeIgniter.php(419): CodeIgniter\CodeIgniter->runController(Object(App\Controllers\Home))
#2 D:\xampp\htdocs\rnd\system\CodeIgniter.php(326): CodeIgniter\CodeIgniter->handleRequest(NULL, Object(Config\Cache), false)
#3 D:\xampp\htdocs\rnd\index.php(37): CodeIgniter\CodeIgniter->run()
#4 {main}
CRITICAL - 2022-06-11 07:20:10 --> Too few arguments to function App\Controllers\Home::insert_leaf(), 0 passed in D:\xampp\htdocs\rnd\system\CodeIgniter.php on line 832 and exactly 1 expected
#0 D:\xampp\htdocs\rnd\system\CodeIgniter.php(832): App\Controllers\Home->insert_leaf()
#1 D:\xampp\htdocs\rnd\system\CodeIgniter.php(419): CodeIgniter\CodeIgniter->runController(Object(App\Controllers\Home))
#2 D:\xampp\htdocs\rnd\system\CodeIgniter.php(326): CodeIgniter\CodeIgniter->handleRequest(NULL, Object(Config\Cache), false)
#3 D:\xampp\htdocs\rnd\index.php(37): CodeIgniter\CodeIgniter->run()
#4 {main}
CRITICAL - 2022-06-11 07:20:11 --> Too few arguments to function App\Controllers\Home::insert_leaf(), 0 passed in D:\xampp\htdocs\rnd\system\CodeIgniter.php on line 832 and exactly 1 expected
#0 D:\xampp\htdocs\rnd\system\CodeIgniter.php(832): App\Controllers\Home->insert_leaf()
#1 D:\xampp\htdocs\rnd\system\CodeIgniter.php(419): CodeIgniter\CodeIgniter->runController(Object(App\Controllers\Home))
#2 D:\xampp\htdocs\rnd\system\CodeIgniter.php(326): CodeIgniter\CodeIgniter->handleRequest(NULL, Object(Config\Cache), false)
#3 D:\xampp\htdocs\rnd\index.php(37): CodeIgniter\CodeIgniter->run()
#4 {main}
CRITICAL - 2022-06-11 07:20:11 --> Too few arguments to function App\Controllers\Home::insert_leaf(), 0 passed in D:\xampp\htdocs\rnd\system\CodeIgniter.php on line 832 and exactly 1 expected
#0 D:\xampp\htdocs\rnd\system\CodeIgniter.php(832): App\Controllers\Home->insert_leaf()
#1 D:\xampp\htdocs\rnd\system\CodeIgniter.php(419): CodeIgniter\CodeIgniter->runController(Object(App\Controllers\Home))
#2 D:\xampp\htdocs\rnd\system\CodeIgniter.php(326): CodeIgniter\CodeIgniter->handleRequest(NULL, Object(Config\Cache), false)
#3 D:\xampp\htdocs\rnd\index.php(37): CodeIgniter\CodeIgniter->run()
#4 {main}
CRITICAL - 2022-06-11 07:21:12 --> Too few arguments to function App\Controllers\Home::insert_leaf(), 0 passed in D:\xampp\htdocs\rnd\system\CodeIgniter.php on line 832 and exactly 1 expected
#0 D:\xampp\htdocs\rnd\system\CodeIgniter.php(832): App\Controllers\Home->insert_leaf()
#1 D:\xampp\htdocs\rnd\system\CodeIgniter.php(419): CodeIgniter\CodeIgniter->runController(Object(App\Controllers\Home))
#2 D:\xampp\htdocs\rnd\system\CodeIgniter.php(326): CodeIgniter\CodeIgniter->handleRequest(NULL, Object(Config\Cache), false)
#3 D:\xampp\htdocs\rnd\index.php(37): CodeIgniter\CodeIgniter->run()
#4 {main}
CRITICAL - 2022-06-11 07:21:24 --> Too few arguments to function App\Controllers\Home::insert_leaf(), 0 passed in D:\xampp\htdocs\rnd\system\CodeIgniter.php on line 832 and exactly 1 expected
#0 D:\xampp\htdocs\rnd\system\CodeIgniter.php(832): App\Controllers\Home->insert_leaf()
#1 D:\xampp\htdocs\rnd\system\CodeIgniter.php(419): CodeIgniter\CodeIgniter->runController(Object(App\Controllers\Home))
#2 D:\xampp\htdocs\rnd\system\CodeIgniter.php(326): CodeIgniter\CodeIgniter->handleRequest(NULL, Object(Config\Cache), false)
#3 D:\xampp\htdocs\rnd\index.php(37): CodeIgniter\CodeIgniter->run()
#4 {main}
CRITICAL - 2022-06-11 07:21:25 --> Too few arguments to function App\Controllers\Home::insert_leaf(), 0 passed in D:\xampp\htdocs\rnd\system\CodeIgniter.php on line 832 and exactly 1 expected
#0 D:\xampp\htdocs\rnd\system\CodeIgniter.php(832): App\Controllers\Home->insert_leaf()
#1 D:\xampp\htdocs\rnd\system\CodeIgniter.php(419): CodeIgniter\CodeIgniter->runController(Object(App\Controllers\Home))
#2 D:\xampp\htdocs\rnd\system\CodeIgniter.php(326): CodeIgniter\CodeIgniter->handleRequest(NULL, Object(Config\Cache), false)
#3 D:\xampp\htdocs\rnd\index.php(37): CodeIgniter\CodeIgniter->run()
#4 {main}
CRITICAL - 2022-06-11 07:21:25 --> Too few arguments to function App\Controllers\Home::insert_leaf(), 0 passed in D:\xampp\htdocs\rnd\system\CodeIgniter.php on line 832 and exactly 1 expected
#0 D:\xampp\htdocs\rnd\system\CodeIgniter.php(832): App\Controllers\Home->insert_leaf()
#1 D:\xampp\htdocs\rnd\system\CodeIgniter.php(419): CodeIgniter\CodeIgniter->runController(Object(App\Controllers\Home))
#2 D:\xampp\htdocs\rnd\system\CodeIgniter.php(326): CodeIgniter\CodeIgniter->handleRequest(NULL, Object(Config\Cache), false)
#3 D:\xampp\htdocs\rnd\index.php(37): CodeIgniter\CodeIgniter->run()
#4 {main}
CRITICAL - 2022-06-11 07:27:01 --> Too few arguments to function App\Controllers\Home::insert_leaf(), 0 passed in D:\xampp\htdocs\rnd\system\CodeIgniter.php on line 832 and exactly 1 expected
#0 D:\xampp\htdocs\rnd\system\CodeIgniter.php(832): App\Controllers\Home->insert_leaf()
#1 D:\xampp\htdocs\rnd\system\CodeIgniter.php(419): CodeIgniter\CodeIgniter->runController(Object(App\Controllers\Home))
#2 D:\xampp\htdocs\rnd\system\CodeIgniter.php(326): CodeIgniter\CodeIgniter->handleRequest(NULL, Object(Config\Cache), false)
#3 D:\xampp\htdocs\rnd\index.php(37): CodeIgniter\CodeIgniter->run()
#4 {main}
CRITICAL - 2022-06-11 07:27:02 --> Too few arguments to function App\Controllers\Home::insert_leaf(), 0 passed in D:\xampp\htdocs\rnd\system\CodeIgniter.php on line 832 and exactly 1 expected
#0 D:\xampp\htdocs\rnd\system\CodeIgniter.php(832): App\Controllers\Home->insert_leaf()
#1 D:\xampp\htdocs\rnd\system\CodeIgniter.php(419): CodeIgniter\CodeIgniter->runController(Object(App\Controllers\Home))
#2 D:\xampp\htdocs\rnd\system\CodeIgniter.php(326): CodeIgniter\CodeIgniter->handleRequest(NULL, Object(Config\Cache), false)
#3 D:\xampp\htdocs\rnd\index.php(37): CodeIgniter\CodeIgniter->run()
#4 {main}
CRITICAL - 2022-06-11 07:27:02 --> Too few arguments to function App\Controllers\Home::insert_leaf(), 0 passed in D:\xampp\htdocs\rnd\system\CodeIgniter.php on line 832 and exactly 1 expected
#0 D:\xampp\htdocs\rnd\system\CodeIgniter.php(832): App\Controllers\Home->insert_leaf()
#1 D:\xampp\htdocs\rnd\system\CodeIgniter.php(419): CodeIgniter\CodeIgniter->runController(Object(App\Controllers\Home))
#2 D:\xampp\htdocs\rnd\system\CodeIgniter.php(326): CodeIgniter\CodeIgniter->handleRequest(NULL, Object(Config\Cache), false)
#3 D:\xampp\htdocs\rnd\index.php(37): CodeIgniter\CodeIgniter->run()
#4 {main}
CRITICAL - 2022-06-11 07:27:03 --> Too few arguments to function App\Controllers\Home::insert_leaf(), 0 passed in D:\xampp\htdocs\rnd\system\CodeIgniter.php on line 832 and exactly 1 expected
#0 D:\xampp\htdocs\rnd\system\CodeIgniter.php(832): App\Controllers\Home->insert_leaf()
#1 D:\xampp\htdocs\rnd\system\CodeIgniter.php(419): CodeIgniter\CodeIgniter->runController(Object(App\Controllers\Home))
#2 D:\xampp\htdocs\rnd\system\CodeIgniter.php(326): CodeIgniter\CodeIgniter->handleRequest(NULL, Object(Config\Cache), false)
#3 D:\xampp\htdocs\rnd\index.php(37): CodeIgniter\CodeIgniter->run()
#4 {main}
CRITICAL - 2022-06-11 07:27:35 --> Undefined variable: data
#0 D:\xampp\htdocs\rnd\app\Controllers\Home.php(694): CodeIgniter\Debug\Exceptions->errorHandler(8, 'Undefined varia...', 'D:\\xampp\\htdocs...', 694, Array)
#1 D:\xampp\htdocs\rnd\system\CodeIgniter.php(832): App\Controllers\Home->insert_leaf()
#2 D:\xampp\htdocs\rnd\system\CodeIgniter.php(419): CodeIgniter\CodeIgniter->runController(Object(App\Controllers\Home))
#3 D:\xampp\htdocs\rnd\system\CodeIgniter.php(326): CodeIgniter\CodeIgniter->handleRequest(NULL, Object(Config\Cache), false)
#4 D:\xampp\htdocs\rnd\index.php(37): CodeIgniter\CodeIgniter->run()
#5 {main}
CRITICAL - 2022-06-11 07:27:44 --> Undefined variable: data
#0 D:\xampp\htdocs\rnd\app\Controllers\Home.php(694): CodeIgniter\Debug\Exceptions->errorHandler(8, 'Undefined varia...', 'D:\\xampp\\htdocs...', 694, Array)
#1 D:\xampp\htdocs\rnd\system\CodeIgniter.php(832): App\Controllers\Home->insert_leaf()
#2 D:\xampp\htdocs\rnd\system\CodeIgniter.php(419): CodeIgniter\CodeIgniter->runController(Object(App\Controllers\Home))
#3 D:\xampp\htdocs\rnd\system\CodeIgniter.php(326): CodeIgniter\CodeIgniter->handleRequest(NULL, Object(Config\Cache), false)
#4 D:\xampp\htdocs\rnd\index.php(37): CodeIgniter\CodeIgniter->run()
#5 {main}
CRITICAL - 2022-06-11 07:28:00 --> print_r() expects at least 1 parameter, 0 given
#0 [internal function]: CodeIgniter\Debug\Exceptions->errorHandler(2, 'print_r() expec...', 'D:\\xampp\\htdocs...', 694, Array)
#1 D:\xampp\htdocs\rnd\app\Controllers\Home.php(694): print_r()
#2 D:\xampp\htdocs\rnd\system\CodeIgniter.php(832): App\Controllers\Home->insert_leaf()
#3 D:\xampp\htdocs\rnd\system\CodeIgniter.php(419): CodeIgniter\CodeIgniter->runController(Object(App\Controllers\Home))
#4 D:\xampp\htdocs\rnd\system\CodeIgniter.php(326): CodeIgniter\CodeIgniter->handleRequest(NULL, Object(Config\Cache), false)
#5 D:\xampp\htdocs\rnd\index.php(37): CodeIgniter\CodeIgniter->run()
#6 {main}
CRITICAL - 2022-06-11 07:28:09 --> print_r() expects at least 1 parameter, 0 given
#0 [internal function]: CodeIgniter\Debug\Exceptions->errorHandler(2, 'print_r() expec...', 'D:\\xampp\\htdocs...', 694, Array)
#1 D:\xampp\htdocs\rnd\app\Controllers\Home.php(694): print_r()
#2 D:\xampp\htdocs\rnd\system\CodeIgniter.php(832): App\Controllers\Home->insert_leaf()
#3 D:\xampp\htdocs\rnd\system\CodeIgniter.php(419): CodeIgniter\CodeIgniter->runController(Object(App\Controllers\Home))
#4 D:\xampp\htdocs\rnd\system\CodeIgniter.php(326): CodeIgniter\CodeIgniter->handleRequest(NULL, Object(Config\Cache), false)
#5 D:\xampp\htdocs\rnd\index.php(37): CodeIgniter\CodeIgniter->run()
#6 {main}
CRITICAL - 2022-06-11 07:28:11 --> print_r() expects at least 1 parameter, 0 given
#0 [internal function]: CodeIgniter\Debug\Exceptions->errorHandler(2, 'print_r() expec...', 'D:\\xampp\\htdocs...', 694, Array)
#1 D:\xampp\htdocs\rnd\app\Controllers\Home.php(694): print_r()
#2 D:\xampp\htdocs\rnd\system\CodeIgniter.php(832): App\Controllers\Home->insert_leaf()
#3 D:\xampp\htdocs\rnd\system\CodeIgniter.php(419): CodeIgniter\CodeIgniter->runController(Object(App\Controllers\Home))
#4 D:\xampp\htdocs\rnd\system\CodeIgniter.php(326): CodeIgniter\CodeIgniter->handleRequest(NULL, Object(Config\Cache), false)
#5 D:\xampp\htdocs\rnd\index.php(37): CodeIgniter\CodeIgniter->run()
#6 {main}
CRITICAL - 2022-06-11 07:28:11 --> print_r() expects at least 1 parameter, 0 given
#0 [internal function]: CodeIgniter\Debug\Exceptions->errorHandler(2, 'print_r() expec...', 'D:\\xampp\\htdocs...', 694, Array)
#1 D:\xampp\htdocs\rnd\app\Controllers\Home.php(694): print_r()
#2 D:\xampp\htdocs\rnd\system\CodeIgniter.php(832): App\Controllers\Home->insert_leaf()
#3 D:\xampp\htdocs\rnd\system\CodeIgniter.php(419): CodeIgniter\CodeIgniter->runController(Object(App\Controllers\Home))
#4 D:\xampp\htdocs\rnd\system\CodeIgniter.php(326): CodeIgniter\CodeIgniter->handleRequest(NULL, Object(Config\Cache), false)
#5 D:\xampp\htdocs\rnd\index.php(37): CodeIgniter\CodeIgniter->run()
#6 {main}
CRITICAL - 2022-06-11 07:28:11 --> print_r() expects at least 1 parameter, 0 given
#0 [internal function]: CodeIgniter\Debug\Exceptions->errorHandler(2, 'print_r() expec...', 'D:\\xampp\\htdocs...', 694, Array)
#1 D:\xampp\htdocs\rnd\app\Controllers\Home.php(694): print_r()
#2 D:\xampp\htdocs\rnd\system\CodeIgniter.php(832): App\Controllers\Home->insert_leaf()
#3 D:\xampp\htdocs\rnd\system\CodeIgniter.php(419): CodeIgniter\CodeIgniter->runController(Object(App\Controllers\Home))
#4 D:\xampp\htdocs\rnd\system\CodeIgniter.php(326): CodeIgniter\CodeIgniter->handleRequest(NULL, Object(Config\Cache), false)
#5 D:\xampp\htdocs\rnd\index.php(37): CodeIgniter\CodeIgniter->run()
#6 {main}
CRITICAL - 2022-06-11 07:28:12 --> print_r() expects at least 1 parameter, 0 given
#0 [internal function]: CodeIgniter\Debug\Exceptions->errorHandler(2, 'print_r() expec...', 'D:\\xampp\\htdocs...', 694, Array)
#1 D:\xampp\htdocs\rnd\app\Controllers\Home.php(694): print_r()
#2 D:\xampp\htdocs\rnd\system\CodeIgniter.php(832): App\Controllers\Home->insert_leaf()
#3 D:\xampp\htdocs\rnd\system\CodeIgniter.php(419): CodeIgniter\CodeIgniter->runController(Object(App\Controllers\Home))
#4 D:\xampp\htdocs\rnd\system\CodeIgniter.php(326): CodeIgniter\CodeIgniter->handleRequest(NULL, Object(Config\Cache), false)
#5 D:\xampp\htdocs\rnd\index.php(37): CodeIgniter\CodeIgniter->run()
#6 {main}
CRITICAL - 2022-06-11 07:28:12 --> print_r() expects at least 1 parameter, 0 given
#0 [internal function]: CodeIgniter\Debug\Exceptions->errorHandler(2, 'print_r() expec...', 'D:\\xampp\\htdocs...', 694, Array)
#1 D:\xampp\htdocs\rnd\app\Controllers\Home.php(694): print_r()
#2 D:\xampp\htdocs\rnd\system\CodeIgniter.php(832): App\Controllers\Home->insert_leaf()
#3 D:\xampp\htdocs\rnd\system\CodeIgniter.php(419): CodeIgniter\CodeIgniter->runController(Object(App\Controllers\Home))
#4 D:\xampp\htdocs\rnd\system\CodeIgniter.php(326): CodeIgniter\CodeIgniter->handleRequest(NULL, Object(Config\Cache), false)
#5 D:\xampp\htdocs\rnd\index.php(37): CodeIgniter\CodeIgniter->run()
#6 {main}
CRITICAL - 2022-06-11 07:28:12 --> print_r() expects at least 1 parameter, 0 given
#0 [internal function]: CodeIgniter\Debug\Exceptions->errorHandler(2, 'print_r() expec...', 'D:\\xampp\\htdocs...', 694, Array)
#1 D:\xampp\htdocs\rnd\app\Controllers\Home.php(694): print_r()
#2 D:\xampp\htdocs\rnd\system\CodeIgniter.php(832): App\Controllers\Home->insert_leaf()
#3 D:\xampp\htdocs\rnd\system\CodeIgniter.php(419): CodeIgniter\CodeIgniter->runController(Object(App\Controllers\Home))
#4 D:\xampp\htdocs\rnd\system\CodeIgniter.php(326): CodeIgniter\CodeIgniter->handleRequest(NULL, Object(Config\Cache), false)
#5 D:\xampp\htdocs\rnd\index.php(37): CodeIgniter\CodeIgniter->run()
#6 {main}
CRITICAL - 2022-06-11 07:28:13 --> print_r() expects at least 1 parameter, 0 given
#0 [internal function]: CodeIgniter\Debug\Exceptions->errorHandler(2, 'print_r() expec...', 'D:\\xampp\\htdocs...', 694, Array)
#1 D:\xampp\htdocs\rnd\app\Controllers\Home.php(694): print_r()
#2 D:\xampp\htdocs\rnd\system\CodeIgniter.php(832): App\Controllers\Home->insert_leaf()
#3 D:\xampp\htdocs\rnd\system\CodeIgniter.php(419): CodeIgniter\CodeIgniter->runController(Object(App\Controllers\Home))
#4 D:\xampp\htdocs\rnd\system\CodeIgniter.php(326): CodeIgniter\CodeIgniter->handleRequest(NULL, Object(Config\Cache), false)
#5 D:\xampp\htdocs\rnd\index.php(37): CodeIgniter\CodeIgniter->run()
#6 {main}
CRITICAL - 2022-06-11 07:28:13 --> print_r() expects at least 1 parameter, 0 given
#0 [internal function]: CodeIgniter\Debug\Exceptions->errorHandler(2, 'print_r() expec...', 'D:\\xampp\\htdocs...', 694, Array)
#1 D:\xampp\htdocs\rnd\app\Controllers\Home.php(694): print_r()
#2 D:\xampp\htdocs\rnd\system\CodeIgniter.php(832): App\Controllers\Home->insert_leaf()
#3 D:\xampp\htdocs\rnd\system\CodeIgniter.php(419): CodeIgniter\CodeIgniter->runController(Object(App\Controllers\Home))
#4 D:\xampp\htdocs\rnd\system\CodeIgniter.php(326): CodeIgniter\CodeIgniter->handleRequest(NULL, Object(Config\Cache), false)
#5 D:\xampp\htdocs\rnd\index.php(37): CodeIgniter\CodeIgniter->run()
#6 {main}
CRITICAL - 2022-06-11 07:28:13 --> print_r() expects at least 1 parameter, 0 given
#0 [internal function]: CodeIgniter\Debug\Exceptions->errorHandler(2, 'print_r() expec...', 'D:\\xampp\\htdocs...', 694, Array)
#1 D:\xampp\htdocs\rnd\app\Controllers\Home.php(694): print_r()
#2 D:\xampp\htdocs\rnd\system\CodeIgniter.php(832): App\Controllers\Home->insert_leaf()
#3 D:\xampp\htdocs\rnd\system\CodeIgniter.php(419): CodeIgniter\CodeIgniter->runController(Object(App\Controllers\Home))
#4 D:\xampp\htdocs\rnd\system\CodeIgniter.php(326): CodeIgniter\CodeIgniter->handleRequest(NULL, Object(Config\Cache), false)
#5 D:\xampp\htdocs\rnd\index.php(37): CodeIgniter\CodeIgniter->run()
#6 {main}
CRITICAL - 2022-06-11 07:28:13 --> print_r() expects at least 1 parameter, 0 given
#0 [internal function]: CodeIgniter\Debug\Exceptions->errorHandler(2, 'print_r() expec...', 'D:\\xampp\\htdocs...', 694, Array)
#1 D:\xampp\htdocs\rnd\app\Controllers\Home.php(694): print_r()
#2 D:\xampp\htdocs\rnd\system\CodeIgniter.php(832): App\Controllers\Home->insert_leaf()
#3 D:\xampp\htdocs\rnd\system\CodeIgniter.php(419): CodeIgniter\CodeIgniter->runController(Object(App\Controllers\Home))
#4 D:\xampp\htdocs\rnd\system\CodeIgniter.php(326): CodeIgniter\CodeIgniter->handleRequest(NULL, Object(Config\Cache), false)
#5 D:\xampp\htdocs\rnd\index.php(37): CodeIgniter\CodeIgniter->run()
#6 {main}
CRITICAL - 2022-06-11 07:28:13 --> print_r() expects at least 1 parameter, 0 given
#0 [internal function]: CodeIgniter\Debug\Exceptions->errorHandler(2, 'print_r() expec...', 'D:\\xampp\\htdocs...', 694, Array)
#1 D:\xampp\htdocs\rnd\app\Controllers\Home.php(694): print_r()
#2 D:\xampp\htdocs\rnd\system\CodeIgniter.php(832): App\Controllers\Home->insert_leaf()
#3 D:\xampp\htdocs\rnd\system\CodeIgniter.php(419): CodeIgniter\CodeIgniter->runController(Object(App\Controllers\Home))
#4 D:\xampp\htdocs\rnd\system\CodeIgniter.php(326): CodeIgniter\CodeIgniter->handleRequest(NULL, Object(Config\Cache), false)
#5 D:\xampp\htdocs\rnd\index.php(37): CodeIgniter\CodeIgniter->run()
#6 {main}
CRITICAL - 2022-06-11 07:30:38 --> Undefined variable: data
#0 D:\xampp\htdocs\rnd\app\Views\header.php(836): CodeIgniter\Debug\Exceptions->errorHandler(8, 'Undefined varia...', 'D:\\xampp\\htdocs...', 836, Array)
#1 D:\xampp\htdocs\rnd\system\View\View.php(210): include('D:\\xampp\\htdocs...')
#2 D:\xampp\htdocs\rnd\system\View\View.php(213): CodeIgniter\View\View->CodeIgniter\View\{closure}()
#3 D:\xampp\htdocs\rnd\system\View\View.php(226): CodeIgniter\View\View->render('header', Array, true)
#4 D:\xampp\htdocs\rnd\system\Common.php(1089): CodeIgniter\View\View->render('adult_insect', Array, true)
#5 D:\xampp\htdocs\rnd\app\Controllers\Home.php(689): view('adult_insect')
#6 D:\xampp\htdocs\rnd\system\CodeIgniter.php(832): App\Controllers\Home->adult_insect()
#7 D:\xampp\htdocs\rnd\system\CodeIgniter.php(419): CodeIgniter\CodeIgniter->runController(Object(App\Controllers\Home))
#8 D:\xampp\htdocs\rnd\system\CodeIgniter.php(326): CodeIgniter\CodeIgniter->handleRequest(NULL, Object(Config\Cache), false)
#9 D:\xampp\htdocs\rnd\index.php(37): CodeIgniter\CodeIgniter->run()
#10 {main}
CRITICAL - 2022-06-11 07:30:55 --> Undefined variable: form_data
#0 D:\xampp\htdocs\rnd\app\Views\header.php(836): CodeIgniter\Debug\Exceptions->errorHandler(8, 'Undefined varia...', 'D:\\xampp\\htdocs...', 836, Array)
#1 D:\xampp\htdocs\rnd\system\View\View.php(210): include('D:\\xampp\\htdocs...')
#2 D:\xampp\htdocs\rnd\system\View\View.php(213): CodeIgniter\View\View->CodeIgniter\View\{closure}()
#3 D:\xampp\htdocs\rnd\system\View\View.php(226): CodeIgniter\View\View->render('header', Array, true)
#4 D:\xampp\htdocs\rnd\system\Common.php(1089): CodeIgniter\View\View->render('adult_insect', Array, true)
#5 D:\xampp\htdocs\rnd\app\Controllers\Home.php(689): view('adult_insect')
#6 D:\xampp\htdocs\rnd\system\CodeIgniter.php(832): App\Controllers\Home->adult_insect()
#7 D:\xampp\htdocs\rnd\system\CodeIgniter.php(419): CodeIgniter\CodeIgniter->runController(Object(App\Controllers\Home))
#8 D:\xampp\htdocs\rnd\system\CodeIgniter.php(326): CodeIgniter\CodeIgniter->handleRequest(NULL, Object(Config\Cache), false)
#9 D:\xampp\htdocs\rnd\index.php(37): CodeIgniter\CodeIgniter->run()
#10 {main}
CRITICAL - 2022-06-11 07:31:55 --> syntax error, unexpected ')', expecting variable (T_VARIABLE)
#0 D:\xampp\htdocs\rnd\system\Autoloader\Autoloader.php(241): CodeIgniter\Autoloader\Autoloader->includeFile('D:\\xampp\\htdocs...')
#1 D:\xampp\htdocs\rnd\system\Autoloader\Autoloader.php(219): CodeIgniter\Autoloader\Autoloader->loadInNamespace('App\\Controllers...')
#2 [internal function]: CodeIgniter\Autoloader\Autoloader->loadClass('App\\Controllers...')
#3 [internal function]: spl_autoload_call('App\\Controllers...')
#4 D:\xampp\htdocs\rnd\system\CodeIgniter.php(797): class_exists('\\App\\Controller...', true)
#5 D:\xampp\htdocs\rnd\system\CodeIgniter.php(406): CodeIgniter\CodeIgniter->startController()
#6 D:\xampp\htdocs\rnd\system\CodeIgniter.php(326): CodeIgniter\CodeIgniter->handleRequest(NULL, Object(Config\Cache), false)
#7 D:\xampp\htdocs\rnd\index.php(37): CodeIgniter\CodeIgniter->run()
#8 {main}
CRITICAL - 2022-06-11 07:32:12 --> Too few arguments to function App\Controllers\Home::insert_leaf(), 0 passed in D:\xampp\htdocs\rnd\system\CodeIgniter.php on line 832 and exactly 1 expected
#0 D:\xampp\htdocs\rnd\system\CodeIgniter.php(832): App\Controllers\Home->insert_leaf()
#1 D:\xampp\htdocs\rnd\system\CodeIgniter.php(419): CodeIgniter\CodeIgniter->runController(Object(App\Controllers\Home))
#2 D:\xampp\htdocs\rnd\system\CodeIgniter.php(326): CodeIgniter\CodeIgniter->handleRequest(NULL, Object(Config\Cache), false)
#3 D:\xampp\htdocs\rnd\index.php(37): CodeIgniter\CodeIgniter->run()
#4 {main}
