CRITICAL - 2022-05-23 00:25:22 --> syntax error, unexpected end of file, expecting function (T_FUNCTION) or const (T_CONST)
#0 D:\xampp\htdocs\rnd\system\Autoloader\Autoloader.php(241): CodeIgniter\Autoloader\Autoloader->includeFile('D:\\xampp\\htdocs...')
#1 D:\xampp\htdocs\rnd\system\Autoloader\Autoloader.php(219): CodeIgniter\Autoloader\Autoloader->loadInNamespace('App\\Controllers...')
#2 [internal function]: CodeIgniter\Autoloader\Autoloader->loadClass('App\\Controllers...')
#3 [internal function]: spl_autoload_call('App\\Controllers...')
#4 D:\xampp\htdocs\rnd\system\CodeIgniter.php(797): class_exists('\\App\\Controller...', true)
#5 D:\xampp\htdocs\rnd\system\CodeIgniter.php(406): CodeIgniter\CodeIgniter->startController()
#6 D:\xampp\htdocs\rnd\system\CodeIgniter.php(326): CodeIgniter\CodeIgniter->handleRequest(NULL, Object(Config\Cache), false)
#7 D:\xampp\htdocs\rnd\index.php(37): CodeIgniter\CodeIgniter->run()
#8 {main}
CRITICAL - 2022-05-23 00:26:05 --> required  is not a valid rule.
#0 D:\xampp\htdocs\rnd\system\Validation\Validation.php(300): CodeIgniter\Validation\Exceptions\ValidationException::forRuleNotFound('required ')
#1 D:\xampp\htdocs\rnd\system\Validation\Validation.php(157): CodeIgniter\Validation\Validation->processRules('loc', 'loc', '', Array, Array)
#2 D:\xampp\htdocs\rnd\system\Controller.php(160): CodeIgniter\Validation\Validation->run()
#3 D:\xampp\htdocs\rnd\app\Controllers\Home.php(31): CodeIgniter\Controller->validate(Array)
#4 D:\xampp\htdocs\rnd\system\CodeIgniter.php(832): App\Controllers\Home->insert_data()
#5 D:\xampp\htdocs\rnd\system\CodeIgniter.php(419): CodeIgniter\CodeIgniter->runController(Object(App\Controllers\Home))
#6 D:\xampp\htdocs\rnd\system\CodeIgniter.php(326): CodeIgniter\CodeIgniter->handleRequest(NULL, Object(Config\Cache), false)
#7 D:\xampp\htdocs\rnd\index.php(37): CodeIgniter\CodeIgniter->run()
#8 {main}
CRITICAL - 2022-05-23 00:27:58 --> required  is not a valid rule.
#0 D:\xampp\htdocs\rnd\system\Validation\Validation.php(300): CodeIgniter\Validation\Exceptions\ValidationException::forRuleNotFound('required ')
#1 D:\xampp\htdocs\rnd\system\Validation\Validation.php(157): CodeIgniter\Validation\Validation->processRules('loc', 'loc', '', Array, Array)
#2 D:\xampp\htdocs\rnd\system\Controller.php(160): CodeIgniter\Validation\Validation->run()
#3 D:\xampp\htdocs\rnd\app\Controllers\Home.php(31): CodeIgniter\Controller->validate(Array)
#4 D:\xampp\htdocs\rnd\system\CodeIgniter.php(832): App\Controllers\Home->insert_data()
#5 D:\xampp\htdocs\rnd\system\CodeIgniter.php(419): CodeIgniter\CodeIgniter->runController(Object(App\Controllers\Home))
#6 D:\xampp\htdocs\rnd\system\CodeIgniter.php(326): CodeIgniter\CodeIgniter->handleRequest(NULL, Object(Config\Cache), false)
#7 D:\xampp\htdocs\rnd\index.php(37): CodeIgniter\CodeIgniter->run()
#8 {main}
CRITICAL - 2022-05-23 00:30:58 --> required  is not a valid rule.
#0 D:\xampp\htdocs\rnd\system\Validation\Validation.php(300): CodeIgniter\Validation\Exceptions\ValidationException::forRuleNotFound('required ')
#1 D:\xampp\htdocs\rnd\system\Validation\Validation.php(157): CodeIgniter\Validation\Validation->processRules('loc', 'loc', '', Array, Array)
#2 D:\xampp\htdocs\rnd\system\Controller.php(160): CodeIgniter\Validation\Validation->run()
#3 D:\xampp\htdocs\rnd\app\Controllers\Home.php(31): CodeIgniter\Controller->validate(Array)
#4 D:\xampp\htdocs\rnd\system\CodeIgniter.php(832): App\Controllers\Home->insert_data()
#5 D:\xampp\htdocs\rnd\system\CodeIgniter.php(419): CodeIgniter\CodeIgniter->runController(Object(App\Controllers\Home))
#6 D:\xampp\htdocs\rnd\system\CodeIgniter.php(326): CodeIgniter\CodeIgniter->handleRequest(NULL, Object(Config\Cache), false)
#7 D:\xampp\htdocs\rnd\index.php(37): CodeIgniter\CodeIgniter->run()
#8 {main}
CRITICAL - 2022-05-23 00:32:30 --> required  is not a valid rule.
#0 D:\xampp\htdocs\rnd\system\Validation\Validation.php(300): CodeIgniter\Validation\Exceptions\ValidationException::forRuleNotFound('required ')
#1 D:\xampp\htdocs\rnd\system\Validation\Validation.php(157): CodeIgniter\Validation\Validation->processRules('loc', 'loc', '', Array, Array)
#2 D:\xampp\htdocs\rnd\system\Controller.php(160): CodeIgniter\Validation\Validation->run()
#3 D:\xampp\htdocs\rnd\app\Controllers\Home.php(31): CodeIgniter\Controller->validate(Array)
#4 D:\xampp\htdocs\rnd\system\CodeIgniter.php(832): App\Controllers\Home->insert_data()
#5 D:\xampp\htdocs\rnd\system\CodeIgniter.php(419): CodeIgniter\CodeIgniter->runController(Object(App\Controllers\Home))
#6 D:\xampp\htdocs\rnd\system\CodeIgniter.php(326): CodeIgniter\CodeIgniter->handleRequest(NULL, Object(Config\Cache), false)
#7 D:\xampp\htdocs\rnd\index.php(37): CodeIgniter\CodeIgniter->run()
#8 {main}
CRITICAL - 2022-05-23 00:32:55 --> required  is not a valid rule.
#0 D:\xampp\htdocs\rnd\system\Validation\Validation.php(300): CodeIgniter\Validation\Exceptions\ValidationException::forRuleNotFound('required ')
#1 D:\xampp\htdocs\rnd\system\Validation\Validation.php(157): CodeIgniter\Validation\Validation->processRules('loc', 'loc', '', Array, Array)
#2 D:\xampp\htdocs\rnd\system\Controller.php(160): CodeIgniter\Validation\Validation->run()
#3 D:\xampp\htdocs\rnd\app\Controllers\Home.php(31): CodeIgniter\Controller->validate(Array)
#4 D:\xampp\htdocs\rnd\system\CodeIgniter.php(832): App\Controllers\Home->insert_data()
#5 D:\xampp\htdocs\rnd\system\CodeIgniter.php(419): CodeIgniter\CodeIgniter->runController(Object(App\Controllers\Home))
#6 D:\xampp\htdocs\rnd\system\CodeIgniter.php(326): CodeIgniter\CodeIgniter->handleRequest(NULL, Object(Config\Cache), false)
#7 D:\xampp\htdocs\rnd\index.php(37): CodeIgniter\CodeIgniter->run()
#8 {main}
CRITICAL - 2022-05-23 00:35:33 --> syntax error, unexpected ''name'' (T_CONSTANT_ENCAPSED_STRING), expecting ']'
#0 D:\xampp\htdocs\rnd\system\Router\Router.php(175): CodeIgniter\Router\Router->autoRoute('/home/insert_da...')
#1 D:\xampp\htdocs\rnd\system\CodeIgniter.php(726): CodeIgniter\Router\Router->handle('/home/insert_da...')
#2 D:\xampp\htdocs\rnd\system\CodeIgniter.php(368): CodeIgniter\CodeIgniter->tryToRouteIt(Object(CodeIgniter\Router\RouteCollection))
#3 D:\xampp\htdocs\rnd\system\CodeIgniter.php(326): CodeIgniter\CodeIgniter->handleRequest(NULL, Object(Config\Cache), false)
#4 D:\xampp\htdocs\rnd\index.php(37): CodeIgniter\CodeIgniter->run()
#5 {main}
CRITICAL - 2022-05-23 00:35:45 --> syntax error, unexpected ';', expecting ']'
#0 D:\xampp\htdocs\rnd\system\Router\Router.php(175): CodeIgniter\Router\Router->autoRoute('/home/insert_da...')
#1 D:\xampp\htdocs\rnd\system\CodeIgniter.php(726): CodeIgniter\Router\Router->handle('/home/insert_da...')
#2 D:\xampp\htdocs\rnd\system\CodeIgniter.php(368): CodeIgniter\CodeIgniter->tryToRouteIt(Object(CodeIgniter\Router\RouteCollection))
#3 D:\xampp\htdocs\rnd\system\CodeIgniter.php(326): CodeIgniter\CodeIgniter->handleRequest(NULL, Object(Config\Cache), false)
#4 D:\xampp\htdocs\rnd\index.php(37): CodeIgniter\CodeIgniter->run()
#5 {main}
CRITICAL - 2022-05-23 00:35:50 --> Name is required. is not a valid rule.
#0 D:\xampp\htdocs\rnd\system\Validation\Validation.php(300): CodeIgniter\Validation\Exceptions\ValidationException::forRuleNotFound('Name is require...')
#1 D:\xampp\htdocs\rnd\system\Validation\Validation.php(157): CodeIgniter\Validation\Validation->processRules('errors', 'errors', NULL, Array, Array)
#2 D:\xampp\htdocs\rnd\system\Controller.php(160): CodeIgniter\Validation\Validation->run()
#3 D:\xampp\htdocs\rnd\app\Controllers\Home.php(31): CodeIgniter\Controller->validate(Array)
#4 D:\xampp\htdocs\rnd\system\CodeIgniter.php(832): App\Controllers\Home->insert_data()
#5 D:\xampp\htdocs\rnd\system\CodeIgniter.php(419): CodeIgniter\CodeIgniter->runController(Object(App\Controllers\Home))
#6 D:\xampp\htdocs\rnd\system\CodeIgniter.php(326): CodeIgniter\CodeIgniter->handleRequest(NULL, Object(Config\Cache), false)
#7 D:\xampp\htdocs\rnd\index.php(37): CodeIgniter\CodeIgniter->run()
#8 {main}
CRITICAL - 2022-05-23 01:15:03 --> Undefined variable: data
#0 D:\xampp\htdocs\rnd\app\Views\view.php(49): CodeIgniter\Debug\Exceptions->errorHandler(8, 'Undefined varia...', 'D:\\xampp\\htdocs...', 49, Array)
#1 D:\xampp\htdocs\rnd\system\View\View.php(210): include('D:\\xampp\\htdocs...')
#2 D:\xampp\htdocs\rnd\system\View\View.php(213): CodeIgniter\View\View->CodeIgniter\View\{closure}()
#3 D:\xampp\htdocs\rnd\system\Common.php(1089): CodeIgniter\View\View->render('view', Array, true)
#4 D:\xampp\htdocs\rnd\app\Controllers\Home.php(30): view('view')
#5 D:\xampp\htdocs\rnd\system\CodeIgniter.php(832): App\Controllers\Home->data_view()
#6 D:\xampp\htdocs\rnd\system\CodeIgniter.php(419): CodeIgniter\CodeIgniter->runController(Object(App\Controllers\Home))
#7 D:\xampp\htdocs\rnd\system\CodeIgniter.php(326): CodeIgniter\CodeIgniter->handleRequest(NULL, Object(Config\Cache), false)
#8 D:\xampp\htdocs\rnd\index.php(37): CodeIgniter\CodeIgniter->run()
#9 {main}
CRITICAL - 2022-05-23 01:24:36 --> You must set the database table to be used with your query.
#0 D:\xampp\htdocs\rnd\system\Model.php(545): CodeIgniter\Database\BaseConnection->table(NULL)
#1 D:\xampp\htdocs\rnd\system\Model.php(722): CodeIgniter\Model->builder()
#2 D:\xampp\htdocs\rnd\app\Controllers\Home.php(32): CodeIgniter\Model->__call('orderBy', Array)
#3 D:\xampp\htdocs\rnd\system\CodeIgniter.php(832): App\Controllers\Home->data_view()
#4 D:\xampp\htdocs\rnd\system\CodeIgniter.php(419): CodeIgniter\CodeIgniter->runController(Object(App\Controllers\Home))
#5 D:\xampp\htdocs\rnd\system\CodeIgniter.php(326): CodeIgniter\CodeIgniter->handleRequest(NULL, Object(Config\Cache), false)
#6 D:\xampp\htdocs\rnd\index.php(37): CodeIgniter\CodeIgniter->run()
#7 {main}
CRITICAL - 2022-05-23 01:28:32 --> syntax error, unexpected end of file
#0 D:\xampp\htdocs\rnd\system\View\View.php(213): CodeIgniter\View\View->CodeIgniter\View\{closure}()
#1 D:\xampp\htdocs\rnd\system\Common.php(1089): CodeIgniter\View\View->render('view', Array, true)
#2 D:\xampp\htdocs\rnd\app\Controllers\Home.php(33): view('view', Array)
#3 D:\xampp\htdocs\rnd\system\CodeIgniter.php(832): App\Controllers\Home->data_view()
#4 D:\xampp\htdocs\rnd\system\CodeIgniter.php(419): CodeIgniter\CodeIgniter->runController(Object(App\Controllers\Home))
#5 D:\xampp\htdocs\rnd\system\CodeIgniter.php(326): CodeIgniter\CodeIgniter->handleRequest(NULL, Object(Config\Cache), false)
#6 D:\xampp\htdocs\rnd\index.php(37): CodeIgniter\CodeIgniter->run()
#7 {main}
CRITICAL - 2022-05-23 01:28:50 --> Invalid argument supplied for foreach()
#0 D:\xampp\htdocs\rnd\app\Views\view.php(30): CodeIgniter\Debug\Exceptions->errorHandler(2, 'Invalid argumen...', 'D:\\xampp\\htdocs...', 30, Array)
#1 D:\xampp\htdocs\rnd\system\View\View.php(210): include('D:\\xampp\\htdocs...')
#2 D:\xampp\htdocs\rnd\system\View\View.php(213): CodeIgniter\View\View->CodeIgniter\View\{closure}()
#3 D:\xampp\htdocs\rnd\system\Common.php(1089): CodeIgniter\View\View->render('view', Array, true)
#4 D:\xampp\htdocs\rnd\app\Controllers\Home.php(33): view('view', Array)
#5 D:\xampp\htdocs\rnd\system\CodeIgniter.php(832): App\Controllers\Home->data_view()
#6 D:\xampp\htdocs\rnd\system\CodeIgniter.php(419): CodeIgniter\CodeIgniter->runController(Object(App\Controllers\Home))
#7 D:\xampp\htdocs\rnd\system\CodeIgniter.php(326): CodeIgniter\CodeIgniter->handleRequest(NULL, Object(Config\Cache), false)
#8 D:\xampp\htdocs\rnd\index.php(37): CodeIgniter\CodeIgniter->run()
#9 {main}
CRITICAL - 2022-05-23 01:29:15 --> Invalid argument supplied for foreach()
#0 D:\xampp\htdocs\rnd\app\Views\view.php(30): CodeIgniter\Debug\Exceptions->errorHandler(2, 'Invalid argumen...', 'D:\\xampp\\htdocs...', 30, Array)
#1 D:\xampp\htdocs\rnd\system\View\View.php(210): include('D:\\xampp\\htdocs...')
#2 D:\xampp\htdocs\rnd\system\View\View.php(213): CodeIgniter\View\View->CodeIgniter\View\{closure}()
#3 D:\xampp\htdocs\rnd\system\Common.php(1089): CodeIgniter\View\View->render('view', Array, true)
#4 D:\xampp\htdocs\rnd\app\Controllers\Home.php(33): view('view', Array)
#5 D:\xampp\htdocs\rnd\system\CodeIgniter.php(832): App\Controllers\Home->data_view()
#6 D:\xampp\htdocs\rnd\system\CodeIgniter.php(419): CodeIgniter\CodeIgniter->runController(Object(App\Controllers\Home))
#7 D:\xampp\htdocs\rnd\system\CodeIgniter.php(326): CodeIgniter\CodeIgniter->handleRequest(NULL, Object(Config\Cache), false)
#8 D:\xampp\htdocs\rnd\index.php(37): CodeIgniter\CodeIgniter->run()
#9 {main}
CRITICAL - 2022-05-23 01:29:17 --> Invalid argument supplied for foreach()
#0 D:\xampp\htdocs\rnd\app\Views\view.php(30): CodeIgniter\Debug\Exceptions->errorHandler(2, 'Invalid argumen...', 'D:\\xampp\\htdocs...', 30, Array)
#1 D:\xampp\htdocs\rnd\system\View\View.php(210): include('D:\\xampp\\htdocs...')
#2 D:\xampp\htdocs\rnd\system\View\View.php(213): CodeIgniter\View\View->CodeIgniter\View\{closure}()
#3 D:\xampp\htdocs\rnd\system\Common.php(1089): CodeIgniter\View\View->render('view', Array, true)
#4 D:\xampp\htdocs\rnd\app\Controllers\Home.php(33): view('view', Array)
#5 D:\xampp\htdocs\rnd\system\CodeIgniter.php(832): App\Controllers\Home->data_view()
#6 D:\xampp\htdocs\rnd\system\CodeIgniter.php(419): CodeIgniter\CodeIgniter->runController(Object(App\Controllers\Home))
#7 D:\xampp\htdocs\rnd\system\CodeIgniter.php(326): CodeIgniter\CodeIgniter->handleRequest(NULL, Object(Config\Cache), false)
#8 D:\xampp\htdocs\rnd\index.php(37): CodeIgniter\CodeIgniter->run()
#9 {main}
CRITICAL - 2022-05-23 01:29:17 --> Invalid argument supplied for foreach()
#0 D:\xampp\htdocs\rnd\app\Views\view.php(30): CodeIgniter\Debug\Exceptions->errorHandler(2, 'Invalid argumen...', 'D:\\xampp\\htdocs...', 30, Array)
#1 D:\xampp\htdocs\rnd\system\View\View.php(210): include('D:\\xampp\\htdocs...')
#2 D:\xampp\htdocs\rnd\system\View\View.php(213): CodeIgniter\View\View->CodeIgniter\View\{closure}()
#3 D:\xampp\htdocs\rnd\system\Common.php(1089): CodeIgniter\View\View->render('view', Array, true)
#4 D:\xampp\htdocs\rnd\app\Controllers\Home.php(33): view('view', Array)
#5 D:\xampp\htdocs\rnd\system\CodeIgniter.php(832): App\Controllers\Home->data_view()
#6 D:\xampp\htdocs\rnd\system\CodeIgniter.php(419): CodeIgniter\CodeIgniter->runController(Object(App\Controllers\Home))
#7 D:\xampp\htdocs\rnd\system\CodeIgniter.php(326): CodeIgniter\CodeIgniter->handleRequest(NULL, Object(Config\Cache), false)
#8 D:\xampp\htdocs\rnd\index.php(37): CodeIgniter\CodeIgniter->run()
#9 {main}
CRITICAL - 2022-05-23 01:29:18 --> Invalid argument supplied for foreach()
#0 D:\xampp\htdocs\rnd\app\Views\view.php(30): CodeIgniter\Debug\Exceptions->errorHandler(2, 'Invalid argumen...', 'D:\\xampp\\htdocs...', 30, Array)
#1 D:\xampp\htdocs\rnd\system\View\View.php(210): include('D:\\xampp\\htdocs...')
#2 D:\xampp\htdocs\rnd\system\View\View.php(213): CodeIgniter\View\View->CodeIgniter\View\{closure}()
#3 D:\xampp\htdocs\rnd\system\Common.php(1089): CodeIgniter\View\View->render('view', Array, true)
#4 D:\xampp\htdocs\rnd\app\Controllers\Home.php(33): view('view', Array)
#5 D:\xampp\htdocs\rnd\system\CodeIgniter.php(832): App\Controllers\Home->data_view()
#6 D:\xampp\htdocs\rnd\system\CodeIgniter.php(419): CodeIgniter\CodeIgniter->runController(Object(App\Controllers\Home))
#7 D:\xampp\htdocs\rnd\system\CodeIgniter.php(326): CodeIgniter\CodeIgniter->handleRequest(NULL, Object(Config\Cache), false)
#8 D:\xampp\htdocs\rnd\index.php(37): CodeIgniter\CodeIgniter->run()
#9 {main}
CRITICAL - 2022-05-23 01:29:18 --> Invalid argument supplied for foreach()
#0 D:\xampp\htdocs\rnd\app\Views\view.php(30): CodeIgniter\Debug\Exceptions->errorHandler(2, 'Invalid argumen...', 'D:\\xampp\\htdocs...', 30, Array)
#1 D:\xampp\htdocs\rnd\system\View\View.php(210): include('D:\\xampp\\htdocs...')
#2 D:\xampp\htdocs\rnd\system\View\View.php(213): CodeIgniter\View\View->CodeIgniter\View\{closure}()
#3 D:\xampp\htdocs\rnd\system\Common.php(1089): CodeIgniter\View\View->render('view', Array, true)
#4 D:\xampp\htdocs\rnd\app\Controllers\Home.php(33): view('view', Array)
#5 D:\xampp\htdocs\rnd\system\CodeIgniter.php(832): App\Controllers\Home->data_view()
#6 D:\xampp\htdocs\rnd\system\CodeIgniter.php(419): CodeIgniter\CodeIgniter->runController(Object(App\Controllers\Home))
#7 D:\xampp\htdocs\rnd\system\CodeIgniter.php(326): CodeIgniter\CodeIgniter->handleRequest(NULL, Object(Config\Cache), false)
#8 D:\xampp\htdocs\rnd\index.php(37): CodeIgniter\CodeIgniter->run()
#9 {main}
CRITICAL - 2022-05-23 01:29:29 --> Undefined variable: data
#0 D:\xampp\htdocs\rnd\app\Views\view.php(30): CodeIgniter\Debug\Exceptions->errorHandler(8, 'Undefined varia...', 'D:\\xampp\\htdocs...', 30, Array)
#1 D:\xampp\htdocs\rnd\system\View\View.php(210): include('D:\\xampp\\htdocs...')
#2 D:\xampp\htdocs\rnd\system\View\View.php(213): CodeIgniter\View\View->CodeIgniter\View\{closure}()
#3 D:\xampp\htdocs\rnd\system\Common.php(1089): CodeIgniter\View\View->render('view', Array, true)
#4 D:\xampp\htdocs\rnd\app\Controllers\Home.php(33): view('view', Array)
#5 D:\xampp\htdocs\rnd\system\CodeIgniter.php(832): App\Controllers\Home->data_view()
#6 D:\xampp\htdocs\rnd\system\CodeIgniter.php(419): CodeIgniter\CodeIgniter->runController(Object(App\Controllers\Home))
#7 D:\xampp\htdocs\rnd\system\CodeIgniter.php(326): CodeIgniter\CodeIgniter->handleRequest(NULL, Object(Config\Cache), false)
#8 D:\xampp\htdocs\rnd\index.php(37): CodeIgniter\CodeIgniter->run()
#9 {main}
CRITICAL - 2022-05-23 01:32:01 --> Invalid argument supplied for foreach()
#0 D:\xampp\htdocs\rnd\app\Views\view.php(30): CodeIgniter\Debug\Exceptions->errorHandler(2, 'Invalid argumen...', 'D:\\xampp\\htdocs...', 30, Array)
#1 D:\xampp\htdocs\rnd\system\View\View.php(210): include('D:\\xampp\\htdocs...')
#2 D:\xampp\htdocs\rnd\system\View\View.php(213): CodeIgniter\View\View->CodeIgniter\View\{closure}()
#3 D:\xampp\htdocs\rnd\system\Common.php(1089): CodeIgniter\View\View->render('view', Array, true)
#4 D:\xampp\htdocs\rnd\app\Controllers\Home.php(33): view('view', Array)
#5 D:\xampp\htdocs\rnd\system\CodeIgniter.php(832): App\Controllers\Home->data_view()
#6 D:\xampp\htdocs\rnd\system\CodeIgniter.php(419): CodeIgniter\CodeIgniter->runController(Object(App\Controllers\Home))
#7 D:\xampp\htdocs\rnd\system\CodeIgniter.php(326): CodeIgniter\CodeIgniter->handleRequest(NULL, Object(Config\Cache), false)
#8 D:\xampp\htdocs\rnd\index.php(37): CodeIgniter\CodeIgniter->run()
#9 {main}
CRITICAL - 2022-05-23 01:32:11 --> Invalid argument supplied for foreach()
#0 D:\xampp\htdocs\rnd\app\Views\view.php(30): CodeIgniter\Debug\Exceptions->errorHandler(2, 'Invalid argumen...', 'D:\\xampp\\htdocs...', 30, Array)
#1 D:\xampp\htdocs\rnd\system\View\View.php(210): include('D:\\xampp\\htdocs...')
#2 D:\xampp\htdocs\rnd\system\View\View.php(213): CodeIgniter\View\View->CodeIgniter\View\{closure}()
#3 D:\xampp\htdocs\rnd\system\Common.php(1089): CodeIgniter\View\View->render('view', Array, true)
#4 D:\xampp\htdocs\rnd\app\Controllers\Home.php(33): view('view', Array)
#5 D:\xampp\htdocs\rnd\system\CodeIgniter.php(832): App\Controllers\Home->data_view()
#6 D:\xampp\htdocs\rnd\system\CodeIgniter.php(419): CodeIgniter\CodeIgniter->runController(Object(App\Controllers\Home))
#7 D:\xampp\htdocs\rnd\system\CodeIgniter.php(326): CodeIgniter\CodeIgniter->handleRequest(NULL, Object(Config\Cache), false)
#8 D:\xampp\htdocs\rnd\index.php(37): CodeIgniter\CodeIgniter->run()
#9 {main}
CRITICAL - 2022-05-23 01:33:16 --> Invalid argument supplied for foreach()
#0 D:\xampp\htdocs\rnd\app\Views\view.php(30): CodeIgniter\Debug\Exceptions->errorHandler(2, 'Invalid argumen...', 'D:\\xampp\\htdocs...', 30, Array)
#1 D:\xampp\htdocs\rnd\system\View\View.php(210): include('D:\\xampp\\htdocs...')
#2 D:\xampp\htdocs\rnd\system\View\View.php(213): CodeIgniter\View\View->CodeIgniter\View\{closure}()
#3 D:\xampp\htdocs\rnd\system\Common.php(1089): CodeIgniter\View\View->render('view', Array, true)
#4 D:\xampp\htdocs\rnd\app\Controllers\Home.php(33): view('view', Array)
#5 D:\xampp\htdocs\rnd\system\CodeIgniter.php(832): App\Controllers\Home->data_view()
#6 D:\xampp\htdocs\rnd\system\CodeIgniter.php(419): CodeIgniter\CodeIgniter->runController(Object(App\Controllers\Home))
#7 D:\xampp\htdocs\rnd\system\CodeIgniter.php(326): CodeIgniter\CodeIgniter->handleRequest(NULL, Object(Config\Cache), false)
#8 D:\xampp\htdocs\rnd\index.php(37): CodeIgniter\CodeIgniter->run()
#9 {main}
CRITICAL - 2022-05-23 01:33:17 --> Invalid argument supplied for foreach()
#0 D:\xampp\htdocs\rnd\app\Views\view.php(30): CodeIgniter\Debug\Exceptions->errorHandler(2, 'Invalid argumen...', 'D:\\xampp\\htdocs...', 30, Array)
#1 D:\xampp\htdocs\rnd\system\View\View.php(210): include('D:\\xampp\\htdocs...')
#2 D:\xampp\htdocs\rnd\system\View\View.php(213): CodeIgniter\View\View->CodeIgniter\View\{closure}()
#3 D:\xampp\htdocs\rnd\system\Common.php(1089): CodeIgniter\View\View->render('view', Array, true)
#4 D:\xampp\htdocs\rnd\app\Controllers\Home.php(33): view('view', Array)
#5 D:\xampp\htdocs\rnd\system\CodeIgniter.php(832): App\Controllers\Home->data_view()
#6 D:\xampp\htdocs\rnd\system\CodeIgniter.php(419): CodeIgniter\CodeIgniter->runController(Object(App\Controllers\Home))
#7 D:\xampp\htdocs\rnd\system\CodeIgniter.php(326): CodeIgniter\CodeIgniter->handleRequest(NULL, Object(Config\Cache), false)
#8 D:\xampp\htdocs\rnd\index.php(37): CodeIgniter\CodeIgniter->run()
#9 {main}
CRITICAL - 2022-05-23 01:33:22 --> Invalid argument supplied for foreach()
#0 D:\xampp\htdocs\rnd\app\Views\view.php(30): CodeIgniter\Debug\Exceptions->errorHandler(2, 'Invalid argumen...', 'D:\\xampp\\htdocs...', 30, Array)
#1 D:\xampp\htdocs\rnd\system\View\View.php(210): include('D:\\xampp\\htdocs...')
#2 D:\xampp\htdocs\rnd\system\View\View.php(213): CodeIgniter\View\View->CodeIgniter\View\{closure}()
#3 D:\xampp\htdocs\rnd\system\Common.php(1089): CodeIgniter\View\View->render('view', Array, true)
#4 D:\xampp\htdocs\rnd\app\Controllers\Home.php(33): view('view', Array)
#5 D:\xampp\htdocs\rnd\system\CodeIgniter.php(832): App\Controllers\Home->data_view()
#6 D:\xampp\htdocs\rnd\system\CodeIgniter.php(419): CodeIgniter\CodeIgniter->runController(Object(App\Controllers\Home))
#7 D:\xampp\htdocs\rnd\system\CodeIgniter.php(326): CodeIgniter\CodeIgniter->handleRequest(NULL, Object(Config\Cache), false)
#8 D:\xampp\htdocs\rnd\index.php(37): CodeIgniter\CodeIgniter->run()
#9 {main}
CRITICAL - 2022-05-23 01:39:15 --> syntax error, unexpected 'echo' (T_ECHO)
#0 D:\xampp\htdocs\rnd\system\View\View.php(213): CodeIgniter\View\View->CodeIgniter\View\{closure}()
#1 D:\xampp\htdocs\rnd\system\Common.php(1089): CodeIgniter\View\View->render('view', Array, true)
#2 D:\xampp\htdocs\rnd\app\Controllers\Home.php(33): view('view', Array)
#3 D:\xampp\htdocs\rnd\system\CodeIgniter.php(832): App\Controllers\Home->data_view()
#4 D:\xampp\htdocs\rnd\system\CodeIgniter.php(419): CodeIgniter\CodeIgniter->runController(Object(App\Controllers\Home))
#5 D:\xampp\htdocs\rnd\system\CodeIgniter.php(326): CodeIgniter\CodeIgniter->handleRequest(NULL, Object(Config\Cache), false)
#6 D:\xampp\htdocs\rnd\index.php(37): CodeIgniter\CodeIgniter->run()
#7 {main}
CRITICAL - 2022-05-23 01:42:28 --> Call to undefined method CodeIgniter\Database\MySQLi\Result::findAll()
#0 D:\xampp\htdocs\rnd\app\Controllers\Home.php(32): App\Models\Rmodel->crop()
#1 D:\xampp\htdocs\rnd\system\CodeIgniter.php(832): App\Controllers\Home->data_view()
#2 D:\xampp\htdocs\rnd\system\CodeIgniter.php(419): CodeIgniter\CodeIgniter->runController(Object(App\Controllers\Home))
#3 D:\xampp\htdocs\rnd\system\CodeIgniter.php(326): CodeIgniter\CodeIgniter->handleRequest(NULL, Object(Config\Cache), false)
#4 D:\xampp\htdocs\rnd\index.php(37): CodeIgniter\CodeIgniter->run()
#5 {main}
CRITICAL - 2022-05-23 01:42:39 --> Call to undefined method CodeIgniter\Database\MySQLi\Result::get()
#0 D:\xampp\htdocs\rnd\app\Controllers\Home.php(32): App\Models\Rmodel->crop()
#1 D:\xampp\htdocs\rnd\system\CodeIgniter.php(832): App\Controllers\Home->data_view()
#2 D:\xampp\htdocs\rnd\system\CodeIgniter.php(419): CodeIgniter\CodeIgniter->runController(Object(App\Controllers\Home))
#3 D:\xampp\htdocs\rnd\system\CodeIgniter.php(326): CodeIgniter\CodeIgniter->handleRequest(NULL, Object(Config\Cache), false)
#4 D:\xampp\htdocs\rnd\index.php(37): CodeIgniter\CodeIgniter->run()
#5 {main}
CRITICAL - 2022-05-23 01:45:13 --> Call to undefined method CodeIgniter\Database\MySQLi\Result::get()
#0 D:\xampp\htdocs\rnd\app\Controllers\Home.php(32): App\Models\Rmodel->crop()
#1 D:\xampp\htdocs\rnd\system\CodeIgniter.php(832): App\Controllers\Home->data_view()
#2 D:\xampp\htdocs\rnd\system\CodeIgniter.php(419): CodeIgniter\CodeIgniter->runController(Object(App\Controllers\Home))
#3 D:\xampp\htdocs\rnd\system\CodeIgniter.php(326): CodeIgniter\CodeIgniter->handleRequest(NULL, Object(Config\Cache), false)
#4 D:\xampp\htdocs\rnd\index.php(37): CodeIgniter\CodeIgniter->run()
#5 {main}
CRITICAL - 2022-05-23 01:45:37 --> Call to undefined method CodeIgniter\Database\MySQLi\Result::result()
#0 D:\xampp\htdocs\rnd\app\Controllers\Home.php(32): App\Models\Rmodel->crop()
#1 D:\xampp\htdocs\rnd\system\CodeIgniter.php(832): App\Controllers\Home->data_view()
#2 D:\xampp\htdocs\rnd\system\CodeIgniter.php(419): CodeIgniter\CodeIgniter->runController(Object(App\Controllers\Home))
#3 D:\xampp\htdocs\rnd\system\CodeIgniter.php(326): CodeIgniter\CodeIgniter->handleRequest(NULL, Object(Config\Cache), false)
#4 D:\xampp\htdocs\rnd\index.php(37): CodeIgniter\CodeIgniter->run()
#5 {main}
CRITICAL - 2022-05-23 01:46:15 --> Call to undefined method CodeIgniter\Database\MySQLi\Connection::get()
#0 D:\xampp\htdocs\rnd\app\Controllers\Home.php(32): App\Models\Rmodel->crop()
#1 D:\xampp\htdocs\rnd\system\CodeIgniter.php(832): App\Controllers\Home->data_view()
#2 D:\xampp\htdocs\rnd\system\CodeIgniter.php(419): CodeIgniter\CodeIgniter->runController(Object(App\Controllers\Home))
#3 D:\xampp\htdocs\rnd\system\CodeIgniter.php(326): CodeIgniter\CodeIgniter->handleRequest(NULL, Object(Config\Cache), false)
#4 D:\xampp\htdocs\rnd\index.php(37): CodeIgniter\CodeIgniter->run()
#5 {main}
CRITICAL - 2022-05-23 01:46:28 --> Object of class CodeIgniter\Database\MySQLi\Connection could not be converted to string
#0 D:\xampp\htdocs\rnd\app\Controllers\Home.php(32): App\Models\Rmodel->crop()
#1 D:\xampp\htdocs\rnd\system\CodeIgniter.php(832): App\Controllers\Home->data_view()
#2 D:\xampp\htdocs\rnd\system\CodeIgniter.php(419): CodeIgniter\CodeIgniter->runController(Object(App\Controllers\Home))
#3 D:\xampp\htdocs\rnd\system\CodeIgniter.php(326): CodeIgniter\CodeIgniter->handleRequest(NULL, Object(Config\Cache), false)
#4 D:\xampp\htdocs\rnd\index.php(37): CodeIgniter\CodeIgniter->run()
#5 {main}
CRITICAL - 2022-05-23 01:55:37 --> Call to undefined method CodeIgniter\Database\MySQLi\Result::result()
#0 D:\xampp\htdocs\rnd\app\Controllers\Home.php(32): App\Models\Rmodel->crop()
#1 D:\xampp\htdocs\rnd\system\CodeIgniter.php(832): App\Controllers\Home->data_view()
#2 D:\xampp\htdocs\rnd\system\CodeIgniter.php(419): CodeIgniter\CodeIgniter->runController(Object(App\Controllers\Home))
#3 D:\xampp\htdocs\rnd\system\CodeIgniter.php(326): CodeIgniter\CodeIgniter->handleRequest(NULL, Object(Config\Cache), false)
#4 D:\xampp\htdocs\rnd\index.php(37): CodeIgniter\CodeIgniter->run()
#5 {main}
CRITICAL - 2022-05-23 01:58:32 --> Use of undefined constant name - assumed 'name' (this will throw an Error in a future version of PHP)
#0 D:\xampp\htdocs\rnd\app\Views\view.php(35): CodeIgniter\Debug\Exceptions->errorHandler(2, 'Use of undefine...', 'D:\\xampp\\htdocs...', 35, Array)
#1 D:\xampp\htdocs\rnd\system\View\View.php(210): include('D:\\xampp\\htdocs...')
#2 D:\xampp\htdocs\rnd\system\View\View.php(213): CodeIgniter\View\View->CodeIgniter\View\{closure}()
#3 D:\xampp\htdocs\rnd\system\Common.php(1089): CodeIgniter\View\View->render('view', Array, true)
#4 D:\xampp\htdocs\rnd\app\Controllers\Home.php(34): view('view', Array)
#5 D:\xampp\htdocs\rnd\system\CodeIgniter.php(832): App\Controllers\Home->data_view()
#6 D:\xampp\htdocs\rnd\system\CodeIgniter.php(419): CodeIgniter\CodeIgniter->runController(Object(App\Controllers\Home))
#7 D:\xampp\htdocs\rnd\system\CodeIgniter.php(326): CodeIgniter\CodeIgniter->handleRequest(NULL, Object(Config\Cache), false)
#8 D:\xampp\htdocs\rnd\index.php(37): CodeIgniter\CodeIgniter->run()
#9 {main}
CRITICAL - 2022-05-23 01:58:53 --> Undefined variable: data
#0 D:\xampp\htdocs\rnd\app\Views\view.php(35): CodeIgniter\Debug\Exceptions->errorHandler(8, 'Undefined varia...', 'D:\\xampp\\htdocs...', 35, Array)
#1 D:\xampp\htdocs\rnd\system\View\View.php(210): include('D:\\xampp\\htdocs...')
#2 D:\xampp\htdocs\rnd\system\View\View.php(213): CodeIgniter\View\View->CodeIgniter\View\{closure}()
#3 D:\xampp\htdocs\rnd\system\Common.php(1089): CodeIgniter\View\View->render('view', Array, true)
#4 D:\xampp\htdocs\rnd\app\Controllers\Home.php(34): view('view', Array)
#5 D:\xampp\htdocs\rnd\system\CodeIgniter.php(832): App\Controllers\Home->data_view()
#6 D:\xampp\htdocs\rnd\system\CodeIgniter.php(419): CodeIgniter\CodeIgniter->runController(Object(App\Controllers\Home))
#7 D:\xampp\htdocs\rnd\system\CodeIgniter.php(326): CodeIgniter\CodeIgniter->handleRequest(NULL, Object(Config\Cache), false)
#8 D:\xampp\htdocs\rnd\index.php(37): CodeIgniter\CodeIgniter->run()
#9 {main}
CRITICAL - 2022-05-23 01:59:02 --> Trying to get property 'name' of non-object
#0 D:\xampp\htdocs\rnd\app\Views\view.php(35): CodeIgniter\Debug\Exceptions->errorHandler(8, 'Trying to get p...', 'D:\\xampp\\htdocs...', 35, Array)
#1 D:\xampp\htdocs\rnd\system\View\View.php(210): include('D:\\xampp\\htdocs...')
#2 D:\xampp\htdocs\rnd\system\View\View.php(213): CodeIgniter\View\View->CodeIgniter\View\{closure}()
#3 D:\xampp\htdocs\rnd\system\Common.php(1089): CodeIgniter\View\View->render('view', Array, true)
#4 D:\xampp\htdocs\rnd\app\Controllers\Home.php(34): view('view', Array)
#5 D:\xampp\htdocs\rnd\system\CodeIgniter.php(832): App\Controllers\Home->data_view()
#6 D:\xampp\htdocs\rnd\system\CodeIgniter.php(419): CodeIgniter\CodeIgniter->runController(Object(App\Controllers\Home))
#7 D:\xampp\htdocs\rnd\system\CodeIgniter.php(326): CodeIgniter\CodeIgniter->handleRequest(NULL, Object(Config\Cache), false)
#8 D:\xampp\htdocs\rnd\index.php(37): CodeIgniter\CodeIgniter->run()
#9 {main}
CRITICAL - 2022-05-23 02:00:13 --> Undefined variable: name
#0 D:\xampp\htdocs\rnd\app\Views\view.php(35): CodeIgniter\Debug\Exceptions->errorHandler(8, 'Undefined varia...', 'D:\\xampp\\htdocs...', 35, Array)
#1 D:\xampp\htdocs\rnd\system\View\View.php(210): include('D:\\xampp\\htdocs...')
#2 D:\xampp\htdocs\rnd\system\View\View.php(213): CodeIgniter\View\View->CodeIgniter\View\{closure}()
#3 D:\xampp\htdocs\rnd\system\Common.php(1089): CodeIgniter\View\View->render('view', Array, true)
#4 D:\xampp\htdocs\rnd\app\Controllers\Home.php(34): view('view', Array)
#5 D:\xampp\htdocs\rnd\system\CodeIgniter.php(832): App\Controllers\Home->data_view()
#6 D:\xampp\htdocs\rnd\system\CodeIgniter.php(419): CodeIgniter\CodeIgniter->runController(Object(App\Controllers\Home))
#7 D:\xampp\htdocs\rnd\system\CodeIgniter.php(326): CodeIgniter\CodeIgniter->handleRequest(NULL, Object(Config\Cache), false)
#8 D:\xampp\htdocs\rnd\index.php(37): CodeIgniter\CodeIgniter->run()
#9 {main}
CRITICAL - 2022-05-23 02:00:36 --> Undefined variable: name
#0 D:\xampp\htdocs\rnd\app\Views\view.php(35): CodeIgniter\Debug\Exceptions->errorHandler(8, 'Undefined varia...', 'D:\\xampp\\htdocs...', 35, Array)
#1 D:\xampp\htdocs\rnd\system\View\View.php(210): include('D:\\xampp\\htdocs...')
#2 D:\xampp\htdocs\rnd\system\View\View.php(213): CodeIgniter\View\View->CodeIgniter\View\{closure}()
#3 D:\xampp\htdocs\rnd\system\Common.php(1089): CodeIgniter\View\View->render('view', Array, true)
#4 D:\xampp\htdocs\rnd\app\Controllers\Home.php(34): view('view', Array)
#5 D:\xampp\htdocs\rnd\system\CodeIgniter.php(832): App\Controllers\Home->data_view()
#6 D:\xampp\htdocs\rnd\system\CodeIgniter.php(419): CodeIgniter\CodeIgniter->runController(Object(App\Controllers\Home))
#7 D:\xampp\htdocs\rnd\system\CodeIgniter.php(326): CodeIgniter\CodeIgniter->handleRequest(NULL, Object(Config\Cache), false)
#8 D:\xampp\htdocs\rnd\index.php(37): CodeIgniter\CodeIgniter->run()
#9 {main}
CRITICAL - 2022-05-23 02:01:28 --> Undefined variable: name
#0 D:\xampp\htdocs\rnd\app\Views\view.php(35): CodeIgniter\Debug\Exceptions->errorHandler(8, 'Undefined varia...', 'D:\\xampp\\htdocs...', 35, Array)
#1 D:\xampp\htdocs\rnd\system\View\View.php(210): include('D:\\xampp\\htdocs...')
#2 D:\xampp\htdocs\rnd\system\View\View.php(213): CodeIgniter\View\View->CodeIgniter\View\{closure}()
#3 D:\xampp\htdocs\rnd\system\Common.php(1089): CodeIgniter\View\View->render('view', Array, true)
#4 D:\xampp\htdocs\rnd\app\Controllers\Home.php(34): view('view', Array)
#5 D:\xampp\htdocs\rnd\system\CodeIgniter.php(832): App\Controllers\Home->data_view()
#6 D:\xampp\htdocs\rnd\system\CodeIgniter.php(419): CodeIgniter\CodeIgniter->runController(Object(App\Controllers\Home))
#7 D:\xampp\htdocs\rnd\system\CodeIgniter.php(326): CodeIgniter\CodeIgniter->handleRequest(NULL, Object(Config\Cache), false)
#8 D:\xampp\htdocs\rnd\index.php(37): CodeIgniter\CodeIgniter->run()
#9 {main}
CRITICAL - 2022-05-23 02:01:51 --> Use of undefined constant type - assumed 'type' (this will throw an Error in a future version of PHP)
#0 D:\xampp\htdocs\rnd\app\Views\view.php(36): CodeIgniter\Debug\Exceptions->errorHandler(2, 'Use of undefine...', 'D:\\xampp\\htdocs...', 36, Array)
#1 D:\xampp\htdocs\rnd\system\View\View.php(210): include('D:\\xampp\\htdocs...')
#2 D:\xampp\htdocs\rnd\system\View\View.php(213): CodeIgniter\View\View->CodeIgniter\View\{closure}()
#3 D:\xampp\htdocs\rnd\system\Common.php(1089): CodeIgniter\View\View->render('view', Array, true)
#4 D:\xampp\htdocs\rnd\app\Controllers\Home.php(34): view('view', Array)
#5 D:\xampp\htdocs\rnd\system\CodeIgniter.php(832): App\Controllers\Home->data_view()
#6 D:\xampp\htdocs\rnd\system\CodeIgniter.php(419): CodeIgniter\CodeIgniter->runController(Object(App\Controllers\Home))
#7 D:\xampp\htdocs\rnd\system\CodeIgniter.php(326): CodeIgniter\CodeIgniter->handleRequest(NULL, Object(Config\Cache), false)
#8 D:\xampp\htdocs\rnd\index.php(37): CodeIgniter\CodeIgniter->run()
#9 {main}
CRITICAL - 2022-05-23 02:02:16 --> Array to string conversion
#0 D:\xampp\htdocs\rnd\app\Views\view.php(35): CodeIgniter\Debug\Exceptions->errorHandler(8, 'Array to string...', 'D:\\xampp\\htdocs...', 35, Array)
#1 D:\xampp\htdocs\rnd\system\View\View.php(210): include('D:\\xampp\\htdocs...')
#2 D:\xampp\htdocs\rnd\system\View\View.php(213): CodeIgniter\View\View->CodeIgniter\View\{closure}()
#3 D:\xampp\htdocs\rnd\system\Common.php(1089): CodeIgniter\View\View->render('view', Array, true)
#4 D:\xampp\htdocs\rnd\app\Controllers\Home.php(34): view('view', Array)
#5 D:\xampp\htdocs\rnd\system\CodeIgniter.php(832): App\Controllers\Home->data_view()
#6 D:\xampp\htdocs\rnd\system\CodeIgniter.php(419): CodeIgniter\CodeIgniter->runController(Object(App\Controllers\Home))
#7 D:\xampp\htdocs\rnd\system\CodeIgniter.php(326): CodeIgniter\CodeIgniter->handleRequest(NULL, Object(Config\Cache), false)
#8 D:\xampp\htdocs\rnd\index.php(37): CodeIgniter\CodeIgniter->run()
#9 {main}
CRITICAL - 2022-05-23 02:05:34 --> Illegal string offset 'name'
#0 D:\xampp\htdocs\rnd\app\Views\view.php(35): CodeIgniter\Debug\Exceptions->errorHandler(2, 'Illegal string ...', 'D:\\xampp\\htdocs...', 35, Array)
#1 D:\xampp\htdocs\rnd\system\View\View.php(210): include('D:\\xampp\\htdocs...')
#2 D:\xampp\htdocs\rnd\system\View\View.php(213): CodeIgniter\View\View->CodeIgniter\View\{closure}()
#3 D:\xampp\htdocs\rnd\system\Common.php(1089): CodeIgniter\View\View->render('view', Array, true)
#4 D:\xampp\htdocs\rnd\app\Controllers\Home.php(34): view('view', Array)
#5 D:\xampp\htdocs\rnd\system\CodeIgniter.php(832): App\Controllers\Home->data_view()
#6 D:\xampp\htdocs\rnd\system\CodeIgniter.php(419): CodeIgniter\CodeIgniter->runController(Object(App\Controllers\Home))
#7 D:\xampp\htdocs\rnd\system\CodeIgniter.php(326): CodeIgniter\CodeIgniter->handleRequest(NULL, Object(Config\Cache), false)
#8 D:\xampp\htdocs\rnd\index.php(37): CodeIgniter\CodeIgniter->run()
#9 {main}
CRITICAL - 2022-05-23 02:06:28 --> syntax error, unexpected end of file, expecting elseif (T_ELSEIF) or else (T_ELSE) or endif (T_ENDIF)
#0 D:\xampp\htdocs\rnd\system\View\View.php(213): CodeIgniter\View\View->CodeIgniter\View\{closure}()
#1 D:\xampp\htdocs\rnd\system\Common.php(1089): CodeIgniter\View\View->render('view', Array, true)
#2 D:\xampp\htdocs\rnd\app\Controllers\Home.php(34): view('view', Array)
#3 D:\xampp\htdocs\rnd\system\CodeIgniter.php(832): App\Controllers\Home->data_view()
#4 D:\xampp\htdocs\rnd\system\CodeIgniter.php(419): CodeIgniter\CodeIgniter->runController(Object(App\Controllers\Home))
#5 D:\xampp\htdocs\rnd\system\CodeIgniter.php(326): CodeIgniter\CodeIgniter->handleRequest(NULL, Object(Config\Cache), false)
#6 D:\xampp\htdocs\rnd\index.php(37): CodeIgniter\CodeIgniter->run()
#7 {main}
CRITICAL - 2022-05-23 02:06:59 --> syntax error, unexpected 'endforeach' (T_ENDFOREACH)
#0 D:\xampp\htdocs\rnd\system\View\View.php(213): CodeIgniter\View\View->CodeIgniter\View\{closure}()
#1 D:\xampp\htdocs\rnd\system\Common.php(1089): CodeIgniter\View\View->render('view', Array, true)
#2 D:\xampp\htdocs\rnd\app\Controllers\Home.php(34): view('view', Array)
#3 D:\xampp\htdocs\rnd\system\CodeIgniter.php(832): App\Controllers\Home->data_view()
#4 D:\xampp\htdocs\rnd\system\CodeIgniter.php(419): CodeIgniter\CodeIgniter->runController(Object(App\Controllers\Home))
#5 D:\xampp\htdocs\rnd\system\CodeIgniter.php(326): CodeIgniter\CodeIgniter->handleRequest(NULL, Object(Config\Cache), false)
#6 D:\xampp\htdocs\rnd\index.php(37): CodeIgniter\CodeIgniter->run()
#7 {main}
CRITICAL - 2022-05-23 02:07:20 --> Undefined variable: i
#0 D:\xampp\htdocs\rnd\app\Views\view.php(34): CodeIgniter\Debug\Exceptions->errorHandler(8, 'Undefined varia...', 'D:\\xampp\\htdocs...', 34, Array)
#1 D:\xampp\htdocs\rnd\system\View\View.php(210): include('D:\\xampp\\htdocs...')
#2 D:\xampp\htdocs\rnd\system\View\View.php(213): CodeIgniter\View\View->CodeIgniter\View\{closure}()
#3 D:\xampp\htdocs\rnd\system\Common.php(1089): CodeIgniter\View\View->render('view', Array, true)
#4 D:\xampp\htdocs\rnd\app\Controllers\Home.php(34): view('view', Array)
#5 D:\xampp\htdocs\rnd\system\CodeIgniter.php(832): App\Controllers\Home->data_view()
#6 D:\xampp\htdocs\rnd\system\CodeIgniter.php(419): CodeIgniter\CodeIgniter->runController(Object(App\Controllers\Home))
#7 D:\xampp\htdocs\rnd\system\CodeIgniter.php(326): CodeIgniter\CodeIgniter->handleRequest(NULL, Object(Config\Cache), false)
#8 D:\xampp\htdocs\rnd\index.php(37): CodeIgniter\CodeIgniter->run()
#9 {main}
CRITICAL - 2022-05-23 02:07:42 --> Illegal string offset 'name'
#0 D:\xampp\htdocs\rnd\app\Views\view.php(35): CodeIgniter\Debug\Exceptions->errorHandler(2, 'Illegal string ...', 'D:\\xampp\\htdocs...', 35, Array)
#1 D:\xampp\htdocs\rnd\system\View\View.php(210): include('D:\\xampp\\htdocs...')
#2 D:\xampp\htdocs\rnd\system\View\View.php(213): CodeIgniter\View\View->CodeIgniter\View\{closure}()
#3 D:\xampp\htdocs\rnd\system\Common.php(1089): CodeIgniter\View\View->render('view', Array, true)
#4 D:\xampp\htdocs\rnd\app\Controllers\Home.php(34): view('view', Array)
#5 D:\xampp\htdocs\rnd\system\CodeIgniter.php(832): App\Controllers\Home->data_view()
#6 D:\xampp\htdocs\rnd\system\CodeIgniter.php(419): CodeIgniter\CodeIgniter->runController(Object(App\Controllers\Home))
#7 D:\xampp\htdocs\rnd\system\CodeIgniter.php(326): CodeIgniter\CodeIgniter->handleRequest(NULL, Object(Config\Cache), false)
#8 D:\xampp\htdocs\rnd\index.php(37): CodeIgniter\CodeIgniter->run()
#9 {main}
CRITICAL - 2022-05-23 02:07:57 --> Trying to get property 'name' of non-object
#0 D:\xampp\htdocs\rnd\app\Views\view.php(35): CodeIgniter\Debug\Exceptions->errorHandler(8, 'Trying to get p...', 'D:\\xampp\\htdocs...', 35, Array)
#1 D:\xampp\htdocs\rnd\system\View\View.php(210): include('D:\\xampp\\htdocs...')
#2 D:\xampp\htdocs\rnd\system\View\View.php(213): CodeIgniter\View\View->CodeIgniter\View\{closure}()
#3 D:\xampp\htdocs\rnd\system\Common.php(1089): CodeIgniter\View\View->render('view', Array, true)
#4 D:\xampp\htdocs\rnd\app\Controllers\Home.php(34): view('view', Array)
#5 D:\xampp\htdocs\rnd\system\CodeIgniter.php(832): App\Controllers\Home->data_view()
#6 D:\xampp\htdocs\rnd\system\CodeIgniter.php(419): CodeIgniter\CodeIgniter->runController(Object(App\Controllers\Home))
#7 D:\xampp\htdocs\rnd\system\CodeIgniter.php(326): CodeIgniter\CodeIgniter->handleRequest(NULL, Object(Config\Cache), false)
#8 D:\xampp\htdocs\rnd\index.php(37): CodeIgniter\CodeIgniter->run()
#9 {main}
CRITICAL - 2022-05-23 02:53:20 --> Trying to get property 'name' of non-object
#0 D:\xampp\htdocs\rnd\app\Views\view.php(35): CodeIgniter\Debug\Exceptions->errorHandler(8, 'Trying to get p...', 'D:\\xampp\\htdocs...', 35, Array)
#1 D:\xampp\htdocs\rnd\system\View\View.php(210): include('D:\\xampp\\htdocs...')
#2 D:\xampp\htdocs\rnd\system\View\View.php(213): CodeIgniter\View\View->CodeIgniter\View\{closure}()
#3 D:\xampp\htdocs\rnd\system\Common.php(1089): CodeIgniter\View\View->render('view', Array, true)
#4 D:\xampp\htdocs\rnd\app\Controllers\Home.php(34): view('view', Array)
#5 D:\xampp\htdocs\rnd\system\CodeIgniter.php(832): App\Controllers\Home->data_view()
#6 D:\xampp\htdocs\rnd\system\CodeIgniter.php(419): CodeIgniter\CodeIgniter->runController(Object(App\Controllers\Home))
#7 D:\xampp\htdocs\rnd\system\CodeIgniter.php(326): CodeIgniter\CodeIgniter->handleRequest(NULL, Object(Config\Cache), false)
#8 D:\xampp\htdocs\rnd\index.php(37): CodeIgniter\CodeIgniter->run()
#9 {main}
CRITICAL - 2022-05-23 02:54:28 --> Illegal string offset 'name'
#0 D:\xampp\htdocs\rnd\app\Views\view.php(35): CodeIgniter\Debug\Exceptions->errorHandler(2, 'Illegal string ...', 'D:\\xampp\\htdocs...', 35, Array)
#1 D:\xampp\htdocs\rnd\system\View\View.php(210): include('D:\\xampp\\htdocs...')
#2 D:\xampp\htdocs\rnd\system\View\View.php(213): CodeIgniter\View\View->CodeIgniter\View\{closure}()
#3 D:\xampp\htdocs\rnd\system\Common.php(1089): CodeIgniter\View\View->render('view', Array, true)
#4 D:\xampp\htdocs\rnd\app\Controllers\Home.php(34): view('view', Array)
#5 D:\xampp\htdocs\rnd\system\CodeIgniter.php(832): App\Controllers\Home->data_view()
#6 D:\xampp\htdocs\rnd\system\CodeIgniter.php(419): CodeIgniter\CodeIgniter->runController(Object(App\Controllers\Home))
#7 D:\xampp\htdocs\rnd\system\CodeIgniter.php(326): CodeIgniter\CodeIgniter->handleRequest(NULL, Object(Config\Cache), false)
#8 D:\xampp\htdocs\rnd\index.php(37): CodeIgniter\CodeIgniter->run()
#9 {main}
CRITICAL - 2022-05-23 02:55:35 --> Undefined offset: 0
#0 D:\xampp\htdocs\rnd\app\Views\view.php(35): CodeIgniter\Debug\Exceptions->errorHandler(8, 'Undefined offse...', 'D:\\xampp\\htdocs...', 35, Array)
#1 D:\xampp\htdocs\rnd\system\View\View.php(210): include('D:\\xampp\\htdocs...')
#2 D:\xampp\htdocs\rnd\system\View\View.php(213): CodeIgniter\View\View->CodeIgniter\View\{closure}()
#3 D:\xampp\htdocs\rnd\system\Common.php(1089): CodeIgniter\View\View->render('view', Array, true)
#4 D:\xampp\htdocs\rnd\app\Controllers\Home.php(34): view('view', Array)
#5 D:\xampp\htdocs\rnd\system\CodeIgniter.php(832): App\Controllers\Home->data_view()
#6 D:\xampp\htdocs\rnd\system\CodeIgniter.php(419): CodeIgniter\CodeIgniter->runController(Object(App\Controllers\Home))
#7 D:\xampp\htdocs\rnd\system\CodeIgniter.php(326): CodeIgniter\CodeIgniter->handleRequest(NULL, Object(Config\Cache), false)
#8 D:\xampp\htdocs\rnd\index.php(37): CodeIgniter\CodeIgniter->run()
#9 {main}
CRITICAL - 2022-05-23 02:56:06 --> Undefined offset: 0
#0 D:\xampp\htdocs\rnd\app\Views\view.php(35): CodeIgniter\Debug\Exceptions->errorHandler(8, 'Undefined offse...', 'D:\\xampp\\htdocs...', 35, Array)
#1 D:\xampp\htdocs\rnd\system\View\View.php(210): include('D:\\xampp\\htdocs...')
#2 D:\xampp\htdocs\rnd\system\View\View.php(213): CodeIgniter\View\View->CodeIgniter\View\{closure}()
#3 D:\xampp\htdocs\rnd\system\Common.php(1089): CodeIgniter\View\View->render('view', Array, true)
#4 D:\xampp\htdocs\rnd\app\Controllers\Home.php(34): view('view', Array)
#5 D:\xampp\htdocs\rnd\system\CodeIgniter.php(832): App\Controllers\Home->data_view()
#6 D:\xampp\htdocs\rnd\system\CodeIgniter.php(419): CodeIgniter\CodeIgniter->runController(Object(App\Controllers\Home))
#7 D:\xampp\htdocs\rnd\system\CodeIgniter.php(326): CodeIgniter\CodeIgniter->handleRequest(NULL, Object(Config\Cache), false)
#8 D:\xampp\htdocs\rnd\index.php(37): CodeIgniter\CodeIgniter->run()
#9 {main}
CRITICAL - 2022-05-23 02:56:08 --> Undefined offset: 0
#0 D:\xampp\htdocs\rnd\app\Views\view.php(35): CodeIgniter\Debug\Exceptions->errorHandler(8, 'Undefined offse...', 'D:\\xampp\\htdocs...', 35, Array)
#1 D:\xampp\htdocs\rnd\system\View\View.php(210): include('D:\\xampp\\htdocs...')
#2 D:\xampp\htdocs\rnd\system\View\View.php(213): CodeIgniter\View\View->CodeIgniter\View\{closure}()
#3 D:\xampp\htdocs\rnd\system\Common.php(1089): CodeIgniter\View\View->render('view', Array, true)
#4 D:\xampp\htdocs\rnd\app\Controllers\Home.php(34): view('view', Array)
#5 D:\xampp\htdocs\rnd\system\CodeIgniter.php(832): App\Controllers\Home->data_view()
#6 D:\xampp\htdocs\rnd\system\CodeIgniter.php(419): CodeIgniter\CodeIgniter->runController(Object(App\Controllers\Home))
#7 D:\xampp\htdocs\rnd\system\CodeIgniter.php(326): CodeIgniter\CodeIgniter->handleRequest(NULL, Object(Config\Cache), false)
#8 D:\xampp\htdocs\rnd\index.php(37): CodeIgniter\CodeIgniter->run()
#9 {main}
CRITICAL - 2022-05-23 02:56:16 --> Undefined index: name
#0 D:\xampp\htdocs\rnd\app\Views\view.php(35): CodeIgniter\Debug\Exceptions->errorHandler(8, 'Undefined index...', 'D:\\xampp\\htdocs...', 35, Array)
#1 D:\xampp\htdocs\rnd\system\View\View.php(210): include('D:\\xampp\\htdocs...')
#2 D:\xampp\htdocs\rnd\system\View\View.php(213): CodeIgniter\View\View->CodeIgniter\View\{closure}()
#3 D:\xampp\htdocs\rnd\system\Common.php(1089): CodeIgniter\View\View->render('view', Array, true)
#4 D:\xampp\htdocs\rnd\app\Controllers\Home.php(34): view('view', Array)
#5 D:\xampp\htdocs\rnd\system\CodeIgniter.php(832): App\Controllers\Home->data_view()
#6 D:\xampp\htdocs\rnd\system\CodeIgniter.php(419): CodeIgniter\CodeIgniter->runController(Object(App\Controllers\Home))
#7 D:\xampp\htdocs\rnd\system\CodeIgniter.php(326): CodeIgniter\CodeIgniter->handleRequest(NULL, Object(Config\Cache), false)
#8 D:\xampp\htdocs\rnd\index.php(37): CodeIgniter\CodeIgniter->run()
#9 {main}
CRITICAL - 2022-05-23 02:56:43 --> Undefined variable: rmodel
#0 D:\xampp\htdocs\rnd\app\Controllers\Home.php(32): CodeIgniter\Debug\Exceptions->errorHandler(8, 'Undefined varia...', 'D:\\xampp\\htdocs...', 32, Array)
#1 D:\xampp\htdocs\rnd\system\CodeIgniter.php(832): App\Controllers\Home->data_view()
#2 D:\xampp\htdocs\rnd\system\CodeIgniter.php(419): CodeIgniter\CodeIgniter->runController(Object(App\Controllers\Home))
#3 D:\xampp\htdocs\rnd\system\CodeIgniter.php(326): CodeIgniter\CodeIgniter->handleRequest(NULL, Object(Config\Cache), false)
#4 D:\xampp\htdocs\rnd\index.php(37): CodeIgniter\CodeIgniter->run()
#5 {main}
CRITICAL - 2022-05-23 02:57:08 --> Undefined index: name
#0 D:\xampp\htdocs\rnd\app\Views\view.php(35): CodeIgniter\Debug\Exceptions->errorHandler(8, 'Undefined index...', 'D:\\xampp\\htdocs...', 35, Array)
#1 D:\xampp\htdocs\rnd\system\View\View.php(210): include('D:\\xampp\\htdocs...')
#2 D:\xampp\htdocs\rnd\system\View\View.php(213): CodeIgniter\View\View->CodeIgniter\View\{closure}()
#3 D:\xampp\htdocs\rnd\system\Common.php(1089): CodeIgniter\View\View->render('view', Array, true)
#4 D:\xampp\htdocs\rnd\app\Controllers\Home.php(34): view('view', Array)
#5 D:\xampp\htdocs\rnd\system\CodeIgniter.php(832): App\Controllers\Home->data_view()
#6 D:\xampp\htdocs\rnd\system\CodeIgniter.php(419): CodeIgniter\CodeIgniter->runController(Object(App\Controllers\Home))
#7 D:\xampp\htdocs\rnd\system\CodeIgniter.php(326): CodeIgniter\CodeIgniter->handleRequest(NULL, Object(Config\Cache), false)
#8 D:\xampp\htdocs\rnd\index.php(37): CodeIgniter\CodeIgniter->run()
#9 {main}
CRITICAL - 2022-05-23 02:57:19 --> Undefined offset: 0
#0 D:\xampp\htdocs\rnd\app\Views\view.php(35): CodeIgniter\Debug\Exceptions->errorHandler(8, 'Undefined offse...', 'D:\\xampp\\htdocs...', 35, Array)
#1 D:\xampp\htdocs\rnd\system\View\View.php(210): include('D:\\xampp\\htdocs...')
#2 D:\xampp\htdocs\rnd\system\View\View.php(213): CodeIgniter\View\View->CodeIgniter\View\{closure}()
#3 D:\xampp\htdocs\rnd\system\Common.php(1089): CodeIgniter\View\View->render('view', Array, true)
#4 D:\xampp\htdocs\rnd\app\Controllers\Home.php(34): view('view', Array)
#5 D:\xampp\htdocs\rnd\system\CodeIgniter.php(832): App\Controllers\Home->data_view()
#6 D:\xampp\htdocs\rnd\system\CodeIgniter.php(419): CodeIgniter\CodeIgniter->runController(Object(App\Controllers\Home))
#7 D:\xampp\htdocs\rnd\system\CodeIgniter.php(326): CodeIgniter\CodeIgniter->handleRequest(NULL, Object(Config\Cache), false)
#8 D:\xampp\htdocs\rnd\index.php(37): CodeIgniter\CodeIgniter->run()
#9 {main}
CRITICAL - 2022-05-23 02:57:31 --> Trying to get property 'name' of non-object
#0 D:\xampp\htdocs\rnd\app\Views\view.php(35): CodeIgniter\Debug\Exceptions->errorHandler(8, 'Trying to get p...', 'D:\\xampp\\htdocs...', 35, Array)
#1 D:\xampp\htdocs\rnd\system\View\View.php(210): include('D:\\xampp\\htdocs...')
#2 D:\xampp\htdocs\rnd\system\View\View.php(213): CodeIgniter\View\View->CodeIgniter\View\{closure}()
#3 D:\xampp\htdocs\rnd\system\Common.php(1089): CodeIgniter\View\View->render('view', Array, true)
#4 D:\xampp\htdocs\rnd\app\Controllers\Home.php(34): view('view', Array)
#5 D:\xampp\htdocs\rnd\system\CodeIgniter.php(832): App\Controllers\Home->data_view()
#6 D:\xampp\htdocs\rnd\system\CodeIgniter.php(419): CodeIgniter\CodeIgniter->runController(Object(App\Controllers\Home))
#7 D:\xampp\htdocs\rnd\system\CodeIgniter.php(326): CodeIgniter\CodeIgniter->handleRequest(NULL, Object(Config\Cache), false)
#8 D:\xampp\htdocs\rnd\index.php(37): CodeIgniter\CodeIgniter->run()
#9 {main}
CRITICAL - 2022-05-23 02:57:39 --> Undefined variable: row
#0 D:\xampp\htdocs\rnd\app\Views\view.php(35): CodeIgniter\Debug\Exceptions->errorHandler(8, 'Undefined varia...', 'D:\\xampp\\htdocs...', 35, Array)
#1 D:\xampp\htdocs\rnd\system\View\View.php(210): include('D:\\xampp\\htdocs...')
#2 D:\xampp\htdocs\rnd\system\View\View.php(213): CodeIgniter\View\View->CodeIgniter\View\{closure}()
#3 D:\xampp\htdocs\rnd\system\Common.php(1089): CodeIgniter\View\View->render('view', Array, true)
#4 D:\xampp\htdocs\rnd\app\Controllers\Home.php(34): view('view', Array)
#5 D:\xampp\htdocs\rnd\system\CodeIgniter.php(832): App\Controllers\Home->data_view()
#6 D:\xampp\htdocs\rnd\system\CodeIgniter.php(419): CodeIgniter\CodeIgniter->runController(Object(App\Controllers\Home))
#7 D:\xampp\htdocs\rnd\system\CodeIgniter.php(326): CodeIgniter\CodeIgniter->handleRequest(NULL, Object(Config\Cache), false)
#8 D:\xampp\htdocs\rnd\index.php(37): CodeIgniter\CodeIgniter->run()
#9 {main}
CRITICAL - 2022-05-23 02:57:49 --> Trying to get property 'name' of non-object
#0 D:\xampp\htdocs\rnd\app\Views\view.php(35): CodeIgniter\Debug\Exceptions->errorHandler(8, 'Trying to get p...', 'D:\\xampp\\htdocs...', 35, Array)
#1 D:\xampp\htdocs\rnd\system\View\View.php(210): include('D:\\xampp\\htdocs...')
#2 D:\xampp\htdocs\rnd\system\View\View.php(213): CodeIgniter\View\View->CodeIgniter\View\{closure}()
#3 D:\xampp\htdocs\rnd\system\Common.php(1089): CodeIgniter\View\View->render('view', Array, true)
#4 D:\xampp\htdocs\rnd\app\Controllers\Home.php(34): view('view', Array)
#5 D:\xampp\htdocs\rnd\system\CodeIgniter.php(832): App\Controllers\Home->data_view()
#6 D:\xampp\htdocs\rnd\system\CodeIgniter.php(419): CodeIgniter\CodeIgniter->runController(Object(App\Controllers\Home))
#7 D:\xampp\htdocs\rnd\system\CodeIgniter.php(326): CodeIgniter\CodeIgniter->handleRequest(NULL, Object(Config\Cache), false)
#8 D:\xampp\htdocs\rnd\index.php(37): CodeIgniter\CodeIgniter->run()
#9 {main}
CRITICAL - 2022-05-23 02:59:46 --> Argument 2 passed to view() must be of the type array, object given, called in D:\xampp\htdocs\rnd\app\Controllers\Home.php on line 34
#0 D:\xampp\htdocs\rnd\app\Controllers\Home.php(34): view('view', Object(CodeIgniter\Database\MySQLi\Builder))
#1 D:\xampp\htdocs\rnd\system\CodeIgniter.php(832): App\Controllers\Home->data_view()
#2 D:\xampp\htdocs\rnd\system\CodeIgniter.php(419): CodeIgniter\CodeIgniter->runController(Object(App\Controllers\Home))
#3 D:\xampp\htdocs\rnd\system\CodeIgniter.php(326): CodeIgniter\CodeIgniter->handleRequest(NULL, Object(Config\Cache), false)
#4 D:\xampp\htdocs\rnd\index.php(37): CodeIgniter\CodeIgniter->run()
#5 {main}
CRITICAL - 2022-05-23 03:00:15 --> Object of class App\Models\Rmodel could not be converted to string
#0 D:\xampp\htdocs\rnd\system\CodeIgniter.php(832): App\Controllers\Home->data_view()
#1 D:\xampp\htdocs\rnd\system\CodeIgniter.php(419): CodeIgniter\CodeIgniter->runController(Object(App\Controllers\Home))
#2 D:\xampp\htdocs\rnd\system\CodeIgniter.php(326): CodeIgniter\CodeIgniter->handleRequest(NULL, Object(Config\Cache), false)
#3 D:\xampp\htdocs\rnd\index.php(37): CodeIgniter\CodeIgniter->run()
#4 {main}
CRITICAL - 2022-05-23 03:02:42 --> Object of class App\Models\Rmodel could not be converted to string
#0 D:\xampp\htdocs\rnd\system\CodeIgniter.php(832): App\Controllers\Home->data_view()
#1 D:\xampp\htdocs\rnd\system\CodeIgniter.php(419): CodeIgniter\CodeIgniter->runController(Object(App\Controllers\Home))
#2 D:\xampp\htdocs\rnd\system\CodeIgniter.php(326): CodeIgniter\CodeIgniter->handleRequest(NULL, Object(Config\Cache), false)
#3 D:\xampp\htdocs\rnd\index.php(37): CodeIgniter\CodeIgniter->run()
#4 {main}
CRITICAL - 2022-05-23 03:02:55 --> Undefined variable: data
#0 D:\xampp\htdocs\rnd\app\Views\view.php(31): CodeIgniter\Debug\Exceptions->errorHandler(8, 'Undefined varia...', 'D:\\xampp\\htdocs...', 31, Array)
#1 D:\xampp\htdocs\rnd\system\View\View.php(210): include('D:\\xampp\\htdocs...')
#2 D:\xampp\htdocs\rnd\system\View\View.php(213): CodeIgniter\View\View->CodeIgniter\View\{closure}()
#3 D:\xampp\htdocs\rnd\system\Common.php(1089): CodeIgniter\View\View->render('view', Array, true)
#4 D:\xampp\htdocs\rnd\app\Controllers\Home.php(35): view('view', Array)
#5 D:\xampp\htdocs\rnd\system\CodeIgniter.php(832): App\Controllers\Home->data_view()
#6 D:\xampp\htdocs\rnd\system\CodeIgniter.php(419): CodeIgniter\CodeIgniter->runController(Object(App\Controllers\Home))
#7 D:\xampp\htdocs\rnd\system\CodeIgniter.php(326): CodeIgniter\CodeIgniter->handleRequest(NULL, Object(Config\Cache), false)
#8 D:\xampp\htdocs\rnd\index.php(37): CodeIgniter\CodeIgniter->run()
#9 {main}
CRITICAL - 2022-05-23 03:03:41 --> Undefined variable: data
#0 D:\xampp\htdocs\rnd\app\Views\view.php(31): CodeIgniter\Debug\Exceptions->errorHandler(8, 'Undefined varia...', 'D:\\xampp\\htdocs...', 31, Array)
#1 D:\xampp\htdocs\rnd\system\View\View.php(210): include('D:\\xampp\\htdocs...')
#2 D:\xampp\htdocs\rnd\system\View\View.php(213): CodeIgniter\View\View->CodeIgniter\View\{closure}()
#3 D:\xampp\htdocs\rnd\system\Common.php(1089): CodeIgniter\View\View->render('view', Array, true)
#4 D:\xampp\htdocs\rnd\app\Controllers\Home.php(36): view('view', Array)
#5 D:\xampp\htdocs\rnd\system\CodeIgniter.php(832): App\Controllers\Home->data_view()
#6 D:\xampp\htdocs\rnd\system\CodeIgniter.php(419): CodeIgniter\CodeIgniter->runController(Object(App\Controllers\Home))
#7 D:\xampp\htdocs\rnd\system\CodeIgniter.php(326): CodeIgniter\CodeIgniter->handleRequest(NULL, Object(Config\Cache), false)
#8 D:\xampp\htdocs\rnd\index.php(37): CodeIgniter\CodeIgniter->run()
#9 {main}
CRITICAL - 2022-05-23 03:04:42 --> Call to undefined method CodeIgniter\Database\MySQLi\Result::row()
#0 D:\xampp\htdocs\rnd\app\Controllers\Home.php(32): App\Models\Rmodel->crop()
#1 D:\xampp\htdocs\rnd\system\CodeIgniter.php(832): App\Controllers\Home->data_view()
#2 D:\xampp\htdocs\rnd\system\CodeIgniter.php(419): CodeIgniter\CodeIgniter->runController(Object(App\Controllers\Home))
#3 D:\xampp\htdocs\rnd\system\CodeIgniter.php(326): CodeIgniter\CodeIgniter->handleRequest(NULL, Object(Config\Cache), false)
#4 D:\xampp\htdocs\rnd\index.php(37): CodeIgniter\CodeIgniter->run()
#5 {main}
CRITICAL - 2022-05-23 03:04:51 --> Call to undefined method CodeIgniter\Database\MySQLi\Result::result()
#0 D:\xampp\htdocs\rnd\app\Controllers\Home.php(32): App\Models\Rmodel->crop()
#1 D:\xampp\htdocs\rnd\system\CodeIgniter.php(832): App\Controllers\Home->data_view()
#2 D:\xampp\htdocs\rnd\system\CodeIgniter.php(419): CodeIgniter\CodeIgniter->runController(Object(App\Controllers\Home))
#3 D:\xampp\htdocs\rnd\system\CodeIgniter.php(326): CodeIgniter\CodeIgniter->handleRequest(NULL, Object(Config\Cache), false)
#4 D:\xampp\htdocs\rnd\index.php(37): CodeIgniter\CodeIgniter->run()
#5 {main}
CRITICAL - 2022-05-23 03:04:57 --> Call to undefined method CodeIgniter\Database\MySQLi\Result::get()
#0 D:\xampp\htdocs\rnd\app\Controllers\Home.php(32): App\Models\Rmodel->crop()
#1 D:\xampp\htdocs\rnd\system\CodeIgniter.php(832): App\Controllers\Home->data_view()
#2 D:\xampp\htdocs\rnd\system\CodeIgniter.php(419): CodeIgniter\CodeIgniter->runController(Object(App\Controllers\Home))
#3 D:\xampp\htdocs\rnd\system\CodeIgniter.php(326): CodeIgniter\CodeIgniter->handleRequest(NULL, Object(Config\Cache), false)
#4 D:\xampp\htdocs\rnd\index.php(37): CodeIgniter\CodeIgniter->run()
#5 {main}
CRITICAL - 2022-05-23 03:05:05 --> Call to undefined method CodeIgniter\Database\MySQLi\Result::result()
#0 D:\xampp\htdocs\rnd\app\Controllers\Home.php(32): App\Models\Rmodel->crop()
#1 D:\xampp\htdocs\rnd\system\CodeIgniter.php(832): App\Controllers\Home->data_view()
#2 D:\xampp\htdocs\rnd\system\CodeIgniter.php(419): CodeIgniter\CodeIgniter->runController(Object(App\Controllers\Home))
#3 D:\xampp\htdocs\rnd\system\CodeIgniter.php(326): CodeIgniter\CodeIgniter->handleRequest(NULL, Object(Config\Cache), false)
#4 D:\xampp\htdocs\rnd\index.php(37): CodeIgniter\CodeIgniter->run()
#5 {main}
CRITICAL - 2022-05-23 03:05:12 --> Call to undefined method CodeIgniter\Database\MySQLi\Result::result()
#0 D:\xampp\htdocs\rnd\app\Controllers\Home.php(32): App\Models\Rmodel->crop()
#1 D:\xampp\htdocs\rnd\system\CodeIgniter.php(832): App\Controllers\Home->data_view()
#2 D:\xampp\htdocs\rnd\system\CodeIgniter.php(419): CodeIgniter\CodeIgniter->runController(Object(App\Controllers\Home))
#3 D:\xampp\htdocs\rnd\system\CodeIgniter.php(326): CodeIgniter\CodeIgniter->handleRequest(NULL, Object(Config\Cache), false)
#4 D:\xampp\htdocs\rnd\index.php(37): CodeIgniter\CodeIgniter->run()
#5 {main}
CRITICAL - 2022-05-23 03:05:18 --> Call to undefined method CodeIgniter\Database\MySQLi\Result::get()
#0 D:\xampp\htdocs\rnd\app\Controllers\Home.php(32): App\Models\Rmodel->crop()
#1 D:\xampp\htdocs\rnd\system\CodeIgniter.php(832): App\Controllers\Home->data_view()
#2 D:\xampp\htdocs\rnd\system\CodeIgniter.php(419): CodeIgniter\CodeIgniter->runController(Object(App\Controllers\Home))
#3 D:\xampp\htdocs\rnd\system\CodeIgniter.php(326): CodeIgniter\CodeIgniter->handleRequest(NULL, Object(Config\Cache), false)
#4 D:\xampp\htdocs\rnd\index.php(37): CodeIgniter\CodeIgniter->run()
#5 {main}
CRITICAL - 2022-05-23 03:06:48 --> Undefined variable: e
#0 D:\xampp\htdocs\rnd\app\Models\Rmodel.php(111): CodeIgniter\Debug\Exceptions->errorHandler(8, 'Undefined varia...', 'D:\\xampp\\htdocs...', 111, Array)
#1 D:\xampp\htdocs\rnd\app\Controllers\Home.php(32): App\Models\Rmodel->crop()
#2 D:\xampp\htdocs\rnd\system\CodeIgniter.php(832): App\Controllers\Home->data_view()
#3 D:\xampp\htdocs\rnd\system\CodeIgniter.php(419): CodeIgniter\CodeIgniter->runController(Object(App\Controllers\Home))
#4 D:\xampp\htdocs\rnd\system\CodeIgniter.php(326): CodeIgniter\CodeIgniter->handleRequest(NULL, Object(Config\Cache), false)
#5 D:\xampp\htdocs\rnd\index.php(37): CodeIgniter\CodeIgniter->run()
#6 {main}
CRITICAL - 2022-05-23 03:06:57 --> Undefined variable: data
#0 D:\xampp\htdocs\rnd\app\Views\view.php(31): CodeIgniter\Debug\Exceptions->errorHandler(8, 'Undefined varia...', 'D:\\xampp\\htdocs...', 31, Array)
#1 D:\xampp\htdocs\rnd\system\View\View.php(210): include('D:\\xampp\\htdocs...')
#2 D:\xampp\htdocs\rnd\system\View\View.php(213): CodeIgniter\View\View->CodeIgniter\View\{closure}()
#3 D:\xampp\htdocs\rnd\system\Common.php(1089): CodeIgniter\View\View->render('view', Array, true)
#4 D:\xampp\htdocs\rnd\app\Controllers\Home.php(36): view('view', Array)
#5 D:\xampp\htdocs\rnd\system\CodeIgniter.php(832): App\Controllers\Home->data_view()
#6 D:\xampp\htdocs\rnd\system\CodeIgniter.php(419): CodeIgniter\CodeIgniter->runController(Object(App\Controllers\Home))
#7 D:\xampp\htdocs\rnd\system\CodeIgniter.php(326): CodeIgniter\CodeIgniter->handleRequest(NULL, Object(Config\Cache), false)
#8 D:\xampp\htdocs\rnd\index.php(37): CodeIgniter\CodeIgniter->run()
#9 {main}
CRITICAL - 2022-05-23 03:09:03 --> Undefined variable: data
#0 D:\xampp\htdocs\rnd\app\Views\view.php(31): CodeIgniter\Debug\Exceptions->errorHandler(8, 'Undefined varia...', 'D:\\xampp\\htdocs...', 31, Array)
#1 D:\xampp\htdocs\rnd\system\View\View.php(210): include('D:\\xampp\\htdocs...')
#2 D:\xampp\htdocs\rnd\system\View\View.php(213): CodeIgniter\View\View->CodeIgniter\View\{closure}()
#3 D:\xampp\htdocs\rnd\system\Common.php(1089): CodeIgniter\View\View->render('view', Array, true)
#4 D:\xampp\htdocs\rnd\app\Controllers\Home.php(36): view('view', Array)
#5 D:\xampp\htdocs\rnd\system\CodeIgniter.php(832): App\Controllers\Home->data_view()
#6 D:\xampp\htdocs\rnd\system\CodeIgniter.php(419): CodeIgniter\CodeIgniter->runController(Object(App\Controllers\Home))
#7 D:\xampp\htdocs\rnd\system\CodeIgniter.php(326): CodeIgniter\CodeIgniter->handleRequest(NULL, Object(Config\Cache), false)
#8 D:\xampp\htdocs\rnd\index.php(37): CodeIgniter\CodeIgniter->run()
#9 {main}
CRITICAL - 2022-05-23 03:09:31 --> Undefined variable: data
#0 D:\xampp\htdocs\rnd\app\Views\view.php(31): CodeIgniter\Debug\Exceptions->errorHandler(8, 'Undefined varia...', 'D:\\xampp\\htdocs...', 31, Array)
#1 D:\xampp\htdocs\rnd\system\View\View.php(210): include('D:\\xampp\\htdocs...')
#2 D:\xampp\htdocs\rnd\system\View\View.php(213): CodeIgniter\View\View->CodeIgniter\View\{closure}()
#3 D:\xampp\htdocs\rnd\system\Common.php(1089): CodeIgniter\View\View->render('view', Array, true)
#4 D:\xampp\htdocs\rnd\app\Controllers\Home.php(35): view('view', Array)
#5 D:\xampp\htdocs\rnd\system\CodeIgniter.php(832): App\Controllers\Home->data_view()
#6 D:\xampp\htdocs\rnd\system\CodeIgniter.php(419): CodeIgniter\CodeIgniter->runController(Object(App\Controllers\Home))
#7 D:\xampp\htdocs\rnd\system\CodeIgniter.php(326): CodeIgniter\CodeIgniter->handleRequest(NULL, Object(Config\Cache), false)
#8 D:\xampp\htdocs\rnd\index.php(37): CodeIgniter\CodeIgniter->run()
#9 {main}
CRITICAL - 2022-05-23 03:09:51 --> Object of class stdClass could not be converted to string
#0 D:\xampp\htdocs\rnd\system\View\View.php(210): include()
#1 D:\xampp\htdocs\rnd\system\View\View.php(213): CodeIgniter\View\View->CodeIgniter\View\{closure}()
#2 D:\xampp\htdocs\rnd\system\Common.php(1089): CodeIgniter\View\View->render('view', Array, true)
#3 D:\xampp\htdocs\rnd\app\Controllers\Home.php(35): view('view', Array)
#4 D:\xampp\htdocs\rnd\system\CodeIgniter.php(832): App\Controllers\Home->data_view()
#5 D:\xampp\htdocs\rnd\system\CodeIgniter.php(419): CodeIgniter\CodeIgniter->runController(Object(App\Controllers\Home))
#6 D:\xampp\htdocs\rnd\system\CodeIgniter.php(326): CodeIgniter\CodeIgniter->handleRequest(NULL, Object(Config\Cache), false)
#7 D:\xampp\htdocs\rnd\index.php(37): CodeIgniter\CodeIgniter->run()
#8 {main}
CRITICAL - 2022-05-23 03:37:45 --> Access level to App\Controllers\Home::$db must be protected (as in class App\Controllers\BaseController) or weaker
#0 [internal function]: CodeIgniter\Debug\Exceptions->shutdownHandler()
#1 {main}
ERROR - 2022-05-23 03:51:06 --> Unknown column 'sowing.date' in 'field list'
CRITICAL - 2022-05-23 03:51:06 --> Unknown column 'sowing.date' in 'field list'
#0 D:\xampp\htdocs\rnd\system\Database\MySQLi\Connection.php(292): mysqli->query('SELECT `crops`....', 0)
#1 D:\xampp\htdocs\rnd\system\Database\BaseConnection.php(670): CodeIgniter\Database\MySQLi\Connection->execute('SELECT `crops`....')
#2 D:\xampp\htdocs\rnd\system\Database\BaseConnection.php(598): CodeIgniter\Database\BaseConnection->simpleQuery('SELECT `crops`....')
#3 D:\xampp\htdocs\rnd\system\Database\BaseBuilder.php(1455): CodeIgniter\Database\BaseConnection->query('SELECT `crops`....', Array, false)
#4 D:\xampp\htdocs\rnd\app\Models\Rmodel.php(124): CodeIgniter\Database\BaseBuilder->get()
#5 D:\xampp\htdocs\rnd\app\Controllers\Home.php(40): App\Models\Rmodel->crop()
#6 D:\xampp\htdocs\rnd\system\CodeIgniter.php(832): App\Controllers\Home->data_view()
#7 D:\xampp\htdocs\rnd\system\CodeIgniter.php(419): CodeIgniter\CodeIgniter->runController(Object(App\Controllers\Home))
#8 D:\xampp\htdocs\rnd\system\CodeIgniter.php(326): CodeIgniter\CodeIgniter->handleRequest(NULL, Object(Config\Cache), false)
#9 D:\xampp\htdocs\rnd\index.php(37): CodeIgniter\CodeIgniter->run()
#10 {main}
ERROR - 2022-05-23 03:53:49 --> Unknown column 'sowing.date' in 'field list'
CRITICAL - 2022-05-23 03:53:49 --> Unknown column 'sowing.date' in 'field list'
#0 D:\xampp\htdocs\rnd\system\Database\MySQLi\Connection.php(292): mysqli->query('SELECT `crops`....', 0)
#1 D:\xampp\htdocs\rnd\system\Database\BaseConnection.php(670): CodeIgniter\Database\MySQLi\Connection->execute('SELECT `crops`....')
#2 D:\xampp\htdocs\rnd\system\Database\BaseConnection.php(598): CodeIgniter\Database\BaseConnection->simpleQuery('SELECT `crops`....')
#3 D:\xampp\htdocs\rnd\system\Database\BaseBuilder.php(1455): CodeIgniter\Database\BaseConnection->query('SELECT `crops`....', Array, false)
#4 D:\xampp\htdocs\rnd\app\Models\Rmodel.php(124): CodeIgniter\Database\BaseBuilder->get()
#5 D:\xampp\htdocs\rnd\app\Controllers\Home.php(40): App\Models\Rmodel->crop()
#6 D:\xampp\htdocs\rnd\system\CodeIgniter.php(832): App\Controllers\Home->data_view()
#7 D:\xampp\htdocs\rnd\system\CodeIgniter.php(419): CodeIgniter\CodeIgniter->runController(Object(App\Controllers\Home))
#8 D:\xampp\htdocs\rnd\system\CodeIgniter.php(326): CodeIgniter\CodeIgniter->handleRequest(NULL, Object(Config\Cache), false)
#9 D:\xampp\htdocs\rnd\index.php(37): CodeIgniter\CodeIgniter->run()
#10 {main}
ERROR - 2022-05-23 03:54:03 --> Unknown column 'crops*' in 'field list'
CRITICAL - 2022-05-23 03:54:03 --> Unknown column 'crops*' in 'field list'
#0 D:\xampp\htdocs\rnd\system\Database\MySQLi\Connection.php(292): mysqli->query('SELECT `crops*`...', 0)
#1 D:\xampp\htdocs\rnd\system\Database\BaseConnection.php(670): CodeIgniter\Database\MySQLi\Connection->execute('SELECT `crops*`...')
#2 D:\xampp\htdocs\rnd\system\Database\BaseConnection.php(598): CodeIgniter\Database\BaseConnection->simpleQuery('SELECT `crops*`...')
#3 D:\xampp\htdocs\rnd\system\Database\BaseBuilder.php(1455): CodeIgniter\Database\BaseConnection->query('SELECT `crops*`...', Array, false)
#4 D:\xampp\htdocs\rnd\app\Models\Rmodel.php(124): CodeIgniter\Database\BaseBuilder->get()
#5 D:\xampp\htdocs\rnd\app\Controllers\Home.php(40): App\Models\Rmodel->crop()
#6 D:\xampp\htdocs\rnd\system\CodeIgniter.php(832): App\Controllers\Home->data_view()
#7 D:\xampp\htdocs\rnd\system\CodeIgniter.php(419): CodeIgniter\CodeIgniter->runController(Object(App\Controllers\Home))
#8 D:\xampp\htdocs\rnd\system\CodeIgniter.php(326): CodeIgniter\CodeIgniter->handleRequest(NULL, Object(Config\Cache), false)
#9 D:\xampp\htdocs\rnd\index.php(37): CodeIgniter\CodeIgniter->run()
#10 {main}
ERROR - 2022-05-23 03:54:15 --> Unknown column 'sowing.date' in 'field list'
CRITICAL - 2022-05-23 03:54:15 --> Unknown column 'sowing.date' in 'field list'
#0 D:\xampp\htdocs\rnd\system\Database\MySQLi\Connection.php(292): mysqli->query('SELECT `crops`....', 0)
#1 D:\xampp\htdocs\rnd\system\Database\BaseConnection.php(670): CodeIgniter\Database\MySQLi\Connection->execute('SELECT `crops`....')
#2 D:\xampp\htdocs\rnd\system\Database\BaseConnection.php(598): CodeIgniter\Database\BaseConnection->simpleQuery('SELECT `crops`....')
#3 D:\xampp\htdocs\rnd\system\Database\BaseBuilder.php(1455): CodeIgniter\Database\BaseConnection->query('SELECT `crops`....', Array, false)
#4 D:\xampp\htdocs\rnd\app\Models\Rmodel.php(124): CodeIgniter\Database\BaseBuilder->get()
#5 D:\xampp\htdocs\rnd\app\Controllers\Home.php(40): App\Models\Rmodel->crop()
#6 D:\xampp\htdocs\rnd\system\CodeIgniter.php(832): App\Controllers\Home->data_view()
#7 D:\xampp\htdocs\rnd\system\CodeIgniter.php(419): CodeIgniter\CodeIgniter->runController(Object(App\Controllers\Home))
#8 D:\xampp\htdocs\rnd\system\CodeIgniter.php(326): CodeIgniter\CodeIgniter->handleRequest(NULL, Object(Config\Cache), false)
#9 D:\xampp\htdocs\rnd\index.php(37): CodeIgniter\CodeIgniter->run()
#10 {main}
ERROR - 2022-05-23 03:56:33 --> Unknown column 'snowing.crop_id' in 'on clause'
CRITICAL - 2022-05-23 03:56:33 --> Unknown column 'snowing.crop_id' in 'on clause'
#0 D:\xampp\htdocs\rnd\system\Database\MySQLi\Connection.php(292): mysqli->query('SELECT `crops`....', 0)
#1 D:\xampp\htdocs\rnd\system\Database\BaseConnection.php(670): CodeIgniter\Database\MySQLi\Connection->execute('SELECT `crops`....')
#2 D:\xampp\htdocs\rnd\system\Database\BaseConnection.php(598): CodeIgniter\Database\BaseConnection->simpleQuery('SELECT `crops`....')
#3 D:\xampp\htdocs\rnd\system\Database\BaseBuilder.php(1455): CodeIgniter\Database\BaseConnection->query('SELECT `crops`....', Array, false)
#4 D:\xampp\htdocs\rnd\app\Models\Rmodel.php(124): CodeIgniter\Database\BaseBuilder->get()
#5 D:\xampp\htdocs\rnd\app\Controllers\Home.php(40): App\Models\Rmodel->crop()
#6 D:\xampp\htdocs\rnd\system\CodeIgniter.php(832): App\Controllers\Home->data_view()
#7 D:\xampp\htdocs\rnd\system\CodeIgniter.php(419): CodeIgniter\CodeIgniter->runController(Object(App\Controllers\Home))
#8 D:\xampp\htdocs\rnd\system\CodeIgniter.php(326): CodeIgniter\CodeIgniter->handleRequest(NULL, Object(Config\Cache), false)
#9 D:\xampp\htdocs\rnd\index.php(37): CodeIgniter\CodeIgniter->run()
#10 {main}
ERROR - 2022-05-23 04:01:54 --> Unknown column 'plot.irragation_date' in 'field list'
CRITICAL - 2022-05-23 04:01:54 --> Unknown column 'plot.irragation_date' in 'field list'
#0 D:\xampp\htdocs\rnd\system\Database\MySQLi\Connection.php(292): mysqli->query('SELECT `crops`....', 0)
#1 D:\xampp\htdocs\rnd\system\Database\BaseConnection.php(670): CodeIgniter\Database\MySQLi\Connection->execute('SELECT `crops`....')
#2 D:\xampp\htdocs\rnd\system\Database\BaseConnection.php(598): CodeIgniter\Database\BaseConnection->simpleQuery('SELECT `crops`....')
#3 D:\xampp\htdocs\rnd\system\Database\BaseBuilder.php(1455): CodeIgniter\Database\BaseConnection->query('SELECT `crops`....', Array, false)
#4 D:\xampp\htdocs\rnd\app\Models\Rmodel.php(126): CodeIgniter\Database\BaseBuilder->get()
#5 D:\xampp\htdocs\rnd\app\Controllers\Home.php(40): App\Models\Rmodel->crop()
#6 D:\xampp\htdocs\rnd\system\CodeIgniter.php(832): App\Controllers\Home->data_view()
#7 D:\xampp\htdocs\rnd\system\CodeIgniter.php(419): CodeIgniter\CodeIgniter->runController(Object(App\Controllers\Home))
#8 D:\xampp\htdocs\rnd\system\CodeIgniter.php(326): CodeIgniter\CodeIgniter->handleRequest(NULL, Object(Config\Cache), false)
#9 D:\xampp\htdocs\rnd\index.php(37): CodeIgniter\CodeIgniter->run()
#10 {main}
ERROR - 2022-05-23 04:02:14 --> Unknown column 'plot.irragtion_date' in 'field list'
CRITICAL - 2022-05-23 04:02:14 --> Unknown column 'plot.irragtion_date' in 'field list'
#0 D:\xampp\htdocs\rnd\system\Database\MySQLi\Connection.php(292): mysqli->query('SELECT `crops`....', 0)
#1 D:\xampp\htdocs\rnd\system\Database\BaseConnection.php(670): CodeIgniter\Database\MySQLi\Connection->execute('SELECT `crops`....')
#2 D:\xampp\htdocs\rnd\system\Database\BaseConnection.php(598): CodeIgniter\Database\BaseConnection->simpleQuery('SELECT `crops`....')
#3 D:\xampp\htdocs\rnd\system\Database\BaseBuilder.php(1455): CodeIgniter\Database\BaseConnection->query('SELECT `crops`....', Array, false)
#4 D:\xampp\htdocs\rnd\app\Models\Rmodel.php(126): CodeIgniter\Database\BaseBuilder->get()
#5 D:\xampp\htdocs\rnd\app\Controllers\Home.php(40): App\Models\Rmodel->crop()
#6 D:\xampp\htdocs\rnd\system\CodeIgniter.php(832): App\Controllers\Home->data_view()
#7 D:\xampp\htdocs\rnd\system\CodeIgniter.php(419): CodeIgniter\CodeIgniter->runController(Object(App\Controllers\Home))
#8 D:\xampp\htdocs\rnd\system\CodeIgniter.php(326): CodeIgniter\CodeIgniter->handleRequest(NULL, Object(Config\Cache), false)
#9 D:\xampp\htdocs\rnd\index.php(37): CodeIgniter\CodeIgniter->run()
#10 {main}
ERROR - 2022-05-23 04:03:33 --> Unknown column 'plot.irragtion_date' in 'field list'
CRITICAL - 2022-05-23 04:03:33 --> Unknown column 'plot.irragtion_date' in 'field list'
#0 D:\xampp\htdocs\rnd\system\Database\MySQLi\Connection.php(292): mysqli->query('SELECT `crops`....', 0)
#1 D:\xampp\htdocs\rnd\system\Database\BaseConnection.php(670): CodeIgniter\Database\MySQLi\Connection->execute('SELECT `crops`....')
#2 D:\xampp\htdocs\rnd\system\Database\BaseConnection.php(598): CodeIgniter\Database\BaseConnection->simpleQuery('SELECT `crops`....')
#3 D:\xampp\htdocs\rnd\system\Database\BaseBuilder.php(1455): CodeIgniter\Database\BaseConnection->query('SELECT `crops`....', Array, false)
#4 D:\xampp\htdocs\rnd\app\Models\Rmodel.php(126): CodeIgniter\Database\BaseBuilder->get()
#5 D:\xampp\htdocs\rnd\app\Controllers\Home.php(40): App\Models\Rmodel->crop()
#6 D:\xampp\htdocs\rnd\system\CodeIgniter.php(832): App\Controllers\Home->data_view()
#7 D:\xampp\htdocs\rnd\system\CodeIgniter.php(419): CodeIgniter\CodeIgniter->runController(Object(App\Controllers\Home))
#8 D:\xampp\htdocs\rnd\system\CodeIgniter.php(326): CodeIgniter\CodeIgniter->handleRequest(NULL, Object(Config\Cache), false)
#9 D:\xampp\htdocs\rnd\index.php(37): CodeIgniter\CodeIgniter->run()
#10 {main}
ERROR - 2022-05-23 04:32:05 --> Unknown column 'plot.irragtion_date' in 'field list'
CRITICAL - 2022-05-23 04:32:05 --> Unknown column 'plot.irragtion_date' in 'field list'
#0 D:\xampp\htdocs\rnd\system\Database\MySQLi\Connection.php(292): mysqli->query('SELECT `crops`....', 0)
#1 D:\xampp\htdocs\rnd\system\Database\BaseConnection.php(670): CodeIgniter\Database\MySQLi\Connection->execute('SELECT `crops`....')
#2 D:\xampp\htdocs\rnd\system\Database\BaseConnection.php(598): CodeIgniter\Database\BaseConnection->simpleQuery('SELECT `crops`....')
#3 D:\xampp\htdocs\rnd\system\Database\BaseBuilder.php(1455): CodeIgniter\Database\BaseConnection->query('SELECT `crops`....', Array, false)
#4 D:\xampp\htdocs\rnd\app\Models\Rmodel.php(126): CodeIgniter\Database\BaseBuilder->get()
#5 D:\xampp\htdocs\rnd\app\Controllers\Home.php(40): App\Models\Rmodel->crop()
#6 D:\xampp\htdocs\rnd\system\CodeIgniter.php(832): App\Controllers\Home->data_view()
#7 D:\xampp\htdocs\rnd\system\CodeIgniter.php(419): CodeIgniter\CodeIgniter->runController(Object(App\Controllers\Home))
#8 D:\xampp\htdocs\rnd\system\CodeIgniter.php(326): CodeIgniter\CodeIgniter->handleRequest(NULL, Object(Config\Cache), false)
#9 D:\xampp\htdocs\rnd\index.php(37): CodeIgniter\CodeIgniter->run()
#10 {main}
ERROR - 2022-05-23 04:32:29 --> Unknown column 'plot.replication' in 'field list'
CRITICAL - 2022-05-23 04:32:29 --> Unknown column 'plot.replication' in 'field list'
#0 D:\xampp\htdocs\rnd\system\Database\MySQLi\Connection.php(292): mysqli->query('SELECT `crops`....', 0)
#1 D:\xampp\htdocs\rnd\system\Database\BaseConnection.php(670): CodeIgniter\Database\MySQLi\Connection->execute('SELECT `crops`....')
#2 D:\xampp\htdocs\rnd\system\Database\BaseConnection.php(598): CodeIgniter\Database\BaseConnection->simpleQuery('SELECT `crops`....')
#3 D:\xampp\htdocs\rnd\system\Database\BaseBuilder.php(1455): CodeIgniter\Database\BaseConnection->query('SELECT `crops`....', Array, false)
#4 D:\xampp\htdocs\rnd\app\Models\Rmodel.php(126): CodeIgniter\Database\BaseBuilder->get()
#5 D:\xampp\htdocs\rnd\app\Controllers\Home.php(40): App\Models\Rmodel->crop()
#6 D:\xampp\htdocs\rnd\system\CodeIgniter.php(832): App\Controllers\Home->data_view()
#7 D:\xampp\htdocs\rnd\system\CodeIgniter.php(419): CodeIgniter\CodeIgniter->runController(Object(App\Controllers\Home))
#8 D:\xampp\htdocs\rnd\system\CodeIgniter.php(326): CodeIgniter\CodeIgniter->handleRequest(NULL, Object(Config\Cache), false)
#9 D:\xampp\htdocs\rnd\index.php(37): CodeIgniter\CodeIgniter->run()
#10 {main}
ERROR - 2022-05-23 05:11:01 --> Unknown column 'plot.blanket' in 'field list'
CRITICAL - 2022-05-23 05:11:01 --> Unknown column 'plot.blanket' in 'field list'
#0 D:\xampp\htdocs\rnd\system\Database\MySQLi\Connection.php(292): mysqli->query('SELECT `crops`....', 0)
#1 D:\xampp\htdocs\rnd\system\Database\BaseConnection.php(670): CodeIgniter\Database\MySQLi\Connection->execute('SELECT `crops`....')
#2 D:\xampp\htdocs\rnd\system\Database\BaseConnection.php(598): CodeIgniter\Database\BaseConnection->simpleQuery('SELECT `crops`....')
#3 D:\xampp\htdocs\rnd\system\Database\BaseBuilder.php(1455): CodeIgniter\Database\BaseConnection->query('SELECT `crops`....', Array, false)
#4 D:\xampp\htdocs\rnd\app\Models\Rmodel.php(127): CodeIgniter\Database\BaseBuilder->get()
#5 D:\xampp\htdocs\rnd\app\Controllers\Home.php(40): App\Models\Rmodel->crop()
#6 D:\xampp\htdocs\rnd\system\CodeIgniter.php(832): App\Controllers\Home->data_view()
#7 D:\xampp\htdocs\rnd\system\CodeIgniter.php(419): CodeIgniter\CodeIgniter->runController(Object(App\Controllers\Home))
#8 D:\xampp\htdocs\rnd\system\CodeIgniter.php(326): CodeIgniter\CodeIgniter->handleRequest(NULL, Object(Config\Cache), false)
#9 D:\xampp\htdocs\rnd\index.php(37): CodeIgniter\CodeIgniter->run()
#10 {main}
ERROR - 2022-05-23 06:07:36 --> Unknown column 'iiragtion_date' in 'field list'
CRITICAL - 2022-05-23 06:07:36 --> Unknown column 'iiragtion_date' in 'field list'
#0 D:\xampp\htdocs\rnd\system\Database\MySQLi\Connection.php(292): mysqli->query('SELECT `crops`....', 0)
#1 D:\xampp\htdocs\rnd\system\Database\BaseConnection.php(670): CodeIgniter\Database\MySQLi\Connection->execute('SELECT `crops`....')
#2 D:\xampp\htdocs\rnd\system\Database\BaseConnection.php(598): CodeIgniter\Database\BaseConnection->simpleQuery('SELECT `crops`....')
#3 D:\xampp\htdocs\rnd\system\Database\BaseBuilder.php(1455): CodeIgniter\Database\BaseConnection->query('SELECT `crops`....', Array, false)
#4 D:\xampp\htdocs\rnd\app\Models\Rmodel.php(127): CodeIgniter\Database\BaseBuilder->get()
#5 D:\xampp\htdocs\rnd\app\Controllers\Home.php(40): App\Models\Rmodel->crop()
#6 D:\xampp\htdocs\rnd\system\CodeIgniter.php(832): App\Controllers\Home->data_view()
#7 D:\xampp\htdocs\rnd\system\CodeIgniter.php(419): CodeIgniter\CodeIgniter->runController(Object(App\Controllers\Home))
#8 D:\xampp\htdocs\rnd\system\CodeIgniter.php(326): CodeIgniter\CodeIgniter->handleRequest(NULL, Object(Config\Cache), false)
#9 D:\xampp\htdocs\rnd\index.php(37): CodeIgniter\CodeIgniter->run()
#10 {main}
ERROR - 2022-05-23 06:08:20 --> Column 'location' in field list is ambiguous
CRITICAL - 2022-05-23 06:08:20 --> Column 'location' in field list is ambiguous
#0 D:\xampp\htdocs\rnd\system\Database\MySQLi\Connection.php(292): mysqli->query('SELECT `crops`....', 0)
#1 D:\xampp\htdocs\rnd\system\Database\BaseConnection.php(670): CodeIgniter\Database\MySQLi\Connection->execute('SELECT `crops`....')
#2 D:\xampp\htdocs\rnd\system\Database\BaseConnection.php(598): CodeIgniter\Database\BaseConnection->simpleQuery('SELECT `crops`....')
#3 D:\xampp\htdocs\rnd\system\Database\BaseBuilder.php(1455): CodeIgniter\Database\BaseConnection->query('SELECT `crops`....', Array, false)
#4 D:\xampp\htdocs\rnd\app\Models\Rmodel.php(127): CodeIgniter\Database\BaseBuilder->get()
#5 D:\xampp\htdocs\rnd\app\Controllers\Home.php(40): App\Models\Rmodel->crop()
#6 D:\xampp\htdocs\rnd\system\CodeIgniter.php(832): App\Controllers\Home->data_view()
#7 D:\xampp\htdocs\rnd\system\CodeIgniter.php(419): CodeIgniter\CodeIgniter->runController(Object(App\Controllers\Home))
#8 D:\xampp\htdocs\rnd\system\CodeIgniter.php(326): CodeIgniter\CodeIgniter->handleRequest(NULL, Object(Config\Cache), false)
#9 D:\xampp\htdocs\rnd\index.php(37): CodeIgniter\CodeIgniter->run()
#10 {main}
ERROR - 2022-05-23 06:09:53 --> Column 'location' in field list is ambiguous
CRITICAL - 2022-05-23 06:09:53 --> Column 'location' in field list is ambiguous
#0 D:\xampp\htdocs\rnd\system\Database\MySQLi\Connection.php(292): mysqli->query('SELECT `crops`....', 0)
#1 D:\xampp\htdocs\rnd\system\Database\BaseConnection.php(670): CodeIgniter\Database\MySQLi\Connection->execute('SELECT `crops`....')
#2 D:\xampp\htdocs\rnd\system\Database\BaseConnection.php(598): CodeIgniter\Database\BaseConnection->simpleQuery('SELECT `crops`....')
#3 D:\xampp\htdocs\rnd\system\Database\BaseBuilder.php(1455): CodeIgniter\Database\BaseConnection->query('SELECT `crops`....', Array, false)
#4 D:\xampp\htdocs\rnd\app\Models\Rmodel.php(127): CodeIgniter\Database\BaseBuilder->get()
#5 D:\xampp\htdocs\rnd\app\Controllers\Home.php(40): App\Models\Rmodel->crop()
#6 D:\xampp\htdocs\rnd\system\CodeIgniter.php(832): App\Controllers\Home->data_view()
#7 D:\xampp\htdocs\rnd\system\CodeIgniter.php(419): CodeIgniter\CodeIgniter->runController(Object(App\Controllers\Home))
#8 D:\xampp\htdocs\rnd\system\CodeIgniter.php(326): CodeIgniter\CodeIgniter->handleRequest(NULL, Object(Config\Cache), false)
#9 D:\xampp\htdocs\rnd\index.php(37): CodeIgniter\CodeIgniter->run()
#10 {main}
CRITICAL - 2022-05-23 06:24:35 --> Undefined variable: detail
#0 D:\xampp\htdocs\rnd\app\Controllers\Home.php(42): CodeIgniter\Debug\Exceptions->errorHandler(8, 'Undefined varia...', 'D:\\xampp\\htdocs...', 42, Array)
#1 D:\xampp\htdocs\rnd\system\CodeIgniter.php(832): App\Controllers\Home->data_view()
#2 D:\xampp\htdocs\rnd\system\CodeIgniter.php(419): CodeIgniter\CodeIgniter->runController(Object(App\Controllers\Home))
#3 D:\xampp\htdocs\rnd\system\CodeIgniter.php(326): CodeIgniter\CodeIgniter->handleRequest(NULL, Object(Config\Cache), false)
#4 D:\xampp\htdocs\rnd\index.php(37): CodeIgniter\CodeIgniter->run()
#5 {main}
CRITICAL - 2022-05-23 06:25:52 --> Argument 2 passed to view() must be of the type array, null given, called in D:\xampp\htdocs\rnd\app\Controllers\Home.php on line 44
#0 D:\xampp\htdocs\rnd\app\Controllers\Home.php(44): view('view', NULL)
#1 D:\xampp\htdocs\rnd\system\CodeIgniter.php(832): App\Controllers\Home->data_view()
#2 D:\xampp\htdocs\rnd\system\CodeIgniter.php(419): CodeIgniter\CodeIgniter->runController(Object(App\Controllers\Home))
#3 D:\xampp\htdocs\rnd\system\CodeIgniter.php(326): CodeIgniter\CodeIgniter->handleRequest(NULL, Object(Config\Cache), false)
#4 D:\xampp\htdocs\rnd\index.php(37): CodeIgniter\CodeIgniter->run()
#5 {main}
CRITICAL - 2022-05-23 06:36:02 --> Undefined property: stdClass::$planting
#0 D:\xampp\htdocs\rnd\app\Views\view.php(50): CodeIgniter\Debug\Exceptions->errorHandler(8, 'Undefined prope...', 'D:\\xampp\\htdocs...', 50, Array)
#1 D:\xampp\htdocs\rnd\system\View\View.php(210): include('D:\\xampp\\htdocs...')
#2 D:\xampp\htdocs\rnd\system\View\View.php(213): CodeIgniter\View\View->CodeIgniter\View\{closure}()
#3 D:\xampp\htdocs\rnd\system\Common.php(1089): CodeIgniter\View\View->render('view', Array, true)
#4 D:\xampp\htdocs\rnd\app\Controllers\Home.php(43): view('view', Array)
#5 D:\xampp\htdocs\rnd\system\CodeIgniter.php(832): App\Controllers\Home->data_view()
#6 D:\xampp\htdocs\rnd\system\CodeIgniter.php(419): CodeIgniter\CodeIgniter->runController(Object(App\Controllers\Home))
#7 D:\xampp\htdocs\rnd\system\CodeIgniter.php(326): CodeIgniter\CodeIgniter->handleRequest(NULL, Object(Config\Cache), false)
#8 D:\xampp\htdocs\rnd\index.php(37): CodeIgniter\CodeIgniter->run()
#9 {main}
CRITICAL - 2022-05-23 06:36:22 --> Undefined property: stdClass::$planting_date
#0 D:\xampp\htdocs\rnd\app\Views\view.php(50): CodeIgniter\Debug\Exceptions->errorHandler(8, 'Undefined prope...', 'D:\\xampp\\htdocs...', 50, Array)
#1 D:\xampp\htdocs\rnd\system\View\View.php(210): include('D:\\xampp\\htdocs...')
#2 D:\xampp\htdocs\rnd\system\View\View.php(213): CodeIgniter\View\View->CodeIgniter\View\{closure}()
#3 D:\xampp\htdocs\rnd\system\Common.php(1089): CodeIgniter\View\View->render('view', Array, true)
#4 D:\xampp\htdocs\rnd\app\Controllers\Home.php(43): view('view', Array)
#5 D:\xampp\htdocs\rnd\system\CodeIgniter.php(832): App\Controllers\Home->data_view()
#6 D:\xampp\htdocs\rnd\system\CodeIgniter.php(419): CodeIgniter\CodeIgniter->runController(Object(App\Controllers\Home))
#7 D:\xampp\htdocs\rnd\system\CodeIgniter.php(326): CodeIgniter\CodeIgniter->handleRequest(NULL, Object(Config\Cache), false)
#8 D:\xampp\htdocs\rnd\index.php(37): CodeIgniter\CodeIgniter->run()
#9 {main}
CRITICAL - 2022-05-23 06:36:47 --> Undefined property: stdClass::$plot_size
#0 D:\xampp\htdocs\rnd\app\Views\view.php(53): CodeIgniter\Debug\Exceptions->errorHandler(8, 'Undefined prope...', 'D:\\xampp\\htdocs...', 53, Array)
#1 D:\xampp\htdocs\rnd\system\View\View.php(210): include('D:\\xampp\\htdocs...')
#2 D:\xampp\htdocs\rnd\system\View\View.php(213): CodeIgniter\View\View->CodeIgniter\View\{closure}()
#3 D:\xampp\htdocs\rnd\system\Common.php(1089): CodeIgniter\View\View->render('view', Array, true)
#4 D:\xampp\htdocs\rnd\app\Controllers\Home.php(43): view('view', Array)
#5 D:\xampp\htdocs\rnd\system\CodeIgniter.php(832): App\Controllers\Home->data_view()
#6 D:\xampp\htdocs\rnd\system\CodeIgniter.php(419): CodeIgniter\CodeIgniter->runController(Object(App\Controllers\Home))
#7 D:\xampp\htdocs\rnd\system\CodeIgniter.php(326): CodeIgniter\CodeIgniter->handleRequest(NULL, Object(Config\Cache), false)
#8 D:\xampp\htdocs\rnd\index.php(37): CodeIgniter\CodeIgniter->run()
#9 {main}
CRITICAL - 2022-05-23 06:36:58 --> Undefined property: stdClass::$previous_app
#0 D:\xampp\htdocs\rnd\app\Views\view.php(54): CodeIgniter\Debug\Exceptions->errorHandler(8, 'Undefined prope...', 'D:\\xampp\\htdocs...', 54, Array)
#1 D:\xampp\htdocs\rnd\system\View\View.php(210): include('D:\\xampp\\htdocs...')
#2 D:\xampp\htdocs\rnd\system\View\View.php(213): CodeIgniter\View\View->CodeIgniter\View\{closure}()
#3 D:\xampp\htdocs\rnd\system\Common.php(1089): CodeIgniter\View\View->render('view', Array, true)
#4 D:\xampp\htdocs\rnd\app\Controllers\Home.php(43): view('view', Array)
#5 D:\xampp\htdocs\rnd\system\CodeIgniter.php(832): App\Controllers\Home->data_view()
#6 D:\xampp\htdocs\rnd\system\CodeIgniter.php(419): CodeIgniter\CodeIgniter->runController(Object(App\Controllers\Home))
#7 D:\xampp\htdocs\rnd\system\CodeIgniter.php(326): CodeIgniter\CodeIgniter->handleRequest(NULL, Object(Config\Cache), false)
#8 D:\xampp\htdocs\rnd\index.php(37): CodeIgniter\CodeIgniter->run()
#9 {main}
CRITICAL - 2022-05-23 06:37:05 --> Undefined property: stdClass::$irragtion
#0 D:\xampp\htdocs\rnd\app\Views\view.php(55): CodeIgniter\Debug\Exceptions->errorHandler(8, 'Undefined prope...', 'D:\\xampp\\htdocs...', 55, Array)
#1 D:\xampp\htdocs\rnd\system\View\View.php(210): include('D:\\xampp\\htdocs...')
#2 D:\xampp\htdocs\rnd\system\View\View.php(213): CodeIgniter\View\View->CodeIgniter\View\{closure}()
#3 D:\xampp\htdocs\rnd\system\Common.php(1089): CodeIgniter\View\View->render('view', Array, true)
#4 D:\xampp\htdocs\rnd\app\Controllers\Home.php(43): view('view', Array)
#5 D:\xampp\htdocs\rnd\system\CodeIgniter.php(832): App\Controllers\Home->data_view()
#6 D:\xampp\htdocs\rnd\system\CodeIgniter.php(419): CodeIgniter\CodeIgniter->runController(Object(App\Controllers\Home))
#7 D:\xampp\htdocs\rnd\system\CodeIgniter.php(326): CodeIgniter\CodeIgniter->handleRequest(NULL, Object(Config\Cache), false)
#8 D:\xampp\htdocs\rnd\index.php(37): CodeIgniter\CodeIgniter->run()
#9 {main}
CRITICAL - 2022-05-23 06:38:10 --> syntax error, unexpected 'date' (T_STRING), expecting ';' or ','
#0 D:\xampp\htdocs\rnd\system\View\View.php(213): CodeIgniter\View\View->CodeIgniter\View\{closure}()
#1 D:\xampp\htdocs\rnd\system\Common.php(1089): CodeIgniter\View\View->render('view', Array, true)
#2 D:\xampp\htdocs\rnd\app\Controllers\Home.php(43): view('view', Array)
#3 D:\xampp\htdocs\rnd\system\CodeIgniter.php(832): App\Controllers\Home->data_view()
#4 D:\xampp\htdocs\rnd\system\CodeIgniter.php(419): CodeIgniter\CodeIgniter->runController(Object(App\Controllers\Home))
#5 D:\xampp\htdocs\rnd\system\CodeIgniter.php(326): CodeIgniter\CodeIgniter->handleRequest(NULL, Object(Config\Cache), false)
#6 D:\xampp\htdocs\rnd\index.php(37): CodeIgniter\CodeIgniter->run()
#7 {main}
CRITICAL - 2022-05-23 06:38:23 --> Undefined property: stdClass::$planntingdate
#0 D:\xampp\htdocs\rnd\app\Views\view.php(50): CodeIgniter\Debug\Exceptions->errorHandler(8, 'Undefined prope...', 'D:\\xampp\\htdocs...', 50, Array)
#1 D:\xampp\htdocs\rnd\system\View\View.php(210): include('D:\\xampp\\htdocs...')
#2 D:\xampp\htdocs\rnd\system\View\View.php(213): CodeIgniter\View\View->CodeIgniter\View\{closure}()
#3 D:\xampp\htdocs\rnd\system\Common.php(1089): CodeIgniter\View\View->render('view', Array, true)
#4 D:\xampp\htdocs\rnd\app\Controllers\Home.php(43): view('view', Array)
#5 D:\xampp\htdocs\rnd\system\CodeIgniter.php(832): App\Controllers\Home->data_view()
#6 D:\xampp\htdocs\rnd\system\CodeIgniter.php(419): CodeIgniter\CodeIgniter->runController(Object(App\Controllers\Home))
#7 D:\xampp\htdocs\rnd\system\CodeIgniter.php(326): CodeIgniter\CodeIgniter->handleRequest(NULL, Object(Config\Cache), false)
#8 D:\xampp\htdocs\rnd\index.php(37): CodeIgniter\CodeIgniter->run()
#9 {main}
CRITICAL - 2022-05-23 06:39:17 --> Undefined property: stdClass::$plotsize
#0 D:\xampp\htdocs\rnd\app\Views\view.php(53): CodeIgniter\Debug\Exceptions->errorHandler(8, 'Undefined prope...', 'D:\\xampp\\htdocs...', 53, Array)
#1 D:\xampp\htdocs\rnd\system\View\View.php(210): include('D:\\xampp\\htdocs...')
#2 D:\xampp\htdocs\rnd\system\View\View.php(213): CodeIgniter\View\View->CodeIgniter\View\{closure}()
#3 D:\xampp\htdocs\rnd\system\Common.php(1089): CodeIgniter\View\View->render('view', Array, true)
#4 D:\xampp\htdocs\rnd\app\Controllers\Home.php(43): view('view', Array)
#5 D:\xampp\htdocs\rnd\system\CodeIgniter.php(832): App\Controllers\Home->data_view()
#6 D:\xampp\htdocs\rnd\system\CodeIgniter.php(419): CodeIgniter\CodeIgniter->runController(Object(App\Controllers\Home))
#7 D:\xampp\htdocs\rnd\system\CodeIgniter.php(326): CodeIgniter\CodeIgniter->handleRequest(NULL, Object(Config\Cache), false)
#8 D:\xampp\htdocs\rnd\index.php(37): CodeIgniter\CodeIgniter->run()
#9 {main}
CRITICAL - 2022-05-23 06:39:59 --> Undefined property: stdClass::$previousapplication
#0 D:\xampp\htdocs\rnd\app\Views\view.php(54): CodeIgniter\Debug\Exceptions->errorHandler(8, 'Undefined prope...', 'D:\\xampp\\htdocs...', 54, Array)
#1 D:\xampp\htdocs\rnd\system\View\View.php(210): include('D:\\xampp\\htdocs...')
#2 D:\xampp\htdocs\rnd\system\View\View.php(213): CodeIgniter\View\View->CodeIgniter\View\{closure}()
#3 D:\xampp\htdocs\rnd\system\Common.php(1089): CodeIgniter\View\View->render('view', Array, true)
#4 D:\xampp\htdocs\rnd\app\Controllers\Home.php(43): view('view', Array)
#5 D:\xampp\htdocs\rnd\system\CodeIgniter.php(832): App\Controllers\Home->data_view()
#6 D:\xampp\htdocs\rnd\system\CodeIgniter.php(419): CodeIgniter\CodeIgniter->runController(Object(App\Controllers\Home))
#7 D:\xampp\htdocs\rnd\system\CodeIgniter.php(326): CodeIgniter\CodeIgniter->handleRequest(NULL, Object(Config\Cache), false)
#8 D:\xampp\htdocs\rnd\index.php(37): CodeIgniter\CodeIgniter->run()
#9 {main}
CRITICAL - 2022-05-23 06:40:31 --> Undefined property: stdClass::$Irragtiondate
#0 D:\xampp\htdocs\rnd\app\Views\view.php(55): CodeIgniter\Debug\Exceptions->errorHandler(8, 'Undefined prope...', 'D:\\xampp\\htdocs...', 55, Array)
#1 D:\xampp\htdocs\rnd\system\View\View.php(210): include('D:\\xampp\\htdocs...')
#2 D:\xampp\htdocs\rnd\system\View\View.php(213): CodeIgniter\View\View->CodeIgniter\View\{closure}()
#3 D:\xampp\htdocs\rnd\system\Common.php(1089): CodeIgniter\View\View->render('view', Array, true)
#4 D:\xampp\htdocs\rnd\app\Controllers\Home.php(43): view('view', Array)
#5 D:\xampp\htdocs\rnd\system\CodeIgniter.php(832): App\Controllers\Home->data_view()
#6 D:\xampp\htdocs\rnd\system\CodeIgniter.php(419): CodeIgniter\CodeIgniter->runController(Object(App\Controllers\Home))
#7 D:\xampp\htdocs\rnd\system\CodeIgniter.php(326): CodeIgniter\CodeIgniter->handleRequest(NULL, Object(Config\Cache), false)
#8 D:\xampp\htdocs\rnd\index.php(37): CodeIgniter\CodeIgniter->run()
#9 {main}
CRITICAL - 2022-05-23 07:44:01 --> Too few arguments to function App\Controllers\Home::edit_view(), 0 passed in D:\xampp\htdocs\rnd\system\CodeIgniter.php on line 832 and exactly 1 expected
#0 D:\xampp\htdocs\rnd\system\CodeIgniter.php(832): App\Controllers\Home->edit_view()
#1 D:\xampp\htdocs\rnd\system\CodeIgniter.php(419): CodeIgniter\CodeIgniter->runController(Object(App\Controllers\Home))
#2 D:\xampp\htdocs\rnd\system\CodeIgniter.php(326): CodeIgniter\CodeIgniter->handleRequest(NULL, Object(Config\Cache), false)
#3 D:\xampp\htdocs\rnd\index.php(37): CodeIgniter\CodeIgniter->run()
#4 {main}
