CRITICAL - 2022-05-20 00:06:35 --> There is no data to insert.
#0 D:\xampp\htdocs\rnd\system\BaseModel.php(718): CodeIgniter\Database\Exceptions\DataException::forEmptyDataset('insert')
#1 D:\xampp\htdocs\rnd\system\Model.php(625): CodeIgniter\BaseModel->insert(Array, false)
#2 D:\xampp\htdocs\rnd\system\BaseModel.php(658): CodeIgniter\Model->insert(Array, false)
#3 D:\xampp\htdocs\rnd\app\Controllers\Home.php(45): CodeIgniter\BaseModel->save(Array)
#4 D:\xampp\htdocs\rnd\system\CodeIgniter.php(832): App\Controllers\Home->insert_data()
#5 D:\xampp\htdocs\rnd\system\CodeIgniter.php(419): CodeIgniter\CodeIgniter->runController(Object(App\Controllers\Home))
#6 D:\xampp\htdocs\rnd\system\CodeIgniter.php(326): CodeIgniter\CodeIgniter->handleRequest(NULL, Object(Config\Cache), false)
#7 D:\xampp\htdocs\rnd\index.php(37): CodeIgniter\CodeIgniter->run()
#8 {main}
CRITICAL - 2022-05-20 00:11:42 --> Call to undefined method App\Models\Rmodel::isert
#0 D:\xampp\htdocs\rnd\app\Controllers\Home.php(45): CodeIgniter\Model->__call('isert', Array)
#1 D:\xampp\htdocs\rnd\system\CodeIgniter.php(832): App\Controllers\Home->insert_data()
#2 D:\xampp\htdocs\rnd\system\CodeIgniter.php(419): CodeIgniter\CodeIgniter->runController(Object(App\Controllers\Home))
#3 D:\xampp\htdocs\rnd\system\CodeIgniter.php(326): CodeIgniter\CodeIgniter->handleRequest(NULL, Object(Config\Cache), false)
#4 D:\xampp\htdocs\rnd\index.php(37): CodeIgniter\CodeIgniter->run()
#5 {main}
CRITICAL - 2022-05-20 00:11:51 --> There is no data to insert.
#0 D:\xampp\htdocs\rnd\system\BaseModel.php(718): CodeIgniter\Database\Exceptions\DataException::forEmptyDataset('insert')
#1 D:\xampp\htdocs\rnd\system\Model.php(625): CodeIgniter\BaseModel->insert(Array, true)
#2 D:\xampp\htdocs\rnd\app\Controllers\Home.php(45): CodeIgniter\Model->insert(Array)
#3 D:\xampp\htdocs\rnd\system\CodeIgniter.php(832): App\Controllers\Home->insert_data()
#4 D:\xampp\htdocs\rnd\system\CodeIgniter.php(419): CodeIgniter\CodeIgniter->runController(Object(App\Controllers\Home))
#5 D:\xampp\htdocs\rnd\system\CodeIgniter.php(326): CodeIgniter\CodeIgniter->handleRequest(NULL, Object(Config\Cache), false)
#6 D:\xampp\htdocs\rnd\index.php(37): CodeIgniter\CodeIgniter->run()
#7 {main}
CRITICAL - 2022-05-20 00:12:30 --> There is no data to insert.
#0 D:\xampp\htdocs\rnd\system\BaseModel.php(718): CodeIgniter\Database\Exceptions\DataException::forEmptyDataset('insert')
#1 D:\xampp\htdocs\rnd\system\Model.php(625): CodeIgniter\BaseModel->insert(Array, false)
#2 D:\xampp\htdocs\rnd\system\BaseModel.php(658): CodeIgniter\Model->insert(Array, false)
#3 D:\xampp\htdocs\rnd\app\Controllers\Home.php(45): CodeIgniter\BaseModel->save(Array)
#4 D:\xampp\htdocs\rnd\system\CodeIgniter.php(832): App\Controllers\Home->insert_data()
#5 D:\xampp\htdocs\rnd\system\CodeIgniter.php(419): CodeIgniter\CodeIgniter->runController(Object(App\Controllers\Home))
#6 D:\xampp\htdocs\rnd\system\CodeIgniter.php(326): CodeIgniter\CodeIgniter->handleRequest(NULL, Object(Config\Cache), false)
#7 D:\xampp\htdocs\rnd\index.php(37): CodeIgniter\CodeIgniter->run()
#8 {main}
CRITICAL - 2022-05-20 00:12:32 --> There is no data to insert.
#0 D:\xampp\htdocs\rnd\system\BaseModel.php(718): CodeIgniter\Database\Exceptions\DataException::forEmptyDataset('insert')
#1 D:\xampp\htdocs\rnd\system\Model.php(625): CodeIgniter\BaseModel->insert(Array, false)
#2 D:\xampp\htdocs\rnd\system\BaseModel.php(658): CodeIgniter\Model->insert(Array, false)
#3 D:\xampp\htdocs\rnd\app\Controllers\Home.php(45): CodeIgniter\BaseModel->save(Array)
#4 D:\xampp\htdocs\rnd\system\CodeIgniter.php(832): App\Controllers\Home->insert_data()
#5 D:\xampp\htdocs\rnd\system\CodeIgniter.php(419): CodeIgniter\CodeIgniter->runController(Object(App\Controllers\Home))
#6 D:\xampp\htdocs\rnd\system\CodeIgniter.php(326): CodeIgniter\CodeIgniter->handleRequest(NULL, Object(Config\Cache), false)
#7 D:\xampp\htdocs\rnd\index.php(37): CodeIgniter\CodeIgniter->run()
#8 {main}
ERROR - 2022-05-20 00:13:08 --> Cannot add or update a child row: a foreign key constraint fails (`rnd`.`brand`, CONSTRAINT `brand_ibfk_1` FOREIGN KEY (`ing_id`) REFERENCES `active_ingredient_detail` (`id`) ON DELETE CASCADE ON UPDATE CASCADE)
CRITICAL - 2022-05-20 00:13:08 --> Cannot add or update a child row: a foreign key constraint fails (`rnd`.`brand`, CONSTRAINT `brand_ibfk_1` FOREIGN KEY (`ing_id`) REFERENCES `active_ingredient_detail` (`id`) ON DELETE CASCADE ON UPDATE CASCADE)
#0 D:\xampp\htdocs\rnd\system\Database\MySQLi\Connection.php(292): mysqli->query('INSERT INTO `br...', 0)
#1 D:\xampp\htdocs\rnd\system\Database\BaseConnection.php(670): CodeIgniter\Database\MySQLi\Connection->execute('INSERT INTO `br...')
#2 D:\xampp\htdocs\rnd\system\Database\BaseConnection.php(598): CodeIgniter\Database\BaseConnection->simpleQuery('INSERT INTO `br...')
#3 D:\xampp\htdocs\rnd\system\Database\BaseBuilder.php(1771): CodeIgniter\Database\BaseConnection->query('INSERT INTO `br...', Array, false)
#4 D:\xampp\htdocs\rnd\system\Model.php(239): CodeIgniter\Database\BaseBuilder->insert()
#5 D:\xampp\htdocs\rnd\system\BaseModel.php(738): CodeIgniter\Model->doInsert(Array)
#6 D:\xampp\htdocs\rnd\system\Model.php(625): CodeIgniter\BaseModel->insert(Array, true)
#7 D:\xampp\htdocs\rnd\app\Controllers\Home.php(45): CodeIgniter\Model->insert(Array)
#8 D:\xampp\htdocs\rnd\system\CodeIgniter.php(832): App\Controllers\Home->insert_data()
#9 D:\xampp\htdocs\rnd\system\CodeIgniter.php(419): CodeIgniter\CodeIgniter->runController(Object(App\Controllers\Home))
#10 D:\xampp\htdocs\rnd\system\CodeIgniter.php(326): CodeIgniter\CodeIgniter->handleRequest(NULL, Object(Config\Cache), false)
#11 D:\xampp\htdocs\rnd\index.php(37): CodeIgniter\CodeIgniter->run()
#12 {main}
ERROR - 2022-05-20 00:13:48 --> Cannot add or update a child row: a foreign key constraint fails (`rnd`.`brand`, CONSTRAINT `brand_ibfk_1` FOREIGN KEY (`ing_id`) REFERENCES `active_ingredient_detail` (`id`) ON DELETE CASCADE ON UPDATE CASCADE)
CRITICAL - 2022-05-20 00:13:48 --> Cannot add or update a child row: a foreign key constraint fails (`rnd`.`brand`, CONSTRAINT `brand_ibfk_1` FOREIGN KEY (`ing_id`) REFERENCES `active_ingredient_detail` (`id`) ON DELETE CASCADE ON UPDATE CASCADE)
#0 D:\xampp\htdocs\rnd\system\Database\MySQLi\Connection.php(292): mysqli->query('INSERT INTO `br...', 0)
#1 D:\xampp\htdocs\rnd\system\Database\BaseConnection.php(670): CodeIgniter\Database\MySQLi\Connection->execute('INSERT INTO `br...')
#2 D:\xampp\htdocs\rnd\system\Database\BaseConnection.php(598): CodeIgniter\Database\BaseConnection->simpleQuery('INSERT INTO `br...')
#3 D:\xampp\htdocs\rnd\system\Database\BaseBuilder.php(1771): CodeIgniter\Database\BaseConnection->query('INSERT INTO `br...', Array, false)
#4 D:\xampp\htdocs\rnd\system\Model.php(239): CodeIgniter\Database\BaseBuilder->insert()
#5 D:\xampp\htdocs\rnd\system\BaseModel.php(738): CodeIgniter\Model->doInsert(Array)
#6 D:\xampp\htdocs\rnd\system\Model.php(625): CodeIgniter\BaseModel->insert(Array, true)
#7 D:\xampp\htdocs\rnd\app\Controllers\Home.php(45): CodeIgniter\Model->insert(Array)
#8 D:\xampp\htdocs\rnd\system\CodeIgniter.php(832): App\Controllers\Home->insert_data()
#9 D:\xampp\htdocs\rnd\system\CodeIgniter.php(419): CodeIgniter\CodeIgniter->runController(Object(App\Controllers\Home))
#10 D:\xampp\htdocs\rnd\system\CodeIgniter.php(326): CodeIgniter\CodeIgniter->handleRequest(NULL, Object(Config\Cache), false)
#11 D:\xampp\htdocs\rnd\index.php(37): CodeIgniter\CodeIgniter->run()
#12 {main}
ERROR - 2022-05-20 00:14:11 --> Cannot add or update a child row: a foreign key constraint fails (`rnd`.`brand`, CONSTRAINT `brand_ibfk_1` FOREIGN KEY (`ing_id`) REFERENCES `active_ingredient_detail` (`id`) ON DELETE CASCADE ON UPDATE CASCADE)
CRITICAL - 2022-05-20 00:14:11 --> Cannot add or update a child row: a foreign key constraint fails (`rnd`.`brand`, CONSTRAINT `brand_ibfk_1` FOREIGN KEY (`ing_id`) REFERENCES `active_ingredient_detail` (`id`) ON DELETE CASCADE ON UPDATE CASCADE)
#0 D:\xampp\htdocs\rnd\system\Database\MySQLi\Connection.php(292): mysqli->query('INSERT INTO `br...', 0)
#1 D:\xampp\htdocs\rnd\system\Database\BaseConnection.php(670): CodeIgniter\Database\MySQLi\Connection->execute('INSERT INTO `br...')
#2 D:\xampp\htdocs\rnd\system\Database\BaseConnection.php(598): CodeIgniter\Database\BaseConnection->simpleQuery('INSERT INTO `br...')
#3 D:\xampp\htdocs\rnd\system\Database\BaseBuilder.php(1771): CodeIgniter\Database\BaseConnection->query('INSERT INTO `br...', Array, false)
#4 D:\xampp\htdocs\rnd\system\Model.php(239): CodeIgniter\Database\BaseBuilder->insert()
#5 D:\xampp\htdocs\rnd\system\BaseModel.php(738): CodeIgniter\Model->doInsert(Array)
#6 D:\xampp\htdocs\rnd\system\Model.php(625): CodeIgniter\BaseModel->insert(Array, true)
#7 D:\xampp\htdocs\rnd\app\Controllers\Home.php(45): CodeIgniter\Model->insert(Array)
#8 D:\xampp\htdocs\rnd\system\CodeIgniter.php(832): App\Controllers\Home->insert_data()
#9 D:\xampp\htdocs\rnd\system\CodeIgniter.php(419): CodeIgniter\CodeIgniter->runController(Object(App\Controllers\Home))
#10 D:\xampp\htdocs\rnd\system\CodeIgniter.php(326): CodeIgniter\CodeIgniter->handleRequest(NULL, Object(Config\Cache), false)
#11 D:\xampp\htdocs\rnd\index.php(37): CodeIgniter\CodeIgniter->run()
#12 {main}
CRITICAL - 2022-05-20 00:15:27 --> Undefined variable: builder
#0 D:\xampp\htdocs\rnd\app\Controllers\Home.php(46): CodeIgniter\Debug\Exceptions->errorHandler(8, 'Undefined varia...', 'D:\\xampp\\htdocs...', 46, Array)
#1 D:\xampp\htdocs\rnd\system\CodeIgniter.php(832): App\Controllers\Home->insert_data()
#2 D:\xampp\htdocs\rnd\system\CodeIgniter.php(419): CodeIgniter\CodeIgniter->runController(Object(App\Controllers\Home))
#3 D:\xampp\htdocs\rnd\system\CodeIgniter.php(326): CodeIgniter\CodeIgniter->handleRequest(NULL, Object(Config\Cache), false)
#4 D:\xampp\htdocs\rnd\index.php(37): CodeIgniter\CodeIgniter->run()
#5 {main}
CRITICAL - 2022-05-20 00:16:54 --> Undefined variable: db
#0 D:\xampp\htdocs\rnd\app\Controllers\Home.php(45): CodeIgniter\Debug\Exceptions->errorHandler(8, 'Undefined varia...', 'D:\\xampp\\htdocs...', 45, Array)
#1 D:\xampp\htdocs\rnd\system\CodeIgniter.php(832): App\Controllers\Home->insert_data()
#2 D:\xampp\htdocs\rnd\system\CodeIgniter.php(419): CodeIgniter\CodeIgniter->runController(Object(App\Controllers\Home))
#3 D:\xampp\htdocs\rnd\system\CodeIgniter.php(326): CodeIgniter\CodeIgniter->handleRequest(NULL, Object(Config\Cache), false)
#4 D:\xampp\htdocs\rnd\index.php(37): CodeIgniter\CodeIgniter->run()
#5 {main}
CRITICAL - 2022-05-20 00:18:38 --> Call to undefined method CodeIgniter\Database\MySQLi\Connection::insert()
#0 D:\xampp\htdocs\rnd\system\CodeIgniter.php(832): App\Controllers\Home->insert_data()
#1 D:\xampp\htdocs\rnd\system\CodeIgniter.php(419): CodeIgniter\CodeIgniter->runController(Object(App\Controllers\Home))
#2 D:\xampp\htdocs\rnd\system\CodeIgniter.php(326): CodeIgniter\CodeIgniter->handleRequest(NULL, Object(Config\Cache), false)
#3 D:\xampp\htdocs\rnd\index.php(37): CodeIgniter\CodeIgniter->run()
#4 {main}
CRITICAL - 2022-05-20 00:20:00 --> Call to undefined method CodeIgniter\Database\MySQLi\Connection::insert()
#0 D:\xampp\htdocs\rnd\system\CodeIgniter.php(832): App\Controllers\Home->insert_data()
#1 D:\xampp\htdocs\rnd\system\CodeIgniter.php(419): CodeIgniter\CodeIgniter->runController(Object(App\Controllers\Home))
#2 D:\xampp\htdocs\rnd\system\CodeIgniter.php(326): CodeIgniter\CodeIgniter->handleRequest(NULL, Object(Config\Cache), false)
#3 D:\xampp\htdocs\rnd\index.php(37): CodeIgniter\CodeIgniter->run()
#4 {main}
CRITICAL - 2022-05-20 00:20:39 --> Call to undefined method CodeIgniter\Database\MySQLi\Connection::insert()
#0 D:\xampp\htdocs\rnd\system\CodeIgniter.php(832): App\Controllers\Home->insert_data()
#1 D:\xampp\htdocs\rnd\system\CodeIgniter.php(419): CodeIgniter\CodeIgniter->runController(Object(App\Controllers\Home))
#2 D:\xampp\htdocs\rnd\system\CodeIgniter.php(326): CodeIgniter\CodeIgniter->handleRequest(NULL, Object(Config\Cache), false)
#3 D:\xampp\htdocs\rnd\index.php(37): CodeIgniter\CodeIgniter->run()
#4 {main}
CRITICAL - 2022-05-20 01:23:29 --> Call to undefined method CodeIgniter\Database\MySQLi\Connection::insert()
#0 D:\xampp\htdocs\rnd\system\CodeIgniter.php(832): App\Controllers\Home->insert_data()
#1 D:\xampp\htdocs\rnd\system\CodeIgniter.php(419): CodeIgniter\CodeIgniter->runController(Object(App\Controllers\Home))
#2 D:\xampp\htdocs\rnd\system\CodeIgniter.php(326): CodeIgniter\CodeIgniter->handleRequest(NULL, Object(Config\Cache), false)
#3 D:\xampp\htdocs\rnd\index.php(37): CodeIgniter\CodeIgniter->run()
#4 {main}
CRITICAL - 2022-05-20 01:24:21 --> Call to undefined method CodeIgniter\Database\MySQLi\Connection::insert()
#0 D:\xampp\htdocs\rnd\system\CodeIgniter.php(832): App\Controllers\Home->insert_data()
#1 D:\xampp\htdocs\rnd\system\CodeIgniter.php(419): CodeIgniter\CodeIgniter->runController(Object(App\Controllers\Home))
#2 D:\xampp\htdocs\rnd\system\CodeIgniter.php(326): CodeIgniter\CodeIgniter->handleRequest(NULL, Object(Config\Cache), false)
#3 D:\xampp\htdocs\rnd\index.php(37): CodeIgniter\CodeIgniter->run()
#4 {main}
CRITICAL - 2022-05-20 01:25:18 --> Call to undefined method CodeIgniter\Database\MySQLi\Connection::insert()
#0 D:\xampp\htdocs\rnd\system\CodeIgniter.php(832): App\Controllers\Home->insert_data()
#1 D:\xampp\htdocs\rnd\system\CodeIgniter.php(419): CodeIgniter\CodeIgniter->runController(Object(App\Controllers\Home))
#2 D:\xampp\htdocs\rnd\system\CodeIgniter.php(326): CodeIgniter\CodeIgniter->handleRequest(NULL, Object(Config\Cache), false)
#3 D:\xampp\htdocs\rnd\index.php(37): CodeIgniter\CodeIgniter->run()
#4 {main}
CRITICAL - 2022-05-20 01:25:35 --> Call to undefined method CodeIgniter\Database\MySQLi\Connection::save()
#0 D:\xampp\htdocs\rnd\system\CodeIgniter.php(832): App\Controllers\Home->insert_data()
#1 D:\xampp\htdocs\rnd\system\CodeIgniter.php(419): CodeIgniter\CodeIgniter->runController(Object(App\Controllers\Home))
#2 D:\xampp\htdocs\rnd\system\CodeIgniter.php(326): CodeIgniter\CodeIgniter->handleRequest(NULL, Object(Config\Cache), false)
#3 D:\xampp\htdocs\rnd\index.php(37): CodeIgniter\CodeIgniter->run()
#4 {main}
CRITICAL - 2022-05-20 01:32:52 --> syntax error, unexpected 'else' (T_ELSE), expecting function (T_FUNCTION) or const (T_CONST)
#0 D:\xampp\htdocs\rnd\system\Router\Router.php(175): CodeIgniter\Router\Router->autoRoute('/home/insert_da...')
#1 D:\xampp\htdocs\rnd\system\CodeIgniter.php(726): CodeIgniter\Router\Router->handle('/home/insert_da...')
#2 D:\xampp\htdocs\rnd\system\CodeIgniter.php(368): CodeIgniter\CodeIgniter->tryToRouteIt(Object(CodeIgniter\Router\RouteCollection))
#3 D:\xampp\htdocs\rnd\system\CodeIgniter.php(326): CodeIgniter\CodeIgniter->handleRequest(NULL, Object(Config\Cache), false)
#4 D:\xampp\htdocs\rnd\index.php(37): CodeIgniter\CodeIgniter->run()
#5 {main}
CRITICAL - 2022-05-20 01:33:13 --> Class declarations may not be nested
#0 [internal function]: CodeIgniter\Debug\Exceptions->shutdownHandler()
#1 {main}
CRITICAL - 2022-05-20 01:33:28 --> Class declarations may not be nested
#0 [internal function]: CodeIgniter\Debug\Exceptions->shutdownHandler()
#1 {main}
CRITICAL - 2022-05-20 01:34:48 --> Class declarations may not be nested
#0 [internal function]: CodeIgniter\Debug\Exceptions->shutdownHandler()
#1 {main}
CRITICAL - 2022-05-20 01:35:45 --> syntax error, unexpected end of file, expecting function (T_FUNCTION) or const (T_CONST)
#0 D:\xampp\htdocs\rnd\system\Router\Router.php(175): CodeIgniter\Router\Router->autoRoute('/home/insert_da...')
#1 D:\xampp\htdocs\rnd\system\CodeIgniter.php(726): CodeIgniter\Router\Router->handle('/home/insert_da...')
#2 D:\xampp\htdocs\rnd\system\CodeIgniter.php(368): CodeIgniter\CodeIgniter->tryToRouteIt(Object(CodeIgniter\Router\RouteCollection))
#3 D:\xampp\htdocs\rnd\system\CodeIgniter.php(326): CodeIgniter\CodeIgniter->handleRequest(NULL, Object(Config\Cache), false)
#4 D:\xampp\htdocs\rnd\index.php(37): CodeIgniter\CodeIgniter->run()
#5 {main}
CRITICAL - 2022-05-20 01:36:07 --> Class declarations may not be nested
#0 [internal function]: CodeIgniter\Debug\Exceptions->shutdownHandler()
#1 {main}
CRITICAL - 2022-05-20 01:36:23 --> Class declarations may not be nested
#0 [internal function]: CodeIgniter\Debug\Exceptions->shutdownHandler()
#1 {main}
CRITICAL - 2022-05-20 01:39:07 --> Class declarations may not be nested
#0 [internal function]: CodeIgniter\Debug\Exceptions->shutdownHandler()
#1 {main}
CRITICAL - 2022-05-20 01:40:03 --> Class declarations may not be nested
#0 [internal function]: CodeIgniter\Debug\Exceptions->shutdownHandler()
#1 {main}
CRITICAL - 2022-05-20 01:45:59 --> syntax error, unexpected '$a' (T_VARIABLE), expecting ')'
#0 D:\xampp\htdocs\rnd\system\Router\Router.php(175): CodeIgniter\Router\Router->autoRoute('/home/insert_da...')
#1 D:\xampp\htdocs\rnd\system\CodeIgniter.php(726): CodeIgniter\Router\Router->handle('/home/insert_da...')
#2 D:\xampp\htdocs\rnd\system\CodeIgniter.php(368): CodeIgniter\CodeIgniter->tryToRouteIt(Object(CodeIgniter\Router\RouteCollection))
#3 D:\xampp\htdocs\rnd\system\CodeIgniter.php(326): CodeIgniter\CodeIgniter->handleRequest(NULL, Object(Config\Cache), false)
#4 D:\xampp\htdocs\rnd\index.php(37): CodeIgniter\CodeIgniter->run()
#5 {main}
CRITICAL - 2022-05-20 01:58:40 --> syntax error, unexpected '$a' (T_VARIABLE), expecting ')'
#0 D:\xampp\htdocs\rnd\system\Router\Router.php(175): CodeIgniter\Router\Router->autoRoute('/home/insert_da...')
#1 D:\xampp\htdocs\rnd\system\CodeIgniter.php(726): CodeIgniter\Router\Router->handle('/home/insert_da...')
#2 D:\xampp\htdocs\rnd\system\CodeIgniter.php(368): CodeIgniter\CodeIgniter->tryToRouteIt(Object(CodeIgniter\Router\RouteCollection))
#3 D:\xampp\htdocs\rnd\system\CodeIgniter.php(326): CodeIgniter\CodeIgniter->handleRequest(NULL, Object(Config\Cache), false)
#4 D:\xampp\htdocs\rnd\index.php(37): CodeIgniter\CodeIgniter->run()
#5 {main}
CRITICAL - 2022-05-20 01:59:12 --> syntax error, unexpected 'raza' (T_STRING), expecting ')'
#0 D:\xampp\htdocs\rnd\system\Router\Router.php(175): CodeIgniter\Router\Router->autoRoute('/home/insert_da...')
#1 D:\xampp\htdocs\rnd\system\CodeIgniter.php(726): CodeIgniter\Router\Router->handle('/home/insert_da...')
#2 D:\xampp\htdocs\rnd\system\CodeIgniter.php(368): CodeIgniter\CodeIgniter->tryToRouteIt(Object(CodeIgniter\Router\RouteCollection))
#3 D:\xampp\htdocs\rnd\system\CodeIgniter.php(326): CodeIgniter\CodeIgniter->handleRequest(NULL, Object(Config\Cache), false)
#4 D:\xampp\htdocs\rnd\index.php(37): CodeIgniter\CodeIgniter->run()
#5 {main}
CRITICAL - 2022-05-20 01:59:25 --> syntax error, unexpected 'raza' (T_STRING), expecting ')'
#0 D:\xampp\htdocs\rnd\system\Router\Router.php(175): CodeIgniter\Router\Router->autoRoute('/home/insert_da...')
#1 D:\xampp\htdocs\rnd\system\CodeIgniter.php(726): CodeIgniter\Router\Router->handle('/home/insert_da...')
#2 D:\xampp\htdocs\rnd\system\CodeIgniter.php(368): CodeIgniter\CodeIgniter->tryToRouteIt(Object(CodeIgniter\Router\RouteCollection))
#3 D:\xampp\htdocs\rnd\system\CodeIgniter.php(326): CodeIgniter\CodeIgniter->handleRequest(NULL, Object(Config\Cache), false)
#4 D:\xampp\htdocs\rnd\index.php(37): CodeIgniter\CodeIgniter->run()
#5 {main}
CRITICAL - 2022-05-20 01:59:42 --> syntax error, unexpected 'raza' (T_STRING), expecting ')'
#0 D:\xampp\htdocs\rnd\system\Router\Router.php(175): CodeIgniter\Router\Router->autoRoute('/home/insert_da...')
#1 D:\xampp\htdocs\rnd\system\CodeIgniter.php(726): CodeIgniter\Router\Router->handle('/home/insert_da...')
#2 D:\xampp\htdocs\rnd\system\CodeIgniter.php(368): CodeIgniter\CodeIgniter->tryToRouteIt(Object(CodeIgniter\Router\RouteCollection))
#3 D:\xampp\htdocs\rnd\system\CodeIgniter.php(326): CodeIgniter\CodeIgniter->handleRequest(NULL, Object(Config\Cache), false)
#4 D:\xampp\htdocs\rnd\index.php(37): CodeIgniter\CodeIgniter->run()
#5 {main}
CRITICAL - 2022-05-20 02:01:23 --> syntax error, unexpected 'raza' (T_STRING), expecting ')'
#0 D:\xampp\htdocs\rnd\system\Router\Router.php(175): CodeIgniter\Router\Router->autoRoute('/home/insert_da...')
#1 D:\xampp\htdocs\rnd\system\CodeIgniter.php(726): CodeIgniter\Router\Router->handle('/home/insert_da...')
#2 D:\xampp\htdocs\rnd\system\CodeIgniter.php(368): CodeIgniter\CodeIgniter->tryToRouteIt(Object(CodeIgniter\Router\RouteCollection))
#3 D:\xampp\htdocs\rnd\system\CodeIgniter.php(326): CodeIgniter\CodeIgniter->handleRequest(NULL, Object(Config\Cache), false)
#4 D:\xampp\htdocs\rnd\index.php(37): CodeIgniter\CodeIgniter->run()
#5 {main}
CRITICAL - 2022-05-20 02:02:49 --> Call to undefined method CodeIgniter\Database\MySQLi\Connection::insert()
#0 D:\xampp\htdocs\rnd\system\CodeIgniter.php(832): App\Controllers\Home->insert_data()
#1 D:\xampp\htdocs\rnd\system\CodeIgniter.php(419): CodeIgniter\CodeIgniter->runController(Object(App\Controllers\Home))
#2 D:\xampp\htdocs\rnd\system\CodeIgniter.php(326): CodeIgniter\CodeIgniter->handleRequest(NULL, Object(Config\Cache), false)
#3 D:\xampp\htdocs\rnd\index.php(37): CodeIgniter\CodeIgniter->run()
#4 {main}
CRITICAL - 2022-05-20 02:04:04 --> syntax error, unexpected '=>' (T_DOUBLE_ARROW), expecting ')'
#0 D:\xampp\htdocs\rnd\system\Router\Router.php(175): CodeIgniter\Router\Router->autoRoute('/home/insert_da...')
#1 D:\xampp\htdocs\rnd\system\CodeIgniter.php(726): CodeIgniter\Router\Router->handle('/home/insert_da...')
#2 D:\xampp\htdocs\rnd\system\CodeIgniter.php(368): CodeIgniter\CodeIgniter->tryToRouteIt(Object(CodeIgniter\Router\RouteCollection))
#3 D:\xampp\htdocs\rnd\system\CodeIgniter.php(326): CodeIgniter\CodeIgniter->handleRequest(NULL, Object(Config\Cache), false)
#4 D:\xampp\htdocs\rnd\index.php(37): CodeIgniter\CodeIgniter->run()
#5 {main}
CRITICAL - 2022-05-20 02:05:26 --> Call to undefined method CodeIgniter\Database\MySQLi\Connection::insert()
#0 D:\xampp\htdocs\rnd\system\CodeIgniter.php(832): App\Controllers\Home->insert_data()
#1 D:\xampp\htdocs\rnd\system\CodeIgniter.php(419): CodeIgniter\CodeIgniter->runController(Object(App\Controllers\Home))
#2 D:\xampp\htdocs\rnd\system\CodeIgniter.php(326): CodeIgniter\CodeIgniter->handleRequest(NULL, Object(Config\Cache), false)
#3 D:\xampp\htdocs\rnd\index.php(37): CodeIgniter\CodeIgniter->run()
#4 {main}
CRITICAL - 2022-05-20 02:06:03 --> Call to undefined method CodeIgniter\Database\MySQLi\Connection::insert()
#0 D:\xampp\htdocs\rnd\system\CodeIgniter.php(832): App\Controllers\Home->insert_data()
#1 D:\xampp\htdocs\rnd\system\CodeIgniter.php(419): CodeIgniter\CodeIgniter->runController(Object(App\Controllers\Home))
#2 D:\xampp\htdocs\rnd\system\CodeIgniter.php(326): CodeIgniter\CodeIgniter->handleRequest(NULL, Object(Config\Cache), false)
#3 D:\xampp\htdocs\rnd\index.php(37): CodeIgniter\CodeIgniter->run()
#4 {main}
CRITICAL - 2022-05-20 02:06:12 --> Call to undefined method CodeIgniter\Database\MySQLi\Connection::insert()
#0 D:\xampp\htdocs\rnd\system\CodeIgniter.php(832): App\Controllers\Home->insert_data()
#1 D:\xampp\htdocs\rnd\system\CodeIgniter.php(419): CodeIgniter\CodeIgniter->runController(Object(App\Controllers\Home))
#2 D:\xampp\htdocs\rnd\system\CodeIgniter.php(326): CodeIgniter\CodeIgniter->handleRequest(NULL, Object(Config\Cache), false)
#3 D:\xampp\htdocs\rnd\index.php(37): CodeIgniter\CodeIgniter->run()
#4 {main}
CRITICAL - 2022-05-20 02:08:01 --> Call to undefined method CodeIgniter\Database\MySQLi\Connection::insert()
#0 D:\xampp\htdocs\rnd\system\CodeIgniter.php(832): App\Controllers\Home->insert_data()
#1 D:\xampp\htdocs\rnd\system\CodeIgniter.php(419): CodeIgniter\CodeIgniter->runController(Object(App\Controllers\Home))
#2 D:\xampp\htdocs\rnd\system\CodeIgniter.php(326): CodeIgniter\CodeIgniter->handleRequest(NULL, Object(Config\Cache), false)
#3 D:\xampp\htdocs\rnd\index.php(37): CodeIgniter\CodeIgniter->run()
#4 {main}
CRITICAL - 2022-05-20 02:10:36 --> Call to undefined method App\Controllers\Home::insert()
#0 D:\xampp\htdocs\rnd\system\CodeIgniter.php(832): App\Controllers\Home->insert_data()
#1 D:\xampp\htdocs\rnd\system\CodeIgniter.php(419): CodeIgniter\CodeIgniter->runController(Object(App\Controllers\Home))
#2 D:\xampp\htdocs\rnd\system\CodeIgniter.php(326): CodeIgniter\CodeIgniter->handleRequest(NULL, Object(Config\Cache), false)
#3 D:\xampp\htdocs\rnd\index.php(37): CodeIgniter\CodeIgniter->run()
#4 {main}
CRITICAL - 2022-05-20 02:11:10 --> Call to undefined method App\Controllers\Home::insert()
#0 D:\xampp\htdocs\rnd\system\CodeIgniter.php(832): App\Controllers\Home->insert_data()
#1 D:\xampp\htdocs\rnd\system\CodeIgniter.php(419): CodeIgniter\CodeIgniter->runController(Object(App\Controllers\Home))
#2 D:\xampp\htdocs\rnd\system\CodeIgniter.php(326): CodeIgniter\CodeIgniter->handleRequest(NULL, Object(Config\Cache), false)
#3 D:\xampp\htdocs\rnd\index.php(37): CodeIgniter\CodeIgniter->run()
#4 {main}
CRITICAL - 2022-05-20 02:12:05 --> Undefined property: App\Controllers\Home::$table
#0 D:\xampp\htdocs\rnd\app\Controllers\Home.php(41): CodeIgniter\Debug\Exceptions->errorHandler(8, 'Undefined prope...', 'D:\\xampp\\htdocs...', 41, Array)
#1 D:\xampp\htdocs\rnd\system\CodeIgniter.php(832): App\Controllers\Home->insert_data()
#2 D:\xampp\htdocs\rnd\system\CodeIgniter.php(419): CodeIgniter\CodeIgniter->runController(Object(App\Controllers\Home))
#3 D:\xampp\htdocs\rnd\system\CodeIgniter.php(326): CodeIgniter\CodeIgniter->handleRequest(NULL, Object(Config\Cache), false)
#4 D:\xampp\htdocs\rnd\index.php(37): CodeIgniter\CodeIgniter->run()
#5 {main}
CRITICAL - 2022-05-20 02:17:38 --> Undefined variable: db
#0 D:\xampp\htdocs\rnd\app\Controllers\Home.php(40): CodeIgniter\Debug\Exceptions->errorHandler(8, 'Undefined varia...', 'D:\\xampp\\htdocs...', 40, Array)
#1 D:\xampp\htdocs\rnd\system\CodeIgniter.php(832): App\Controllers\Home->insert_data()
#2 D:\xampp\htdocs\rnd\system\CodeIgniter.php(419): CodeIgniter\CodeIgniter->runController(Object(App\Controllers\Home))
#3 D:\xampp\htdocs\rnd\system\CodeIgniter.php(326): CodeIgniter\CodeIgniter->handleRequest(NULL, Object(Config\Cache), false)
#4 D:\xampp\htdocs\rnd\index.php(37): CodeIgniter\CodeIgniter->run()
#5 {main}
CRITICAL - 2022-05-20 02:22:12 --> Undefined variable: db
#0 D:\xampp\htdocs\rnd\app\Controllers\Home.php(40): CodeIgniter\Debug\Exceptions->errorHandler(8, 'Undefined varia...', 'D:\\xampp\\htdocs...', 40, Array)
#1 D:\xampp\htdocs\rnd\system\CodeIgniter.php(832): App\Controllers\Home->insert_data()
#2 D:\xampp\htdocs\rnd\system\CodeIgniter.php(419): CodeIgniter\CodeIgniter->runController(Object(App\Controllers\Home))
#3 D:\xampp\htdocs\rnd\system\CodeIgniter.php(326): CodeIgniter\CodeIgniter->handleRequest(NULL, Object(Config\Cache), false)
#4 D:\xampp\htdocs\rnd\index.php(37): CodeIgniter\CodeIgniter->run()
#5 {main}
CRITICAL - 2022-05-20 02:22:25 --> syntax error, unexpected '$db' (T_VARIABLE), expecting function (T_FUNCTION) or const (T_CONST)
#0 D:\xampp\htdocs\rnd\system\Router\Router.php(175): CodeIgniter\Router\Router->autoRoute('/home/insert_da...')
#1 D:\xampp\htdocs\rnd\system\CodeIgniter.php(726): CodeIgniter\Router\Router->handle('/home/insert_da...')
#2 D:\xampp\htdocs\rnd\system\CodeIgniter.php(368): CodeIgniter\CodeIgniter->tryToRouteIt(Object(CodeIgniter\Router\RouteCollection))
#3 D:\xampp\htdocs\rnd\system\CodeIgniter.php(326): CodeIgniter\CodeIgniter->handleRequest(NULL, Object(Config\Cache), false)
#4 D:\xampp\htdocs\rnd\index.php(37): CodeIgniter\CodeIgniter->run()
#5 {main}
CRITICAL - 2022-05-20 02:31:51 --> syntax error, unexpected '$db' (T_VARIABLE), expecting function (T_FUNCTION) or const (T_CONST)
#0 D:\xampp\htdocs\rnd\system\Router\Router.php(175): CodeIgniter\Router\Router->autoRoute('/home/insert_da...')
#1 D:\xampp\htdocs\rnd\system\CodeIgniter.php(726): CodeIgniter\Router\Router->handle('/home/insert_da...')
#2 D:\xampp\htdocs\rnd\system\CodeIgniter.php(368): CodeIgniter\CodeIgniter->tryToRouteIt(Object(CodeIgniter\Router\RouteCollection))
#3 D:\xampp\htdocs\rnd\system\CodeIgniter.php(326): CodeIgniter\CodeIgniter->handleRequest(NULL, Object(Config\Cache), false)
#4 D:\xampp\htdocs\rnd\index.php(37): CodeIgniter\CodeIgniter->run()
#5 {main}
CRITICAL - 2022-05-20 02:32:04 --> Undefined variable: db
#0 D:\xampp\htdocs\rnd\app\Controllers\Home.php(41): CodeIgniter\Debug\Exceptions->errorHandler(8, 'Undefined varia...', 'D:\\xampp\\htdocs...', 41, Array)
#1 D:\xampp\htdocs\rnd\system\CodeIgniter.php(832): App\Controllers\Home->insert_data()
#2 D:\xampp\htdocs\rnd\system\CodeIgniter.php(419): CodeIgniter\CodeIgniter->runController(Object(App\Controllers\Home))
#3 D:\xampp\htdocs\rnd\system\CodeIgniter.php(326): CodeIgniter\CodeIgniter->handleRequest(NULL, Object(Config\Cache), false)
#4 D:\xampp\htdocs\rnd\index.php(37): CodeIgniter\CodeIgniter->run()
#5 {main}
CRITICAL - 2022-05-20 02:37:56 --> Declaration of App\Models\Rmodel::save($data) must be compatible with CodeIgniter\BaseModel::save($data): bool
#0 [internal function]: CodeIgniter\Debug\Exceptions->shutdownHandler()
#1 {main}
CRITICAL - 2022-05-20 02:38:10 --> Declaration of App\Models\Rmodel::save($data) must be compatible with CodeIgniter\BaseModel::save($data): bool
#0 [internal function]: CodeIgniter\Debug\Exceptions->shutdownHandler()
#1 {main}
CRITICAL - 2022-05-20 02:38:12 --> Declaration of App\Models\Rmodel::save($data) must be compatible with CodeIgniter\BaseModel::save($data): bool
#0 [internal function]: CodeIgniter\Debug\Exceptions->shutdownHandler()
#1 {main}
CRITICAL - 2022-05-20 02:38:28 --> Undefined property: App\Controllers\Home::$Rmodel
#0 D:\xampp\htdocs\rnd\app\Controllers\Home.php(39): CodeIgniter\Debug\Exceptions->errorHandler(8, 'Undefined prope...', 'D:\\xampp\\htdocs...', 39, Array)
#1 D:\xampp\htdocs\rnd\system\CodeIgniter.php(832): App\Controllers\Home->insert_data()
#2 D:\xampp\htdocs\rnd\system\CodeIgniter.php(419): CodeIgniter\CodeIgniter->runController(Object(App\Controllers\Home))
#3 D:\xampp\htdocs\rnd\system\CodeIgniter.php(326): CodeIgniter\CodeIgniter->handleRequest(NULL, Object(Config\Cache), false)
#4 D:\xampp\htdocs\rnd\index.php(37): CodeIgniter\CodeIgniter->run()
#5 {main}
CRITICAL - 2022-05-20 02:39:59 --> syntax error, unexpected '$db' (T_VARIABLE), expecting function (T_FUNCTION) or const (T_CONST)
#0 D:\xampp\htdocs\rnd\system\Autoloader\Autoloader.php(241): CodeIgniter\Autoloader\Autoloader->includeFile('D:\\xampp\\htdocs...')
#1 D:\xampp\htdocs\rnd\system\Autoloader\Autoloader.php(219): CodeIgniter\Autoloader\Autoloader->loadInNamespace('App\\Models\\Rmod...')
#2 [internal function]: CodeIgniter\Autoloader\Autoloader->loadClass('App\\Models\\Rmod...')
#3 D:\xampp\htdocs\rnd\app\Controllers\Home.php(15): spl_autoload_call('App\\Models\\Rmod...')
#4 D:\xampp\htdocs\rnd\system\CodeIgniter.php(809): App\Controllers\Home->__Construct()
#5 D:\xampp\htdocs\rnd\system\CodeIgniter.php(410): CodeIgniter\CodeIgniter->createController()
#6 D:\xampp\htdocs\rnd\system\CodeIgniter.php(326): CodeIgniter\CodeIgniter->handleRequest(NULL, Object(Config\Cache), false)
#7 D:\xampp\htdocs\rnd\index.php(37): CodeIgniter\CodeIgniter->run()
#8 {main}
CRITICAL - 2022-05-20 02:40:33 --> syntax error, unexpected '$db' (T_VARIABLE), expecting function (T_FUNCTION) or const (T_CONST)
#0 D:\xampp\htdocs\rnd\system\Autoloader\Autoloader.php(241): CodeIgniter\Autoloader\Autoloader->includeFile('D:\\xampp\\htdocs...')
#1 D:\xampp\htdocs\rnd\system\Autoloader\Autoloader.php(219): CodeIgniter\Autoloader\Autoloader->loadInNamespace('App\\Models\\Rmod...')
#2 [internal function]: CodeIgniter\Autoloader\Autoloader->loadClass('App\\Models\\Rmod...')
#3 D:\xampp\htdocs\rnd\app\Controllers\Home.php(15): spl_autoload_call('App\\Models\\Rmod...')
#4 D:\xampp\htdocs\rnd\system\CodeIgniter.php(809): App\Controllers\Home->__Construct()
#5 D:\xampp\htdocs\rnd\system\CodeIgniter.php(410): CodeIgniter\CodeIgniter->createController()
#6 D:\xampp\htdocs\rnd\system\CodeIgniter.php(326): CodeIgniter\CodeIgniter->handleRequest(NULL, Object(Config\Cache), false)
#7 D:\xampp\htdocs\rnd\index.php(37): CodeIgniter\CodeIgniter->run()
#8 {main}
ERROR - 2022-05-20 03:51:14 --> Cannot add or update a child row: a foreign key constraint fails (`rnd`.`trial`, CONSTRAINT `trial_ibfk_3` FOREIGN KEY (`farmer_id`) REFERENCES `farmer` (`id`) ON DELETE CASCADE ON UPDATE CASCADE)
CRITICAL - 2022-05-20 03:51:14 --> Cannot add or update a child row: a foreign key constraint fails (`rnd`.`trial`, CONSTRAINT `trial_ibfk_3` FOREIGN KEY (`farmer_id`) REFERENCES `farmer` (`id`) ON DELETE CASCADE ON UPDATE CASCADE)
#0 D:\xampp\htdocs\rnd\system\Database\MySQLi\Connection.php(292): mysqli->query('INSERT INTO `tr...', 0)
#1 D:\xampp\htdocs\rnd\system\Database\BaseConnection.php(670): CodeIgniter\Database\MySQLi\Connection->execute('INSERT INTO `tr...')
#2 D:\xampp\htdocs\rnd\system\Database\BaseConnection.php(598): CodeIgniter\Database\BaseConnection->simpleQuery('INSERT INTO `tr...')
#3 D:\xampp\htdocs\rnd\system\Database\BaseBuilder.php(1771): CodeIgniter\Database\BaseConnection->query('INSERT INTO `tr...', Array, false)
#4 D:\xampp\htdocs\rnd\app\Models\Rmodel.php(12): CodeIgniter\Database\BaseBuilder->insert(Array)
#5 D:\xampp\htdocs\rnd\app\Controllers\Home.php(58): App\Models\Rmodel->saves(Array, Array, Array, Array, Array)
#6 D:\xampp\htdocs\rnd\system\CodeIgniter.php(832): App\Controllers\Home->insert_data()
#7 D:\xampp\htdocs\rnd\system\CodeIgniter.php(419): CodeIgniter\CodeIgniter->runController(Object(App\Controllers\Home))
#8 D:\xampp\htdocs\rnd\system\CodeIgniter.php(326): CodeIgniter\CodeIgniter->handleRequest(NULL, Object(Config\Cache), false)
#9 D:\xampp\htdocs\rnd\index.php(37): CodeIgniter\CodeIgniter->run()
#10 {main}
ERROR - 2022-05-20 04:02:46 --> Table 'rnd.crop' doesn't exist
CRITICAL - 2022-05-20 04:02:46 --> Table 'rnd.crop' doesn't exist
#0 D:\xampp\htdocs\rnd\system\Database\MySQLi\Connection.php(292): mysqli->query('INSERT INTO `cr...', 0)
#1 D:\xampp\htdocs\rnd\system\Database\BaseConnection.php(670): CodeIgniter\Database\MySQLi\Connection->execute('INSERT INTO `cr...')
#2 D:\xampp\htdocs\rnd\system\Database\BaseConnection.php(598): CodeIgniter\Database\BaseConnection->simpleQuery('INSERT INTO `cr...')
#3 D:\xampp\htdocs\rnd\system\Database\BaseBuilder.php(1771): CodeIgniter\Database\BaseConnection->query('INSERT INTO `cr...', Array, false)
#4 D:\xampp\htdocs\rnd\app\Models\Rmodel.php(12): CodeIgniter\Database\BaseBuilder->insert(Array)
#5 D:\xampp\htdocs\rnd\app\Controllers\Home.php(58): App\Models\Rmodel->saves(Array, Array, Array, Array, Array)
#6 D:\xampp\htdocs\rnd\system\CodeIgniter.php(832): App\Controllers\Home->insert_data()
#7 D:\xampp\htdocs\rnd\system\CodeIgniter.php(419): CodeIgniter\CodeIgniter->runController(Object(App\Controllers\Home))
#8 D:\xampp\htdocs\rnd\system\CodeIgniter.php(326): CodeIgniter\CodeIgniter->handleRequest(NULL, Object(Config\Cache), false)
#9 D:\xampp\htdocs\rnd\index.php(37): CodeIgniter\CodeIgniter->run()
#10 {main}
ERROR - 2022-05-20 04:03:01 --> Cannot add or update a child row: a foreign key constraint fails (`rnd`.`sowing`, CONSTRAINT `sowing_ibfk_1` FOREIGN KEY (`crop_id`) REFERENCES `crops` (`id`) ON DELETE CASCADE ON UPDATE CASCADE)
CRITICAL - 2022-05-20 04:03:01 --> Cannot add or update a child row: a foreign key constraint fails (`rnd`.`sowing`, CONSTRAINT `sowing_ibfk_1` FOREIGN KEY (`crop_id`) REFERENCES `crops` (`id`) ON DELETE CASCADE ON UPDATE CASCADE)
#0 D:\xampp\htdocs\rnd\system\Database\MySQLi\Connection.php(292): mysqli->query('INSERT INTO `so...', 0)
#1 D:\xampp\htdocs\rnd\system\Database\BaseConnection.php(670): CodeIgniter\Database\MySQLi\Connection->execute('INSERT INTO `so...')
#2 D:\xampp\htdocs\rnd\system\Database\BaseConnection.php(598): CodeIgniter\Database\BaseConnection->simpleQuery('INSERT INTO `so...')
#3 D:\xampp\htdocs\rnd\system\Database\BaseBuilder.php(1771): CodeIgniter\Database\BaseConnection->query('INSERT INTO `so...', Array, false)
#4 D:\xampp\htdocs\rnd\app\Models\Rmodel.php(13): CodeIgniter\Database\BaseBuilder->insert(Array)
#5 D:\xampp\htdocs\rnd\app\Controllers\Home.php(58): App\Models\Rmodel->saves(Array, Array, Array, Array, Array)
#6 D:\xampp\htdocs\rnd\system\CodeIgniter.php(832): App\Controllers\Home->insert_data()
#7 D:\xampp\htdocs\rnd\system\CodeIgniter.php(419): CodeIgniter\CodeIgniter->runController(Object(App\Controllers\Home))
#8 D:\xampp\htdocs\rnd\system\CodeIgniter.php(326): CodeIgniter\CodeIgniter->handleRequest(NULL, Object(Config\Cache), false)
#9 D:\xampp\htdocs\rnd\index.php(37): CodeIgniter\CodeIgniter->run()
#10 {main}
ERROR - 2022-05-20 04:07:47 --> Cannot add or update a child row: a foreign key constraint fails (`rnd`.`sowing`, CONSTRAINT `sowing_ibfk_1` FOREIGN KEY (`crop_id`) REFERENCES `crops` (`id`) ON DELETE NO ACTION ON UPDATE NO ACTION)
CRITICAL - 2022-05-20 04:07:47 --> Cannot add or update a child row: a foreign key constraint fails (`rnd`.`sowing`, CONSTRAINT `sowing_ibfk_1` FOREIGN KEY (`crop_id`) REFERENCES `crops` (`id`) ON DELETE NO ACTION ON UPDATE NO ACTION)
#0 D:\xampp\htdocs\rnd\system\Database\MySQLi\Connection.php(292): mysqli->query('INSERT INTO `so...', 0)
#1 D:\xampp\htdocs\rnd\system\Database\BaseConnection.php(670): CodeIgniter\Database\MySQLi\Connection->execute('INSERT INTO `so...')
#2 D:\xampp\htdocs\rnd\system\Database\BaseConnection.php(598): CodeIgniter\Database\BaseConnection->simpleQuery('INSERT INTO `so...')
#3 D:\xampp\htdocs\rnd\system\Database\BaseBuilder.php(1771): CodeIgniter\Database\BaseConnection->query('INSERT INTO `so...', Array, false)
#4 D:\xampp\htdocs\rnd\app\Models\Rmodel.php(13): CodeIgniter\Database\BaseBuilder->insert(Array)
#5 D:\xampp\htdocs\rnd\app\Controllers\Home.php(58): App\Models\Rmodel->saves(Array, Array, Array, Array, Array)
#6 D:\xampp\htdocs\rnd\system\CodeIgniter.php(832): App\Controllers\Home->insert_data()
#7 D:\xampp\htdocs\rnd\system\CodeIgniter.php(419): CodeIgniter\CodeIgniter->runController(Object(App\Controllers\Home))
#8 D:\xampp\htdocs\rnd\system\CodeIgniter.php(326): CodeIgniter\CodeIgniter->handleRequest(NULL, Object(Config\Cache), false)
#9 D:\xampp\htdocs\rnd\index.php(37): CodeIgniter\CodeIgniter->run()
#10 {main}
ERROR - 2022-05-20 04:18:09 --> Cannot add or update a child row: a foreign key constraint fails (`rnd`.`sowing`, CONSTRAINT `sowing_ibfk_1` FOREIGN KEY (`crop_id`) REFERENCES `crops` (`id`) ON DELETE NO ACTION ON UPDATE NO ACTION)
CRITICAL - 2022-05-20 04:18:09 --> Cannot add or update a child row: a foreign key constraint fails (`rnd`.`sowing`, CONSTRAINT `sowing_ibfk_1` FOREIGN KEY (`crop_id`) REFERENCES `crops` (`id`) ON DELETE NO ACTION ON UPDATE NO ACTION)
#0 D:\xampp\htdocs\rnd\system\Database\MySQLi\Connection.php(292): mysqli->query('INSERT INTO `so...', 0)
#1 D:\xampp\htdocs\rnd\system\Database\BaseConnection.php(670): CodeIgniter\Database\MySQLi\Connection->execute('INSERT INTO `so...')
#2 D:\xampp\htdocs\rnd\system\Database\BaseConnection.php(598): CodeIgniter\Database\BaseConnection->simpleQuery('INSERT INTO `so...')
#3 D:\xampp\htdocs\rnd\system\Database\BaseBuilder.php(1771): CodeIgniter\Database\BaseConnection->query('INSERT INTO `so...', Array, false)
#4 D:\xampp\htdocs\rnd\app\Models\Rmodel.php(13): CodeIgniter\Database\BaseBuilder->insert(Array)
#5 D:\xampp\htdocs\rnd\app\Controllers\Home.php(58): App\Models\Rmodel->saves(Array, Array, Array, Array, Array)
#6 D:\xampp\htdocs\rnd\system\CodeIgniter.php(832): App\Controllers\Home->insert_data()
#7 D:\xampp\htdocs\rnd\system\CodeIgniter.php(419): CodeIgniter\CodeIgniter->runController(Object(App\Controllers\Home))
#8 D:\xampp\htdocs\rnd\system\CodeIgniter.php(326): CodeIgniter\CodeIgniter->handleRequest(NULL, Object(Config\Cache), false)
#9 D:\xampp\htdocs\rnd\index.php(37): CodeIgniter\CodeIgniter->run()
#10 {main}
ERROR - 2022-05-20 05:15:59 --> Cannot add or update a child row: a foreign key constraint fails (`rnd`.`sowing`, CONSTRAINT `sowing_ibfk_1` FOREIGN KEY (`crop_id`) REFERENCES `crops` (`id`) ON DELETE CASCADE ON UPDATE CASCADE)
CRITICAL - 2022-05-20 05:15:59 --> Cannot add or update a child row: a foreign key constraint fails (`rnd`.`sowing`, CONSTRAINT `sowing_ibfk_1` FOREIGN KEY (`crop_id`) REFERENCES `crops` (`id`) ON DELETE CASCADE ON UPDATE CASCADE)
#0 D:\xampp\htdocs\rnd\system\Database\MySQLi\Connection.php(292): mysqli->query('INSERT INTO `so...', 0)
#1 D:\xampp\htdocs\rnd\system\Database\BaseConnection.php(670): CodeIgniter\Database\MySQLi\Connection->execute('INSERT INTO `so...')
#2 D:\xampp\htdocs\rnd\system\Database\BaseConnection.php(598): CodeIgniter\Database\BaseConnection->simpleQuery('INSERT INTO `so...')
#3 D:\xampp\htdocs\rnd\system\Database\BaseBuilder.php(1771): CodeIgniter\Database\BaseConnection->query('INSERT INTO `so...', Array, false)
#4 D:\xampp\htdocs\rnd\app\Models\Rmodel.php(13): CodeIgniter\Database\BaseBuilder->insert(Array)
#5 D:\xampp\htdocs\rnd\app\Controllers\Home.php(58): App\Models\Rmodel->saves(Array, Array, Array, Array, Array)
#6 D:\xampp\htdocs\rnd\system\CodeIgniter.php(832): App\Controllers\Home->insert_data()
#7 D:\xampp\htdocs\rnd\system\CodeIgniter.php(419): CodeIgniter\CodeIgniter->runController(Object(App\Controllers\Home))
#8 D:\xampp\htdocs\rnd\system\CodeIgniter.php(326): CodeIgniter\CodeIgniter->handleRequest(NULL, Object(Config\Cache), false)
#9 D:\xampp\htdocs\rnd\index.php(37): CodeIgniter\CodeIgniter->run()
#10 {main}
CRITICAL - 2022-05-20 06:26:29 --> Cannot re-assign $this
#0 [internal function]: CodeIgniter\Debug\Exceptions->shutdownHandler()
#1 {main}
ERROR - 2022-05-20 06:29:45 --> Cannot add or update a child row: a foreign key constraint fails (`rnd`.`sowing`, CONSTRAINT `sowing_ibfk_1` FOREIGN KEY (`crop_id`) REFERENCES `crops` (`id`) ON DELETE CASCADE ON UPDATE CASCADE)
CRITICAL - 2022-05-20 06:29:45 --> Cannot add or update a child row: a foreign key constraint fails (`rnd`.`sowing`, CONSTRAINT `sowing_ibfk_1` FOREIGN KEY (`crop_id`) REFERENCES `crops` (`id`) ON DELETE CASCADE ON UPDATE CASCADE)
#0 D:\xampp\htdocs\rnd\system\Database\MySQLi\Connection.php(292): mysqli->query('INSERT INTO `so...', 0)
#1 D:\xampp\htdocs\rnd\system\Database\BaseConnection.php(670): CodeIgniter\Database\MySQLi\Connection->execute('INSERT INTO `so...')
#2 D:\xampp\htdocs\rnd\system\Database\BaseConnection.php(598): CodeIgniter\Database\BaseConnection->simpleQuery('INSERT INTO `so...')
#3 D:\xampp\htdocs\rnd\system\Database\BaseBuilder.php(1771): CodeIgniter\Database\BaseConnection->query('INSERT INTO `so...', Array, false)
#4 D:\xampp\htdocs\rnd\app\Models\Rmodel.php(14): CodeIgniter\Database\BaseBuilder->insert(Array)
#5 D:\xampp\htdocs\rnd\app\Controllers\Home.php(58): App\Models\Rmodel->saves(Array, Array, Array, Array, Array)
#6 D:\xampp\htdocs\rnd\system\CodeIgniter.php(832): App\Controllers\Home->insert_data()
#7 D:\xampp\htdocs\rnd\system\CodeIgniter.php(419): CodeIgniter\CodeIgniter->runController(Object(App\Controllers\Home))
#8 D:\xampp\htdocs\rnd\system\CodeIgniter.php(326): CodeIgniter\CodeIgniter->handleRequest(NULL, Object(Config\Cache), false)
#9 D:\xampp\htdocs\rnd\index.php(37): CodeIgniter\CodeIgniter->run()
#10 {main}
ERROR - 2022-05-20 06:39:11 --> Cannot add or update a child row: a foreign key constraint fails (`rnd`.`sowing`, CONSTRAINT `sowing_ibfk_1` FOREIGN KEY (`crop_id`) REFERENCES `crops` (`id`) ON DELETE CASCADE ON UPDATE CASCADE)
CRITICAL - 2022-05-20 06:39:11 --> Cannot add or update a child row: a foreign key constraint fails (`rnd`.`sowing`, CONSTRAINT `sowing_ibfk_1` FOREIGN KEY (`crop_id`) REFERENCES `crops` (`id`) ON DELETE CASCADE ON UPDATE CASCADE)
#0 D:\xampp\htdocs\rnd\system\Database\MySQLi\Connection.php(292): mysqli->query('INSERT INTO `so...', 0)
#1 D:\xampp\htdocs\rnd\system\Database\BaseConnection.php(670): CodeIgniter\Database\MySQLi\Connection->execute('INSERT INTO `so...')
#2 D:\xampp\htdocs\rnd\system\Database\BaseConnection.php(598): CodeIgniter\Database\BaseConnection->simpleQuery('INSERT INTO `so...')
#3 D:\xampp\htdocs\rnd\system\Database\BaseBuilder.php(1771): CodeIgniter\Database\BaseConnection->query('INSERT INTO `so...', Array, false)
#4 D:\xampp\htdocs\rnd\app\Models\Rmodel.php(14): CodeIgniter\Database\BaseBuilder->insert(Array)
#5 D:\xampp\htdocs\rnd\app\Controllers\Home.php(58): App\Models\Rmodel->saves(Array, Array, Array, Array, Array)
#6 D:\xampp\htdocs\rnd\system\CodeIgniter.php(832): App\Controllers\Home->insert_data()
#7 D:\xampp\htdocs\rnd\system\CodeIgniter.php(419): CodeIgniter\CodeIgniter->runController(Object(App\Controllers\Home))
#8 D:\xampp\htdocs\rnd\system\CodeIgniter.php(326): CodeIgniter\CodeIgniter->handleRequest(NULL, Object(Config\Cache), false)
#9 D:\xampp\htdocs\rnd\index.php(37): CodeIgniter\CodeIgniter->run()
#10 {main}
ERROR - 2022-05-20 06:44:24 --> Cannot add or update a child row: a foreign key constraint fails (`rnd`.`sowing`, CONSTRAINT `sowing_ibfk_1` FOREIGN KEY (`crop_id`) REFERENCES `crops` (`id`) ON DELETE CASCADE ON UPDATE CASCADE)
CRITICAL - 2022-05-20 06:44:24 --> Cannot add or update a child row: a foreign key constraint fails (`rnd`.`sowing`, CONSTRAINT `sowing_ibfk_1` FOREIGN KEY (`crop_id`) REFERENCES `crops` (`id`) ON DELETE CASCADE ON UPDATE CASCADE)
#0 D:\xampp\htdocs\rnd\system\Database\MySQLi\Connection.php(292): mysqli->query('INSERT INTO `so...', 0)
#1 D:\xampp\htdocs\rnd\system\Database\BaseConnection.php(670): CodeIgniter\Database\MySQLi\Connection->execute('INSERT INTO `so...')
#2 D:\xampp\htdocs\rnd\system\Database\BaseConnection.php(598): CodeIgniter\Database\BaseConnection->simpleQuery('INSERT INTO `so...')
#3 D:\xampp\htdocs\rnd\system\Database\BaseBuilder.php(1771): CodeIgniter\Database\BaseConnection->query('INSERT INTO `so...', Array, false)
#4 D:\xampp\htdocs\rnd\app\Models\Rmodel.php(14): CodeIgniter\Database\BaseBuilder->insert(Array)
#5 D:\xampp\htdocs\rnd\app\Controllers\Home.php(58): App\Models\Rmodel->saves(Array, Array, Array, Array, Array)
#6 D:\xampp\htdocs\rnd\system\CodeIgniter.php(832): App\Controllers\Home->insert_data()
#7 D:\xampp\htdocs\rnd\system\CodeIgniter.php(419): CodeIgniter\CodeIgniter->runController(Object(App\Controllers\Home))
#8 D:\xampp\htdocs\rnd\system\CodeIgniter.php(326): CodeIgniter\CodeIgniter->handleRequest(NULL, Object(Config\Cache), false)
#9 D:\xampp\htdocs\rnd\index.php(37): CodeIgniter\CodeIgniter->run()
#10 {main}
ERROR - 2022-05-20 06:45:39 --> Cannot add or update a child row: a foreign key constraint fails (`rnd`.`sowing`, CONSTRAINT `sowing_ibfk_1` FOREIGN KEY (`crop_id`) REFERENCES `crops` (`id`) ON DELETE CASCADE ON UPDATE CASCADE)
CRITICAL - 2022-05-20 06:45:39 --> Cannot add or update a child row: a foreign key constraint fails (`rnd`.`sowing`, CONSTRAINT `sowing_ibfk_1` FOREIGN KEY (`crop_id`) REFERENCES `crops` (`id`) ON DELETE CASCADE ON UPDATE CASCADE)
#0 D:\xampp\htdocs\rnd\system\Database\MySQLi\Connection.php(292): mysqli->query('INSERT INTO `so...', 0)
#1 D:\xampp\htdocs\rnd\system\Database\BaseConnection.php(670): CodeIgniter\Database\MySQLi\Connection->execute('INSERT INTO `so...')
#2 D:\xampp\htdocs\rnd\system\Database\BaseConnection.php(598): CodeIgniter\Database\BaseConnection->simpleQuery('INSERT INTO `so...')
#3 D:\xampp\htdocs\rnd\system\Database\BaseBuilder.php(1771): CodeIgniter\Database\BaseConnection->query('INSERT INTO `so...', Array, false)
#4 D:\xampp\htdocs\rnd\app\Models\Rmodel.php(14): CodeIgniter\Database\BaseBuilder->insert(Array)
#5 D:\xampp\htdocs\rnd\app\Controllers\Home.php(58): App\Models\Rmodel->saves(Array, Array, Array, Array, Array)
#6 D:\xampp\htdocs\rnd\system\CodeIgniter.php(832): App\Controllers\Home->insert_data()
#7 D:\xampp\htdocs\rnd\system\CodeIgniter.php(419): CodeIgniter\CodeIgniter->runController(Object(App\Controllers\Home))
#8 D:\xampp\htdocs\rnd\system\CodeIgniter.php(326): CodeIgniter\CodeIgniter->handleRequest(NULL, Object(Config\Cache), false)
#9 D:\xampp\htdocs\rnd\index.php(37): CodeIgniter\CodeIgniter->run()
#10 {main}
ERROR - 2022-05-20 07:12:17 --> Cannot add or update a child row: a foreign key constraint fails (`rnd`.`sowing`, CONSTRAINT `sowing_ibfk_1` FOREIGN KEY (`crop_id`) REFERENCES `crops` (`id`) ON DELETE CASCADE ON UPDATE CASCADE)
CRITICAL - 2022-05-20 07:12:17 --> Cannot add or update a child row: a foreign key constraint fails (`rnd`.`sowing`, CONSTRAINT `sowing_ibfk_1` FOREIGN KEY (`crop_id`) REFERENCES `crops` (`id`) ON DELETE CASCADE ON UPDATE CASCADE)
#0 D:\xampp\htdocs\rnd\system\Database\MySQLi\Connection.php(292): mysqli->query('INSERT INTO `so...', 0)
#1 D:\xampp\htdocs\rnd\system\Database\BaseConnection.php(670): CodeIgniter\Database\MySQLi\Connection->execute('INSERT INTO `so...')
#2 D:\xampp\htdocs\rnd\system\Database\BaseConnection.php(598): CodeIgniter\Database\BaseConnection->simpleQuery('INSERT INTO `so...')
#3 D:\xampp\htdocs\rnd\system\Database\BaseBuilder.php(1771): CodeIgniter\Database\BaseConnection->query('INSERT INTO `so...', Array, false)
#4 D:\xampp\htdocs\rnd\app\Models\Rmodel.php(19): CodeIgniter\Database\BaseBuilder->insert(Array)
#5 D:\xampp\htdocs\rnd\app\Controllers\Home.php(58): App\Models\Rmodel->saves(Array, Array, Array, Array, Array)
#6 D:\xampp\htdocs\rnd\system\CodeIgniter.php(832): App\Controllers\Home->insert_data()
#7 D:\xampp\htdocs\rnd\system\CodeIgniter.php(419): CodeIgniter\CodeIgniter->runController(Object(App\Controllers\Home))
#8 D:\xampp\htdocs\rnd\system\CodeIgniter.php(326): CodeIgniter\CodeIgniter->handleRequest(NULL, Object(Config\Cache), false)
#9 D:\xampp\htdocs\rnd\index.php(37): CodeIgniter\CodeIgniter->run()
#10 {main}
ERROR - 2022-05-20 07:12:37 --> Cannot add or update a child row: a foreign key constraint fails (`rnd`.`sowing`, CONSTRAINT `sowing_ibfk_1` FOREIGN KEY (`crop_id`) REFERENCES `crops` (`id`) ON DELETE CASCADE ON UPDATE CASCADE)
CRITICAL - 2022-05-20 07:12:37 --> Cannot add or update a child row: a foreign key constraint fails (`rnd`.`sowing`, CONSTRAINT `sowing_ibfk_1` FOREIGN KEY (`crop_id`) REFERENCES `crops` (`id`) ON DELETE CASCADE ON UPDATE CASCADE)
#0 D:\xampp\htdocs\rnd\system\Database\MySQLi\Connection.php(292): mysqli->query('INSERT INTO `so...', 0)
#1 D:\xampp\htdocs\rnd\system\Database\BaseConnection.php(670): CodeIgniter\Database\MySQLi\Connection->execute('INSERT INTO `so...')
#2 D:\xampp\htdocs\rnd\system\Database\BaseConnection.php(598): CodeIgniter\Database\BaseConnection->simpleQuery('INSERT INTO `so...')
#3 D:\xampp\htdocs\rnd\system\Database\BaseBuilder.php(1771): CodeIgniter\Database\BaseConnection->query('INSERT INTO `so...', Array, false)
#4 D:\xampp\htdocs\rnd\app\Models\Rmodel.php(19): CodeIgniter\Database\BaseBuilder->insert(Array)
#5 D:\xampp\htdocs\rnd\app\Controllers\Home.php(58): App\Models\Rmodel->saves(Array, Array, Array, Array, Array)
#6 D:\xampp\htdocs\rnd\system\CodeIgniter.php(832): App\Controllers\Home->insert_data()
#7 D:\xampp\htdocs\rnd\system\CodeIgniter.php(419): CodeIgniter\CodeIgniter->runController(Object(App\Controllers\Home))
#8 D:\xampp\htdocs\rnd\system\CodeIgniter.php(326): CodeIgniter\CodeIgniter->handleRequest(NULL, Object(Config\Cache), false)
#9 D:\xampp\htdocs\rnd\index.php(37): CodeIgniter\CodeIgniter->run()
#10 {main}
CRITICAL - 2022-05-20 07:15:38 --> Call to undefined method CodeIgniter\Database\MySQLi\Connection::_error_number()
#0 D:\xampp\htdocs\rnd\app\Controllers\Home.php(58): App\Models\Rmodel->saves(Array, Array, Array, Array, Array)
#1 D:\xampp\htdocs\rnd\system\CodeIgniter.php(832): App\Controllers\Home->insert_data()
#2 D:\xampp\htdocs\rnd\system\CodeIgniter.php(419): CodeIgniter\CodeIgniter->runController(Object(App\Controllers\Home))
#3 D:\xampp\htdocs\rnd\system\CodeIgniter.php(326): CodeIgniter\CodeIgniter->handleRequest(NULL, Object(Config\Cache), false)
#4 D:\xampp\htdocs\rnd\index.php(37): CodeIgniter\CodeIgniter->run()
#5 {main}
CRITICAL - 2022-05-20 07:16:35 --> syntax error, unexpected 'die' (T_EXIT)
#0 D:\xampp\htdocs\rnd\system\Autoloader\Autoloader.php(241): CodeIgniter\Autoloader\Autoloader->includeFile('D:\\xampp\\htdocs...')
#1 D:\xampp\htdocs\rnd\system\Autoloader\Autoloader.php(219): CodeIgniter\Autoloader\Autoloader->loadInNamespace('App\\Models\\Rmod...')
#2 [internal function]: CodeIgniter\Autoloader\Autoloader->loadClass('App\\Models\\Rmod...')
#3 D:\xampp\htdocs\rnd\app\Controllers\Home.php(15): spl_autoload_call('App\\Models\\Rmod...')
#4 D:\xampp\htdocs\rnd\system\CodeIgniter.php(809): App\Controllers\Home->__Construct()
#5 D:\xampp\htdocs\rnd\system\CodeIgniter.php(410): CodeIgniter\CodeIgniter->createController()
#6 D:\xampp\htdocs\rnd\system\CodeIgniter.php(326): CodeIgniter\CodeIgniter->handleRequest(NULL, Object(Config\Cache), false)
#7 D:\xampp\htdocs\rnd\index.php(37): CodeIgniter\CodeIgniter->run()
#8 {main}
ERROR - 2022-05-20 07:17:03 --> Cannot add or update a child row: a foreign key constraint fails (`rnd`.`sowing`, CONSTRAINT `sowing_ibfk_1` FOREIGN KEY (`crop_id`) REFERENCES `crops` (`id`) ON DELETE CASCADE ON UPDATE CASCADE)
CRITICAL - 2022-05-20 07:17:03 --> Cannot add or update a child row: a foreign key constraint fails (`rnd`.`sowing`, CONSTRAINT `sowing_ibfk_1` FOREIGN KEY (`crop_id`) REFERENCES `crops` (`id`) ON DELETE CASCADE ON UPDATE CASCADE)
#0 D:\xampp\htdocs\rnd\system\Database\MySQLi\Connection.php(292): mysqli->query('INSERT INTO `so...', 0)
#1 D:\xampp\htdocs\rnd\system\Database\BaseConnection.php(670): CodeIgniter\Database\MySQLi\Connection->execute('INSERT INTO `so...')
#2 D:\xampp\htdocs\rnd\system\Database\BaseConnection.php(598): CodeIgniter\Database\BaseConnection->simpleQuery('INSERT INTO `so...')
#3 D:\xampp\htdocs\rnd\system\Database\BaseBuilder.php(1771): CodeIgniter\Database\BaseConnection->query('INSERT INTO `so...', Array, false)
#4 D:\xampp\htdocs\rnd\app\Models\Rmodel.php(13): CodeIgniter\Database\BaseBuilder->insert(Array)
#5 D:\xampp\htdocs\rnd\app\Controllers\Home.php(58): App\Models\Rmodel->saves(Array, Array, Array, Array, Array)
#6 D:\xampp\htdocs\rnd\system\CodeIgniter.php(832): App\Controllers\Home->insert_data()
#7 D:\xampp\htdocs\rnd\system\CodeIgniter.php(419): CodeIgniter\CodeIgniter->runController(Object(App\Controllers\Home))
#8 D:\xampp\htdocs\rnd\system\CodeIgniter.php(326): CodeIgniter\CodeIgniter->handleRequest(NULL, Object(Config\Cache), false)
#9 D:\xampp\htdocs\rnd\index.php(37): CodeIgniter\CodeIgniter->run()
#10 {main}
CRITICAL - 2022-05-20 07:19:28 --> syntax error, unexpected '->' (T_OBJECT_OPERATOR)
#0 D:\xampp\htdocs\rnd\system\Autoloader\Autoloader.php(241): CodeIgniter\Autoloader\Autoloader->includeFile('D:\\xampp\\htdocs...')
#1 D:\xampp\htdocs\rnd\system\Autoloader\Autoloader.php(219): CodeIgniter\Autoloader\Autoloader->loadInNamespace('App\\Models\\Rmod...')
#2 [internal function]: CodeIgniter\Autoloader\Autoloader->loadClass('App\\Models\\Rmod...')
#3 D:\xampp\htdocs\rnd\app\Controllers\Home.php(15): spl_autoload_call('App\\Models\\Rmod...')
#4 D:\xampp\htdocs\rnd\system\CodeIgniter.php(809): App\Controllers\Home->__Construct()
#5 D:\xampp\htdocs\rnd\system\CodeIgniter.php(410): CodeIgniter\CodeIgniter->createController()
#6 D:\xampp\htdocs\rnd\system\CodeIgniter.php(326): CodeIgniter\CodeIgniter->handleRequest(NULL, Object(Config\Cache), false)
#7 D:\xampp\htdocs\rnd\index.php(37): CodeIgniter\CodeIgniter->run()
#8 {main}
CRITICAL - 2022-05-20 07:19:45 --> Call to undefined method CodeIgniter\Database\MySQLi\Connection::insert_id()
#0 D:\xampp\htdocs\rnd\app\Controllers\Home.php(58): App\Models\Rmodel->saves(Array, Array, Array, Array, Array)
#1 D:\xampp\htdocs\rnd\system\CodeIgniter.php(832): App\Controllers\Home->insert_data()
#2 D:\xampp\htdocs\rnd\system\CodeIgniter.php(419): CodeIgniter\CodeIgniter->runController(Object(App\Controllers\Home))
#3 D:\xampp\htdocs\rnd\system\CodeIgniter.php(326): CodeIgniter\CodeIgniter->handleRequest(NULL, Object(Config\Cache), false)
#4 D:\xampp\htdocs\rnd\index.php(37): CodeIgniter\CodeIgniter->run()
#5 {main}
ERROR - 2022-05-20 07:20:07 --> Cannot add or update a child row: a foreign key constraint fails (`rnd`.`sowing`, CONSTRAINT `sowing_ibfk_1` FOREIGN KEY (`crop_id`) REFERENCES `crops` (`id`) ON DELETE CASCADE ON UPDATE CASCADE)
CRITICAL - 2022-05-20 07:20:07 --> Cannot add or update a child row: a foreign key constraint fails (`rnd`.`sowing`, CONSTRAINT `sowing_ibfk_1` FOREIGN KEY (`crop_id`) REFERENCES `crops` (`id`) ON DELETE CASCADE ON UPDATE CASCADE)
#0 D:\xampp\htdocs\rnd\system\Database\MySQLi\Connection.php(292): mysqli->query('INSERT INTO `so...', 0)
#1 D:\xampp\htdocs\rnd\system\Database\BaseConnection.php(670): CodeIgniter\Database\MySQLi\Connection->execute('INSERT INTO `so...')
#2 D:\xampp\htdocs\rnd\system\Database\BaseConnection.php(598): CodeIgniter\Database\BaseConnection->simpleQuery('INSERT INTO `so...')
#3 D:\xampp\htdocs\rnd\system\Database\BaseBuilder.php(1771): CodeIgniter\Database\BaseConnection->query('INSERT INTO `so...', Array, false)
#4 D:\xampp\htdocs\rnd\app\Models\Rmodel.php(14): CodeIgniter\Database\BaseBuilder->insert(Array)
#5 D:\xampp\htdocs\rnd\app\Controllers\Home.php(58): App\Models\Rmodel->saves(Array, Array, Array, Array, Array)
#6 D:\xampp\htdocs\rnd\system\CodeIgniter.php(832): App\Controllers\Home->insert_data()
#7 D:\xampp\htdocs\rnd\system\CodeIgniter.php(419): CodeIgniter\CodeIgniter->runController(Object(App\Controllers\Home))
#8 D:\xampp\htdocs\rnd\system\CodeIgniter.php(326): CodeIgniter\CodeIgniter->handleRequest(NULL, Object(Config\Cache), false)
#9 D:\xampp\htdocs\rnd\index.php(37): CodeIgniter\CodeIgniter->run()
#10 {main}
ERROR - 2022-05-20 07:41:21 --> Cannot add or update a child row: a foreign key constraint fails (`rnd`.`sowing`, CONSTRAINT `sowing_ibfk_1` FOREIGN KEY (`crop_id`) REFERENCES `crops` (`id`) ON DELETE CASCADE ON UPDATE CASCADE)
CRITICAL - 2022-05-20 07:41:21 --> Cannot add or update a child row: a foreign key constraint fails (`rnd`.`sowing`, CONSTRAINT `sowing_ibfk_1` FOREIGN KEY (`crop_id`) REFERENCES `crops` (`id`) ON DELETE CASCADE ON UPDATE CASCADE)
#0 D:\xampp\htdocs\rnd\system\Database\MySQLi\Connection.php(292): mysqli->query('INSERT INTO `so...', 0)
#1 D:\xampp\htdocs\rnd\system\Database\BaseConnection.php(670): CodeIgniter\Database\MySQLi\Connection->execute('INSERT INTO `so...')
#2 D:\xampp\htdocs\rnd\system\Database\BaseConnection.php(598): CodeIgniter\Database\BaseConnection->simpleQuery('INSERT INTO `so...')
#3 D:\xampp\htdocs\rnd\system\Database\BaseBuilder.php(1771): CodeIgniter\Database\BaseConnection->query('INSERT INTO `so...', Array, false)
#4 D:\xampp\htdocs\rnd\app\Models\Rmodel.php(14): CodeIgniter\Database\BaseBuilder->insert(Array)
#5 D:\xampp\htdocs\rnd\app\Controllers\Home.php(58): App\Models\Rmodel->saves(Array, Array, Array, Array, Array)
#6 D:\xampp\htdocs\rnd\system\CodeIgniter.php(832): App\Controllers\Home->insert_data()
#7 D:\xampp\htdocs\rnd\system\CodeIgniter.php(419): CodeIgniter\CodeIgniter->runController(Object(App\Controllers\Home))
#8 D:\xampp\htdocs\rnd\system\CodeIgniter.php(326): CodeIgniter\CodeIgniter->handleRequest(NULL, Object(Config\Cache), false)
#9 D:\xampp\htdocs\rnd\index.php(37): CodeIgniter\CodeIgniter->run()
#10 {main}
ERROR - 2022-05-20 07:41:31 --> Cannot add or update a child row: a foreign key constraint fails (`rnd`.`sowing`, CONSTRAINT `sowing_ibfk_1` FOREIGN KEY (`crop_id`) REFERENCES `crops` (`id`) ON DELETE CASCADE ON UPDATE CASCADE)
CRITICAL - 2022-05-20 07:41:31 --> Cannot add or update a child row: a foreign key constraint fails (`rnd`.`sowing`, CONSTRAINT `sowing_ibfk_1` FOREIGN KEY (`crop_id`) REFERENCES `crops` (`id`) ON DELETE CASCADE ON UPDATE CASCADE)
#0 D:\xampp\htdocs\rnd\system\Database\MySQLi\Connection.php(292): mysqli->query('INSERT INTO `so...', 0)
#1 D:\xampp\htdocs\rnd\system\Database\BaseConnection.php(670): CodeIgniter\Database\MySQLi\Connection->execute('INSERT INTO `so...')
#2 D:\xampp\htdocs\rnd\system\Database\BaseConnection.php(598): CodeIgniter\Database\BaseConnection->simpleQuery('INSERT INTO `so...')
#3 D:\xampp\htdocs\rnd\system\Database\BaseBuilder.php(1771): CodeIgniter\Database\BaseConnection->query('INSERT INTO `so...', Array, false)
#4 D:\xampp\htdocs\rnd\app\Models\Rmodel.php(14): CodeIgniter\Database\BaseBuilder->insert(Array)
#5 D:\xampp\htdocs\rnd\app\Controllers\Home.php(58): App\Models\Rmodel->saves(Array, Array, Array, Array, Array)
#6 D:\xampp\htdocs\rnd\system\CodeIgniter.php(832): App\Controllers\Home->insert_data()
#7 D:\xampp\htdocs\rnd\system\CodeIgniter.php(419): CodeIgniter\CodeIgniter->runController(Object(App\Controllers\Home))
#8 D:\xampp\htdocs\rnd\system\CodeIgniter.php(326): CodeIgniter\CodeIgniter->handleRequest(NULL, Object(Config\Cache), false)
#9 D:\xampp\htdocs\rnd\index.php(37): CodeIgniter\CodeIgniter->run()
#10 {main}
CRITICAL - 2022-05-20 07:42:11 --> Call to a member function getCompiledInsert() on bool
#0 D:\xampp\htdocs\rnd\app\Controllers\Home.php(58): App\Models\Rmodel->saves(Array, Array, Array, Array, Array)
#1 D:\xampp\htdocs\rnd\system\CodeIgniter.php(832): App\Controllers\Home->insert_data()
#2 D:\xampp\htdocs\rnd\system\CodeIgniter.php(419): CodeIgniter\CodeIgniter->runController(Object(App\Controllers\Home))
#3 D:\xampp\htdocs\rnd\system\CodeIgniter.php(326): CodeIgniter\CodeIgniter->handleRequest(NULL, Object(Config\Cache), false)
#4 D:\xampp\htdocs\rnd\index.php(37): CodeIgniter\CodeIgniter->run()
#5 {main}
CRITICAL - 2022-05-20 23:25:06 --> Call to a member function getCompiledInsert() on bool
#0 D:\xampp\htdocs\rnd\app\Controllers\Home.php(58): App\Models\Rmodel->saves(Array, Array, Array, Array, Array)
#1 D:\xampp\htdocs\rnd\system\CodeIgniter.php(832): App\Controllers\Home->insert_data()
#2 D:\xampp\htdocs\rnd\system\CodeIgniter.php(419): CodeIgniter\CodeIgniter->runController(Object(App\Controllers\Home))
#3 D:\xampp\htdocs\rnd\system\CodeIgniter.php(326): CodeIgniter\CodeIgniter->handleRequest(NULL, Object(Config\Cache), false)
#4 D:\xampp\htdocs\rnd\index.php(37): CodeIgniter\CodeIgniter->run()
#5 {main}
ERROR - 2022-05-20 23:35:15 --> You have an error in your SQL syntax; check the manual that corresponds to your MariaDB server version for the right syntax to use near '`date`) VALUES ('plz', '2022-05-11', '2022-05-01')' at line 1
CRITICAL - 2022-05-20 23:35:15 --> You have an error in your SQL syntax; check the manual that corresponds to your MariaDB server version for the right syntax to use near '`date`) VALUES ('plz', '2022-05-11', '2022-05-01')' at line 1
#0 D:\xampp\htdocs\rnd\system\Database\MySQLi\Connection.php(292): mysqli->query('INSERT INTO `so...', 0)
#1 D:\xampp\htdocs\rnd\system\Database\BaseConnection.php(670): CodeIgniter\Database\MySQLi\Connection->execute('INSERT INTO `so...')
#2 D:\xampp\htdocs\rnd\system\Database\BaseConnection.php(598): CodeIgniter\Database\BaseConnection->simpleQuery('INSERT INTO `so...')
#3 D:\xampp\htdocs\rnd\system\Database\BaseBuilder.php(1771): CodeIgniter\Database\BaseConnection->query('INSERT INTO `so...', Array, false)
#4 D:\xampp\htdocs\rnd\app\Models\Rmodel.php(18): CodeIgniter\Database\BaseBuilder->insert(Array)
#5 D:\xampp\htdocs\rnd\app\Controllers\Home.php(60): App\Models\Rmodel->saves(Array, Array, Array, Array, Array)
#6 D:\xampp\htdocs\rnd\system\CodeIgniter.php(832): App\Controllers\Home->insert_data()
#7 D:\xampp\htdocs\rnd\system\CodeIgniter.php(419): CodeIgniter\CodeIgniter->runController(Object(App\Controllers\Home))
#8 D:\xampp\htdocs\rnd\system\CodeIgniter.php(326): CodeIgniter\CodeIgniter->handleRequest(NULL, Object(Config\Cache), false)
#9 D:\xampp\htdocs\rnd\index.php(37): CodeIgniter\CodeIgniter->run()
#10 {main}
ERROR - 2022-05-20 23:36:44 --> You have an error in your SQL syntax; check the manual that corresponds to your MariaDB server version for the right syntax to use near '`date`) VALUES ('plz', '2022-05-11', '2022-05-01')' at line 1
CRITICAL - 2022-05-20 23:36:44 --> You have an error in your SQL syntax; check the manual that corresponds to your MariaDB server version for the right syntax to use near '`date`) VALUES ('plz', '2022-05-11', '2022-05-01')' at line 1
#0 D:\xampp\htdocs\rnd\system\Database\MySQLi\Connection.php(292): mysqli->query('INSERT INTO `so...', 0)
#1 D:\xampp\htdocs\rnd\system\Database\BaseConnection.php(670): CodeIgniter\Database\MySQLi\Connection->execute('INSERT INTO `so...')
#2 D:\xampp\htdocs\rnd\system\Database\BaseConnection.php(598): CodeIgniter\Database\BaseConnection->simpleQuery('INSERT INTO `so...')
#3 D:\xampp\htdocs\rnd\system\Database\BaseBuilder.php(1771): CodeIgniter\Database\BaseConnection->query('INSERT INTO `so...', Array, false)
#4 D:\xampp\htdocs\rnd\app\Models\Rmodel.php(18): CodeIgniter\Database\BaseBuilder->insert(Array)
#5 D:\xampp\htdocs\rnd\app\Controllers\Home.php(60): App\Models\Rmodel->saves(Array, Array, Array, Array, Array)
#6 D:\xampp\htdocs\rnd\system\CodeIgniter.php(832): App\Controllers\Home->insert_data()
#7 D:\xampp\htdocs\rnd\system\CodeIgniter.php(419): CodeIgniter\CodeIgniter->runController(Object(App\Controllers\Home))
#8 D:\xampp\htdocs\rnd\system\CodeIgniter.php(326): CodeIgniter\CodeIgniter->handleRequest(NULL, Object(Config\Cache), false)
#9 D:\xampp\htdocs\rnd\index.php(37): CodeIgniter\CodeIgniter->run()
#10 {main}
ERROR - 2022-05-20 23:41:49 --> You have an error in your SQL syntax; check the manual that corresponds to your MariaDB server version for the right syntax to use near '`date`) VALUES ('plz', '2022-05-11', '2022-05-01')' at line 1
CRITICAL - 2022-05-20 23:41:49 --> You have an error in your SQL syntax; check the manual that corresponds to your MariaDB server version for the right syntax to use near '`date`) VALUES ('plz', '2022-05-11', '2022-05-01')' at line 1
#0 D:\xampp\htdocs\rnd\system\Database\MySQLi\Connection.php(292): mysqli->query('INSERT INTO `so...', 0)
#1 D:\xampp\htdocs\rnd\system\Database\BaseConnection.php(670): CodeIgniter\Database\MySQLi\Connection->execute('INSERT INTO `so...')
#2 D:\xampp\htdocs\rnd\system\Database\BaseConnection.php(598): CodeIgniter\Database\BaseConnection->simpleQuery('INSERT INTO `so...')
#3 D:\xampp\htdocs\rnd\system\Database\BaseBuilder.php(1771): CodeIgniter\Database\BaseConnection->query('INSERT INTO `so...', Array, false)
#4 D:\xampp\htdocs\rnd\app\Models\Rmodel.php(18): CodeIgniter\Database\BaseBuilder->insert(Array)
#5 D:\xampp\htdocs\rnd\app\Controllers\Home.php(60): App\Models\Rmodel->saves(Array, Array, Array, Array, Array)
#6 D:\xampp\htdocs\rnd\system\CodeIgniter.php(832): App\Controllers\Home->insert_data()
#7 D:\xampp\htdocs\rnd\system\CodeIgniter.php(419): CodeIgniter\CodeIgniter->runController(Object(App\Controllers\Home))
#8 D:\xampp\htdocs\rnd\system\CodeIgniter.php(326): CodeIgniter\CodeIgniter->handleRequest(NULL, Object(Config\Cache), false)
#9 D:\xampp\htdocs\rnd\index.php(37): CodeIgniter\CodeIgniter->run()
#10 {main}
ERROR - 2022-05-20 23:45:52 --> You have an error in your SQL syntax; check the manual that corresponds to your MariaDB server version for the right syntax to use near '`date`, `planting_date`, `sowing_method`) VALUES ('2022-05-01', '2022-05-11',...' at line 1
CRITICAL - 2022-05-20 23:45:52 --> You have an error in your SQL syntax; check the manual that corresponds to your MariaDB server version for the right syntax to use near '`date`, `planting_date`, `sowing_method`) VALUES ('2022-05-01', '2022-05-11',...' at line 1
#0 D:\xampp\htdocs\rnd\system\Database\MySQLi\Connection.php(292): mysqli->query('INSERT INTO `so...', 0)
#1 D:\xampp\htdocs\rnd\system\Database\BaseConnection.php(670): CodeIgniter\Database\MySQLi\Connection->execute('INSERT INTO `so...')
#2 D:\xampp\htdocs\rnd\system\Database\BaseConnection.php(598): CodeIgniter\Database\BaseConnection->simpleQuery('INSERT INTO `so...')
#3 D:\xampp\htdocs\rnd\system\Database\BaseBuilder.php(1771): CodeIgniter\Database\BaseConnection->query('INSERT INTO `so...', Array, false)
#4 D:\xampp\htdocs\rnd\app\Models\Rmodel.php(18): CodeIgniter\Database\BaseBuilder->insert(Array)
#5 D:\xampp\htdocs\rnd\app\Controllers\Home.php(61): App\Models\Rmodel->saves(Array, Array, Array, Array, Array)
#6 D:\xampp\htdocs\rnd\system\CodeIgniter.php(832): App\Controllers\Home->insert_data()
#7 D:\xampp\htdocs\rnd\system\CodeIgniter.php(419): CodeIgniter\CodeIgniter->runController(Object(App\Controllers\Home))
#8 D:\xampp\htdocs\rnd\system\CodeIgniter.php(326): CodeIgniter\CodeIgniter->handleRequest(NULL, Object(Config\Cache), false)
#9 D:\xampp\htdocs\rnd\index.php(37): CodeIgniter\CodeIgniter->run()
#10 {main}
CRITICAL - 2022-05-20 23:47:20 --> Call to undefined method CodeIgniter\Database\MySQLi\Connection::last_query()
#0 D:\xampp\htdocs\rnd\app\Controllers\Home.php(61): App\Models\Rmodel->saves(Array, Array, Array, Array, Array)
#1 D:\xampp\htdocs\rnd\system\CodeIgniter.php(832): App\Controllers\Home->insert_data()
#2 D:\xampp\htdocs\rnd\system\CodeIgniter.php(419): CodeIgniter\CodeIgniter->runController(Object(App\Controllers\Home))
#3 D:\xampp\htdocs\rnd\system\CodeIgniter.php(326): CodeIgniter\CodeIgniter->handleRequest(NULL, Object(Config\Cache), false)
#4 D:\xampp\htdocs\rnd\index.php(37): CodeIgniter\CodeIgniter->run()
#5 {main}
CRITICAL - 2022-05-20 23:47:54 --> Undefined variable: query
#0 D:\xampp\htdocs\rnd\app\Models\Rmodel.php(18): CodeIgniter\Debug\Exceptions->errorHandler(8, 'Undefined varia...', 'D:\\xampp\\htdocs...', 18, Array)
#1 D:\xampp\htdocs\rnd\app\Controllers\Home.php(61): App\Models\Rmodel->saves(Array, Array, Array, Array, Array)
#2 D:\xampp\htdocs\rnd\system\CodeIgniter.php(832): App\Controllers\Home->insert_data()
#3 D:\xampp\htdocs\rnd\system\CodeIgniter.php(419): CodeIgniter\CodeIgniter->runController(Object(App\Controllers\Home))
#4 D:\xampp\htdocs\rnd\system\CodeIgniter.php(326): CodeIgniter\CodeIgniter->handleRequest(NULL, Object(Config\Cache), false)
#5 D:\xampp\htdocs\rnd\index.php(37): CodeIgniter\CodeIgniter->run()
#6 {main}
ERROR - 2022-05-20 23:48:08 --> You have an error in your SQL syntax; check the manual that corresponds to your MariaDB server version for the right syntax to use near '`date`, `planting_date`, `sowing_method`) VALUES ('2022-05-01', '2022-05-11',...' at line 1
CRITICAL - 2022-05-20 23:48:08 --> You have an error in your SQL syntax; check the manual that corresponds to your MariaDB server version for the right syntax to use near '`date`, `planting_date`, `sowing_method`) VALUES ('2022-05-01', '2022-05-11',...' at line 1
#0 D:\xampp\htdocs\rnd\system\Database\MySQLi\Connection.php(292): mysqli->query('INSERT INTO `so...', 0)
#1 D:\xampp\htdocs\rnd\system\Database\BaseConnection.php(670): CodeIgniter\Database\MySQLi\Connection->execute('INSERT INTO `so...')
#2 D:\xampp\htdocs\rnd\system\Database\BaseConnection.php(598): CodeIgniter\Database\BaseConnection->simpleQuery('INSERT INTO `so...')
#3 D:\xampp\htdocs\rnd\system\Database\BaseBuilder.php(1771): CodeIgniter\Database\BaseConnection->query('INSERT INTO `so...', Array, false)
#4 D:\xampp\htdocs\rnd\app\Models\Rmodel.php(20): CodeIgniter\Database\BaseBuilder->insert(Array)
#5 D:\xampp\htdocs\rnd\app\Controllers\Home.php(61): App\Models\Rmodel->saves(Array, Array, Array, Array, Array)
#6 D:\xampp\htdocs\rnd\system\CodeIgniter.php(832): App\Controllers\Home->insert_data()
#7 D:\xampp\htdocs\rnd\system\CodeIgniter.php(419): CodeIgniter\CodeIgniter->runController(Object(App\Controllers\Home))
#8 D:\xampp\htdocs\rnd\system\CodeIgniter.php(326): CodeIgniter\CodeIgniter->handleRequest(NULL, Object(Config\Cache), false)
#9 D:\xampp\htdocs\rnd\index.php(37): CodeIgniter\CodeIgniter->run()
#10 {main}
CRITICAL - 2022-05-20 23:48:40 --> syntax error, unexpected ';', expecting ')'
#0 D:\xampp\htdocs\rnd\system\Autoloader\Autoloader.php(241): CodeIgniter\Autoloader\Autoloader->includeFile('D:\\xampp\\htdocs...')
#1 D:\xampp\htdocs\rnd\system\Autoloader\Autoloader.php(219): CodeIgniter\Autoloader\Autoloader->loadInNamespace('App\\Models\\Rmod...')
#2 [internal function]: CodeIgniter\Autoloader\Autoloader->loadClass('App\\Models\\Rmod...')
#3 D:\xampp\htdocs\rnd\app\Controllers\Home.php(15): spl_autoload_call('App\\Models\\Rmod...')
#4 D:\xampp\htdocs\rnd\system\CodeIgniter.php(809): App\Controllers\Home->__Construct()
#5 D:\xampp\htdocs\rnd\system\CodeIgniter.php(410): CodeIgniter\CodeIgniter->createController()
#6 D:\xampp\htdocs\rnd\system\CodeIgniter.php(326): CodeIgniter\CodeIgniter->handleRequest(NULL, Object(Config\Cache), false)
#7 D:\xampp\htdocs\rnd\index.php(37): CodeIgniter\CodeIgniter->run()
#8 {main}
ERROR - 2022-05-20 23:49:00 --> You have an error in your SQL syntax; check the manual that corresponds to your MariaDB server version for the right syntax to use near '`date`, `planting_date`, `sowing_method`) VALUES ('2022-05-01', '2022-05-11',...' at line 1
CRITICAL - 2022-05-20 23:49:00 --> You have an error in your SQL syntax; check the manual that corresponds to your MariaDB server version for the right syntax to use near '`date`, `planting_date`, `sowing_method`) VALUES ('2022-05-01', '2022-05-11',...' at line 1
#0 D:\xampp\htdocs\rnd\system\Database\MySQLi\Connection.php(292): mysqli->query('INSERT INTO `so...', 0)
#1 D:\xampp\htdocs\rnd\system\Database\BaseConnection.php(670): CodeIgniter\Database\MySQLi\Connection->execute('INSERT INTO `so...')
#2 D:\xampp\htdocs\rnd\system\Database\BaseConnection.php(598): CodeIgniter\Database\BaseConnection->simpleQuery('INSERT INTO `so...')
#3 D:\xampp\htdocs\rnd\system\Database\BaseBuilder.php(1771): CodeIgniter\Database\BaseConnection->query('INSERT INTO `so...', Array, false)
#4 D:\xampp\htdocs\rnd\app\Models\Rmodel.php(19): CodeIgniter\Database\BaseBuilder->insert(Array)
#5 D:\xampp\htdocs\rnd\app\Controllers\Home.php(61): App\Models\Rmodel->saves(Array, Array, Array, Array, Array)
#6 D:\xampp\htdocs\rnd\system\CodeIgniter.php(832): App\Controllers\Home->insert_data()
#7 D:\xampp\htdocs\rnd\system\CodeIgniter.php(419): CodeIgniter\CodeIgniter->runController(Object(App\Controllers\Home))
#8 D:\xampp\htdocs\rnd\system\CodeIgniter.php(326): CodeIgniter\CodeIgniter->handleRequest(NULL, Object(Config\Cache), false)
#9 D:\xampp\htdocs\rnd\index.php(37): CodeIgniter\CodeIgniter->run()
#10 {main}
ERROR - 2022-05-20 23:53:27 --> You have an error in your SQL syntax; check the manual that corresponds to your MariaDB server version for the right syntax to use near '`date`, `planting_date`, `sowing_method`) VALUES ('2022-05-01', '2022-05-11',...' at line 1
CRITICAL - 2022-05-20 23:53:27 --> You have an error in your SQL syntax; check the manual that corresponds to your MariaDB server version for the right syntax to use near '`date`, `planting_date`, `sowing_method`) VALUES ('2022-05-01', '2022-05-11',...' at line 1
#0 D:\xampp\htdocs\rnd\system\Database\MySQLi\Connection.php(292): mysqli->query('INSERT INTO `so...', 0)
#1 D:\xampp\htdocs\rnd\system\Database\BaseConnection.php(670): CodeIgniter\Database\MySQLi\Connection->execute('INSERT INTO `so...')
#2 D:\xampp\htdocs\rnd\system\Database\BaseConnection.php(598): CodeIgniter\Database\BaseConnection->simpleQuery('INSERT INTO `so...')
#3 D:\xampp\htdocs\rnd\system\Database\BaseBuilder.php(1771): CodeIgniter\Database\BaseConnection->query('INSERT INTO `so...', Array, false)
#4 D:\xampp\htdocs\rnd\app\Models\Rmodel.php(19): CodeIgniter\Database\BaseBuilder->insert(Array)
#5 D:\xampp\htdocs\rnd\app\Controllers\Home.php(61): App\Models\Rmodel->saves(Array, Array, Array, Array, Array)
#6 D:\xampp\htdocs\rnd\system\CodeIgniter.php(832): App\Controllers\Home->insert_data()
#7 D:\xampp\htdocs\rnd\system\CodeIgniter.php(419): CodeIgniter\CodeIgniter->runController(Object(App\Controllers\Home))
#8 D:\xampp\htdocs\rnd\system\CodeIgniter.php(326): CodeIgniter\CodeIgniter->handleRequest(NULL, Object(Config\Cache), false)
#9 D:\xampp\htdocs\rnd\index.php(37): CodeIgniter\CodeIgniter->run()
#10 {main}
CRITICAL - 2022-05-20 23:54:02 --> Argument 2 passed to CodeIgniter\Database\BaseBuilder::insert() must be of the type bool or null, array given, called in D:\xampp\htdocs\rnd\app\Models\Rmodel.php on line 19
#0 D:\xampp\htdocs\rnd\app\Models\Rmodel.php(19): CodeIgniter\Database\BaseBuilder->insert(Array, Array)
#1 D:\xampp\htdocs\rnd\app\Controllers\Home.php(61): App\Models\Rmodel->saves(Array, Array, Array, Array, Array)
#2 D:\xampp\htdocs\rnd\system\CodeIgniter.php(832): App\Controllers\Home->insert_data()
#3 D:\xampp\htdocs\rnd\system\CodeIgniter.php(419): CodeIgniter\CodeIgniter->runController(Object(App\Controllers\Home))
#4 D:\xampp\htdocs\rnd\system\CodeIgniter.php(326): CodeIgniter\CodeIgniter->handleRequest(NULL, Object(Config\Cache), false)
#5 D:\xampp\htdocs\rnd\index.php(37): CodeIgniter\CodeIgniter->run()
#6 {main}
CRITICAL - 2022-05-20 23:57:35 --> Argument 1 passed to CodeIgniter\Database\BaseBuilder::insert() must be of the type array or null, bool given, called in D:\xampp\htdocs\rnd\app\Models\Rmodel.php on line 19
#0 D:\xampp\htdocs\rnd\app\Models\Rmodel.php(19): CodeIgniter\Database\BaseBuilder->insert(true, Array)
#1 D:\xampp\htdocs\rnd\app\Controllers\Home.php(61): App\Models\Rmodel->saves(Array, Array, Array, Array, Array)
#2 D:\xampp\htdocs\rnd\system\CodeIgniter.php(832): App\Controllers\Home->insert_data()
#3 D:\xampp\htdocs\rnd\system\CodeIgniter.php(419): CodeIgniter\CodeIgniter->runController(Object(App\Controllers\Home))
#4 D:\xampp\htdocs\rnd\system\CodeIgniter.php(326): CodeIgniter\CodeIgniter->handleRequest(NULL, Object(Config\Cache), false)
#5 D:\xampp\htdocs\rnd\index.php(37): CodeIgniter\CodeIgniter->run()
#6 {main}
ERROR - 2022-05-20 23:58:24 --> You have an error in your SQL syntax; check the manual that corresponds to your MariaDB server version for the right syntax to use near '`date`, `planting_date`, `sowing_method`) VALUES ('2022-05-01', '2022-05-11',...' at line 1
CRITICAL - 2022-05-20 23:58:24 --> You have an error in your SQL syntax; check the manual that corresponds to your MariaDB server version for the right syntax to use near '`date`, `planting_date`, `sowing_method`) VALUES ('2022-05-01', '2022-05-11',...' at line 1
#0 D:\xampp\htdocs\rnd\system\Database\MySQLi\Connection.php(292): mysqli->query('INSERT INTO `so...', 0)
#1 D:\xampp\htdocs\rnd\system\Database\BaseConnection.php(670): CodeIgniter\Database\MySQLi\Connection->execute('INSERT INTO `so...')
#2 D:\xampp\htdocs\rnd\system\Database\BaseConnection.php(598): CodeIgniter\Database\BaseConnection->simpleQuery('INSERT INTO `so...')
#3 D:\xampp\htdocs\rnd\system\Database\BaseBuilder.php(1771): CodeIgniter\Database\BaseConnection->query('INSERT INTO `so...', Array, false)
#4 D:\xampp\htdocs\rnd\app\Models\Rmodel.php(19): CodeIgniter\Database\BaseBuilder->insert(Array)
#5 D:\xampp\htdocs\rnd\app\Controllers\Home.php(61): App\Models\Rmodel->saves(Array, Array, Array, Array, Array)
#6 D:\xampp\htdocs\rnd\system\CodeIgniter.php(832): App\Controllers\Home->insert_data()
#7 D:\xampp\htdocs\rnd\system\CodeIgniter.php(419): CodeIgniter\CodeIgniter->runController(Object(App\Controllers\Home))
#8 D:\xampp\htdocs\rnd\system\CodeIgniter.php(326): CodeIgniter\CodeIgniter->handleRequest(NULL, Object(Config\Cache), false)
#9 D:\xampp\htdocs\rnd\index.php(37): CodeIgniter\CodeIgniter->run()
#10 {main}
