CRITICAL - 2022-05-07 06:03:53 --> Invalid file: index.php
#0 D:\xampp\htdocs\rnd\system\View\View.php(198): CodeIgniter\Exceptions\FrameworkException::forInvalidFile('index.php')
#1 D:\xampp\htdocs\rnd\system\Common.php(1089): CodeIgniter\View\View->render('index', Array, true)
#2 D:\xampp\htdocs\rnd\app\Controllers\Home.php(9): view('index')
#3 D:\xampp\htdocs\rnd\system\CodeIgniter.php(832): App\Controllers\Home->index()
#4 D:\xampp\htdocs\rnd\system\CodeIgniter.php(419): CodeIgniter\CodeIgniter->runController(Object(App\Controllers\Home))
#5 D:\xampp\htdocs\rnd\system\CodeIgniter.php(326): CodeIgniter\CodeIgniter->handleRequest(NULL, Object(Config\Cache), false)
#6 D:\xampp\htdocs\rnd\index.php(37): CodeIgniter\CodeIgniter->run()
#7 {main}
CRITICAL - 2022-05-07 06:03:54 --> Invalid file: index.php
#0 D:\xampp\htdocs\rnd\system\View\View.php(198): CodeIgniter\Exceptions\FrameworkException::forInvalidFile('index.php')
#1 D:\xampp\htdocs\rnd\system\Common.php(1089): CodeIgniter\View\View->render('index', Array, true)
#2 D:\xampp\htdocs\rnd\app\Controllers\Home.php(9): view('index')
#3 D:\xampp\htdocs\rnd\system\CodeIgniter.php(832): App\Controllers\Home->index()
#4 D:\xampp\htdocs\rnd\system\CodeIgniter.php(419): CodeIgniter\CodeIgniter->runController(Object(App\Controllers\Home))
#5 D:\xampp\htdocs\rnd\system\CodeIgniter.php(326): CodeIgniter\CodeIgniter->handleRequest(NULL, Object(Config\Cache), false)
#6 D:\xampp\htdocs\rnd\index.php(37): CodeIgniter\CodeIgniter->run()
#7 {main}
CRITICAL - 2022-05-07 06:03:58 --> Invalid file: index.php
#0 D:\xampp\htdocs\rnd\system\View\View.php(198): CodeIgniter\Exceptions\FrameworkException::forInvalidFile('index.php')
#1 D:\xampp\htdocs\rnd\system\Common.php(1089): CodeIgniter\View\View->render('index', Array, true)
#2 D:\xampp\htdocs\rnd\app\Controllers\Home.php(9): view('index')
#3 D:\xampp\htdocs\rnd\system\CodeIgniter.php(832): App\Controllers\Home->index()
#4 D:\xampp\htdocs\rnd\system\CodeIgniter.php(419): CodeIgniter\CodeIgniter->runController(Object(App\Controllers\Home))
#5 D:\xampp\htdocs\rnd\system\CodeIgniter.php(326): CodeIgniter\CodeIgniter->handleRequest(NULL, Object(Config\Cache), false)
#6 D:\xampp\htdocs\rnd\index.php(37): CodeIgniter\CodeIgniter->run()
#7 {main}
CRITICAL - 2022-05-07 06:16:06 --> Use of undefined constant index - assumed 'index' (this will throw an Error in a future version of PHP)
#0 D:\xampp\htdocs\rnd\app\Views\index.php(48): CodeIgniter\Debug\Exceptions->errorHandler(2, 'Use of undefine...', 'D:\\xampp\\htdocs...', 48, Array)
#1 D:\xampp\htdocs\rnd\system\View\View.php(210): include('D:\\xampp\\htdocs...')
#2 D:\xampp\htdocs\rnd\system\View\View.php(213): CodeIgniter\View\View->CodeIgniter\View\{closure}()
#3 D:\xampp\htdocs\rnd\system\Common.php(1089): CodeIgniter\View\View->render('index', Array, true)
#4 D:\xampp\htdocs\rnd\app\Controllers\Home.php(9): view('index')
#5 D:\xampp\htdocs\rnd\system\CodeIgniter.php(832): App\Controllers\Home->index()
#6 D:\xampp\htdocs\rnd\system\CodeIgniter.php(419): CodeIgniter\CodeIgniter->runController(Object(App\Controllers\Home))
#7 D:\xampp\htdocs\rnd\system\CodeIgniter.php(326): CodeIgniter\CodeIgniter->handleRequest(NULL, Object(Config\Cache), false)
#8 D:\xampp\htdocs\rnd\index.php(37): CodeIgniter\CodeIgniter->run()
#9 {main}
