ERROR - 2022-05-27 00:04:56 --> Column 'id' in where clause is ambiguous
CRITICAL - 2022-05-27 00:04:56 --> Column 'id' in where clause is ambiguous
#0 D:\xampp\htdocs\rnd\system\Database\MySQLi\Connection.php(292): mysqli->query('SELECT `crops`....', 0)
#1 D:\xampp\htdocs\rnd\system\Database\BaseConnection.php(670): CodeIgniter\Database\MySQLi\Connection->execute('SELECT `crops`....')
#2 D:\xampp\htdocs\rnd\system\Database\BaseConnection.php(598): CodeIgniter\Database\BaseConnection->simpleQuery('SELECT `crops`....')
#3 D:\xampp\htdocs\rnd\system\Database\BaseBuilder.php(1455): CodeIgniter\Database\BaseConnection->query('SELECT `crops`....', Array, false)
#4 D:\xampp\htdocs\rnd\app\Models\Rmodel.php(162): CodeIgniter\Database\BaseBuilder->get()
#5 D:\xampp\htdocs\rnd\app\Controllers\Home.php(198): App\Models\Rmodel->get_data('118')
#6 D:\xampp\htdocs\rnd\system\CodeIgniter.php(832): App\Controllers\Home->edit_view('118')
#7 D:\xampp\htdocs\rnd\system\CodeIgniter.php(419): CodeIgniter\CodeIgniter->runController(Object(App\Controllers\Home))
#8 D:\xampp\htdocs\rnd\system\CodeIgniter.php(326): CodeIgniter\CodeIgniter->handleRequest(NULL, Object(Config\Cache), false)
#9 D:\xampp\htdocs\rnd\index.php(37): CodeIgniter\CodeIgniter->run()
#10 {main}
CRITICAL - 2022-05-27 00:05:05 --> Call to undefined method CodeIgniter\Database\MySQLi\Builder::get_where()
#0 D:\xampp\htdocs\rnd\app\Controllers\Home.php(198): App\Models\Rmodel->get_data('118')
#1 D:\xampp\htdocs\rnd\system\CodeIgniter.php(832): App\Controllers\Home->edit_view('118')
#2 D:\xampp\htdocs\rnd\system\CodeIgniter.php(419): CodeIgniter\CodeIgniter->runController(Object(App\Controllers\Home))
#3 D:\xampp\htdocs\rnd\system\CodeIgniter.php(326): CodeIgniter\CodeIgniter->handleRequest(NULL, Object(Config\Cache), false)
#4 D:\xampp\htdocs\rnd\index.php(37): CodeIgniter\CodeIgniter->run()
#5 {main}
ERROR - 2022-05-27 00:06:55 --> Unknown table 'rnd.crops'
CRITICAL - 2022-05-27 00:06:55 --> Unknown table 'rnd.crops'
#0 D:\xampp\htdocs\rnd\system\Database\MySQLi\Connection.php(292): mysqli->query('SELECT `crops`....', 0)
#1 D:\xampp\htdocs\rnd\system\Database\BaseConnection.php(670): CodeIgniter\Database\MySQLi\Connection->execute('SELECT `crops`....')
#2 D:\xampp\htdocs\rnd\system\Database\BaseConnection.php(598): CodeIgniter\Database\BaseConnection->simpleQuery('SELECT `crops`....')
#3 D:\xampp\htdocs\rnd\system\Database\BaseBuilder.php(1455): CodeIgniter\Database\BaseConnection->query('SELECT `crops`....', Array, false)
#4 D:\xampp\htdocs\rnd\app\Models\Rmodel.php(162): CodeIgniter\Database\BaseBuilder->get()
#5 D:\xampp\htdocs\rnd\app\Controllers\Home.php(198): App\Models\Rmodel->get_data('118')
#6 D:\xampp\htdocs\rnd\system\CodeIgniter.php(832): App\Controllers\Home->edit_view('118')
#7 D:\xampp\htdocs\rnd\system\CodeIgniter.php(419): CodeIgniter\CodeIgniter->runController(Object(App\Controllers\Home))
#8 D:\xampp\htdocs\rnd\system\CodeIgniter.php(326): CodeIgniter\CodeIgniter->handleRequest(NULL, Object(Config\Cache), false)
#9 D:\xampp\htdocs\rnd\index.php(37): CodeIgniter\CodeIgniter->run()
#10 {main}
ERROR - 2022-05-27 00:07:03 --> Unknown table 'rnd.crops'
CRITICAL - 2022-05-27 00:07:03 --> Unknown table 'rnd.crops'
#0 D:\xampp\htdocs\rnd\system\Database\MySQLi\Connection.php(292): mysqli->query('SELECT `farmer`...', 0)
#1 D:\xampp\htdocs\rnd\system\Database\BaseConnection.php(670): CodeIgniter\Database\MySQLi\Connection->execute('SELECT `farmer`...')
#2 D:\xampp\htdocs\rnd\system\Database\BaseConnection.php(598): CodeIgniter\Database\BaseConnection->simpleQuery('SELECT `farmer`...')
#3 D:\xampp\htdocs\rnd\system\Database\BaseBuilder.php(1455): CodeIgniter\Database\BaseConnection->query('SELECT `farmer`...', Array, false)
#4 D:\xampp\htdocs\rnd\app\Models\Rmodel.php(162): CodeIgniter\Database\BaseBuilder->get()
#5 D:\xampp\htdocs\rnd\app\Controllers\Home.php(198): App\Models\Rmodel->get_data('118')
#6 D:\xampp\htdocs\rnd\system\CodeIgniter.php(832): App\Controllers\Home->edit_view('118')
#7 D:\xampp\htdocs\rnd\system\CodeIgniter.php(419): CodeIgniter\CodeIgniter->runController(Object(App\Controllers\Home))
#8 D:\xampp\htdocs\rnd\system\CodeIgniter.php(326): CodeIgniter\CodeIgniter->handleRequest(NULL, Object(Config\Cache), false)
#9 D:\xampp\htdocs\rnd\index.php(37): CodeIgniter\CodeIgniter->run()
#10 {main}
ERROR - 2022-05-27 00:07:05 --> Unknown table 'rnd.crops'
CRITICAL - 2022-05-27 00:07:05 --> Unknown table 'rnd.crops'
#0 D:\xampp\htdocs\rnd\system\Database\MySQLi\Connection.php(292): mysqli->query('SELECT `farmer`...', 0)
#1 D:\xampp\htdocs\rnd\system\Database\BaseConnection.php(670): CodeIgniter\Database\MySQLi\Connection->execute('SELECT `farmer`...')
#2 D:\xampp\htdocs\rnd\system\Database\BaseConnection.php(598): CodeIgniter\Database\BaseConnection->simpleQuery('SELECT `farmer`...')
#3 D:\xampp\htdocs\rnd\system\Database\BaseBuilder.php(1455): CodeIgniter\Database\BaseConnection->query('SELECT `farmer`...', Array, false)
#4 D:\xampp\htdocs\rnd\app\Models\Rmodel.php(162): CodeIgniter\Database\BaseBuilder->get()
#5 D:\xampp\htdocs\rnd\app\Controllers\Home.php(198): App\Models\Rmodel->get_data('118')
#6 D:\xampp\htdocs\rnd\system\CodeIgniter.php(832): App\Controllers\Home->edit_view('118')
#7 D:\xampp\htdocs\rnd\system\CodeIgniter.php(419): CodeIgniter\CodeIgniter->runController(Object(App\Controllers\Home))
#8 D:\xampp\htdocs\rnd\system\CodeIgniter.php(326): CodeIgniter\CodeIgniter->handleRequest(NULL, Object(Config\Cache), false)
#9 D:\xampp\htdocs\rnd\index.php(37): CodeIgniter\CodeIgniter->run()
#10 {main}
ERROR - 2022-05-27 00:07:05 --> Unknown table 'rnd.crops'
CRITICAL - 2022-05-27 00:07:05 --> Unknown table 'rnd.crops'
#0 D:\xampp\htdocs\rnd\system\Database\MySQLi\Connection.php(292): mysqli->query('SELECT `farmer`...', 0)
#1 D:\xampp\htdocs\rnd\system\Database\BaseConnection.php(670): CodeIgniter\Database\MySQLi\Connection->execute('SELECT `farmer`...')
#2 D:\xampp\htdocs\rnd\system\Database\BaseConnection.php(598): CodeIgniter\Database\BaseConnection->simpleQuery('SELECT `farmer`...')
#3 D:\xampp\htdocs\rnd\system\Database\BaseBuilder.php(1455): CodeIgniter\Database\BaseConnection->query('SELECT `farmer`...', Array, false)
#4 D:\xampp\htdocs\rnd\app\Models\Rmodel.php(162): CodeIgniter\Database\BaseBuilder->get()
#5 D:\xampp\htdocs\rnd\app\Controllers\Home.php(198): App\Models\Rmodel->get_data('118')
#6 D:\xampp\htdocs\rnd\system\CodeIgniter.php(832): App\Controllers\Home->edit_view('118')
#7 D:\xampp\htdocs\rnd\system\CodeIgniter.php(419): CodeIgniter\CodeIgniter->runController(Object(App\Controllers\Home))
#8 D:\xampp\htdocs\rnd\system\CodeIgniter.php(326): CodeIgniter\CodeIgniter->handleRequest(NULL, Object(Config\Cache), false)
#9 D:\xampp\htdocs\rnd\index.php(37): CodeIgniter\CodeIgniter->run()
#10 {main}
ERROR - 2022-05-27 00:07:05 --> Unknown table 'rnd.crops'
CRITICAL - 2022-05-27 00:07:05 --> Unknown table 'rnd.crops'
#0 D:\xampp\htdocs\rnd\system\Database\MySQLi\Connection.php(292): mysqli->query('SELECT `farmer`...', 0)
#1 D:\xampp\htdocs\rnd\system\Database\BaseConnection.php(670): CodeIgniter\Database\MySQLi\Connection->execute('SELECT `farmer`...')
#2 D:\xampp\htdocs\rnd\system\Database\BaseConnection.php(598): CodeIgniter\Database\BaseConnection->simpleQuery('SELECT `farmer`...')
#3 D:\xampp\htdocs\rnd\system\Database\BaseBuilder.php(1455): CodeIgniter\Database\BaseConnection->query('SELECT `farmer`...', Array, false)
#4 D:\xampp\htdocs\rnd\app\Models\Rmodel.php(162): CodeIgniter\Database\BaseBuilder->get()
#5 D:\xampp\htdocs\rnd\app\Controllers\Home.php(198): App\Models\Rmodel->get_data('118')
#6 D:\xampp\htdocs\rnd\system\CodeIgniter.php(832): App\Controllers\Home->edit_view('118')
#7 D:\xampp\htdocs\rnd\system\CodeIgniter.php(419): CodeIgniter\CodeIgniter->runController(Object(App\Controllers\Home))
#8 D:\xampp\htdocs\rnd\system\CodeIgniter.php(326): CodeIgniter\CodeIgniter->handleRequest(NULL, Object(Config\Cache), false)
#9 D:\xampp\htdocs\rnd\index.php(37): CodeIgniter\CodeIgniter->run()
#10 {main}
ERROR - 2022-05-27 00:07:13 --> Unknown column 'crops.id' in 'on clause'
CRITICAL - 2022-05-27 00:07:13 --> Unknown column 'crops.id' in 'on clause'
#0 D:\xampp\htdocs\rnd\system\Database\MySQLi\Connection.php(292): mysqli->query('SELECT `farmer`...', 0)
#1 D:\xampp\htdocs\rnd\system\Database\BaseConnection.php(670): CodeIgniter\Database\MySQLi\Connection->execute('SELECT `farmer`...')
#2 D:\xampp\htdocs\rnd\system\Database\BaseConnection.php(598): CodeIgniter\Database\BaseConnection->simpleQuery('SELECT `farmer`...')
#3 D:\xampp\htdocs\rnd\system\Database\BaseBuilder.php(1455): CodeIgniter\Database\BaseConnection->query('SELECT `farmer`...', Array, false)
#4 D:\xampp\htdocs\rnd\app\Models\Rmodel.php(162): CodeIgniter\Database\BaseBuilder->get()
#5 D:\xampp\htdocs\rnd\app\Controllers\Home.php(198): App\Models\Rmodel->get_data('118')
#6 D:\xampp\htdocs\rnd\system\CodeIgniter.php(832): App\Controllers\Home->edit_view('118')
#7 D:\xampp\htdocs\rnd\system\CodeIgniter.php(419): CodeIgniter\CodeIgniter->runController(Object(App\Controllers\Home))
#8 D:\xampp\htdocs\rnd\system\CodeIgniter.php(326): CodeIgniter\CodeIgniter->handleRequest(NULL, Object(Config\Cache), false)
#9 D:\xampp\htdocs\rnd\index.php(37): CodeIgniter\CodeIgniter->run()
#10 {main}
ERROR - 2022-05-27 00:07:31 --> Unknown column 'crops.id' in 'on clause'
CRITICAL - 2022-05-27 00:07:31 --> Unknown column 'crops.id' in 'on clause'
#0 D:\xampp\htdocs\rnd\system\Database\MySQLi\Connection.php(292): mysqli->query('SELECT `farmer`...', 0)
#1 D:\xampp\htdocs\rnd\system\Database\BaseConnection.php(670): CodeIgniter\Database\MySQLi\Connection->execute('SELECT `farmer`...')
#2 D:\xampp\htdocs\rnd\system\Database\BaseConnection.php(598): CodeIgniter\Database\BaseConnection->simpleQuery('SELECT `farmer`...')
#3 D:\xampp\htdocs\rnd\system\Database\BaseBuilder.php(1455): CodeIgniter\Database\BaseConnection->query('SELECT `farmer`...', Array, false)
#4 D:\xampp\htdocs\rnd\app\Models\Rmodel.php(162): CodeIgniter\Database\BaseBuilder->get()
#5 D:\xampp\htdocs\rnd\app\Controllers\Home.php(198): App\Models\Rmodel->get_data('118')
#6 D:\xampp\htdocs\rnd\system\CodeIgniter.php(832): App\Controllers\Home->edit_view('118')
#7 D:\xampp\htdocs\rnd\system\CodeIgniter.php(419): CodeIgniter\CodeIgniter->runController(Object(App\Controllers\Home))
#8 D:\xampp\htdocs\rnd\system\CodeIgniter.php(326): CodeIgniter\CodeIgniter->handleRequest(NULL, Object(Config\Cache), false)
#9 D:\xampp\htdocs\rnd\index.php(37): CodeIgniter\CodeIgniter->run()
#10 {main}
CRITICAL - 2022-05-27 00:07:38 --> Undefined variable: lists
#0 D:\xampp\htdocs\rnd\app\Views\edit_view.php(20): CodeIgniter\Debug\Exceptions->errorHandler(8, 'Undefined varia...', 'D:\\xampp\\htdocs...', 20, Array)
#1 D:\xampp\htdocs\rnd\system\View\View.php(210): include('D:\\xampp\\htdocs...')
#2 D:\xampp\htdocs\rnd\system\View\View.php(213): CodeIgniter\View\View->CodeIgniter\View\{closure}()
#3 D:\xampp\htdocs\rnd\system\Common.php(1089): CodeIgniter\View\View->render('edit_view', Array, true)
#4 D:\xampp\htdocs\rnd\app\Controllers\Home.php(200): view('edit_view', Array)
#5 D:\xampp\htdocs\rnd\system\CodeIgniter.php(832): App\Controllers\Home->edit_view('118')
#6 D:\xampp\htdocs\rnd\system\CodeIgniter.php(419): CodeIgniter\CodeIgniter->runController(Object(App\Controllers\Home))
#7 D:\xampp\htdocs\rnd\system\CodeIgniter.php(326): CodeIgniter\CodeIgniter->handleRequest(NULL, Object(Config\Cache), false)
#8 D:\xampp\htdocs\rnd\index.php(37): CodeIgniter\CodeIgniter->run()
#9 {main}
CRITICAL - 2022-05-27 00:08:39 --> Undefined variable: lists
#0 D:\xampp\htdocs\rnd\app\Views\edit_view.php(20): CodeIgniter\Debug\Exceptions->errorHandler(8, 'Undefined varia...', 'D:\\xampp\\htdocs...', 20, Array)
#1 D:\xampp\htdocs\rnd\system\View\View.php(210): include('D:\\xampp\\htdocs...')
#2 D:\xampp\htdocs\rnd\system\View\View.php(213): CodeIgniter\View\View->CodeIgniter\View\{closure}()
#3 D:\xampp\htdocs\rnd\system\Common.php(1089): CodeIgniter\View\View->render('edit_view', Array, true)
#4 D:\xampp\htdocs\rnd\app\Controllers\Home.php(200): view('edit_view', Array)
#5 D:\xampp\htdocs\rnd\system\CodeIgniter.php(832): App\Controllers\Home->edit_view('118')
#6 D:\xampp\htdocs\rnd\system\CodeIgniter.php(419): CodeIgniter\CodeIgniter->runController(Object(App\Controllers\Home))
#7 D:\xampp\htdocs\rnd\system\CodeIgniter.php(326): CodeIgniter\CodeIgniter->handleRequest(NULL, Object(Config\Cache), false)
#8 D:\xampp\htdocs\rnd\index.php(37): CodeIgniter\CodeIgniter->run()
#9 {main}
CRITICAL - 2022-05-27 00:08:55 --> Undefined variable: lists
#0 D:\xampp\htdocs\rnd\app\Views\edit_view.php(35): CodeIgniter\Debug\Exceptions->errorHandler(8, 'Undefined varia...', 'D:\\xampp\\htdocs...', 35, Array)
#1 D:\xampp\htdocs\rnd\system\View\View.php(210): include('D:\\xampp\\htdocs...')
#2 D:\xampp\htdocs\rnd\system\View\View.php(213): CodeIgniter\View\View->CodeIgniter\View\{closure}()
#3 D:\xampp\htdocs\rnd\system\Common.php(1089): CodeIgniter\View\View->render('edit_view', Array, true)
#4 D:\xampp\htdocs\rnd\app\Controllers\Home.php(200): view('edit_view', Array)
#5 D:\xampp\htdocs\rnd\system\CodeIgniter.php(832): App\Controllers\Home->edit_view('118')
#6 D:\xampp\htdocs\rnd\system\CodeIgniter.php(419): CodeIgniter\CodeIgniter->runController(Object(App\Controllers\Home))
#7 D:\xampp\htdocs\rnd\system\CodeIgniter.php(326): CodeIgniter\CodeIgniter->handleRequest(NULL, Object(Config\Cache), false)
#8 D:\xampp\htdocs\rnd\index.php(37): CodeIgniter\CodeIgniter->run()
#9 {main}
CRITICAL - 2022-05-27 00:09:26 --> Undefined variable: listi
#0 D:\xampp\htdocs\rnd\app\Views\edit_view.php(20): CodeIgniter\Debug\Exceptions->errorHandler(8, 'Undefined varia...', 'D:\\xampp\\htdocs...', 20, Array)
#1 D:\xampp\htdocs\rnd\system\View\View.php(210): include('D:\\xampp\\htdocs...')
#2 D:\xampp\htdocs\rnd\system\View\View.php(213): CodeIgniter\View\View->CodeIgniter\View\{closure}()
#3 D:\xampp\htdocs\rnd\system\Common.php(1089): CodeIgniter\View\View->render('edit_view', Array, true)
#4 D:\xampp\htdocs\rnd\app\Controllers\Home.php(200): view('edit_view', Array)
#5 D:\xampp\htdocs\rnd\system\CodeIgniter.php(832): App\Controllers\Home->edit_view('118')
#6 D:\xampp\htdocs\rnd\system\CodeIgniter.php(419): CodeIgniter\CodeIgniter->runController(Object(App\Controllers\Home))
#7 D:\xampp\htdocs\rnd\system\CodeIgniter.php(326): CodeIgniter\CodeIgniter->handleRequest(NULL, Object(Config\Cache), false)
#8 D:\xampp\htdocs\rnd\index.php(37): CodeIgniter\CodeIgniter->run()
#9 {main}
CRITICAL - 2022-05-27 00:23:01 --> Call to undefined method CodeIgniter\Database\MySQLi\Connection::select()
#0 D:\xampp\htdocs\rnd\app\Controllers\Home.php(198): App\Models\Rmodel->get_data('118')
#1 D:\xampp\htdocs\rnd\system\CodeIgniter.php(832): App\Controllers\Home->edit_view('118')
#2 D:\xampp\htdocs\rnd\system\CodeIgniter.php(419): CodeIgniter\CodeIgniter->runController(Object(App\Controllers\Home))
#3 D:\xampp\htdocs\rnd\system\CodeIgniter.php(326): CodeIgniter\CodeIgniter->handleRequest(NULL, Object(Config\Cache), false)
#4 D:\xampp\htdocs\rnd\index.php(37): CodeIgniter\CodeIgniter->run()
#5 {main}
CRITICAL - 2022-05-27 00:23:54 --> Call to undefined method CodeIgniter\Database\MySQLi\Connection::from()
#0 D:\xampp\htdocs\rnd\app\Controllers\Home.php(198): App\Models\Rmodel->get_data('118')
#1 D:\xampp\htdocs\rnd\system\CodeIgniter.php(832): App\Controllers\Home->edit_view('118')
#2 D:\xampp\htdocs\rnd\system\CodeIgniter.php(419): CodeIgniter\CodeIgniter->runController(Object(App\Controllers\Home))
#3 D:\xampp\htdocs\rnd\system\CodeIgniter.php(326): CodeIgniter\CodeIgniter->handleRequest(NULL, Object(Config\Cache), false)
#4 D:\xampp\htdocs\rnd\index.php(37): CodeIgniter\CodeIgniter->run()
#5 {main}
ERROR - 2022-05-27 05:21:00 --> You have an error in your SQL syntax; check the manual that corresponds to your MariaDB server version for the right syntax to use near '.id, INNER JOIN(sowing.id on crop.id,plot.id on crop.id,plot.crop_id=crops.id...' at line 1
CRITICAL - 2022-05-27 05:21:00 --> You have an error in your SQL syntax; check the manual that corresponds to your MariaDB server version for the right syntax to use near '.id, INNER JOIN(sowing.id on crop.id,plot.id on crop.id,plot.crop_id=crops.id...' at line 1
#0 D:\xampp\htdocs\rnd\system\Database\MySQLi\Connection.php(292): mysqli->query('SELECT (crops.i...', 0)
#1 D:\xampp\htdocs\rnd\system\Database\BaseConnection.php(670): CodeIgniter\Database\MySQLi\Connection->execute('SELECT (crops.i...')
#2 D:\xampp\htdocs\rnd\system\Database\BaseConnection.php(598): CodeIgniter\Database\BaseConnection->simpleQuery('SELECT (crops.i...')
#3 D:\xampp\htdocs\rnd\app\Models\Rmodel.php(165): CodeIgniter\Database\BaseConnection->query('SELECT (crops.i...')
#4 D:\xampp\htdocs\rnd\app\Controllers\Home.php(198): App\Models\Rmodel->get_data('118')
#5 D:\xampp\htdocs\rnd\system\CodeIgniter.php(832): App\Controllers\Home->edit_view('118')
#6 D:\xampp\htdocs\rnd\system\CodeIgniter.php(419): CodeIgniter\CodeIgniter->runController(Object(App\Controllers\Home))
#7 D:\xampp\htdocs\rnd\system\CodeIgniter.php(326): CodeIgniter\CodeIgniter->handleRequest(NULL, Object(Config\Cache), false)
#8 D:\xampp\htdocs\rnd\index.php(37): CodeIgniter\CodeIgniter->run()
#9 {main}
ERROR - 2022-05-27 05:21:53 --> You have an error in your SQL syntax; check the manual that corresponds to your MariaDB server version for the right syntax to use near 'INNER JOIN farmer on crops.id ,plot.id = farmer.id, INNER JOIN(sowing.id on c...' at line 1
CRITICAL - 2022-05-27 05:21:53 --> You have an error in your SQL syntax; check the manual that corresponds to your MariaDB server version for the right syntax to use near 'INNER JOIN farmer on crops.id ,plot.id = farmer.id, INNER JOIN(sowing.id on c...' at line 1
#0 D:\xampp\htdocs\rnd\system\Database\MySQLi\Connection.php(292): mysqli->query('SELECT (crops.i...', 0)
#1 D:\xampp\htdocs\rnd\system\Database\BaseConnection.php(670): CodeIgniter\Database\MySQLi\Connection->execute('SELECT (crops.i...')
#2 D:\xampp\htdocs\rnd\system\Database\BaseConnection.php(598): CodeIgniter\Database\BaseConnection->simpleQuery('SELECT (crops.i...')
#3 D:\xampp\htdocs\rnd\app\Models\Rmodel.php(165): CodeIgniter\Database\BaseConnection->query('SELECT (crops.i...')
#4 D:\xampp\htdocs\rnd\app\Controllers\Home.php(198): App\Models\Rmodel->get_data('118')
#5 D:\xampp\htdocs\rnd\system\CodeIgniter.php(832): App\Controllers\Home->edit_view('118')
#6 D:\xampp\htdocs\rnd\system\CodeIgniter.php(419): CodeIgniter\CodeIgniter->runController(Object(App\Controllers\Home))
#7 D:\xampp\htdocs\rnd\system\CodeIgniter.php(326): CodeIgniter\CodeIgniter->handleRequest(NULL, Object(Config\Cache), false)
#8 D:\xampp\htdocs\rnd\index.php(37): CodeIgniter\CodeIgniter->run()
#9 {main}
ERROR - 2022-05-27 05:22:23 --> You have an error in your SQL syntax; check the manual that corresponds to your MariaDB server version for the right syntax to use near ''crops', INNER JOIN farmer on crops.id ,plot.id = farmer.id, INNER JOIN(sowin...' at line 1
CRITICAL - 2022-05-27 05:22:23 --> You have an error in your SQL syntax; check the manual that corresponds to your MariaDB server version for the right syntax to use near ''crops', INNER JOIN farmer on crops.id ,plot.id = farmer.id, INNER JOIN(sowin...' at line 1
#0 D:\xampp\htdocs\rnd\system\Database\MySQLi\Connection.php(292): mysqli->query('SELECT (crops.i...', 0)
#1 D:\xampp\htdocs\rnd\system\Database\BaseConnection.php(670): CodeIgniter\Database\MySQLi\Connection->execute('SELECT (crops.i...')
#2 D:\xampp\htdocs\rnd\system\Database\BaseConnection.php(598): CodeIgniter\Database\BaseConnection->simpleQuery('SELECT (crops.i...')
#3 D:\xampp\htdocs\rnd\app\Models\Rmodel.php(165): CodeIgniter\Database\BaseConnection->query('SELECT (crops.i...')
#4 D:\xampp\htdocs\rnd\app\Controllers\Home.php(198): App\Models\Rmodel->get_data('118')
#5 D:\xampp\htdocs\rnd\system\CodeIgniter.php(832): App\Controllers\Home->edit_view('118')
#6 D:\xampp\htdocs\rnd\system\CodeIgniter.php(419): CodeIgniter\CodeIgniter->runController(Object(App\Controllers\Home))
#7 D:\xampp\htdocs\rnd\system\CodeIgniter.php(326): CodeIgniter\CodeIgniter->handleRequest(NULL, Object(Config\Cache), false)
#8 D:\xampp\htdocs\rnd\index.php(37): CodeIgniter\CodeIgniter->run()
#9 {main}
ERROR - 2022-05-27 05:23:12 --> You have an error in your SQL syntax; check the manual that corresponds to your MariaDB server version for the right syntax to use near 'INNER JOIN farmer on crops.id ,plot.id = farmer.id, INNER JOIN(sowing.id on c...' at line 1
CRITICAL - 2022-05-27 05:23:12 --> You have an error in your SQL syntax; check the manual that corresponds to your MariaDB server version for the right syntax to use near 'INNER JOIN farmer on crops.id ,plot.id = farmer.id, INNER JOIN(sowing.id on c...' at line 1
#0 D:\xampp\htdocs\rnd\system\Database\MySQLi\Connection.php(292): mysqli->query('SELECT (crops.i...', 0)
#1 D:\xampp\htdocs\rnd\system\Database\BaseConnection.php(670): CodeIgniter\Database\MySQLi\Connection->execute('SELECT (crops.i...')
#2 D:\xampp\htdocs\rnd\system\Database\BaseConnection.php(598): CodeIgniter\Database\BaseConnection->simpleQuery('SELECT (crops.i...')
#3 D:\xampp\htdocs\rnd\app\Models\Rmodel.php(165): CodeIgniter\Database\BaseConnection->query('SELECT (crops.i...')
#4 D:\xampp\htdocs\rnd\app\Controllers\Home.php(198): App\Models\Rmodel->get_data('118')
#5 D:\xampp\htdocs\rnd\system\CodeIgniter.php(832): App\Controllers\Home->edit_view('118')
#6 D:\xampp\htdocs\rnd\system\CodeIgniter.php(419): CodeIgniter\CodeIgniter->runController(Object(App\Controllers\Home))
#7 D:\xampp\htdocs\rnd\system\CodeIgniter.php(326): CodeIgniter\CodeIgniter->handleRequest(NULL, Object(Config\Cache), false)
#8 D:\xampp\htdocs\rnd\index.php(37): CodeIgniter\CodeIgniter->run()
#9 {main}
ERROR - 2022-05-27 05:30:36 --> You have an error in your SQL syntax; check the manual that corresponds to your MariaDB server version for the right syntax to use near '.id) INNER JOIN sowing on crop.id,plot.id on crop.id,plot.crop_id = crops.id)...' at line 1
CRITICAL - 2022-05-27 05:30:36 --> You have an error in your SQL syntax; check the manual that corresponds to your MariaDB server version for the right syntax to use near '.id) INNER JOIN sowing on crop.id,plot.id on crop.id,plot.crop_id = crops.id)...' at line 1
#0 D:\xampp\htdocs\rnd\system\Database\MySQLi\Connection.php(292): mysqli->query('SELECT crops.id...', 0)
#1 D:\xampp\htdocs\rnd\system\Database\BaseConnection.php(670): CodeIgniter\Database\MySQLi\Connection->execute('SELECT crops.id...')
#2 D:\xampp\htdocs\rnd\system\Database\BaseConnection.php(598): CodeIgniter\Database\BaseConnection->simpleQuery('SELECT crops.id...')
#3 D:\xampp\htdocs\rnd\app\Models\Rmodel.php(165): CodeIgniter\Database\BaseConnection->query('SELECT crops.id...')
#4 D:\xampp\htdocs\rnd\app\Controllers\Home.php(198): App\Models\Rmodel->get_data('118')
#5 D:\xampp\htdocs\rnd\system\CodeIgniter.php(832): App\Controllers\Home->edit_view('118')
#6 D:\xampp\htdocs\rnd\system\CodeIgniter.php(419): CodeIgniter\CodeIgniter->runController(Object(App\Controllers\Home))
#7 D:\xampp\htdocs\rnd\system\CodeIgniter.php(326): CodeIgniter\CodeIgniter->handleRequest(NULL, Object(Config\Cache), false)
#8 D:\xampp\htdocs\rnd\index.php(37): CodeIgniter\CodeIgniter->run()
#9 {main}
ERROR - 2022-05-27 05:31:42 --> You have an error in your SQL syntax; check the manual that corresponds to your MariaDB server version for the right syntax to use near '.id) INNER JOIN sowing on crop.id,plot.id on crop.id,plot.crop_id = crops.id)...' at line 1
CRITICAL - 2022-05-27 05:31:42 --> You have an error in your SQL syntax; check the manual that corresponds to your MariaDB server version for the right syntax to use near '.id) INNER JOIN sowing on crop.id,plot.id on crop.id,plot.crop_id = crops.id)...' at line 1
#0 D:\xampp\htdocs\rnd\system\Database\MySQLi\Connection.php(292): mysqli->query('SELECT crops.id...', 0)
#1 D:\xampp\htdocs\rnd\system\Database\BaseConnection.php(670): CodeIgniter\Database\MySQLi\Connection->execute('SELECT crops.id...')
#2 D:\xampp\htdocs\rnd\system\Database\BaseConnection.php(598): CodeIgniter\Database\BaseConnection->simpleQuery('SELECT crops.id...')
#3 D:\xampp\htdocs\rnd\app\Models\Rmodel.php(165): CodeIgniter\Database\BaseConnection->query('SELECT crops.id...')
#4 D:\xampp\htdocs\rnd\app\Controllers\Home.php(198): App\Models\Rmodel->get_data('118')
#5 D:\xampp\htdocs\rnd\system\CodeIgniter.php(832): App\Controllers\Home->edit_view('118')
#6 D:\xampp\htdocs\rnd\system\CodeIgniter.php(419): CodeIgniter\CodeIgniter->runController(Object(App\Controllers\Home))
#7 D:\xampp\htdocs\rnd\system\CodeIgniter.php(326): CodeIgniter\CodeIgniter->handleRequest(NULL, Object(Config\Cache), false)
#8 D:\xampp\htdocs\rnd\index.php(37): CodeIgniter\CodeIgniter->run()
#9 {main}
CRITICAL - 2022-05-27 07:06:46 --> syntax error, unexpected 'crops' (T_STRING)
#0 D:\xampp\htdocs\rnd\system\Autoloader\Autoloader.php(241): CodeIgniter\Autoloader\Autoloader->includeFile('D:\\xampp\\htdocs...')
#1 D:\xampp\htdocs\rnd\system\Autoloader\Autoloader.php(219): CodeIgniter\Autoloader\Autoloader->loadInNamespace('App\\Models\\Rmod...')
#2 [internal function]: CodeIgniter\Autoloader\Autoloader->loadClass('App\\Models\\Rmod...')
#3 D:\xampp\htdocs\rnd\app\Controllers\Home.php(38): spl_autoload_call('App\\Models\\Rmod...')
#4 D:\xampp\htdocs\rnd\system\CodeIgniter.php(832): App\Controllers\Home->data_view()
#5 D:\xampp\htdocs\rnd\system\CodeIgniter.php(419): CodeIgniter\CodeIgniter->runController(Object(App\Controllers\Home))
#6 D:\xampp\htdocs\rnd\system\CodeIgniter.php(326): CodeIgniter\CodeIgniter->handleRequest(NULL, Object(Config\Cache), false)
#7 D:\xampp\htdocs\rnd\index.php(37): CodeIgniter\CodeIgniter->run()
#8 {main}
CRITICAL - 2022-05-27 07:08:02 --> syntax error, unexpected 'crops' (T_STRING)
#0 D:\xampp\htdocs\rnd\system\Autoloader\Autoloader.php(241): CodeIgniter\Autoloader\Autoloader->includeFile('D:\\xampp\\htdocs...')
#1 D:\xampp\htdocs\rnd\system\Autoloader\Autoloader.php(219): CodeIgniter\Autoloader\Autoloader->loadInNamespace('App\\Models\\Rmod...')
#2 [internal function]: CodeIgniter\Autoloader\Autoloader->loadClass('App\\Models\\Rmod...')
#3 D:\xampp\htdocs\rnd\app\Controllers\Home.php(38): spl_autoload_call('App\\Models\\Rmod...')
#4 D:\xampp\htdocs\rnd\system\CodeIgniter.php(832): App\Controllers\Home->data_view()
#5 D:\xampp\htdocs\rnd\system\CodeIgniter.php(419): CodeIgniter\CodeIgniter->runController(Object(App\Controllers\Home))
#6 D:\xampp\htdocs\rnd\system\CodeIgniter.php(326): CodeIgniter\CodeIgniter->handleRequest(NULL, Object(Config\Cache), false)
#7 D:\xampp\htdocs\rnd\index.php(37): CodeIgniter\CodeIgniter->run()
#8 {main}
ERROR - 2022-05-27 07:10:57 --> You have an error in your SQL syntax; check the manual that corresponds to your MariaDB server version for the right syntax to use near '.id) INNER JOIN sowing on crop.id,plot.id on crop.id,plot.crop_id = crops.id)...' at line 1
CRITICAL - 2022-05-27 07:10:57 --> You have an error in your SQL syntax; check the manual that corresponds to your MariaDB server version for the right syntax to use near '.id) INNER JOIN sowing on crop.id,plot.id on crop.id,plot.crop_id = crops.id)...' at line 1
#0 D:\xampp\htdocs\rnd\system\Database\MySQLi\Connection.php(292): mysqli->query('SELECT crops.id...', 0)
#1 D:\xampp\htdocs\rnd\system\Database\BaseConnection.php(670): CodeIgniter\Database\MySQLi\Connection->execute('SELECT crops.id...')
#2 D:\xampp\htdocs\rnd\system\Database\BaseConnection.php(598): CodeIgniter\Database\BaseConnection->simpleQuery('SELECT crops.id...')
#3 D:\xampp\htdocs\rnd\app\Models\Rmodel.php(165): CodeIgniter\Database\BaseConnection->query('SELECT crops.id...')
#4 D:\xampp\htdocs\rnd\app\Controllers\Home.php(198): App\Models\Rmodel->get_data('118')
#5 D:\xampp\htdocs\rnd\system\CodeIgniter.php(832): App\Controllers\Home->edit_view('118')
#6 D:\xampp\htdocs\rnd\system\CodeIgniter.php(419): CodeIgniter\CodeIgniter->runController(Object(App\Controllers\Home))
#7 D:\xampp\htdocs\rnd\system\CodeIgniter.php(326): CodeIgniter\CodeIgniter->handleRequest(NULL, Object(Config\Cache), false)
#8 D:\xampp\htdocs\rnd\index.php(37): CodeIgniter\CodeIgniter->run()
#9 {main}
CRITICAL - 2022-05-27 07:16:53 --> Invalid argument supplied for foreach()
#0 D:\xampp\htdocs\rnd\app\Views\edit_view.php(18): CodeIgniter\Debug\Exceptions->errorHandler(2, 'Invalid argumen...', 'D:\\xampp\\htdocs...', 18, Array)
#1 D:\xampp\htdocs\rnd\system\View\View.php(210): include('D:\\xampp\\htdocs...')
#2 D:\xampp\htdocs\rnd\system\View\View.php(213): CodeIgniter\View\View->CodeIgniter\View\{closure}()
#3 D:\xampp\htdocs\rnd\system\Common.php(1089): CodeIgniter\View\View->render('edit_view', Array, true)
#4 D:\xampp\htdocs\rnd\app\Controllers\Home.php(200): view('edit_view', Array)
#5 D:\xampp\htdocs\rnd\system\CodeIgniter.php(832): App\Controllers\Home->edit_view('118')
#6 D:\xampp\htdocs\rnd\system\CodeIgniter.php(419): CodeIgniter\CodeIgniter->runController(Object(App\Controllers\Home))
#7 D:\xampp\htdocs\rnd\system\CodeIgniter.php(326): CodeIgniter\CodeIgniter->handleRequest(NULL, Object(Config\Cache), false)
#8 D:\xampp\htdocs\rnd\index.php(37): CodeIgniter\CodeIgniter->run()
#9 {main}
CRITICAL - 2022-05-27 07:17:13 --> Undefined variable: lists
#0 D:\xampp\htdocs\rnd\app\Views\edit_view.php(35): CodeIgniter\Debug\Exceptions->errorHandler(8, 'Undefined varia...', 'D:\\xampp\\htdocs...', 35, Array)
#1 D:\xampp\htdocs\rnd\system\View\View.php(210): include('D:\\xampp\\htdocs...')
#2 D:\xampp\htdocs\rnd\system\View\View.php(213): CodeIgniter\View\View->CodeIgniter\View\{closure}()
#3 D:\xampp\htdocs\rnd\system\Common.php(1089): CodeIgniter\View\View->render('edit_view', Array, true)
#4 D:\xampp\htdocs\rnd\app\Controllers\Home.php(200): view('edit_view', Array)
#5 D:\xampp\htdocs\rnd\system\CodeIgniter.php(832): App\Controllers\Home->edit_view('118')
#6 D:\xampp\htdocs\rnd\system\CodeIgniter.php(419): CodeIgniter\CodeIgniter->runController(Object(App\Controllers\Home))
#7 D:\xampp\htdocs\rnd\system\CodeIgniter.php(326): CodeIgniter\CodeIgniter->handleRequest(NULL, Object(Config\Cache), false)
#8 D:\xampp\htdocs\rnd\index.php(37): CodeIgniter\CodeIgniter->run()
#9 {main}
CRITICAL - 2022-05-27 07:17:24 --> syntax error, unexpected '?>'
#0 D:\xampp\htdocs\rnd\system\View\View.php(213): CodeIgniter\View\View->CodeIgniter\View\{closure}()
#1 D:\xampp\htdocs\rnd\system\Common.php(1089): CodeIgniter\View\View->render('edit_view', Array, true)
#2 D:\xampp\htdocs\rnd\app\Controllers\Home.php(200): view('edit_view', Array)
#3 D:\xampp\htdocs\rnd\system\CodeIgniter.php(832): App\Controllers\Home->edit_view('118')
#4 D:\xampp\htdocs\rnd\system\CodeIgniter.php(419): CodeIgniter\CodeIgniter->runController(Object(App\Controllers\Home))
#5 D:\xampp\htdocs\rnd\system\CodeIgniter.php(326): CodeIgniter\CodeIgniter->handleRequest(NULL, Object(Config\Cache), false)
#6 D:\xampp\htdocs\rnd\index.php(37): CodeIgniter\CodeIgniter->run()
#7 {main}
CRITICAL - 2022-05-27 07:17:36 --> syntax error, unexpected '?>'
#0 D:\xampp\htdocs\rnd\system\View\View.php(213): CodeIgniter\View\View->CodeIgniter\View\{closure}()
#1 D:\xampp\htdocs\rnd\system\Common.php(1089): CodeIgniter\View\View->render('edit_view', Array, true)
#2 D:\xampp\htdocs\rnd\app\Controllers\Home.php(200): view('edit_view', Array)
#3 D:\xampp\htdocs\rnd\system\CodeIgniter.php(832): App\Controllers\Home->edit_view('118')
#4 D:\xampp\htdocs\rnd\system\CodeIgniter.php(419): CodeIgniter\CodeIgniter->runController(Object(App\Controllers\Home))
#5 D:\xampp\htdocs\rnd\system\CodeIgniter.php(326): CodeIgniter\CodeIgniter->handleRequest(NULL, Object(Config\Cache), false)
#6 D:\xampp\htdocs\rnd\index.php(37): CodeIgniter\CodeIgniter->run()
#7 {main}
ERROR - 2022-05-27 07:21:07 --> You have an error in your SQL syntax; check the manual that corresponds to your MariaDB server version for the right syntax to use near '.id) INNER JOIN sowing on crop.id,plot.id on crop.id,plot.crop_id = crops.id)...' at line 1
CRITICAL - 2022-05-27 07:21:07 --> You have an error in your SQL syntax; check the manual that corresponds to your MariaDB server version for the right syntax to use near '.id) INNER JOIN sowing on crop.id,plot.id on crop.id,plot.crop_id = crops.id)...' at line 1
#0 D:\xampp\htdocs\rnd\system\Database\MySQLi\Connection.php(292): mysqli->query('SELECT crops.id...', 0)
#1 D:\xampp\htdocs\rnd\system\Database\BaseConnection.php(670): CodeIgniter\Database\MySQLi\Connection->execute('SELECT crops.id...')
#2 D:\xampp\htdocs\rnd\system\Database\BaseConnection.php(598): CodeIgniter\Database\BaseConnection->simpleQuery('SELECT crops.id...')
#3 D:\xampp\htdocs\rnd\app\Models\Rmodel.php(162): CodeIgniter\Database\BaseConnection->query('SELECT crops.id...')
#4 D:\xampp\htdocs\rnd\app\Controllers\Home.php(198): App\Models\Rmodel->get_data('118')
#5 D:\xampp\htdocs\rnd\system\CodeIgniter.php(832): App\Controllers\Home->edit_view('118')
#6 D:\xampp\htdocs\rnd\system\CodeIgniter.php(419): CodeIgniter\CodeIgniter->runController(Object(App\Controllers\Home))
#7 D:\xampp\htdocs\rnd\system\CodeIgniter.php(326): CodeIgniter\CodeIgniter->handleRequest(NULL, Object(Config\Cache), false)
#8 D:\xampp\htdocs\rnd\index.php(37): CodeIgniter\CodeIgniter->run()
#9 {main}
ERROR - 2022-05-27 23:44:07 --> You have an error in your SQL syntax; check the manual that corresponds to your MariaDB server version for the right syntax to use near '.id) INNER JOIN sowing on crop.id,plot.id on crop.id,plot.crop_id = crops.id)...' at line 1
CRITICAL - 2022-05-27 23:44:07 --> You have an error in your SQL syntax; check the manual that corresponds to your MariaDB server version for the right syntax to use near '.id) INNER JOIN sowing on crop.id,plot.id on crop.id,plot.crop_id = crops.id)...' at line 1
#0 D:\xampp\htdocs\rnd\system\Database\MySQLi\Connection.php(292): mysqli->query('SELECT crops.id...', 0)
#1 D:\xampp\htdocs\rnd\system\Database\BaseConnection.php(670): CodeIgniter\Database\MySQLi\Connection->execute('SELECT crops.id...')
#2 D:\xampp\htdocs\rnd\system\Database\BaseConnection.php(598): CodeIgniter\Database\BaseConnection->simpleQuery('SELECT crops.id...')
#3 D:\xampp\htdocs\rnd\app\Models\Rmodel.php(162): CodeIgniter\Database\BaseConnection->query('SELECT crops.id...')
#4 D:\xampp\htdocs\rnd\app\Controllers\Home.php(198): App\Models\Rmodel->get_data('118')
#5 D:\xampp\htdocs\rnd\system\CodeIgniter.php(832): App\Controllers\Home->edit_view('118')
#6 D:\xampp\htdocs\rnd\system\CodeIgniter.php(419): CodeIgniter\CodeIgniter->runController(Object(App\Controllers\Home))
#7 D:\xampp\htdocs\rnd\system\CodeIgniter.php(326): CodeIgniter\CodeIgniter->handleRequest(NULL, Object(Config\Cache), false)
#8 D:\xampp\htdocs\rnd\index.php(37): CodeIgniter\CodeIgniter->run()
#9 {main}
